2018-03-26 15:05:48,651 [Thread-2:460] [django.server:131] [basehttp:log_message] [INFO]- "GET / HTTP/1.1" 200 4318
2018-03-26 15:05:51,335 [Thread-3:7748] [django.server:131] [basehttp:log_message] [INFO]- "GET /static/css/style.default.css HTTP/1.1" 200 77743
2018-03-26 15:05:51,344 [Thread-7:5200] [django.server:131] [basehttp:log_message] [INFO]- "GET /static/js/modernizr.min.js HTTP/1.1" 200 15157
2018-03-26 15:05:51,352 [Thread-5:10768] [django.server:131] [basehttp:log_message] [INFO]- "GET /static/js/jquery-migrate-1.2.1.min.js HTTP/1.1" 200 7203
2018-03-26 15:05:51,401 [Thread-10:2968] [django.server:131] [basehttp:log_message] [INFO]- "GET /static/js/toggles.min.js HTTP/1.1" 200 2736
2018-03-26 15:05:51,411 [Thread-9:11052] [django.server:131] [basehttp:log_message] [INFO]- "GET /static/js/jquery.cookies.js HTTP/1.1" 200 2033
2018-03-26 15:05:51,441 [Thread-6:10404] [django.server:131] [basehttp:log_message] [INFO]- "GET /static/js/bootstrap.min.js HTTP/1.1" 200 31823
2018-03-26 15:05:51,451 [Thread-8:7740] [django.server:131] [basehttp:log_message] [INFO]- "GET /static/js/jquery.sparkline.min.js HTTP/1.1" 200 43251
2018-03-26 15:05:51,516 [Thread-13:4584] [django.server:131] [basehttp:log_message] [INFO]- "GET /static/css/weather-icons.min.css HTTP/1.1" 200 5601
2018-03-26 15:05:51,532 [Thread-12:11632] [django.server:131] [basehttp:log_message] [INFO]- "GET /static/css/bootstrap-override.css HTTP/1.1" 200 22777
2018-03-26 15:05:51,539 [Thread-4:11800] [django.server:131] [basehttp:log_message] [INFO]- "GET /static/js/jquery-1.11.1.min.js HTTP/1.1" 200 95789
2018-03-26 15:05:51,549 [Thread-15:5196] [django.server:131] [basehttp:log_message] [INFO]- "GET /static/css/font-awesome.min.css HTTP/1.1" 200 20766
2018-03-26 15:05:51,556 [Thread-14:6072] [django.server:131] [basehttp:log_message] [INFO]- "GET /static/css/jquery-ui-1.10.3.css HTTP/1.1" 200 18930
2018-03-26 15:05:51,584 [Thread-16:11484] [django.server:131] [basehttp:log_message] [INFO]- "GET /static/css/animate.min.css HTTP/1.1" 200 51174
2018-03-26 15:05:51,585 [Thread-18:8408] [django.server:131] [basehttp:log_message] [INFO]- "GET /static/css/toggles.css HTTP/1.1" 200 5378
2018-03-26 15:05:51,694 [Thread-17:7884] [django.server:131] [basehttp:log_message] [INFO]- "GET /static/css/animate.delay.css HTTP/1.1" 200 11432
2018-03-26 15:05:51,697 [Thread-11:5920] [django.server:131] [basehttp:log_message] [INFO]- "GET /static/css/bootstrap.min.css HTTP/1.1" 200 109604
2018-03-26 15:05:51,710 [Thread-20:4732] [django.server:131] [basehttp:log_message] [INFO]- "GET /static/css/lato.css HTTP/1.1" 200 5575
2018-03-26 15:05:51,766 [Thread-21:6916] [django.server:131] [basehttp:log_message] [INFO]- "GET /static/css/roboto.css HTTP/1.1" 200 9528
2018-03-26 15:05:51,766 [Thread-19:9456] [django.server:131] [basehttp:log_message] [INFO]- "GET /static/css/select2.css HTTP/1.1" 200 18606
2018-03-26 15:05:51,767 [Thread-22:6272] [django.server:131] [basehttp:log_message] [INFO]- "GET /static/js/retina.min.js HTTP/1.1" 200 2161
2018-03-26 15:05:51,835 [Thread-23:11168] [django.server:131] [basehttp:log_message] [INFO]- "GET /static/js/custom.js HTTP/1.1" 200 11035
2018-03-26 15:05:51,934 [Thread-24:6000] [django.server:131] [basehttp:log_message] [INFO]- "GET /static/js/Hero.js HTTP/1.1" 200 16348
2018-03-26 15:05:52,069 [Thread-25:10568] [django.server:131] [basehttp:log_message] [INFO]- "GET /static/fonts/fontawesome-webfont.woff?v=4.1.0 HTTP/1.1" 200 83760
2018-03-26 15:05:52,104 [Thread-26:12196] [django.server:131] [basehttp:log_message] [INFO]- "GET /static/images/user.png HTTP/1.1" 200 1106
2018-03-26 15:05:52,107 [Thread-27:5636] [django.server:131] [basehttp:log_message] [INFO]- "GET /static/images/locked.png HTTP/1.1" 200 1132
2018-03-26 15:05:52,572 [Thread-28:10676] [django.server:131] [basehttp:log_message] [INFO]- "GET /static/images/favicon.png HTTP/1.1" 200 983
2018-03-26 15:05:57,371 [Thread-29:10796] [django.server:131] [basehttp:log_message] [INFO]- "GET /admin HTTP/1.1" 301 0
2018-03-26 15:05:57,477 [Thread-30:11376] [django.server:131] [basehttp:log_message] [INFO]- "GET /admin/ HTTP/1.1" 302 0
2018-03-26 15:05:57,598 [Thread-31:8952] [django.server:131] [basehttp:log_message] [INFO]- "GET /admin/login/?next=/admin/ HTTP/1.1" 200 1657
2018-03-26 15:05:57,709 [Thread-33:10812] [django.server:131] [basehttp:log_message] [INFO]- "GET /static/admin/css/login.css HTTP/1.1" 200 1203
2018-03-26 15:05:57,749 [Thread-32:11064] [django.server:131] [basehttp:log_message] [INFO]- "GET /static/admin/css/base.css HTTP/1.1" 200 15937
2018-03-26 15:05:57,819 [Thread-34:7172] [django.server:131] [basehttp:log_message] [INFO]- "GET /static/admin/css/fonts.css HTTP/1.1" 200 423
2018-03-26 15:05:57,924 [Thread-37:6648] [django.server:131] [basehttp:log_message] [WARNING]- "GET /favicon.ico HTTP/1.1" 404 4582
2018-03-26 15:05:57,973 [Thread-36:2864] [django.server:131] [basehttp:log_message] [INFO]- "GET /static/admin/fonts/Roboto-Light-webfont.woff HTTP/1.1" 200 81348
2018-03-26 15:05:57,984 [Thread-35:7396] [django.server:131] [basehttp:log_message] [INFO]- "GET /static/admin/fonts/Roboto-Regular-webfont.woff HTTP/1.1" 200 80304
2018-03-26 15:06:12,075 [Thread-38:11872] [django.server:131] [basehttp:log_message] [WARNING]- "GET /index.html HTTP/1.1" 404 4579
2018-03-26 15:06:52,438 [Thread-44:4532] [django.server:131] [basehttp:log_message] [INFO]- "GET /index HTTP/1.1" 301 0
2018-03-26 15:06:52,506 [Thread-45:3016] [django.server:131] [basehttp:log_message] [INFO]- "GET /index/ HTTP/1.1" 200 33723
2018-03-26 15:06:52,664 [Thread-46:9484] [django.server:131] [basehttp:log_message] [INFO]- "GET /static/images/photos/loggeduser.png HTTP/1.1" 200 20630
2018-03-26 15:06:52,729 [Thread-47:7572] [django.server:131] [basehttp:log_message] [INFO]- "GET /static/js/jquery-ui-1.10.3.min.js HTTP/1.1" 200 228142
2018-03-26 15:06:52,789 [Thread-49:10420] [django.server:131] [basehttp:log_message] [INFO]- "GET /static/js/flot/jquery.flot.resize.min.js HTTP/1.1" 200 2348
2018-03-26 15:06:52,796 [Thread-50:11360] [django.server:131] [basehttp:log_message] [INFO]- "GET /static/js/flot/jquery.flot.spline.min.js HTTP/1.1" 200 2791
2018-03-26 15:06:52,862 [Thread-52:3432] [django.server:131] [basehttp:log_message] [INFO]- "GET /static/images/photos/user1.png HTTP/1.1" 200 17694
2018-03-26 15:06:52,957 [Thread-55:2432] [django.server:131] [basehttp:log_message] [INFO]- "GET /static/images/icon-search.png HTTP/1.1" 200 1239
2018-03-26 15:06:52,973 [Thread-54:2176] [django.server:131] [basehttp:log_message] [INFO]- "GET /static/images/plus-white.png HTTP/1.1" 200 966
2018-03-26 15:06:53,019 [Thread-53:11016] [django.server:131] [basehttp:log_message] [INFO]- "GET /static/fonts/glyphicons-halflings-regular.woff HTTP/1.1" 200 23320
2018-03-26 15:06:53,026 [Thread-48:9948] [django.server:131] [basehttp:log_message] [INFO]- "GET /static/js/flot/jquery.flot.min.js HTTP/1.1" 200 52970
2018-03-26 15:06:53,121 [Thread-56:11112] [django.server:131] [basehttp:log_message] [INFO]- "GET /static/images/photos/user2.png HTTP/1.1" 200 18310
2018-03-26 15:06:53,121 [Thread-51:9588] [django.server:131] [basehttp:log_message] [INFO]- "GET /static/js/raphael-2.1.0.min.js HTTP/1.1" 200 110942
2018-03-26 15:06:53,256 [Thread-57:956] [django.server:131] [basehttp:log_message] [INFO]- "GET /static/images/photos/user3.png HTTP/1.1" 200 17036
2018-03-26 15:06:53,262 [Thread-59:6608] [django.server:131] [basehttp:log_message] [INFO]- "GET /static/images/photos/user5.png HTTP/1.1" 200 17012
2018-03-26 15:06:53,263 [Thread-58:7292] [django.server:131] [basehttp:log_message] [INFO]- "GET /static/images/photos/user4.png HTTP/1.1" 200 18211
2018-03-26 15:06:53,359 [Thread-60:7612] [django.server:131] [basehttp:log_message] [INFO]- "GET /static/images/photos/userprofile.png HTTP/1.1" 200 23407
2018-03-26 15:06:56,980 [Thread-61:8968] [django.server:131] [basehttp:log_message] [INFO]- "GET /project HTTP/1.1" 301 0
2018-03-26 15:06:57,085 [Thread-62:2844] [django.server:131] [basehttp:log_message] [INFO]- "GET /project/ HTTP/1.1" 200 1610
2018-03-26 15:06:57,111 [Thread-63:11184] [django.server:131] [basehttp:log_message] [INFO]- "GET /static/css/jquery.gritter.css HTTP/1.1" 200 1468
2018-03-26 15:06:57,121 [Thread-64:1672] [django.server:131] [basehttp:log_message] [INFO]- "GET /static/css/jquery.datatables.css HTTP/1.1" 200 4322
2018-03-26 15:06:57,131 [Thread-65:7848] [django.server:131] [basehttp:log_message] [INFO]- "GET /static/js/jquery-1.11.1.min.js?_=1522048012739 HTTP/1.1" 200 95789
2018-03-26 15:06:57,187 [Thread-66:10448] [django.server:131] [basehttp:log_message] [INFO]- "GET /static/js/bootstrap.min.js?_=1522048012740 HTTP/1.1" 200 31823
2018-03-26 15:06:57,227 [Thread-67:12044] [django.server:131] [basehttp:log_message] [INFO]- "GET /static/js/jquery.datatables.min.js?_=1522048012741 HTTP/1.1" 200 77503
2018-03-26 15:06:57,398 [Thread-68:3176] [django.server:131] [basehttp:log_message] [INFO]- "GET /project/ HTTP/1.1" 200 1610
2018-03-26 15:06:57,423 [Thread-69:7096] [django.server:131] [basehttp:log_message] [INFO]- "GET /static/js/jquery-1.11.1.min.js?_=1522048017179 HTTP/1.1" 200 95789
2018-03-26 15:06:57,476 [Thread-70:8732] [django.server:131] [basehttp:log_message] [INFO]- "GET /static/js/bootstrap.min.js?_=1522048017180 HTTP/1.1" 200 31823
2018-03-26 15:06:57,496 [Thread-71:6208] [django.server:131] [basehttp:log_message] [INFO]- "GET /static/js/jquery.datatables.min.js?_=1522048017181 HTTP/1.1" 200 77503
2018-03-26 15:06:57,661 [Thread-74:12216] [django.server:131] [basehttp:log_message] [INFO]- "GET /static/images/plus.png HTTP/1.1" 200 971
2018-03-26 15:06:57,671 [Thread-73:6988] [django.server:131] [basehttp:log_message] [INFO]- "GET /static/images/sort_asc.png HTTP/1.1" 200 1033
2018-03-26 15:06:57,680 [Thread-72:6832] [django.server:131] [basehttp:log_message] [INFO]- "GET /static/images/sort_both.png HTTP/1.1" 200 1109
2018-03-26 15:07:01,592 [Thread-75:3260] [django.server:131] [basehttp:log_message] [INFO]- "GET /project/ HTTP/1.1" 200 1610
2018-03-26 15:07:01,628 [Thread-76:9428] [django.server:131] [basehttp:log_message] [INFO]- "GET /static/js/jquery-1.11.1.min.js?_=1522048017455 HTTP/1.1" 200 95789
2018-03-26 15:07:01,674 [Thread-77:5820] [django.server:131] [basehttp:log_message] [INFO]- "GET /static/js/bootstrap.min.js?_=1522048017456 HTTP/1.1" 200 31823
2018-03-26 15:07:01,707 [Thread-78:12116] [django.server:131] [basehttp:log_message] [INFO]- "GET /static/js/jquery.datatables.min.js?_=1522048017457 HTTP/1.1" 200 77503
2018-03-26 15:07:03,032 [Thread-79:11560] [django.server:131] [basehttp:log_message] [INFO]- "GET /static/images/minus.png HTTP/1.1" 200 955
2018-03-26 15:07:04,358 [Thread-80:4824] [django.server:131] [basehttp:log_message] [INFO]- "GET /element/?pro_id=1 HTTP/1.1" 200 13987
2018-03-26 15:07:04,407 [Thread-81:2472] [django.server:131] [basehttp:log_message] [INFO]- "GET /static/js/jquery-1.11.1.min.js?_=1522048021644 HTTP/1.1" 200 95789
2018-03-26 15:07:04,438 [Thread-82:9916] [django.server:131] [basehttp:log_message] [INFO]- "GET /static/js/bootstrap.min.js?_=1522048021645 HTTP/1.1" 200 31823
2018-03-26 15:07:04,451 [Thread-83:10164] [django.server:131] [basehttp:log_message] [INFO]- "GET /static/js/jquery.datatables.min.js?_=1522048021646 HTTP/1.1" 200 77503
2018-03-26 15:07:20,690 [Thread-86:10296] [django.server:131] [basehttp:log_message] [INFO]- "POST /element/ HTTP/1.1" 200 374
2018-03-26 15:07:33,443 [Thread-87:11640] [django.server:131] [basehttp:log_message] [INFO]- "GET /case_list/?pro_id=1 HTTP/1.1" 200 11414
2018-03-26 15:07:33,489 [Thread-88:5004] [django.server:131] [basehttp:log_message] [INFO]- "GET /static/js/jquery-1.11.1.min.js?_=1522048024424 HTTP/1.1" 200 95789
2018-03-26 15:07:33,546 [Thread-89:10780] [django.server:131] [basehttp:log_message] [INFO]- "GET /static/js/bootstrap.min.js?_=1522048024425 HTTP/1.1" 200 31823
2018-03-26 15:07:33,569 [Thread-90:6268] [django.server:131] [basehttp:log_message] [INFO]- "GET /static/js/jquery.datatables.min.js?_=1522048024426 HTTP/1.1" 200 77503
2018-03-26 15:07:36,630 [Thread-91:11888] [django.server:131] [basehttp:log_message] [INFO]- "GET /edit_case/?id=8 HTTP/1.1" 200 32979
2018-03-26 15:07:36,654 [Thread-92:5712] [django.server:131] [basehttp:log_message] [INFO]- "GET /static/js/jquery-1.11.1.min.js?_=1522048053530 HTTP/1.1" 200 95789
2018-03-26 15:07:36,713 [Thread-93:2764] [django.server:131] [basehttp:log_message] [INFO]- "GET /static/js/jquery-ui-1.10.3.min.js?_=1522048053531 HTTP/1.1" 200 228142
2018-03-26 15:07:36,808 [Thread-94:8664] [django.server:131] [basehttp:log_message] [INFO]- "GET /static/js/jquery-1.11.1.min.js?_=1522048053532 HTTP/1.1" 200 95789
2018-03-26 15:07:36,828 [Thread-95:10536] [django.server:131] [basehttp:log_message] [INFO]- "GET /static/js/jquery.datatables.min.js?_=1522048053533 HTTP/1.1" 200 77503
2018-03-26 15:07:36,871 [Thread-96:5864] [django.server:131] [basehttp:log_message] [INFO]- "GET /static/js/jquery-ui-1.10.3.min.js?_=1522048053534 HTTP/1.1" 200 228142
2018-03-26 15:07:36,936 [Thread-97:9432] [django.server:131] [basehttp:log_message] [INFO]- "GET /static/js/bootstrap.min.js?_=1522048053535 HTTP/1.1" 200 31823
2018-03-26 15:07:41,892 [Thread-98:6320] [django.server:131] [basehttp:log_message] [WARNING]- "POST /case/ HTTP/1.1" 404 4565
2018-03-26 15:07:43,237 [Thread-99:5164] [django.server:131] [basehttp:log_message] [WARNING]- "POST /case/ HTTP/1.1" 404 4565
2018-03-26 15:07:43,440 [Thread-100:11700] [django.server:131] [basehttp:log_message] [WARNING]- "POST /case/ HTTP/1.1" 404 4565
2018-03-26 15:07:43,668 [Thread-101:11536] [django.server:131] [basehttp:log_message] [WARNING]- "POST /case/ HTTP/1.1" 404 4565
2018-03-26 15:07:43,884 [Thread-102:9816] [django.server:131] [basehttp:log_message] [WARNING]- "POST /case/ HTTP/1.1" 404 4565
2018-03-26 15:07:44,088 [Thread-103:8220] [django.server:131] [basehttp:log_message] [WARNING]- "POST /case/ HTTP/1.1" 404 4565
2018-03-26 15:07:44,299 [Thread-104:10112] [django.server:131] [basehttp:log_message] [WARNING]- "POST /case/ HTTP/1.1" 404 4565
2018-03-26 15:07:44,753 [Thread-105:5688] [django.server:131] [basehttp:log_message] [WARNING]- "POST /case/ HTTP/1.1" 404 4565
2018-03-26 15:07:45,002 [Thread-106:12212] [django.server:131] [basehttp:log_message] [WARNING]- "POST /case/ HTTP/1.1" 404 4565
2018-03-26 15:07:45,207 [Thread-107:10512] [django.server:131] [basehttp:log_message] [WARNING]- "POST /case/ HTTP/1.1" 404 4565
2018-03-26 15:07:45,575 [Thread-108:9636] [django.server:131] [basehttp:log_message] [WARNING]- "POST /case/ HTTP/1.1" 404 4565
2018-03-26 15:07:45,788 [Thread-109:5612] [django.server:131] [basehttp:log_message] [WARNING]- "POST /case/ HTTP/1.1" 404 4565
2018-03-26 15:07:46,029 [Thread-110:752] [django.server:131] [basehttp:log_message] [WARNING]- "POST /case/ HTTP/1.1" 404 4565
2018-03-26 15:07:46,210 [Thread-111:2036] [django.server:131] [basehttp:log_message] [WARNING]- "POST /case/ HTTP/1.1" 404 4565
2018-03-26 15:07:46,420 [Thread-112:9236] [django.server:131] [basehttp:log_message] [WARNING]- "POST /case/ HTTP/1.1" 404 4565
2018-03-26 15:07:46,641 [Thread-113:7240] [django.server:131] [basehttp:log_message] [WARNING]- "POST /case/ HTTP/1.1" 404 4565
