2016-11-04 13:39:39,930 [Thread-1:5908] [django.server:131] [basehttp:log_message] [INFO]- "GET /index HTTP/1.1" 301 0
2016-11-04 13:39:40,124 [Thread-2:3548] [django.server:131] [basehttp:log_message] [INFO]- "GET /index/ HTTP/1.1" 200 33576
2016-11-04 13:39:41,506 [Thread-4:7544] [django.server:131] [basehttp:log_message] [INFO]- "GET /static/images/photos/loggeduser.png HTTP/1.1" 200 20630
2016-11-04 13:39:41,516 [Thread-3:7448] [django.server:131] [basehttp:log_message] [INFO]- "GET /static/css/style.default.css HTTP/1.1" 200 77743
2016-11-04 13:39:41,559 [Thread-6:5620] [django.server:131] [basehttp:log_message] [INFO]- "GET /static/js/jquery-migrate-1.2.1.min.js HTTP/1.1" 200 7203
2016-11-04 13:39:41,582 [Thread-7:7424] [django.server:131] [basehttp:log_message] [INFO]- "GET /static/js/jquery-ui-1.10.3.min.js HTTP/1.1" 200 228142
2016-11-04 13:39:41,586 [Thread-10:8128] [django.server:131] [basehttp:log_message] [INFO]- "GET /static/js/modernizr.min.js HTTP/1.1" 200 15157
2016-11-04 13:39:41,605 [Thread-11:6340] [django.server:131] [basehttp:log_message] [INFO]- "GET /static/css/bootstrap-override.css HTTP/1.1" 200 22777
2016-11-04 13:39:41,651 [Thread-9:7116] [django.server:131] [basehttp:log_message] [INFO]- "GET /static/js/bootstrap.min.js HTTP/1.1" 200 31823
2016-11-04 13:39:41,654 [Thread-8:7880] [django.server:131] [basehttp:log_message] [INFO]- "GET /static/css/bootstrap.min.css HTTP/1.1" 200 109604
2016-11-04 13:39:41,665 [Thread-12:7492] [django.server:131] [basehttp:log_message] [INFO]- "GET /static/css/weather-icons.min.css HTTP/1.1" 200 5601
2016-11-04 13:39:41,678 [Thread-13:7604] [django.server:131] [basehttp:log_message] [INFO]- "GET /static/css/jquery-ui-1.10.3.css HTTP/1.1" 200 18930
2016-11-04 13:39:41,684 [Thread-14:7928] [django.server:131] [basehttp:log_message] [INFO]- "GET /static/css/font-awesome.min.css HTTP/1.1" 200 20766
2016-11-04 13:39:41,697 [Thread-17:7216] [django.server:131] [basehttp:log_message] [INFO]- "GET /static/css/toggles.css HTTP/1.1" 200 5378
2016-11-04 13:39:41,707 [Thread-16:8048] [django.server:131] [basehttp:log_message] [INFO]- "GET /static/css/animate.delay.css HTTP/1.1" 200 11432
2016-11-04 13:39:41,721 [Thread-18:7128] [django.server:131] [basehttp:log_message] [INFO]- "GET /static/css/select2.css HTTP/1.1" 200 18606
2016-11-04 13:39:41,723 [Thread-15:6796] [django.server:131] [basehttp:log_message] [INFO]- "GET /static/css/animate.min.css HTTP/1.1" 200 51174
2016-11-04 13:39:41,734 [Thread-19:5772] [django.server:131] [basehttp:log_message] [INFO]- "GET /static/css/lato.css HTTP/1.1" 200 5575
2016-11-04 13:39:41,746 [Thread-20:6732] [django.server:131] [basehttp:log_message] [INFO]- "GET /static/css/roboto.css HTTP/1.1" 200 9528
2016-11-04 13:39:41,788 [Thread-21:8076] [django.server:131] [basehttp:log_message] [INFO]- "GET /static/js/jquery.sparkline.min.js HTTP/1.1" 200 43251
2016-11-04 13:39:41,796 [Thread-5:7296] [django.server:131] [basehttp:log_message] [INFO]- "GET /static/js/jquery-1.11.1.min.js HTTP/1.1" 200 95789
2016-11-04 13:39:41,805 [Thread-22:7500] [django.server:131] [basehttp:log_message] [INFO]- "GET /static/js/toggles.min.js HTTP/1.1" 200 2736
2016-11-04 13:39:41,805 [Thread-23:7640] [django.server:131] [basehttp:log_message] [INFO]- "GET /static/js/retina.min.js HTTP/1.1" 200 2161
2016-11-04 13:39:41,862 [Thread-25:7944] [django.server:131] [basehttp:log_message] [INFO]- "GET /static/js/flot/jquery.flot.min.js HTTP/1.1" 200 52970
2016-11-04 13:39:41,868 [Thread-24:8180] [django.server:131] [basehttp:log_message] [INFO]- "GET /static/js/jquery.cookies.js HTTP/1.1" 200 2033
2016-11-04 13:39:41,871 [Thread-27:7868] [django.server:131] [basehttp:log_message] [INFO]- "GET /static/js/flot/jquery.flot.spline.min.js HTTP/1.1" 200 2791
2016-11-04 13:39:41,888 [Thread-26:7968] [django.server:131] [basehttp:log_message] [INFO]- "GET /static/js/flot/jquery.flot.resize.min.js HTTP/1.1" 200 2348
2016-11-04 13:39:41,898 [Thread-28:6384] [django.server:131] [basehttp:log_message] [INFO]- "GET /static/fonts/fontawesome-webfont.woff?v=4.1.0 HTTP/1.1" 200 83760
2016-11-04 13:39:41,911 [Thread-29:7508] [django.server:131] [basehttp:log_message] [INFO]- "GET /static/fonts/glyphicons-halflings-regular.woff HTTP/1.1" 200 23320
2016-11-04 13:39:41,913 [Thread-30:4664] [django.server:131] [basehttp:log_message] [INFO]- "GET /static/js/raphael-2.1.0.min.js HTTP/1.1" 200 110942
2016-11-04 13:39:41,917 [Thread-32:5528] [django.server:131] [basehttp:log_message] [INFO]- "GET /static/js/Hero.js HTTP/1.1" 200 16095
2016-11-04 13:39:41,936 [Thread-33:7352] [django.server:131] [basehttp:log_message] [INFO]- "GET /static/images/photos/user1.png HTTP/1.1" 200 17694
2016-11-04 13:39:41,954 [Thread-31:7920] [django.server:131] [basehttp:log_message] [INFO]- "GET /static/js/custom.js HTTP/1.1" 200 11035
2016-11-04 13:39:41,957 [Thread-34:7556] [django.server:131] [basehttp:log_message] [INFO]- "GET /static/images/photos/user2.png HTTP/1.1" 200 18310
2016-11-04 13:39:41,999 [Thread-35:6572] [django.server:131] [basehttp:log_message] [INFO]- "GET /static/images/photos/user3.png HTTP/1.1" 200 17036
2016-11-04 13:39:42,007 [Thread-37:3088] [django.server:131] [basehttp:log_message] [INFO]- "GET /static/images/photos/user5.png HTTP/1.1" 200 17012
2016-11-04 13:39:42,009 [Thread-36:4808] [django.server:131] [basehttp:log_message] [INFO]- "GET /static/images/photos/user4.png HTTP/1.1" 200 18211
2016-11-04 13:39:42,016 [Thread-38:7324] [django.server:131] [basehttp:log_message] [INFO]- "GET /static/images/photos/userprofile.png HTTP/1.1" 200 23407
2016-11-04 13:39:42,042 [Thread-40:7856] [django.server:131] [basehttp:log_message] [INFO]- "GET /static/images/icon-search.png HTTP/1.1" 200 1239
2016-11-04 13:39:42,055 [Thread-39:5596] [django.server:131] [basehttp:log_message] [INFO]- "GET /static/images/plus-white.png HTTP/1.1" 200 966
2016-11-04 13:39:42,818 [Thread-41:5704] [django.server:131] [basehttp:log_message] [INFO]- "GET /static/images/favicon.png HTTP/1.1" 200 983
2016-11-04 13:39:49,061 [Thread-42:7664] [django.server:131] [basehttp:log_message] [INFO]- "GET /static/images/plus.png HTTP/1.1" 200 971
2016-11-04 13:39:49,730 [Thread-43:7312] [django.server:131] [basehttp:log_message] [INFO]- "GET /static/images/minus.png HTTP/1.1" 200 955
2016-11-04 13:39:50,970 [Thread-44:8168] [django.server:131] [basehttp:log_message] [INFO]- "GET /element/?pro_id=1 HTTP/1.1" 200 13987
2016-11-04 13:39:51,029 [Thread-47:7120] [django.server:131] [basehttp:log_message] [INFO]- "GET /static/js/jquery-1.11.1.min.js?_=1478237982219 HTTP/1.1" 200 95789
2016-11-04 13:39:51,046 [Thread-45:8140] [django.server:131] [basehttp:log_message] [INFO]- "GET /static/css/jquery.gritter.css HTTP/1.1" 200 1468
2016-11-04 13:39:51,055 [Thread-46:7048] [django.server:131] [basehttp:log_message] [INFO]- "GET /static/css/jquery.datatables.css HTTP/1.1" 200 4322
2016-11-04 13:39:51,082 [Thread-48:6416] [django.server:131] [basehttp:log_message] [INFO]- "GET /static/js/bootstrap.min.js?_=1478237982220 HTTP/1.1" 200 31823
2016-11-04 13:39:51,118 [Thread-49:1148] [django.server:131] [basehttp:log_message] [INFO]- "GET /static/js/jquery.datatables.min.js?_=1478237982221 HTTP/1.1" 200 77503
2016-11-04 13:39:51,355 [Thread-50:6000] [django.server:131] [basehttp:log_message] [INFO]- "GET /static/images/sort_both.png HTTP/1.1" 200 1109
2016-11-04 13:39:51,381 [Thread-51:7336] [django.server:131] [basehttp:log_message] [INFO]- "GET /static/images/sort_asc.png HTTP/1.1" 200 1033
2016-11-04 13:39:53,859 [Thread-52:6756] [django.server:131] [basehttp:log_message] [INFO]- "GET /case_list/?pro_id=2 HTTP/1.1" 200 1561
2016-11-04 13:39:53,913 [Thread-53:6552] [django.server:131] [basehttp:log_message] [INFO]- "GET /static/js/jquery-1.11.1.min.js?_=1478237991073 HTTP/1.1" 200 95789
2016-11-04 13:39:53,969 [Thread-54:1880] [django.server:131] [basehttp:log_message] [INFO]- "GET /static/js/bootstrap.min.js?_=1478237991074 HTTP/1.1" 200 31823
2016-11-04 13:39:53,993 [Thread-55:7316] [django.server:131] [basehttp:log_message] [INFO]- "GET /static/js/jquery.datatables.min.js?_=1478237991075 HTTP/1.1" 200 77503
2016-11-04 13:39:55,857 [Thread-56:7192] [django.server:131] [basehttp:log_message] [INFO]- "GET /scenario_list/?pro_id=2 HTTP/1.1" 200 1508
2016-11-04 13:39:55,920 [Thread-57:6136] [django.server:131] [basehttp:log_message] [INFO]- "GET /static/js/jquery-1.11.1.min.js?_=1478237993954 HTTP/1.1" 200 95789
2016-11-04 13:39:55,943 [Thread-58:8040] [django.server:131] [basehttp:log_message] [INFO]- "GET /static/js/bootstrap.min.js?_=1478237993955 HTTP/1.1" 200 31823
2016-11-04 13:39:55,956 [Thread-59:7904] [django.server:131] [basehttp:log_message] [INFO]- "GET /static/js/jquery.datatables.min.js?_=1478237993956 HTTP/1.1" 200 77503
2016-11-04 13:39:57,891 [Thread-60:7220] [django.server:131] [basehttp:log_message] [INFO]- "GET /case_list/?pro_id=3 HTTP/1.1" 200 4053
2016-11-04 13:39:57,953 [Thread-61:7516] [django.server:131] [basehttp:log_message] [INFO]- "GET /static/js/jquery-1.11.1.min.js?_=1478237995929 HTTP/1.1" 200 95789
2016-11-04 13:39:57,970 [Thread-62:6956] [django.server:131] [basehttp:log_message] [INFO]- "GET /static/js/bootstrap.min.js?_=1478237995930 HTTP/1.1" 200 31823
2016-11-04 13:39:57,983 [Thread-63:5720] [django.server:131] [basehttp:log_message] [INFO]- "GET /static/js/jquery.datatables.min.js?_=1478237995931 HTTP/1.1" 200 77503
2016-11-04 13:39:58,756 [Thread-64:8044] [django.server:131] [basehttp:log_message] [INFO]- "GET /element/?pro_id=3 HTTP/1.1" 200 9880
2016-11-04 13:39:58,812 [Thread-65:3120] [django.server:131] [basehttp:log_message] [INFO]- "GET /static/js/jquery-1.11.1.min.js?_=1478237997961 HTTP/1.1" 200 95789
2016-11-04 13:39:58,831 [Thread-66:8068] [django.server:131] [basehttp:log_message] [INFO]- "GET /static/js/bootstrap.min.js?_=1478237997962 HTTP/1.1" 200 31823
2016-11-04 13:39:58,846 [Thread-67:6780] [django.server:131] [basehttp:log_message] [INFO]- "GET /static/js/jquery.datatables.min.js?_=1478237997963 HTTP/1.1" 200 77503
2016-11-04 13:39:59,644 [Thread-68:8176] [django.server:131] [basehttp:log_message] [INFO]- "GET /case_list/?pro_id=3 HTTP/1.1" 200 4053
2016-11-04 13:39:59,733 [Thread-69:4616] [django.server:131] [basehttp:log_message] [INFO]- "GET /static/js/jquery-1.11.1.min.js?_=1478237998821 HTTP/1.1" 200 95789
2016-11-04 13:39:59,750 [Thread-70:8016] [django.server:131] [basehttp:log_message] [INFO]- "GET /static/js/bootstrap.min.js?_=1478237998822 HTTP/1.1" 200 31823
2016-11-04 13:39:59,765 [Thread-71:832] [django.server:131] [basehttp:log_message] [INFO]- "GET /static/js/jquery.datatables.min.js?_=1478237998823 HTTP/1.1" 200 77503
2016-11-04 13:40:00,292 [Thread-72:6528] [django.server:131] [basehttp:log_message] [INFO]- "GET /scenario_list/?pro_id=3 HTTP/1.1" 200 2521
2016-11-04 13:40:00,374 [Thread-73:7204] [django.server:131] [basehttp:log_message] [INFO]- "GET /static/js/jquery-1.11.1.min.js?_=1478237999738 HTTP/1.1" 200 95789
2016-11-04 13:40:00,388 [Thread-74:8072] [django.server:131] [basehttp:log_message] [INFO]- "GET /static/js/bootstrap.min.js?_=1478237999739 HTTP/1.1" 200 31823
2016-11-04 13:40:00,404 [Thread-75:5908] [django.server:131] [basehttp:log_message] [INFO]- "GET /static/js/jquery.datatables.min.js?_=1478237999740 HTTP/1.1" 200 77503
2016-11-04 13:40:02,341 [Thread-76:7756] [django.server:131] [basehttp:log_message] [INFO]- "GET /index/ HTTP/1.1" 200 33576
2016-11-04 13:40:37,240 [Thread-77:6180] [django.server:131] [basehttp:log_message] [INFO]- "GET /index/ HTTP/1.1" 200 33576
2016-11-04 13:40:37,273 [Thread-78:7708] [django.server:131] [basehttp:log_message] [INFO]- "GET /static/css/style.default.css HTTP/1.1" 304 0
2016-11-04 13:40:37,275 [Thread-79:6736] [django.server:131] [basehttp:log_message] [INFO]- "GET /static/images/photos/loggeduser.png HTTP/1.1" 304 0
2016-11-04 13:40:37,290 [Thread-80:7740] [django.server:131] [basehttp:log_message] [INFO]- "GET /static/js/jquery-1.11.1.min.js HTTP/1.1" 304 0
2016-11-04 13:40:37,318 [Thread-81:7664] [django.server:131] [basehttp:log_message] [INFO]- "GET /static/js/jquery-migrate-1.2.1.min.js HTTP/1.1" 304 0
2016-11-04 13:40:37,325 [Thread-82:7312] [django.server:131] [basehttp:log_message] [INFO]- "GET /static/js/jquery-ui-1.10.3.min.js HTTP/1.1" 304 0
2016-11-04 13:40:37,349 [Thread-83:6416] [django.server:131] [basehttp:log_message] [INFO]- "GET /static/js/bootstrap.min.js HTTP/1.1" 304 0
2016-11-04 13:40:37,411 [Thread-84:1148] [django.server:131] [basehttp:log_message] [INFO]- "GET /static/js/modernizr.min.js HTTP/1.1" 304 0
2016-11-04 13:40:37,426 [Thread-85:6000] [django.server:131] [basehttp:log_message] [INFO]- "GET /static/images/photos/user1.png HTTP/1.1" 304 0
2016-11-04 13:40:37,469 [Thread-86:7336] [django.server:131] [basehttp:log_message] [INFO]- "GET /static/images/photos/user2.png HTTP/1.1" 304 0
2016-11-04 13:40:37,479 [Thread-87:6756] [django.server:131] [basehttp:log_message] [INFO]- "GET /static/images/photos/user3.png HTTP/1.1" 304 0
2016-11-04 13:40:37,503 [Thread-88:6552] [django.server:131] [basehttp:log_message] [INFO]- "GET /static/images/photos/user4.png HTTP/1.1" 304 0
2016-11-04 13:40:37,516 [Thread-89:1880] [django.server:131] [basehttp:log_message] [INFO]- "GET /static/images/photos/user5.png HTTP/1.1" 304 0
2016-11-04 13:40:37,546 [Thread-90:7316] [django.server:131] [basehttp:log_message] [INFO]- "GET /static/images/photos/userprofile.png HTTP/1.1" 304 0
2016-11-04 13:40:37,987 [Thread-91:7516] [django.server:131] [basehttp:log_message] [INFO]- "GET /static/js/jquery.sparkline.min.js HTTP/1.1" 304 0
2016-11-04 13:40:38,058 [Thread-92:6956] [django.server:131] [basehttp:log_message] [INFO]- "GET /static/js/toggles.min.js HTTP/1.1" 304 0
2016-11-04 13:40:38,063 [Thread-93:5720] [django.server:131] [basehttp:log_message] [INFO]- "GET /static/js/retina.min.js HTTP/1.1" 304 0
2016-11-04 13:40:38,174 [Thread-94:7412] [django.server:131] [basehttp:log_message] [INFO]- "GET /static/js/jquery.cookies.js HTTP/1.1" 304 0
2016-11-04 13:40:38,200 [Thread-95:8044] [django.server:131] [basehttp:log_message] [INFO]- "GET /static/js/flot/jquery.flot.min.js HTTP/1.1" 304 0
2016-11-04 13:40:38,213 [Thread-96:3120] [django.server:131] [basehttp:log_message] [INFO]- "GET /static/js/flot/jquery.flot.resize.min.js HTTP/1.1" 304 0
2016-11-04 13:40:38,237 [Thread-97:8068] [django.server:131] [basehttp:log_message] [INFO]- "GET /static/css/bootstrap.min.css HTTP/1.1" 304 0
2016-11-04 13:40:38,279 [Thread-98:6780] [django.server:131] [basehttp:log_message] [INFO]- "GET /static/css/bootstrap-override.css HTTP/1.1" 304 0
2016-11-04 13:40:38,279 [Thread-99:8176] [django.server:131] [basehttp:log_message] [INFO]- "GET /static/css/weather-icons.min.css HTTP/1.1" 304 0
2016-11-04 13:40:38,361 [Thread-100:4616] [django.server:131] [basehttp:log_message] [INFO]- "GET /static/css/jquery-ui-1.10.3.css HTTP/1.1" 304 0
2016-11-04 13:40:38,394 [Thread-101:7844] [django.server:131] [basehttp:log_message] [INFO]- "GET /static/css/font-awesome.min.css HTTP/1.1" 304 0
2016-11-04 13:40:38,395 [Thread-102:5324] [django.server:131] [basehttp:log_message] [INFO]- "GET /static/css/animate.min.css HTTP/1.1" 304 0
2016-11-04 13:40:38,400 [Thread-103:7408] [django.server:131] [basehttp:log_message] [INFO]- "GET /static/css/animate.delay.css HTTP/1.1" 304 0
2016-11-04 13:40:38,440 [Thread-104:6328] [django.server:131] [basehttp:log_message] [INFO]- "GET /static/css/toggles.css HTTP/1.1" 304 0
2016-11-04 13:40:38,446 [Thread-105:5616] [django.server:131] [basehttp:log_message] [INFO]- "GET /static/css/select2.css HTTP/1.1" 304 0
2016-11-04 13:40:38,453 [Thread-106:6864] [django.server:131] [basehttp:log_message] [INFO]- "GET /static/css/lato.css HTTP/1.1" 304 0
2016-11-04 13:40:38,476 [Thread-107:7444] [django.server:131] [basehttp:log_message] [INFO]- "GET /static/css/roboto.css HTTP/1.1" 304 0
2016-11-04 13:40:38,505 [Thread-108:7376] [django.server:131] [basehttp:log_message] [INFO]- "GET /static/js/flot/jquery.flot.spline.min.js HTTP/1.1" 304 0
2016-11-04 13:40:38,519 [Thread-109:1052] [django.server:131] [basehttp:log_message] [INFO]- "GET /static/js/raphael-2.1.0.min.js HTTP/1.1" 304 0
2016-11-04 13:40:38,552 [Thread-110:6516] [django.server:131] [basehttp:log_message] [INFO]- "GET /static/js/custom.js HTTP/1.1" 304 0
2016-11-04 13:40:38,555 [Thread-111:7484] [django.server:131] [basehttp:log_message] [INFO]- "GET /static/js/Hero.js HTTP/1.1" 304 0
2016-11-04 13:40:38,638 [Thread-112:7624] [django.server:131] [basehttp:log_message] [INFO]- "GET /static/fonts/fontawesome-webfont.woff?v=4.1.0 HTTP/1.1" 304 0
2016-11-04 13:40:38,641 [Thread-113:7608] [django.server:131] [basehttp:log_message] [INFO]- "GET /static/images/plus-white.png HTTP/1.1" 304 0
2016-11-04 13:40:38,644 [Thread-114:7764] [django.server:131] [basehttp:log_message] [INFO]- "GET /static/images/icon-search.png HTTP/1.1" 304 0
2016-11-04 13:40:38,644 [Thread-115:7980] [django.server:131] [basehttp:log_message] [INFO]- "GET /static/fonts/glyphicons-halflings-regular.woff HTTP/1.1" 304 0
2016-11-04 13:40:39,089 [Thread-116:7536] [django.server:131] [basehttp:log_message] [INFO]- "GET /static/images/favicon.png HTTP/1.1" 200 983
2016-11-04 13:40:41,388 [Thread-117:6292] [django.server:131] [basehttp:log_message] [INFO]- "GET /element/?pro_id=2 HTTP/1.1" 200 7330
2016-11-04 13:40:41,434 [Thread-118:6592] [django.server:131] [basehttp:log_message] [INFO]- "GET /static/js/jquery-1.11.1.min.js?_=1478238038524 HTTP/1.1" 200 95789
2016-11-04 13:40:41,493 [Thread-119:7128] [django.server:131] [basehttp:log_message] [INFO]- "GET /static/js/bootstrap.min.js?_=1478238038525 HTTP/1.1" 200 31823
2016-11-04 13:40:41,515 [Thread-120:7500] [django.server:131] [basehttp:log_message] [INFO]- "GET /static/js/jquery.datatables.min.js?_=1478238038526 HTTP/1.1" 200 77503
2016-11-04 13:40:45,762 [Thread-121:6384] [django.server:131] [basehttp:log_message] [INFO]- "GET /case_list/?pro_id=2 HTTP/1.1" 200 1561
2016-11-04 13:40:45,865 [Thread-122:6732] [django.server:131] [basehttp:log_message] [INFO]- "GET /static/js/jquery-1.11.1.min.js?_=1478238041479 HTTP/1.1" 200 95789
2016-11-04 13:40:45,947 [Thread-123:7968] [django.server:131] [basehttp:log_message] [INFO]- "GET /static/js/bootstrap.min.js?_=1478238041480 HTTP/1.1" 200 31823
2016-11-04 13:40:45,967 [Thread-124:7868] [django.server:131] [basehttp:log_message] [INFO]- "GET /static/js/jquery.datatables.min.js?_=1478238041481 HTTP/1.1" 200 77503
2016-11-04 13:40:46,882 [Thread-125:7420] [django.server:131] [basehttp:log_message] [INFO]- "GET /scenario_list/?pro_id=2 HTTP/1.1" 200 1508
2016-11-04 13:40:46,957 [Thread-126:7644] [django.server:131] [basehttp:log_message] [INFO]- "GET /static/js/jquery-1.11.1.min.js?_=1478238045897 HTTP/1.1" 200 95789
2016-11-04 13:40:46,973 [Thread-127:7352] [django.server:131] [basehttp:log_message] [INFO]- "GET /static/js/bootstrap.min.js?_=1478238045898 HTTP/1.1" 200 31823
2016-11-04 13:40:46,992 [Thread-128:7260] [django.server:131] [basehttp:log_message] [INFO]- "GET /static/js/jquery.datatables.min.js?_=1478238045899 HTTP/1.1" 200 77503
2016-11-04 13:40:48,809 [Thread-129:7472] [django.server:131] [basehttp:log_message] [INFO]- "GET /element/?pro_id=1 HTTP/1.1" 200 13987
2016-11-04 13:40:48,864 [Thread-130:8012] [django.server:131] [basehttp:log_message] [INFO]- "GET /static/js/jquery-1.11.1.min.js?_=1478238046966 HTTP/1.1" 200 95789
2016-11-04 13:40:48,878 [Thread-131:7460] [django.server:131] [basehttp:log_message] [INFO]- "GET /static/js/bootstrap.min.js?_=1478238046967 HTTP/1.1" 200 31823
2016-11-04 13:40:48,891 [Thread-132:7820] [django.server:131] [basehttp:log_message] [INFO]- "GET /static/js/jquery.datatables.min.js?_=1478238046968 HTTP/1.1" 200 77503
2016-11-04 13:40:49,858 [Thread-133:7504] [django.server:131] [basehttp:log_message] [INFO]- "GET /case_list/?pro_id=1 HTTP/1.1" 200 10186
2016-11-04 13:40:49,924 [Thread-134:7768] [django.server:131] [basehttp:log_message] [INFO]- "GET /static/js/jquery-1.11.1.min.js?_=1478238048869 HTTP/1.1" 200 95789
2016-11-04 13:40:49,937 [Thread-135:7340] [django.server:131] [basehttp:log_message] [INFO]- "GET /static/js/bootstrap.min.js?_=1478238048870 HTTP/1.1" 200 31823
2016-11-04 13:40:49,950 [Thread-136:6728] [django.server:131] [basehttp:log_message] [INFO]- "GET /static/js/jquery.datatables.min.js?_=1478238048871 HTTP/1.1" 200 77503
2016-11-04 13:40:50,686 [Thread-137:6904] [django.server:131] [basehttp:log_message] [INFO]- "GET /scenario_list/?pro_id=1 HTTP/1.1" 200 2507
2016-11-04 13:40:50,747 [Thread-138:3220] [django.server:131] [basehttp:log_message] [INFO]- "GET /static/js/jquery-1.11.1.min.js?_=1478238049929 HTTP/1.1" 200 95789
2016-11-04 13:40:50,763 [Thread-139:8032] [django.server:131] [basehttp:log_message] [INFO]- "GET /static/js/bootstrap.min.js?_=1478238049930 HTTP/1.1" 200 31823
2016-11-04 13:40:50,790 [Thread-140:7932] [django.server:131] [basehttp:log_message] [INFO]- "GET /static/js/jquery.datatables.min.js?_=1478238049931 HTTP/1.1" 200 77503
2016-11-04 13:58:40,882 [Thread-141:7188] [django.server:131] [basehttp:log_message] [INFO]- "GET /case_list/?pro_id=1 HTTP/1.1" 200 10186
2016-11-04 13:58:40,967 [Thread-142:7648] [django.server:131] [basehttp:log_message] [INFO]- "GET /static/js/jquery-1.11.1.min.js?_=1478238050755 HTTP/1.1" 200 95789
2016-11-04 13:58:41,088 [Thread-143:5604] [django.server:131] [basehttp:log_message] [INFO]- "GET /static/js/bootstrap.min.js?_=1478238050756 HTTP/1.1" 200 31823
2016-11-04 13:58:41,138 [Thread-144:1824] [django.server:131] [basehttp:log_message] [INFO]- "GET /static/js/jquery.datatables.min.js?_=1478238050757 HTTP/1.1" 200 77503
2016-11-04 13:58:46,361 [Thread-145:3908] [django.server:131] [basehttp:log_message] [INFO]- "GET /element/?pro_id=1 HTTP/1.1" 200 13987
2016-11-04 13:58:47,026 [Thread-146:7128] [django.server:131] [basehttp:log_message] [INFO]- "GET /static/js/jquery-1.11.1.min.js?_=1478239121023 HTTP/1.1" 200 95789
2016-11-04 13:58:47,069 [Thread-147:7840] [django.server:131] [basehttp:log_message] [INFO]- "GET /static/js/bootstrap.min.js?_=1478239121024 HTTP/1.1" 200 31823
2016-11-04 13:58:47,092 [Thread-148:8048] [django.server:131] [basehttp:log_message] [INFO]- "GET /static/js/jquery.datatables.min.js?_=1478239121025 HTTP/1.1" 200 77503
2016-11-04 14:01:12,059 [Thread-149:6708] [django.server:131] [basehttp:log_message] [INFO]- "GET /index/ HTTP/1.1" 200 33576
2016-11-04 14:01:12,124 [Thread-150:6728] [django.server:131] [basehttp:log_message] [INFO]- "GET /static/css/style.default.css HTTP/1.1" 304 0
2016-11-04 14:01:12,151 [Thread-151:7744] [django.server:131] [basehttp:log_message] [INFO]- "GET /static/images/photos/loggeduser.png HTTP/1.1" 304 0
2016-11-04 14:01:13,194 [Thread-152:1372] [django.server:131] [basehttp:log_message] [INFO]- "GET /static/images/photos/user1.png HTTP/1.1" 304 0
2016-11-04 14:01:13,203 [Thread-153:7508] [django.server:131] [basehttp:log_message] [INFO]- "GET /static/images/photos/user2.png HTTP/1.1" 304 0
2016-11-04 14:01:13,204 [Thread-154:7564] [django.server:131] [basehttp:log_message] [INFO]- "GET /static/images/photos/user3.png HTTP/1.1" 304 0
2016-11-04 14:01:13,290 [Thread-155:7932] [django.server:131] [basehttp:log_message] [INFO]- "GET /static/images/photos/user4.png HTTP/1.1" 304 0
2016-11-04 14:01:13,312 [Thread-156:7360] [django.server:131] [basehttp:log_message] [INFO]- "GET /static/images/photos/user5.png HTTP/1.1" 304 0
2016-11-04 14:01:13,321 [Thread-157:1812] [django.server:131] [basehttp:log_message] [INFO]- "GET /static/images/photos/userprofile.png HTTP/1.1" 304 0
2016-11-04 14:01:13,361 [Thread-158:7896] [django.server:131] [basehttp:log_message] [INFO]- "GET /static/css/bootstrap.min.css HTTP/1.1" 304 0
2016-11-04 14:01:13,364 [Thread-159:3120] [django.server:131] [basehttp:log_message] [INFO]- "GET /static/css/bootstrap-override.css HTTP/1.1" 304 0
2016-11-04 14:01:13,381 [Thread-160:7624] [django.server:131] [basehttp:log_message] [INFO]- "GET /static/css/weather-icons.min.css HTTP/1.1" 304 0
2016-11-04 14:01:13,400 [Thread-161:7316] [django.server:131] [basehttp:log_message] [INFO]- "GET /static/css/jquery-ui-1.10.3.css HTTP/1.1" 304 0
2016-11-04 14:01:13,411 [Thread-162:2112] [django.server:131] [basehttp:log_message] [INFO]- "GET /static/css/font-awesome.min.css HTTP/1.1" 304 0
2016-11-04 14:01:13,459 [Thread-163:7960] [django.server:131] [basehttp:log_message] [INFO]- "GET /static/css/animate.min.css HTTP/1.1" 304 0
2016-11-04 14:01:13,519 [Thread-164:3960] [django.server:131] [basehttp:log_message] [INFO]- "GET /static/css/animate.delay.css HTTP/1.1" 304 0
2016-11-04 14:01:13,539 [Thread-165:7112] [django.server:131] [basehttp:log_message] [INFO]- "GET /static/css/toggles.css HTTP/1.1" 304 0
2016-11-04 14:01:13,561 [Thread-166:4720] [django.server:131] [basehttp:log_message] [INFO]- "GET /static/css/select2.css HTTP/1.1" 304 0
2016-11-04 14:01:13,608 [Thread-167:5464] [django.server:131] [basehttp:log_message] [INFO]- "GET /static/css/lato.css HTTP/1.1" 304 0
2016-11-04 14:01:13,638 [Thread-168:7236] [django.server:131] [basehttp:log_message] [INFO]- "GET /static/css/roboto.css HTTP/1.1" 304 0
2016-11-04 14:01:13,665 [Thread-169:4808] [django.server:131] [basehttp:log_message] [INFO]- "GET /static/js/jquery-1.11.1.min.js HTTP/1.1" 304 0
2016-11-04 14:01:13,720 [Thread-170:6868] [django.server:131] [basehttp:log_message] [INFO]- "GET /static/js/jquery-migrate-1.2.1.min.js HTTP/1.1" 304 0
2016-11-04 14:01:13,734 [Thread-171:7356] [django.server:131] [basehttp:log_message] [INFO]- "GET /static/js/jquery-ui-1.10.3.min.js HTTP/1.1" 304 0
2016-11-04 14:01:13,763 [Thread-172:6592] [django.server:131] [basehttp:log_message] [INFO]- "GET /static/js/bootstrap.min.js HTTP/1.1" 304 0
2016-11-04 14:01:13,778 [Thread-173:7324] [django.server:131] [basehttp:log_message] [INFO]- "GET /static/js/modernizr.min.js HTTP/1.1" 304 0
2016-11-04 14:01:13,788 [Thread-174:6856] [django.server:131] [basehttp:log_message] [INFO]- "GET /static/js/jquery.sparkline.min.js HTTP/1.1" 304 0
2016-11-04 14:01:13,809 [Thread-175:7224] [django.server:131] [basehttp:log_message] [INFO]- "GET /static/js/toggles.min.js HTTP/1.1" 304 0
2016-11-04 14:01:13,819 [Thread-176:7988] [django.server:131] [basehttp:log_message] [INFO]- "GET /static/js/retina.min.js HTTP/1.1" 304 0
2016-11-04 14:01:13,825 [Thread-177:7644] [django.server:131] [basehttp:log_message] [INFO]- "GET /static/js/jquery.cookies.js HTTP/1.1" 304 0
2016-11-04 14:01:13,851 [Thread-178:7928] [django.server:131] [basehttp:log_message] [INFO]- "GET /static/js/flot/jquery.flot.min.js HTTP/1.1" 304 0
2016-11-04 14:01:13,855 [Thread-179:3604] [django.server:131] [basehttp:log_message] [INFO]- "GET /static/js/flot/jquery.flot.resize.min.js HTTP/1.1" 304 0
2016-11-04 14:01:13,881 [Thread-180:2768] [django.server:131] [basehttp:log_message] [INFO]- "GET /static/js/flot/jquery.flot.spline.min.js HTTP/1.1" 304 0
2016-11-04 14:01:13,907 [Thread-181:6688] [django.server:131] [basehttp:log_message] [INFO]- "GET /static/fonts/fontawesome-webfont.woff?v=4.1.0 HTTP/1.1" 304 0
2016-11-04 14:01:13,915 [Thread-182:3476] [django.server:131] [basehttp:log_message] [INFO]- "GET /static/fonts/glyphicons-halflings-regular.woff HTTP/1.1" 304 0
2016-11-04 14:01:13,920 [Thread-183:6692] [django.server:131] [basehttp:log_message] [INFO]- "GET /static/images/plus-white.png HTTP/1.1" 304 0
2016-11-04 14:01:13,937 [Thread-184:7228] [django.server:131] [basehttp:log_message] [INFO]- "GET /static/images/icon-search.png HTTP/1.1" 304 0
2016-11-04 14:01:13,976 [Thread-185:7204] [django.server:131] [basehttp:log_message] [INFO]- "GET /static/js/raphael-2.1.0.min.js HTTP/1.1" 304 0
2016-11-04 14:01:13,977 [Thread-186:7188] [django.server:131] [basehttp:log_message] [INFO]- "GET /static/js/custom.js HTTP/1.1" 304 0
2016-11-04 14:01:13,979 [Thread-187:7780] [django.server:131] [basehttp:log_message] [INFO]- "GET /static/js/Hero.js HTTP/1.1" 304 0
2016-11-04 14:28:22,348 [Thread-188:5324] [django.server:131] [basehttp:log_message] [INFO]- "GET /element/?pro_id=1 HTTP/1.1" 200 13987
2016-11-04 14:28:22,407 [Thread-189:2696] [django.server:131] [basehttp:log_message] [INFO]- "GET /static/js/jquery-1.11.1.min.js?_=1478239273884 HTTP/1.1" 200 95789
2016-11-04 14:28:22,592 [Thread-190:7944] [django.server:131] [basehttp:log_message] [INFO]- "GET /static/js/bootstrap.min.js?_=1478239273885 HTTP/1.1" 200 31823
2016-11-04 14:28:22,674 [Thread-191:7912] [django.server:131] [basehttp:log_message] [INFO]- "GET /static/js/jquery.datatables.min.js?_=1478239273886 HTTP/1.1" 200 77503
2016-11-04 14:28:23,542 [Thread-192:7512] [django.server:131] [basehttp:log_message] [INFO]- "GET /element/?pro_id=1 HTTP/1.1" 200 13987
2016-11-04 14:28:23,924 [Thread-193:4060] [django.server:131] [basehttp:log_message] [INFO]- "GET /static/js/jquery-1.11.1.min.js?_=1478240902532 HTTP/1.1" 200 95789
2016-11-04 14:28:24,023 [Thread-194:4664] [django.server:131] [basehttp:log_message] [INFO]- "GET /static/js/bootstrap.min.js?_=1478240902533 HTTP/1.1" 200 31823
2016-11-04 14:28:24,069 [Thread-195:5316] [django.server:131] [basehttp:log_message] [INFO]- "GET /static/js/jquery.datatables.min.js?_=1478240902534 HTTP/1.1" 200 77503
2016-11-04 14:31:30,382 [Thread-196:7892] [django.server:131] [basehttp:log_message] [INFO]- "GET /element/?pro_id=1 HTTP/1.1" 200 13987
2016-11-04 14:31:30,463 [Thread-197:7708] [django.server:131] [basehttp:log_message] [INFO]- "GET /static/js/jquery-1.11.1.min.js?_=1478240904005 HTTP/1.1" 200 95789
2016-11-04 14:31:30,553 [Thread-198:7952] [django.server:131] [basehttp:log_message] [INFO]- "GET /static/js/bootstrap.min.js?_=1478240904006 HTTP/1.1" 200 31823
2016-11-04 14:31:30,605 [Thread-199:2308] [django.server:131] [basehttp:log_message] [INFO]- "GET /static/js/jquery.datatables.min.js?_=1478240904007 HTTP/1.1" 200 77503
2016-11-04 14:31:31,839 [Thread-200:7276] [django.server:131] [basehttp:log_message] [INFO]- "GET /case_list/?pro_id=1 HTTP/1.1" 200 10186
2016-11-04 14:31:31,915 [Thread-201:7616] [django.server:131] [basehttp:log_message] [INFO]- "GET /static/js/jquery-1.11.1.min.js?_=1478241090528 HTTP/1.1" 200 95789
2016-11-04 14:31:31,973 [Thread-202:6180] [django.server:131] [basehttp:log_message] [INFO]- "GET /static/js/bootstrap.min.js?_=1478241090529 HTTP/1.1" 200 31823
2016-11-04 14:31:32,020 [Thread-203:5284] [django.server:131] [basehttp:log_message] [INFO]- "GET /static/js/jquery.datatables.min.js?_=1478241090530 HTTP/1.1" 200 77503
2016-11-04 14:31:32,846 [Thread-204:7316] [django.server:131] [basehttp:log_message] [INFO]- "GET /scenario_list/?pro_id=1 HTTP/1.1" 200 2507
2016-11-04 14:31:32,924 [Thread-205:7336] [django.server:131] [basehttp:log_message] [INFO]- "GET /static/js/jquery-1.11.1.min.js?_=1478241091963 HTTP/1.1" 200 95789
2016-11-04 14:31:32,948 [Thread-206:7424] [django.server:131] [basehttp:log_message] [INFO]- "GET /static/js/bootstrap.min.js?_=1478241091964 HTTP/1.1" 200 31823
2016-11-04 14:31:32,967 [Thread-207:7212] [django.server:131] [basehttp:log_message] [INFO]- "GET /static/js/jquery.datatables.min.js?_=1478241091965 HTTP/1.1" 200 77503
2016-11-04 14:31:34,894 [Thread-208:2024] [django.server:131] [basehttp:log_message] [INFO]- "GET /case_list/?pro_id=1 HTTP/1.1" 200 10186
2016-11-04 14:31:34,982 [Thread-209:6556] [django.server:131] [basehttp:log_message] [INFO]- "GET /static/js/jquery-1.11.1.min.js?_=1478241092934 HTTP/1.1" 200 95789
2016-11-04 14:31:35,003 [Thread-210:8092] [django.server:131] [basehttp:log_message] [INFO]- "GET /static/js/bootstrap.min.js?_=1478241092935 HTTP/1.1" 200 31823
2016-11-04 14:31:35,023 [Thread-211:7576] [django.server:131] [basehttp:log_message] [INFO]- "GET /static/js/jquery.datatables.min.js?_=1478241092936 HTTP/1.1" 200 77503
2016-11-04 14:31:35,592 [Thread-212:8004] [django.server:131] [basehttp:log_message] [INFO]- "GET /element/?pro_id=1 HTTP/1.1" 200 13987
2016-11-04 14:31:35,674 [Thread-213:7340] [django.server:131] [basehttp:log_message] [INFO]- "GET /static/js/jquery-1.11.1.min.js?_=1478241094991 HTTP/1.1" 200 95789
2016-11-04 14:31:35,733 [Thread-214:7960] [django.server:131] [basehttp:log_message] [INFO]- "GET /static/js/bootstrap.min.js?_=1478241094992 HTTP/1.1" 200 31823
2016-11-04 14:31:35,759 [Thread-215:4608] [django.server:131] [basehttp:log_message] [INFO]- "GET /static/js/jquery.datatables.min.js?_=1478241094993 HTTP/1.1" 200 77503
2016-11-04 14:32:03,119 [Thread-216:7464] [django.server:131] [basehttp:log_message] [INFO]- "GET /index/ HTTP/1.1" 200 33576
2016-11-04 17:00:55,802 [Thread-217:9072] [django.server:131] [basehttp:log_message] [INFO]- "GET /index/ HTTP/1.1" 200 33576
2016-11-04 17:00:59,224 [Thread-218:5520] [django.server:131] [basehttp:log_message] [INFO]- "GET /element/?pro_id=1 HTTP/1.1" 200 13987
2016-11-04 17:00:59,272 [Thread-219:8404] [django.server:131] [basehttp:log_message] [INFO]- "GET /static/js/jquery-1.11.1.min.js?_=1478250056372 HTTP/1.1" 200 95789
2016-11-04 17:00:59,308 [Thread-220:5652] [django.server:131] [basehttp:log_message] [INFO]- "GET /static/js/bootstrap.min.js?_=1478250056373 HTTP/1.1" 200 31823
2016-11-04 17:00:59,331 [Thread-221:8352] [django.server:131] [basehttp:log_message] [INFO]- "GET /static/js/jquery.datatables.min.js?_=1478250056374 HTTP/1.1" 200 77503
2016-11-04 18:11:46,253 [Thread-223:9964] [django.server:131] [basehttp:log_message] [INFO]- "GET /element/?pro_id=1 HTTP/1.1" 200 13987
2016-11-04 18:11:46,371 [Thread-224:9968] [django.server:131] [basehttp:log_message] [INFO]- "GET /static/js/jquery-1.11.1.min.js?_=1478250059298 HTTP/1.1" 200 95789
2016-11-04 18:11:46,421 [Thread-225:9972] [django.server:131] [basehttp:log_message] [INFO]- "GET /static/js/bootstrap.min.js?_=1478250059299 HTTP/1.1" 200 31823
2016-11-04 18:11:46,444 [Thread-226:9976] [django.server:131] [basehttp:log_message] [INFO]- "GET /static/js/jquery.datatables.min.js?_=1478250059300 HTTP/1.1" 200 77503
2016-11-04 18:12:07,648 [Thread-227:10032] [django.server:131] [basehttp:log_message] [INFO]- "GET /case_list/?pro_id=1 HTTP/1.1" 200 10186
2016-11-04 18:12:07,726 [Thread-228:10048] [django.server:131] [basehttp:log_message] [INFO]- "GET /static/js/jquery-1.11.1.min.js?_=1478254306413 HTTP/1.1" 200 95789
2016-11-04 18:12:07,770 [Thread-229:10056] [django.server:131] [basehttp:log_message] [INFO]- "GET /static/js/bootstrap.min.js?_=1478254306414 HTTP/1.1" 200 31823
2016-11-04 18:12:07,818 [Thread-230:10072] [django.server:131] [basehttp:log_message] [INFO]- "GET /static/js/jquery.datatables.min.js?_=1478254306415 HTTP/1.1" 200 77503
2016-11-04 18:12:12,973 [Thread-231:10192] [django.server:131] [basehttp:log_message] [INFO]- "GET /add_case/?action=add_case&pro_id=1 HTTP/1.1" 200 23035
2016-11-04 18:12:13,069 [Thread-232:10196] [django.server:131] [basehttp:log_message] [INFO]- "GET /static/js/jquery-1.11.1.min.js?_=1478254327760 HTTP/1.1" 200 95789
2016-11-04 18:12:13,095 [Thread-233:10200] [django.server:131] [basehttp:log_message] [INFO]- "GET /static/js/jquery-ui-1.10.3.min.js?_=1478254327761 HTTP/1.1" 200 228142
2016-11-04 18:12:13,197 [Thread-234:10204] [django.server:131] [basehttp:log_message] [INFO]- "GET /static/js/jquery-1.11.1.min.js?_=1478254327762 HTTP/1.1" 200 95789
2016-11-04 18:12:13,213 [Thread-235:10208] [django.server:131] [basehttp:log_message] [INFO]- "GET /static/js/jquery.datatables.min.js?_=1478254327763 HTTP/1.1" 200 77503
2016-11-04 18:12:13,246 [Thread-236:10212] [django.server:131] [basehttp:log_message] [INFO]- "GET /static/js/jquery-ui-1.10.3.min.js?_=1478254327764 HTTP/1.1" 200 228142
2016-11-04 18:12:13,305 [Thread-237:10216] [django.server:131] [basehttp:log_message] [INFO]- "GET /static/js/bootstrap.min.js?_=1478254327765 HTTP/1.1" 200 31823
2016-11-04 18:12:14,917 [Thread-238:10236] [django.server:131] [basehttp:log_message] [INFO]- "GET /ajax_html?action=add_case_step HTTP/1.1" 301 0
2016-11-04 18:12:14,977 [Thread-239:9292] [django.server:131] [basehttp:log_message] [INFO]- "GET /ajax_html/?action=add_case_step HTTP/1.1" 200 966
2016-11-04 18:12:16,829 [Thread-240:5912] [django.server:131] [basehttp:log_message] [INFO]- "GET /ajax_html/?action=add_case_step HTTP/1.1" 200 966
2016-11-04 18:12:17,260 [Thread-241:6688] [django.server:131] [basehttp:log_message] [INFO]- "GET /ajax_html/?action=add_case_step HTTP/1.1" 200 966
2016-11-04 18:12:17,487 [Thread-242:8880] [django.server:131] [basehttp:log_message] [INFO]- "GET /ajax_html/?action=add_case_step HTTP/1.1" 200 966
2016-11-04 18:12:17,684 [Thread-243:7032] [django.server:131] [basehttp:log_message] [INFO]- "GET /ajax_html/?action=add_case_step HTTP/1.1" 200 966
2016-11-04 18:12:26,552 [Thread-244:9040] [django.server:131] [basehttp:log_message] [INFO]- "GET /ajax_html/?action=add_case_step HTTP/1.1" 200 966
2016-11-04 18:12:27,569 [Thread-245:3548] [django.server:131] [basehttp:log_message] [INFO]- "GET /ajax_html/?action=add_case_step HTTP/1.1" 200 966
2016-11-04 18:12:27,755 [Thread-246:8696] [django.server:131] [basehttp:log_message] [INFO]- "GET /ajax_html/?action=add_case_step HTTP/1.1" 200 966
2016-11-04 18:12:27,944 [Thread-247:6792] [django.server:131] [basehttp:log_message] [INFO]- "GET /ajax_html/?action=add_case_step HTTP/1.1" 200 966
2016-11-04 18:12:29,003 [Thread-248:7312] [django.server:131] [basehttp:log_message] [INFO]- "GET /ajax_html/?action=add_case_step HTTP/1.1" 200 966
2016-11-04 18:12:29,494 [Thread-249:8920] [django.server:131] [basehttp:log_message] [INFO]- "GET /ajax_html/?action=add_case_step HTTP/1.1" 200 966
2016-11-04 18:12:29,711 [Thread-250:6964] [django.server:131] [basehttp:log_message] [INFO]- "GET /ajax_html/?action=add_case_step HTTP/1.1" 200 966
2016-11-04 18:12:29,904 [Thread-251:9048] [django.server:131] [basehttp:log_message] [INFO]- "GET /ajax_html/?action=add_case_step HTTP/1.1" 200 966
2016-11-04 18:12:31,875 [Thread-252:8844] [django.server:131] [basehttp:log_message] [INFO]- "GET /ajax_html/?action=add_case_step HTTP/1.1" 200 966
2016-11-04 18:12:32,415 [Thread-253:7584] [django.server:131] [basehttp:log_message] [INFO]- "GET /ajax_html/?action=add_case_step HTTP/1.1" 200 966
2016-11-04 18:12:33,740 [Thread-254:8640] [django.server:131] [basehttp:log_message] [INFO]- "GET /ajax_html/?action=add_case_step HTTP/1.1" 200 966
2016-11-04 18:13:36,263 [Thread-255:2768] [django.server:131] [basehttp:log_message] [INFO]- "GET /ajax_html/?action=add_case_step HTTP/1.1" 200 966
2016-11-04 18:13:36,818 [Thread-256:6920] [django.server:131] [basehttp:log_message] [INFO]- "GET /ajax_html/?action=add_case_step HTTP/1.1" 200 966
2016-11-04 18:13:37,033 [Thread-257:9060] [django.server:131] [basehttp:log_message] [INFO]- "GET /ajax_html/?action=add_case_step HTTP/1.1" 200 966
2016-11-04 18:13:37,176 [Thread-258:7328] [django.server:131] [basehttp:log_message] [INFO]- "GET /ajax_html/?action=add_case_step HTTP/1.1" 200 966
2016-11-04 18:19:33,249 [Thread-259:9664] [django.server:131] [basehttp:log_message] [INFO]- "GET /ajax_html/?action=add_case_step HTTP/1.1" 200 966
2016-11-04 18:19:33,881 [Thread-260:6688] [django.server:131] [basehttp:log_message] [INFO]- "GET /ajax_html/?action=add_case_step HTTP/1.1" 200 966
2016-11-04 18:19:34,094 [Thread-261:6512] [django.server:131] [basehttp:log_message] [INFO]- "GET /ajax_html/?action=add_case_step HTTP/1.1" 200 966
2016-11-04 18:19:34,305 [Thread-262:10192] [django.server:131] [basehttp:log_message] [INFO]- "GET /ajax_html/?action=add_case_step HTTP/1.1" 200 966
2016-11-04 18:19:34,536 [Thread-263:8496] [django.server:131] [basehttp:log_message] [INFO]- "GET /ajax_html/?action=add_case_step HTTP/1.1" 200 966
2016-11-04 18:20:29,247 [Thread-264:9792] [django.server:131] [basehttp:log_message] [INFO]- "GET /ajax_html/?action=add_case_step HTTP/1.1" 200 966
2016-11-04 18:20:32,809 [Thread-265:7780] [django.server:131] [basehttp:log_message] [INFO]- "GET /ajax_html/?action=add_case_step HTTP/1.1" 200 966
2016-11-04 18:20:33,063 [Thread-266:10140] [django.server:131] [basehttp:log_message] [INFO]- "GET /ajax_html/?action=add_case_step HTTP/1.1" 200 966
2016-11-04 18:20:33,286 [Thread-267:7248] [django.server:131] [basehttp:log_message] [INFO]- "GET /ajax_html/?action=add_case_step HTTP/1.1" 200 966
2016-11-04 18:20:33,528 [Thread-268:992] [django.server:131] [basehttp:log_message] [INFO]- "GET /ajax_html/?action=add_case_step HTTP/1.1" 200 966
2016-11-04 18:20:34,561 [Thread-269:1824] [django.server:131] [basehttp:log_message] [INFO]- "GET /ajax_html/?action=add_case_step HTTP/1.1" 200 966
2016-11-04 18:20:35,457 [Thread-270:8044] [django.server:131] [basehttp:log_message] [INFO]- "GET /ajax_html/?action=add_case_step HTTP/1.1" 200 966
2016-11-04 18:20:38,920 [Thread-271:8388] [django.server:131] [basehttp:log_message] [INFO]- "GET /ajax_html/?action=add_case_step HTTP/1.1" 200 966
2016-11-04 18:21:02,630 [Thread-272:9836] [hero.views:242] [views:add_case] [INFO]- 新增用例-写入数据
2016-11-04 18:21:02,763 [Thread-272:9836] [django.server:131] [basehttp:log_message] [INFO]- "POST /add_case/ HTTP/1.1" 200 12
2016-11-04 18:21:04,252 [Thread-273:7032] [django.server:131] [basehttp:log_message] [INFO]- "GET /case_list/?pro_id=1 HTTP/1.1" 200 11414
2016-11-04 18:21:04,289 [Thread-274:10112] [django.server:131] [basehttp:log_message] [INFO]- "GET /static/js/jquery-1.11.1.min.js?_=1478254333203 HTTP/1.1" 200 95789
2016-11-04 18:21:04,328 [Thread-275:8880] [django.server:131] [basehttp:log_message] [INFO]- "GET /static/js/bootstrap.min.js?_=1478254333204 HTTP/1.1" 200 31823
2016-11-04 18:21:04,351 [Thread-276:10076] [django.server:131] [basehttp:log_message] [INFO]- "GET /static/js/jquery.datatables.min.js?_=1478254333205 HTTP/1.1" 200 77503
2016-11-04 18:21:10,967 [Thread-277:6964] [django.server:131] [basehttp:log_message] [INFO]- "GET /edit_case/?id=8 HTTP/1.1" 200 32979
2016-11-04 18:21:11,005 [Thread-278:9704] [django.server:131] [basehttp:log_message] [INFO]- "GET /static/js/jquery-1.11.1.min.js?_=1478254864318 HTTP/1.1" 200 95789
2016-11-04 18:21:11,059 [Thread-279:9076] [django.server:131] [basehttp:log_message] [INFO]- "GET /static/js/jquery-ui-1.10.3.min.js?_=1478254864319 HTTP/1.1" 200 228142
2016-11-04 18:21:11,160 [Thread-280:6808] [django.server:131] [basehttp:log_message] [INFO]- "GET /static/js/jquery-1.11.1.min.js?_=1478254864320 HTTP/1.1" 200 95789
2016-11-04 18:21:11,177 [Thread-281:7944] [django.server:131] [basehttp:log_message] [INFO]- "GET /static/js/jquery.datatables.min.js?_=1478254864321 HTTP/1.1" 200 77503
2016-11-04 18:21:11,223 [Thread-282:10048] [django.server:131] [basehttp:log_message] [INFO]- "GET /static/js/jquery-ui-1.10.3.min.js?_=1478254864322 HTTP/1.1" 200 228142
2016-11-04 18:21:11,273 [Thread-283:10056] [django.server:131] [basehttp:log_message] [INFO]- "GET /static/js/bootstrap.min.js?_=1478254864323 HTTP/1.1" 200 31823
2016-11-04 18:21:32,213 [Thread-284:9512] [django.server:131] [basehttp:log_message] [INFO]- "GET /ajax_html/?action=add_case_step HTTP/1.1" 200 966
2016-11-04 18:21:34,141 [Thread-285:592] [django.server:131] [basehttp:log_message] [INFO]- "GET /ajax_html/?action=add_case_step HTTP/1.1" 200 966
2016-11-04 18:21:43,566 [Thread-286:9376] [django.server:131] [basehttp:log_message] [INFO]- "GET /case_list/?pro_id=1 HTTP/1.1" 200 11414
2016-11-04 18:21:43,614 [Thread-287:5416] [django.server:131] [basehttp:log_message] [INFO]- "GET /static/js/jquery-1.11.1.min.js?_=1478254871168 HTTP/1.1" 200 95789
2016-11-04 18:21:43,654 [Thread-288:2692] [django.server:131] [basehttp:log_message] [INFO]- "GET /static/js/bootstrap.min.js?_=1478254871169 HTTP/1.1" 200 31823
2016-11-04 18:21:43,677 [Thread-289:9516] [django.server:131] [basehttp:log_message] [INFO]- "GET /static/js/jquery.datatables.min.js?_=1478254871170 HTTP/1.1" 200 77503
2016-11-04 18:21:45,336 [Thread-290:8716] [django.server:131] [basehttp:log_message] [INFO]- "GET /add_case/?action=add_case&pro_id=1 HTTP/1.1" 200 24093
2016-11-04 18:21:45,398 [Thread-291:8196] [django.server:131] [basehttp:log_message] [INFO]- "GET /static/js/jquery-1.11.1.min.js?_=1478254903643 HTTP/1.1" 200 95789
2016-11-04 18:21:45,446 [Thread-292:9224] [django.server:131] [basehttp:log_message] [INFO]- "GET /static/js/jquery-ui-1.10.3.min.js?_=1478254903644 HTTP/1.1" 200 228142
2016-11-04 18:21:45,532 [Thread-293:9060] [django.server:131] [basehttp:log_message] [INFO]- "GET /static/js/jquery-1.11.1.min.js?_=1478254903645 HTTP/1.1" 200 95789
2016-11-04 18:21:45,579 [Thread-294:8488] [django.server:131] [basehttp:log_message] [INFO]- "GET /static/js/jquery.datatables.min.js?_=1478254903646 HTTP/1.1" 200 77503
2016-11-04 18:21:45,625 [Thread-295:9228] [django.server:131] [basehttp:log_message] [INFO]- "GET /static/js/jquery-ui-1.10.3.min.js?_=1478254903647 HTTP/1.1" 200 228142
2016-11-04 18:21:45,676 [Thread-296:6448] [django.server:131] [basehttp:log_message] [INFO]- "GET /static/js/bootstrap.min.js?_=1478254903648 HTTP/1.1" 200 31823
2016-11-04 18:21:49,085 [Thread-297:9236] [django.server:131] [basehttp:log_message] [INFO]- "GET /ajax_html/?action=add_case_step HTTP/1.1" 200 966
2016-11-04 18:21:49,851 [Thread-298:7664] [django.server:131] [basehttp:log_message] [INFO]- "GET /ajax_html/?action=add_case_step HTTP/1.1" 200 966
2016-11-04 18:21:50,101 [Thread-299:8128] [django.server:131] [basehttp:log_message] [INFO]- "GET /ajax_html/?action=add_case_step HTTP/1.1" 200 966
2016-11-04 18:21:50,329 [Thread-300:6036] [django.server:131] [basehttp:log_message] [INFO]- "GET /ajax_html/?action=add_case_step HTTP/1.1" 200 966
2016-11-04 18:21:50,542 [Thread-301:908] [django.server:131] [basehttp:log_message] [INFO]- "GET /ajax_html/?action=add_case_step HTTP/1.1" 200 966
2016-11-04 18:21:50,763 [Thread-302:7212] [django.server:131] [basehttp:log_message] [INFO]- "GET /ajax_html/?action=add_case_step HTTP/1.1" 200 966
2016-11-04 18:21:51,709 [Thread-303:8348] [django.server:131] [basehttp:log_message] [INFO]- "GET /ajax_html/?action=add_case_step HTTP/1.1" 200 966
2016-11-04 18:21:52,397 [Thread-304:9072] [django.server:131] [basehttp:log_message] [INFO]- "GET /ajax_html/?action=add_case_step HTTP/1.1" 200 966
2016-11-04 18:21:52,563 [Thread-305:8396] [django.server:131] [basehttp:log_message] [INFO]- "GET /ajax_html/?action=add_case_step HTTP/1.1" 200 966
2016-11-04 18:21:52,788 [Thread-306:9288] [django.server:131] [basehttp:log_message] [INFO]- "GET /ajax_html/?action=add_case_step HTTP/1.1" 200 966
2016-11-04 18:21:58,092 [Thread-307:8104] [django.server:131] [basehttp:log_message] [INFO]- "GET /ajax_html/?action=add_case_step HTTP/1.1" 200 966
2016-11-04 18:21:58,323 [Thread-308:5472] [django.server:131] [basehttp:log_message] [INFO]- "GET /ajax_html/?action=add_case_step HTTP/1.1" 200 966
2016-11-04 18:21:58,523 [Thread-309:9596] [django.server:131] [basehttp:log_message] [INFO]- "GET /ajax_html/?action=add_case_step HTTP/1.1" 200 966
2016-11-04 18:21:58,723 [Thread-310:9948] [django.server:131] [basehttp:log_message] [INFO]- "GET /ajax_html/?action=add_case_step HTTP/1.1" 200 966
2016-11-04 18:21:58,944 [Thread-311:7608] [django.server:131] [basehttp:log_message] [INFO]- "GET /ajax_html/?action=add_case_step HTTP/1.1" 200 966
2016-11-04 18:21:59,164 [Thread-312:8692] [django.server:131] [basehttp:log_message] [INFO]- "GET /ajax_html/?action=add_case_step HTTP/1.1" 200 966
2016-11-04 18:21:59,401 [Thread-313:9480] [django.server:131] [basehttp:log_message] [INFO]- "GET /ajax_html/?action=add_case_step HTTP/1.1" 200 966
2016-11-04 18:22:00,533 [Thread-314:9204] [django.server:131] [basehttp:log_message] [INFO]- "GET /ajax_html/?action=add_case_step HTTP/1.1" 200 966
2016-11-04 18:22:00,726 [Thread-315:10236] [django.server:131] [basehttp:log_message] [INFO]- "GET /ajax_html/?action=add_case_step HTTP/1.1" 200 966
2016-11-04 18:22:00,933 [Thread-316:7740] [django.server:131] [basehttp:log_message] [INFO]- "GET /ajax_html/?action=add_case_step HTTP/1.1" 200 966
2016-11-04 18:22:01,117 [Thread-317:7340] [django.server:131] [basehttp:log_message] [INFO]- "GET /ajax_html/?action=add_case_step HTTP/1.1" 200 966
2016-11-04 18:22:01,308 [Thread-318:7804] [django.server:131] [basehttp:log_message] [INFO]- "GET /ajax_html/?action=add_case_step HTTP/1.1" 200 966
2016-11-04 18:29:52,614 [Thread-319:8388] [django.server:131] [basehttp:log_message] [INFO]- "GET /ajax_html/?action=add_case_step HTTP/1.1" 200 966
2016-11-04 18:29:53,459 [Thread-320:8176] [django.server:131] [basehttp:log_message] [INFO]- "GET /ajax_html/?action=add_case_step HTTP/1.1" 200 966
2016-11-04 18:29:53,694 [Thread-321:9460] [django.server:131] [basehttp:log_message] [INFO]- "GET /ajax_html/?action=add_case_step HTTP/1.1" 200 966
2016-11-04 18:29:53,898 [Thread-322:9644] [django.server:131] [basehttp:log_message] [INFO]- "GET /ajax_html/?action=add_case_step HTTP/1.1" 200 966
2016-11-04 18:29:54,117 [Thread-323:9632] [django.server:131] [basehttp:log_message] [INFO]- "GET /ajax_html/?action=add_case_step HTTP/1.1" 200 966
2016-11-04 18:31:40,276 [Thread-324:9136] [django.server:131] [basehttp:log_message] [INFO]- "GET /index/ HTTP/1.1" 200 33576
2016-11-04 18:31:40,364 [Thread-325:10212] [django.server:131] [basehttp:log_message] [INFO]- "GET /static/css/style.default.css HTTP/1.1" 200 77743
2016-11-04 18:31:40,436 [Thread-326:9652] [django.server:131] [basehttp:log_message] [INFO]- "GET /static/images/photos/loggeduser.png HTTP/1.1" 200 20630
2016-11-04 18:31:40,444 [Thread-332:9852] [django.server:131] [basehttp:log_message] [INFO]- "GET /static/js/jquery-1.11.1.min.js HTTP/1.1" 200 95789
2016-11-04 18:31:40,464 [Thread-327:5652] [django.server:131] [basehttp:log_message] [INFO]- "GET /static/images/photos/user1.png HTTP/1.1" 200 17694
2016-11-04 18:31:40,477 [Thread-330:9040] [django.server:131] [basehttp:log_message] [INFO]- "GET /static/images/photos/user4.png HTTP/1.1" 200 18211
2016-11-04 18:31:40,487 [Thread-334:7776] [django.server:131] [basehttp:log_message] [INFO]- "GET /static/js/jquery-ui-1.10.3.min.js HTTP/1.1" 200 228142
2016-11-04 18:31:40,487 [Thread-331:6540] [django.server:131] [basehttp:log_message] [INFO]- "GET /static/images/photos/user5.png HTTP/1.1" 200 17012
2016-11-04 18:31:40,494 [Thread-329:7932] [django.server:131] [basehttp:log_message] [INFO]- "GET /static/images/photos/user3.png HTTP/1.1" 200 17036
2016-11-04 18:31:40,494 [Thread-328:8620] [django.server:131] [basehttp:log_message] [INFO]- "GET /static/images/photos/user2.png HTTP/1.1" 200 18310
2016-11-04 18:31:40,509 [Thread-333:8112] [django.server:131] [basehttp:log_message] [INFO]- "GET /static/js/jquery-migrate-1.2.1.min.js HTTP/1.1" 200 7203
2016-11-04 18:31:40,536 [Thread-335:7360] [django.server:131] [basehttp:log_message] [INFO]- "GET /static/js/bootstrap.min.js HTTP/1.1" 200 31823
2016-11-04 18:31:40,556 [Thread-340:1372] [django.server:131] [basehttp:log_message] [INFO]- "GET /static/js/jquery.cookies.js HTTP/1.1" 200 2033
2016-11-04 18:31:40,563 [Thread-338:4404] [django.server:131] [basehttp:log_message] [INFO]- "GET /static/js/toggles.min.js HTTP/1.1" 200 2736
2016-11-04 18:31:40,566 [Thread-339:8240] [django.server:131] [basehttp:log_message] [INFO]- "GET /static/js/retina.min.js HTTP/1.1" 200 2161
2016-11-04 18:31:40,578 [Thread-337:9500] [django.server:131] [basehttp:log_message] [INFO]- "GET /static/js/jquery.sparkline.min.js HTTP/1.1" 200 43251
2016-11-04 18:31:40,585 [Thread-342:9724] [django.server:131] [basehttp:log_message] [INFO]- "GET /static/js/flot/jquery.flot.resize.min.js HTTP/1.1" 200 2348
2016-11-04 18:31:40,588 [Thread-346:10232] [django.server:131] [basehttp:log_message] [INFO]- "GET /static/js/Hero.js HTTP/1.1" 200 16095
2016-11-04 18:31:40,592 [Thread-343:9864] [django.server:131] [basehttp:log_message] [INFO]- "GET /static/js/flot/jquery.flot.spline.min.js HTTP/1.1" 200 2791
2016-11-04 18:31:40,602 [Thread-345:9660] [django.server:131] [basehttp:log_message] [INFO]- "GET /static/js/custom.js HTTP/1.1" 200 11035
2016-11-04 18:31:40,621 [Thread-336:6952] [django.server:131] [basehttp:log_message] [INFO]- "GET /static/js/modernizr.min.js HTTP/1.1" 200 15157
2016-11-04 18:31:40,628 [Thread-341:7800] [django.server:131] [basehttp:log_message] [INFO]- "GET /static/js/flot/jquery.flot.min.js HTTP/1.1" 200 52970
2016-11-04 18:31:40,650 [Thread-347:9604] [django.server:131] [basehttp:log_message] [INFO]- "GET /static/images/photos/userprofile.png HTTP/1.1" 200 23407
2016-11-04 18:31:40,686 [Thread-344:6976] [django.server:131] [basehttp:log_message] [INFO]- "GET /static/js/raphael-2.1.0.min.js HTTP/1.1" 200 110942
2016-11-04 18:31:41,040 [Thread-349:6336] [django.server:131] [basehttp:log_message] [INFO]- "GET /static/css/bootstrap-override.css HTTP/1.1" 200 22777
2016-11-04 18:31:41,062 [Thread-353:10176] [django.server:131] [basehttp:log_message] [INFO]- "GET /static/css/animate.min.css HTTP/1.1" 200 51174
2016-11-04 18:31:41,068 [Thread-351:9712] [django.server:131] [basehttp:log_message] [INFO]- "GET /static/css/jquery-ui-1.10.3.css HTTP/1.1" 200 18930
2016-11-04 18:31:41,072 [Thread-352:9716] [django.server:131] [basehttp:log_message] [INFO]- "GET /static/css/font-awesome.min.css HTTP/1.1" 200 20766
2016-11-04 18:31:41,086 [Thread-355:7488] [django.server:131] [basehttp:log_message] [INFO]- "GET /static/css/toggles.css HTTP/1.1" 200 5378
2016-11-04 18:31:41,101 [Thread-348:9620] [django.server:131] [basehttp:log_message] [INFO]- "GET /static/css/bootstrap.min.css HTTP/1.1" 200 109604
2016-11-04 18:31:41,104 [Thread-354:9696] [django.server:131] [basehttp:log_message] [INFO]- "GET /static/css/animate.delay.css HTTP/1.1" 200 11432
2016-11-04 18:31:41,118 [Thread-356:9608] [django.server:131] [basehttp:log_message] [INFO]- "GET /static/css/select2.css HTTP/1.1" 200 18606
2016-11-04 18:31:41,154 [Thread-350:9664] [django.server:131] [basehttp:log_message] [INFO]- "GET /static/css/weather-icons.min.css HTTP/1.1" 200 5601
2016-11-04 18:31:41,158 [Thread-358:10180] [django.server:131] [basehttp:log_message] [INFO]- "GET /static/css/roboto.css HTTP/1.1" 200 9528
2016-11-04 18:31:41,167 [Thread-359:9048] [django.server:131] [basehttp:log_message] [INFO]- "GET /static/images/favicon.png HTTP/1.1" 200 983
2016-11-04 18:31:41,173 [Thread-357:4464] [django.server:131] [basehttp:log_message] [INFO]- "GET /static/css/lato.css HTTP/1.1" 200 5575
2016-11-04 18:31:41,210 [Thread-360:1804] [django.server:131] [basehttp:log_message] [INFO]- "GET /static/images/plus-white.png HTTP/1.1" 200 966
2016-11-04 18:31:41,223 [Thread-362:8548] [django.server:131] [basehttp:log_message] [INFO]- "GET /static/fonts/fontawesome-webfont.woff?v=4.1.0 HTTP/1.1" 200 83760
2016-11-04 18:31:41,230 [Thread-361:9568] [django.server:131] [basehttp:log_message] [INFO]- "GET /static/images/icon-search.png HTTP/1.1" 200 1239
2016-11-04 18:31:41,259 [Thread-363:9252] [django.server:131] [basehttp:log_message] [INFO]- "GET /static/fonts/glyphicons-halflings-regular.woff HTTP/1.1" 200 23320
2016-11-04 18:31:42,982 [Thread-364:2356] [django.server:131] [basehttp:log_message] [INFO]- "GET /static/images/plus.png HTTP/1.1" 200 971
2016-11-04 18:31:44,344 [Thread-365:7664] [django.server:131] [basehttp:log_message] [INFO]- "GET /static/images/minus.png HTTP/1.1" 200 955
2016-11-04 18:31:44,997 [Thread-366:9348] [django.server:131] [basehttp:log_message] [INFO]- "GET /element/?pro_id=1 HTTP/1.1" 200 13987
2016-11-04 18:31:45,030 [Thread-367:8388] [django.server:131] [basehttp:log_message] [INFO]- "GET /static/css/jquery.gritter.css HTTP/1.1" 200 1468
2016-11-04 18:31:45,042 [Thread-369:9460] [django.server:131] [basehttp:log_message] [INFO]- "GET /static/js/jquery-1.11.1.min.js?_=1478255501254 HTTP/1.1" 200 95789
2016-11-04 18:31:45,068 [Thread-368:8176] [django.server:131] [basehttp:log_message] [INFO]- "GET /static/css/jquery.datatables.css HTTP/1.1" 200 4322
2016-11-04 18:31:45,118 [Thread-370:9644] [django.server:131] [basehttp:log_message] [INFO]- "GET /static/js/bootstrap.min.js?_=1478255501255 HTTP/1.1" 200 31823
2016-11-04 18:31:45,138 [Thread-371:9632] [django.server:131] [basehttp:log_message] [INFO]- "GET /static/js/jquery.datatables.min.js?_=1478255501256 HTTP/1.1" 200 77503
2016-11-04 18:31:45,309 [Thread-372:10196] [django.server:131] [basehttp:log_message] [INFO]- "GET /static/images/sort_both.png HTTP/1.1" 200 1109
2016-11-04 18:31:45,351 [Thread-373:9832] [django.server:131] [basehttp:log_message] [INFO]- "GET /static/images/sort_asc.png HTTP/1.1" 200 1033
2016-11-04 18:31:45,693 [Thread-374:6864] [django.server:131] [basehttp:log_message] [INFO]- "GET /case_list/?pro_id=1 HTTP/1.1" 200 11414
2016-11-04 18:31:45,733 [Thread-375:9796] [django.server:131] [basehttp:log_message] [INFO]- "GET /static/js/jquery-1.11.1.min.js?_=1478255505103 HTTP/1.1" 200 95789
2016-11-04 18:31:45,828 [Thread-376:9076] [django.server:131] [basehttp:log_message] [INFO]- "GET /static/js/bootstrap.min.js?_=1478255505104 HTTP/1.1" 200 31823
2016-11-04 18:31:45,854 [Thread-377:9972] [django.server:131] [basehttp:log_message] [INFO]- "GET /static/js/jquery.datatables.min.js?_=1478255505105 HTTP/1.1" 200 77503
2016-11-04 18:31:46,555 [Thread-378:9300] [django.server:131] [basehttp:log_message] [INFO]- "GET /add_case/?action=add_case&pro_id=1 HTTP/1.1" 200 24093
2016-11-04 18:31:46,578 [Thread-379:9304] [django.server:131] [basehttp:log_message] [INFO]- "GET /static/js/jquery-1.11.1.min.js?_=1478255505802 HTTP/1.1" 200 95789
2016-11-04 18:31:46,634 [Thread-380:9684] [django.server:131] [basehttp:log_message] [INFO]- "GET /static/js/jquery-ui-1.10.3.min.js?_=1478255505803 HTTP/1.1" 200 228142
2016-11-04 18:31:46,680 [Thread-381:9276] [django.server:131] [basehttp:log_message] [INFO]- "GET /static/js/jquery-1.11.1.min.js?_=1478255505804 HTTP/1.1" 200 95789
2016-11-04 18:31:46,711 [Thread-382:7504] [django.server:131] [basehttp:log_message] [INFO]- "GET /static/js/jquery.datatables.min.js?_=1478255505805 HTTP/1.1" 200 77503
2016-11-04 18:31:46,736 [Thread-383:10108] [django.server:131] [basehttp:log_message] [INFO]- "GET /static/js/jquery-ui-1.10.3.min.js?_=1478255505806 HTTP/1.1" 200 228142
2016-11-04 18:31:46,779 [Thread-384:10028] [django.server:131] [basehttp:log_message] [INFO]- "GET /static/js/bootstrap.min.js?_=1478255505807 HTTP/1.1" 200 31823
2016-11-04 18:31:47,444 [Thread-385:9408] [django.server:131] [basehttp:log_message] [INFO]- "GET /ajax_html?action=add_case_step HTTP/1.1" 301 0
2016-11-04 18:31:47,493 [Thread-386:9504] [django.server:131] [basehttp:log_message] [INFO]- "GET /ajax_html/?action=add_case_step HTTP/1.1" 200 966
2016-11-04 18:31:48,677 [Thread-387:10116] [django.server:131] [basehttp:log_message] [INFO]- "GET /ajax_html/?action=add_case_step HTTP/1.1" 200 966
2016-11-04 18:31:48,892 [Thread-388:6684] [django.server:131] [basehttp:log_message] [INFO]- "GET /ajax_html/?action=add_case_step HTTP/1.1" 200 966
2016-11-04 18:31:49,138 [Thread-389:9928] [django.server:131] [basehttp:log_message] [INFO]- "GET /ajax_html/?action=add_case_step HTTP/1.1" 200 966
2016-11-04 18:31:49,334 [Thread-390:10184] [django.server:131] [basehttp:log_message] [INFO]- "GET /ajax_html/?action=add_case_step HTTP/1.1" 200 966
2016-11-04 18:31:49,542 [Thread-391:7648] [django.server:131] [basehttp:log_message] [INFO]- "GET /ajax_html/?action=add_case_step HTTP/1.1" 200 966
2016-11-04 18:31:49,756 [Thread-392:8440] [django.server:131] [basehttp:log_message] [INFO]- "GET /ajax_html/?action=add_case_step HTTP/1.1" 200 966
2016-11-04 18:31:49,947 [Thread-393:8008] [django.server:131] [basehttp:log_message] [INFO]- "GET /ajax_html/?action=add_case_step HTTP/1.1" 200 966
2016-11-04 18:31:50,154 [Thread-394:9772] [django.server:131] [basehttp:log_message] [INFO]- "GET /ajax_html/?action=add_case_step HTTP/1.1" 200 966
2016-11-04 18:31:50,369 [Thread-395:9908] [django.server:131] [basehttp:log_message] [INFO]- "GET /ajax_html/?action=add_case_step HTTP/1.1" 200 966
2016-11-04 18:31:50,940 [Thread-396:8104] [django.server:131] [basehttp:log_message] [INFO]- "GET /ajax_html/?action=add_case_step HTTP/1.1" 200 966
2016-11-04 18:31:51,144 [Thread-397:5612] [django.server:131] [basehttp:log_message] [INFO]- "GET /ajax_html/?action=add_case_step HTTP/1.1" 200 966
2016-11-04 18:31:51,341 [Thread-398:9072] [django.server:131] [basehttp:log_message] [INFO]- "GET /ajax_html/?action=add_case_step HTTP/1.1" 200 966
2016-11-04 18:31:52,729 [Thread-399:9836] [django.server:131] [basehttp:log_message] [INFO]- "GET /ajax_html/?action=add_case_step HTTP/1.1" 200 966
2016-11-04 18:31:54,312 [Thread-400:9888] [django.server:131] [basehttp:log_message] [INFO]- "GET /case_list/?pro_id=1 HTTP/1.1" 200 11414
2016-11-04 18:31:54,355 [Thread-401:8208] [django.server:131] [basehttp:log_message] [INFO]- "GET /static/js/jquery-1.11.1.min.js?_=1478255506703 HTTP/1.1" 200 95789
2016-11-04 18:31:54,444 [Thread-402:2840] [django.server:131] [basehttp:log_message] [INFO]- "GET /static/js/bootstrap.min.js?_=1478255506704 HTTP/1.1" 200 31823
2016-11-04 18:31:54,506 [Thread-403:10160] [django.server:131] [basehttp:log_message] [INFO]- "GET /static/js/jquery.datatables.min.js?_=1478255506705 HTTP/1.1" 200 77503
2016-11-04 18:31:56,746 [Thread-404:832] [django.server:131] [basehttp:log_message] [INFO]- "GET /edit_case/?id=8 HTTP/1.1" 200 32979
2016-11-04 18:31:56,790 [Thread-405:9112] [django.server:131] [basehttp:log_message] [INFO]- "GET /static/js/jquery-1.11.1.min.js?_=1478255514433 HTTP/1.1" 200 95789
2016-11-04 18:31:56,858 [Thread-406:10112] [django.server:131] [basehttp:log_message] [INFO]- "GET /static/js/jquery-ui-1.10.3.min.js?_=1478255514434 HTTP/1.1" 200 228142
2016-11-04 18:31:56,944 [Thread-407:1884] [django.server:131] [basehttp:log_message] [INFO]- "GET /static/js/jquery-1.11.1.min.js?_=1478255514435 HTTP/1.1" 200 95789
2016-11-04 18:31:56,977 [Thread-408:7456] [django.server:131] [basehttp:log_message] [INFO]- "GET /static/js/jquery.datatables.min.js?_=1478255514436 HTTP/1.1" 200 77503
2016-11-04 18:31:57,007 [Thread-409:7584] [django.server:131] [basehttp:log_message] [INFO]- "GET /static/js/jquery-ui-1.10.3.min.js?_=1478255514437 HTTP/1.1" 200 228142
2016-11-04 18:31:57,052 [Thread-410:8044] [django.server:131] [basehttp:log_message] [INFO]- "GET /static/js/bootstrap.min.js?_=1478255514438 HTTP/1.1" 200 31823
2016-11-04 18:31:58,076 [Thread-411:9180] [django.server:131] [basehttp:log_message] [INFO]- "GET /ajax_html/?action=add_case_step HTTP/1.1" 200 966
2016-11-04 18:32:02,997 [Thread-412:9820] [django.server:131] [basehttp:log_message] [INFO]- "GET /case_list/?pro_id=1 HTTP/1.1" 200 11414
2016-11-04 18:32:03,042 [Thread-413:8616] [django.server:131] [basehttp:log_message] [INFO]- "GET /static/js/jquery-1.11.1.min.js?_=1478255516962 HTTP/1.1" 200 95789
2016-11-04 18:32:03,111 [Thread-414:8532] [django.server:131] [basehttp:log_message] [INFO]- "GET /static/js/bootstrap.min.js?_=1478255516963 HTTP/1.1" 200 31823
2016-11-04 18:32:03,144 [Thread-415:6652] [django.server:131] [basehttp:log_message] [INFO]- "GET /static/js/jquery.datatables.min.js?_=1478255516964 HTTP/1.1" 200 77503
2016-11-04 18:32:06,056 [Thread-416:8128] [django.server:131] [basehttp:log_message] [INFO]- "GET /add_case/?action=add_case&pro_id=1 HTTP/1.1" 200 24093
2016-11-04 18:32:06,082 [Thread-417:9924] [django.server:131] [basehttp:log_message] [INFO]- "GET /static/js/jquery-1.11.1.min.js?_=1478255523102 HTTP/1.1" 200 95789
2016-11-04 18:32:06,138 [Thread-418:8944] [django.server:131] [basehttp:log_message] [INFO]- "GET /static/js/jquery-ui-1.10.3.min.js?_=1478255523103 HTTP/1.1" 200 228142
2016-11-04 18:32:06,180 [Thread-419:8708] [django.server:131] [basehttp:log_message] [INFO]- "GET /static/js/jquery-1.11.1.min.js?_=1478255523104 HTTP/1.1" 200 95789
2016-11-04 18:32:06,210 [Thread-420:9900] [django.server:131] [basehttp:log_message] [INFO]- "GET /static/js/jquery.datatables.min.js?_=1478255523105 HTTP/1.1" 200 77503
2016-11-04 18:32:06,237 [Thread-421:9312] [django.server:131] [basehttp:log_message] [INFO]- "GET /static/js/jquery-ui-1.10.3.min.js?_=1478255523106 HTTP/1.1" 200 228142
2016-11-04 18:32:06,286 [Thread-422:9204] [django.server:131] [basehttp:log_message] [INFO]- "GET /static/js/bootstrap.min.js?_=1478255523107 HTTP/1.1" 200 31823
2016-11-04 18:32:07,105 [Thread-423:7656] [django.server:131] [basehttp:log_message] [INFO]- "GET /ajax_html/?action=add_case_step HTTP/1.1" 200 966
2016-11-04 18:32:07,571 [Thread-424:9848] [django.server:131] [basehttp:log_message] [INFO]- "GET /ajax_html/?action=add_case_step HTTP/1.1" 200 966
2016-11-04 18:32:07,795 [Thread-425:10140] [django.server:131] [basehttp:log_message] [INFO]- "GET /ajax_html/?action=add_case_step HTTP/1.1" 200 966
2016-11-04 18:32:08,009 [Thread-426:9756] [django.server:131] [basehttp:log_message] [INFO]- "GET /ajax_html/?action=add_case_step HTTP/1.1" 200 966
2016-11-04 18:32:08,233 [Thread-427:3296] [django.server:131] [basehttp:log_message] [INFO]- "GET /ajax_html/?action=add_case_step HTTP/1.1" 200 966
2016-11-04 18:32:08,450 [Thread-428:9532] [django.server:131] [basehttp:log_message] [INFO]- "GET /ajax_html/?action=add_case_step HTTP/1.1" 200 966
2016-11-04 18:32:08,683 [Thread-429:10236] [django.server:131] [basehttp:log_message] [INFO]- "GET /ajax_html/?action=add_case_step HTTP/1.1" 200 966
2016-11-04 18:32:08,880 [Thread-430:9272] [django.server:131] [basehttp:log_message] [INFO]- "GET /ajax_html/?action=add_case_step HTTP/1.1" 200 966
2016-11-04 18:32:09,946 [Thread-431:9424] [django.server:131] [basehttp:log_message] [INFO]- "GET /ajax_html/?action=add_case_step HTTP/1.1" 200 966
2016-11-04 18:32:11,043 [Thread-432:9512] [django.server:131] [basehttp:log_message] [INFO]- "GET /ajax_html/?action=add_case_step HTTP/1.1" 200 966
2016-11-04 18:32:11,979 [Thread-433:9360] [django.server:131] [basehttp:log_message] [INFO]- "GET /ajax_html/?action=add_case_step HTTP/1.1" 200 966
2016-11-04 18:32:12,793 [Thread-434:8720] [django.server:131] [basehttp:log_message] [INFO]- "GET /ajax_html/?action=add_case_step HTTP/1.1" 200 966
2016-11-04 18:32:13,783 [Thread-435:10052] [django.server:131] [basehttp:log_message] [INFO]- "GET /ajax_html/?action=add_case_step HTTP/1.1" 200 966
2016-11-04 18:32:14,759 [Thread-436:8624] [django.server:131] [basehttp:log_message] [INFO]- "GET /ajax_html/?action=add_case_step HTTP/1.1" 200 966
2016-11-04 18:32:19,489 [Thread-437:9496] [django.server:131] [basehttp:log_message] [INFO]- "GET /ajax_html/?action=add_case_step HTTP/1.1" 200 966
2016-11-04 18:32:20,005 [Thread-438:9980] [django.server:131] [basehttp:log_message] [INFO]- "GET /ajax_html/?action=add_case_step HTTP/1.1" 200 966
2016-11-04 18:36:23,721 [Thread-439:8044] [django.server:131] [basehttp:log_message] [INFO]- "GET /ajax_html/?action=add_case_step HTTP/1.1" 200 966
2016-11-04 18:36:24,127 [Thread-440:9180] [django.server:131] [basehttp:log_message] [INFO]- "GET /ajax_html/?action=add_case_step HTTP/1.1" 200 966
2016-11-04 18:36:24,351 [Thread-441:8532] [django.server:131] [basehttp:log_message] [INFO]- "GET /ajax_html/?action=add_case_step HTTP/1.1" 200 966
2016-11-04 18:36:24,566 [Thread-442:6652] [django.server:131] [basehttp:log_message] [INFO]- "GET /ajax_html/?action=add_case_step HTTP/1.1" 200 966
2016-11-04 18:36:24,762 [Thread-443:9292] [django.server:131] [basehttp:log_message] [INFO]- "GET /ajax_html/?action=add_case_step HTTP/1.1" 200 966
2016-11-04 18:36:24,976 [Thread-444:9924] [django.server:131] [basehttp:log_message] [INFO]- "GET /ajax_html/?action=add_case_step HTTP/1.1" 200 966
2016-11-04 18:36:25,187 [Thread-445:8944] [django.server:131] [basehttp:log_message] [INFO]- "GET /ajax_html/?action=add_case_step HTTP/1.1" 200 966
2016-11-04 18:36:25,404 [Thread-446:8708] [django.server:131] [basehttp:log_message] [INFO]- "GET /ajax_html/?action=add_case_step HTTP/1.1" 200 966
2016-11-04 18:36:25,608 [Thread-447:9900] [django.server:131] [basehttp:log_message] [INFO]- "GET /ajax_html/?action=add_case_step HTTP/1.1" 200 966
2016-11-04 18:36:25,809 [Thread-448:9312] [django.server:131] [basehttp:log_message] [INFO]- "GET /ajax_html/?action=add_case_step HTTP/1.1" 200 966
2016-11-04 18:36:26,052 [Thread-449:9204] [django.server:131] [basehttp:log_message] [INFO]- "GET /ajax_html/?action=add_case_step HTTP/1.1" 200 966
2016-11-04 18:36:26,272 [Thread-450:7656] [django.server:131] [basehttp:log_message] [INFO]- "GET /ajax_html/?action=add_case_step HTTP/1.1" 200 966
2016-11-04 18:36:28,528 [Thread-451:9848] [django.server:131] [basehttp:log_message] [INFO]- "GET /ajax_html/?action=add_case_step HTTP/1.1" 200 966
2016-11-04 18:36:28,885 [Thread-452:10140] [django.server:131] [basehttp:log_message] [INFO]- "GET /ajax_html/?action=add_case_step HTTP/1.1" 200 966
2016-11-04 18:36:29,552 [Thread-453:9756] [django.server:131] [basehttp:log_message] [INFO]- "GET /ajax_html/?action=add_case_step HTTP/1.1" 200 966
2016-11-04 18:40:24,253 [Thread-454:9812] [django.server:131] [basehttp:log_message] [INFO]- "GET /ajax_html/?action=add_case_step HTTP/1.1" 200 966
2016-11-04 18:40:25,178 [Thread-455:9624] [django.server:131] [basehttp:log_message] [INFO]- "GET /ajax_html/?action=add_case_step HTTP/1.1" 200 966
2016-11-04 18:40:25,506 [Thread-456:8280] [django.server:131] [basehttp:log_message] [INFO]- "GET /ajax_html/?action=add_case_step HTTP/1.1" 200 966
2016-11-04 18:40:25,733 [Thread-457:9356] [django.server:131] [basehttp:log_message] [INFO]- "GET /ajax_html/?action=add_case_step HTTP/1.1" 200 966
2016-11-04 18:40:25,957 [Thread-458:9436] [django.server:131] [basehttp:log_message] [INFO]- "GET /ajax_html/?action=add_case_step HTTP/1.1" 200 966
2016-11-04 18:40:26,174 [Thread-459:560] [django.server:131] [basehttp:log_message] [INFO]- "GET /ajax_html/?action=add_case_step HTTP/1.1" 200 966
2016-11-04 18:40:26,388 [Thread-460:9108] [django.server:131] [basehttp:log_message] [INFO]- "GET /ajax_html/?action=add_case_step HTTP/1.1" 200 966
2016-11-04 18:40:47,381 [Thread-461:8844] [django.server:131] [basehttp:log_message] [INFO]- "GET /ajax_html/?action=add_case_step HTTP/1.1" 200 966
2016-11-04 18:41:44,466 [Thread-462:9680] [django.server:131] [basehttp:log_message] [INFO]- "GET /case_list/?pro_id=2 HTTP/1.1" 200 1561
2016-11-04 18:41:44,533 [Thread-463:9396] [django.server:131] [basehttp:log_message] [INFO]- "GET /static/js/jquery-1.11.1.min.js?_=1478254905541 HTTP/1.1" 200 95789
2016-11-04 18:41:44,638 [Thread-464:9932] [django.server:131] [basehttp:log_message] [INFO]- "GET /static/js/bootstrap.min.js?_=1478254905542 HTTP/1.1" 200 31823
2016-11-04 18:41:44,677 [Thread-465:7648] [django.server:131] [basehttp:log_message] [INFO]- "GET /static/js/jquery.datatables.min.js?_=1478254905543 HTTP/1.1" 200 77503
2016-11-04 18:41:46,338 [Thread-466:9292] [django.server:131] [basehttp:log_message] [INFO]- "GET /add_case/?action=add_case&pro_id=2 HTTP/1.1" 200 10336
2016-11-04 18:41:46,410 [Thread-467:8944] [django.server:131] [basehttp:log_message] [INFO]- "GET /static/js/jquery-1.11.1.min.js?_=1478256104583 HTTP/1.1" 200 95789
2016-11-04 18:41:46,460 [Thread-468:8708] [django.server:131] [basehttp:log_message] [INFO]- "GET /static/js/jquery-ui-1.10.3.min.js?_=1478256104584 HTTP/1.1" 200 228142
2016-11-04 18:41:46,549 [Thread-469:9684] [django.server:131] [basehttp:log_message] [INFO]- "GET /static/js/jquery-1.11.1.min.js?_=1478256104585 HTTP/1.1" 200 95789
2016-11-04 18:41:46,569 [Thread-470:9900] [django.server:131] [basehttp:log_message] [INFO]- "GET /static/js/jquery.datatables.min.js?_=1478256104586 HTTP/1.1" 200 77503
2016-11-04 18:41:46,611 [Thread-471:9312] [django.server:131] [basehttp:log_message] [INFO]- "GET /static/js/jquery-ui-1.10.3.min.js?_=1478256104587 HTTP/1.1" 200 228142
2016-11-04 18:41:46,661 [Thread-472:9204] [django.server:131] [basehttp:log_message] [INFO]- "GET /static/js/bootstrap.min.js?_=1478256104588 HTTP/1.1" 200 31823
2016-11-04 18:41:47,677 [Thread-473:7656] [django.server:131] [basehttp:log_message] [INFO]- "GET /ajax_html/?action=add_case_step HTTP/1.1" 200 966
2016-11-04 18:41:48,641 [Thread-474:9848] [django.server:131] [basehttp:log_message] [INFO]- "GET /ajax_html/?action=add_case_step HTTP/1.1" 200 966
2016-11-04 18:41:48,862 [Thread-475:10140] [django.server:131] [basehttp:log_message] [INFO]- "GET /ajax_html/?action=add_case_step HTTP/1.1" 200 966
2016-11-04 18:41:49,078 [Thread-476:9288] [django.server:131] [basehttp:log_message] [INFO]- "GET /ajax_html/?action=add_case_step HTTP/1.1" 200 966
2016-11-04 18:41:49,315 [Thread-477:4464] [django.server:131] [basehttp:log_message] [INFO]- "GET /ajax_html/?action=add_case_step HTTP/1.1" 200 966
2016-11-04 18:41:49,512 [Thread-478:9460] [django.server:131] [basehttp:log_message] [INFO]- "GET /ajax_html/?action=add_case_step HTTP/1.1" 200 966
2016-11-04 18:41:53,220 [Thread-479:9512] [django.server:131] [basehttp:log_message] [INFO]- "GET /case_list/?pro_id=3 HTTP/1.1" 200 4053
2016-11-04 18:41:53,346 [Thread-480:9784] [django.server:131] [basehttp:log_message] [INFO]- "GET /static/js/jquery-1.11.1.min.js?_=1478256106560 HTTP/1.1" 200 95789
2016-11-04 18:41:53,369 [Thread-481:6920] [django.server:131] [basehttp:log_message] [INFO]- "GET /static/js/bootstrap.min.js?_=1478256106561 HTTP/1.1" 200 31823
2016-11-04 18:41:53,388 [Thread-482:6864] [django.server:131] [basehttp:log_message] [INFO]- "GET /static/js/jquery.datatables.min.js?_=1478256106562 HTTP/1.1" 200 77503
2016-11-04 18:41:55,273 [Thread-483:8500] [django.server:131] [basehttp:log_message] [INFO]- "GET /edit_case/?id=15 HTTP/1.1" 200 26691
2016-11-04 18:41:55,464 [Thread-484:9612] [django.server:131] [basehttp:log_message] [INFO]- "GET /static/js/jquery-1.11.1.min.js?_=1478256113356 HTTP/1.1" 200 95789
2016-11-04 18:41:55,497 [Thread-485:5244] [django.server:131] [basehttp:log_message] [INFO]- "GET /static/js/jquery-ui-1.10.3.min.js?_=1478256113357 HTTP/1.1" 200 228142
2016-11-04 18:41:55,562 [Thread-486:9404] [django.server:131] [basehttp:log_message] [INFO]- "GET /static/js/jquery-1.11.1.min.js?_=1478256113358 HTTP/1.1" 200 95789
2016-11-04 18:41:55,581 [Thread-487:10208] [django.server:131] [basehttp:log_message] [INFO]- "GET /static/js/jquery.datatables.min.js?_=1478256113359 HTTP/1.1" 200 77503
2016-11-04 18:41:55,601 [Thread-488:9384] [django.server:131] [basehttp:log_message] [INFO]- "GET /static/js/jquery-ui-1.10.3.min.js?_=1478256113360 HTTP/1.1" 200 228142
2016-11-04 18:41:55,625 [Thread-489:10052] [django.server:131] [basehttp:log_message] [INFO]- "GET /static/js/bootstrap.min.js?_=1478256113361 HTTP/1.1" 200 31823
2016-11-04 18:41:58,855 [Thread-490:9496] [django.server:131] [basehttp:log_message] [INFO]- "GET /ajax_html/?action=add_case_step HTTP/1.1" 200 966
2016-11-04 18:42:02,676 [Thread-491:5408] [django.server:131] [basehttp:log_message] [INFO]- "GET /case_list/?pro_id=3 HTTP/1.1" 200 4053
2016-11-04 18:42:02,765 [Thread-492:8736] [django.server:131] [basehttp:log_message] [INFO]- "GET /static/js/jquery-1.11.1.min.js?_=1478256115569 HTTP/1.1" 200 95789
2016-11-04 18:42:02,782 [Thread-493:10048] [django.server:131] [basehttp:log_message] [INFO]- "GET /static/js/bootstrap.min.js?_=1478256115570 HTTP/1.1" 200 31823
2016-11-04 18:42:02,795 [Thread-494:9844] [django.server:131] [basehttp:log_message] [INFO]- "GET /static/js/jquery.datatables.min.js?_=1478256115571 HTTP/1.1" 200 77503
2016-11-04 18:42:03,868 [Thread-495:9632] [django.server:131] [basehttp:log_message] [INFO]- "GET /add_case/?action=add_case&pro_id=3 HTTP/1.1" 200 14546
2016-11-04 18:42:03,928 [Thread-496:10196] [django.server:131] [basehttp:log_message] [INFO]- "GET /static/js/jquery-1.11.1.min.js?_=1478256122773 HTTP/1.1" 200 95789
2016-11-04 18:42:03,951 [Thread-497:9016] [django.server:131] [basehttp:log_message] [INFO]- "GET /static/js/jquery-ui-1.10.3.min.js?_=1478256122774 HTTP/1.1" 200 228142
2016-11-04 18:42:04,016 [Thread-498:9284] [django.server:131] [basehttp:log_message] [INFO]- "GET /static/js/jquery-1.11.1.min.js?_=1478256122775 HTTP/1.1" 200 95789
2016-11-04 18:42:04,032 [Thread-499:9656] [django.server:131] [basehttp:log_message] [INFO]- "GET /static/js/jquery.datatables.min.js?_=1478256122776 HTTP/1.1" 200 77503
2016-11-04 18:42:04,061 [Thread-500:1372] [django.server:131] [basehttp:log_message] [INFO]- "GET /static/js/jquery-ui-1.10.3.min.js?_=1478256122777 HTTP/1.1" 200 228142
2016-11-04 18:42:04,085 [Thread-501:7184] [django.server:131] [basehttp:log_message] [INFO]- "GET /static/js/bootstrap.min.js?_=1478256122778 HTTP/1.1" 200 31823
2016-11-04 18:42:04,957 [Thread-502:7456] [django.server:131] [basehttp:log_message] [INFO]- "GET /ajax_html/?action=add_case_step HTTP/1.1" 200 966
2016-11-04 18:42:05,665 [Thread-503:7588] [django.server:131] [basehttp:log_message] [INFO]- "GET /ajax_html/?action=add_case_step HTTP/1.1" 200 966
2016-11-04 18:42:05,892 [Thread-504:8644] [django.server:131] [basehttp:log_message] [INFO]- "GET /ajax_html/?action=add_case_step HTTP/1.1" 200 966
2016-11-04 18:42:06,105 [Thread-505:8616] [django.server:131] [basehttp:log_message] [INFO]- "GET /ajax_html/?action=add_case_step HTTP/1.1" 200 966
2016-11-04 18:42:06,345 [Thread-506:10112] [django.server:131] [basehttp:log_message] [INFO]- "GET /ajax_html/?action=add_case_step HTTP/1.1" 200 966
2016-11-04 18:42:08,164 [Thread-507:9880] [django.server:131] [basehttp:log_message] [INFO]- "GET /ajax_html/?action=add_case_step HTTP/1.1" 200 966
2016-11-04 18:42:13,009 [Thread-508:9800] [django.server:131] [basehttp:log_message] [INFO]- "GET /ajax_html/?action=add_case_step HTTP/1.1" 200 966
2016-11-04 18:42:13,756 [Thread-509:9564] [django.server:131] [basehttp:log_message] [INFO]- "GET /ajax_html/?action=add_case_step HTTP/1.1" 200 966
2016-11-04 18:42:13,976 [Thread-510:8360] [django.server:131] [basehttp:log_message] [INFO]- "GET /ajax_html/?action=add_case_step HTTP/1.1" 200 966
2016-11-04 18:42:19,874 [Thread-511:10236] [django.server:131] [basehttp:log_message] [INFO]- "GET /ajax_html/?action=add_case_step HTTP/1.1" 200 966
2016-11-04 18:42:20,164 [Thread-512:9020] [django.server:131] [basehttp:log_message] [INFO]- "GET /ajax_html/?action=add_case_step HTTP/1.1" 200 966
2016-11-04 18:42:20,382 [Thread-513:9768] [django.server:131] [basehttp:log_message] [INFO]- "GET /ajax_html/?action=add_case_step HTTP/1.1" 200 966
2016-11-04 18:42:20,585 [Thread-514:4608] [django.server:131] [basehttp:log_message] [INFO]- "GET /ajax_html/?action=add_case_step HTTP/1.1" 200 966
2016-11-04 18:42:20,815 [Thread-515:2284] [django.server:131] [basehttp:log_message] [INFO]- "GET /ajax_html/?action=add_case_step HTTP/1.1" 200 966
2016-11-04 18:42:26,006 [Thread-516:7796] [django.server:131] [basehttp:log_message] [INFO]- "GET /ajax_html/?action=add_case_step HTTP/1.1" 200 966
2016-11-04 18:42:27,206 [Thread-517:9796] [django.server:131] [basehttp:log_message] [INFO]- "GET /ajax_html/?action=add_case_step HTTP/1.1" 200 966
2016-11-04 18:43:55,312 [Thread-518:8092] [django.server:131] [basehttp:log_message] [INFO]- "GET /case_list/?pro_id=3 HTTP/1.1" 200 4053
2016-11-04 18:43:55,447 [Thread-519:8388] [django.server:131] [basehttp:log_message] [INFO]- "GET /static/js/jquery-1.11.1.min.js?_=1478256124023 HTTP/1.1" 200 95789
2016-11-04 18:43:55,530 [Thread-520:9128] [django.server:131] [basehttp:log_message] [INFO]- "GET /static/js/bootstrap.min.js?_=1478256124024 HTTP/1.1" 200 31823
2016-11-04 18:43:55,627 [Thread-521:2840] [django.server:131] [basehttp:log_message] [INFO]- "GET /static/js/jquery.datatables.min.js?_=1478256124025 HTTP/1.1" 200 77503
2016-11-04 18:44:15,875 [Thread-522:9532] [django.server:131] [basehttp:log_message] [INFO]- "POST /case_list/ HTTP/1.1" 200 18
2016-11-04 18:44:27,555 [Thread-523:9716] [django.server:131] [basehttp:log_message] [INFO]- "GET /add_case/?action=add_case&pro_id=3 HTTP/1.1" 200 14546
2016-11-04 18:44:27,618 [Thread-524:7448] [django.server:131] [basehttp:log_message] [INFO]- "GET /static/js/jquery-1.11.1.min.js?_=1478256235508 HTTP/1.1" 200 95789
2016-11-04 18:44:27,668 [Thread-525:9388] [django.server:131] [basehttp:log_message] [INFO]- "GET /static/js/jquery-ui-1.10.3.min.js?_=1478256235509 HTTP/1.1" 200 228142
2016-11-04 18:44:27,766 [Thread-526:8452] [django.server:131] [basehttp:log_message] [INFO]- "GET /static/js/jquery-1.11.1.min.js?_=1478256235510 HTTP/1.1" 200 95789
2016-11-04 18:44:27,793 [Thread-527:9344] [django.server:131] [basehttp:log_message] [INFO]- "GET /static/js/jquery.datatables.min.js?_=1478256235511 HTTP/1.1" 200 77503
2016-11-04 18:44:27,841 [Thread-528:7416] [django.server:131] [basehttp:log_message] [INFO]- "GET /static/js/jquery-ui-1.10.3.min.js?_=1478256235512 HTTP/1.1" 200 228142
2016-11-04 18:44:27,894 [Thread-529:7932] [django.server:131] [basehttp:log_message] [INFO]- "GET /static/js/bootstrap.min.js?_=1478256235513 HTTP/1.1" 200 31823
2016-11-04 18:44:29,101 [Thread-530:8888] [django.server:131] [basehttp:log_message] [INFO]- "GET /ajax_html/?action=add_case_step HTTP/1.1" 200 966
2016-11-04 18:44:29,848 [Thread-531:9704] [django.server:131] [basehttp:log_message] [INFO]- "GET /ajax_html/?action=add_case_step HTTP/1.1" 200 966
2016-11-04 18:44:30,078 [Thread-532:8160] [django.server:131] [basehttp:log_message] [INFO]- "GET /ajax_html/?action=add_case_step HTTP/1.1" 200 966
2016-11-04 18:44:30,296 [Thread-533:6540] [django.server:131] [basehttp:log_message] [INFO]- "GET /ajax_html/?action=add_case_step HTTP/1.1" 200 966
2016-11-04 18:49:09,420 [Thread-534:9680] [django.server:131] [basehttp:log_message] [INFO]- "GET /ajax_html/?action=add_case_step HTTP/1.1" 200 966
2016-11-04 18:49:10,426 [Thread-535:7816] [django.server:131] [basehttp:log_message] [INFO]- "GET /ajax_html/?action=add_case_step HTTP/1.1" 200 966
2016-11-04 18:49:10,687 [Thread-536:6684] [django.server:131] [basehttp:log_message] [INFO]- "GET /ajax_html/?action=add_case_step HTTP/1.1" 200 966
2016-11-04 18:49:10,917 [Thread-537:9108] [django.server:131] [basehttp:log_message] [INFO]- "GET /ajax_html/?action=add_case_step HTTP/1.1" 200 966
2016-11-04 18:49:11,153 [Thread-538:9964] [django.server:131] [basehttp:log_message] [INFO]- "GET /ajax_html/?action=add_case_step HTTP/1.1" 200 966
2016-11-04 18:49:11,795 [Thread-539:6808] [django.server:131] [basehttp:log_message] [INFO]- "GET /ajax_html/?action=add_case_step HTTP/1.1" 200 966
2016-11-04 18:49:12,009 [Thread-540:6704] [django.server:131] [basehttp:log_message] [INFO]- "GET /ajax_html/?action=add_case_step HTTP/1.1" 200 966
2016-11-04 18:49:12,217 [Thread-541:9624] [django.server:131] [basehttp:log_message] [INFO]- "GET /ajax_html/?action=add_case_step HTTP/1.1" 200 966
2016-11-04 18:49:48,081 [Thread-542:8112] [django.server:131] [basehttp:log_message] [INFO]- "GET /ajax_html/?action=add_case_step HTTP/1.1" 200 966
2016-11-04 18:49:50,095 [Thread-543:9260] [django.server:131] [basehttp:log_message] [INFO]- "GET /ajax_html/?action=add_case_step HTTP/1.1" 200 966
2016-11-04 18:49:51,058 [Thread-544:6756] [django.server:131] [basehttp:log_message] [INFO]- "GET /ajax_html/?action=add_case_step HTTP/1.1" 200 966
2016-11-04 18:49:51,282 [Thread-545:10212] [django.server:131] [basehttp:log_message] [INFO]- "GET /ajax_html/?action=add_case_step HTTP/1.1" 200 966
2016-11-04 18:49:51,505 [Thread-546:9644] [django.server:131] [basehttp:log_message] [INFO]- "GET /ajax_html/?action=add_case_step HTTP/1.1" 200 966
2016-11-04 18:49:51,772 [Thread-547:9348] [django.server:131] [basehttp:log_message] [INFO]- "GET /ajax_html/?action=add_case_step HTTP/1.1" 200 966
2016-11-04 18:50:54,964 [Thread-1:9316] [django.server:131] [basehttp:log_message] [INFO]- "GET /index/ HTTP/1.1" 200 33576
2016-11-04 18:50:55,042 [Thread-2:7244] [django.server:131] [basehttp:log_message] [INFO]- "GET /static/css/style.default.css HTTP/1.1" 304 0
2016-11-04 18:50:55,115 [Thread-3:9500] [django.server:131] [basehttp:log_message] [INFO]- "GET /static/images/photos/loggeduser.png HTTP/1.1" 304 0
2016-11-04 18:50:55,155 [Thread-4:7664] [django.server:131] [basehttp:log_message] [INFO]- "GET /static/js/jquery-1.11.1.min.js HTTP/1.1" 304 0
2016-11-04 18:50:55,188 [Thread-5:9580] [django.server:131] [basehttp:log_message] [INFO]- "GET /static/js/jquery-migrate-1.2.1.min.js HTTP/1.1" 304 0
2016-11-04 18:50:55,200 [Thread-6:8548] [django.server:131] [basehttp:log_message] [INFO]- "GET /static/js/jquery-ui-1.10.3.min.js HTTP/1.1" 304 0
2016-11-04 18:50:55,213 [Thread-7:1884] [django.server:131] [basehttp:log_message] [INFO]- "GET /static/js/bootstrap.min.js HTTP/1.1" 304 0
2016-11-04 18:50:55,275 [Thread-8:8128] [django.server:131] [basehttp:log_message] [INFO]- "GET /static/js/modernizr.min.js HTTP/1.1" 304 0
2016-11-04 18:50:55,306 [Thread-9:9888] [django.server:131] [basehttp:log_message] [INFO]- "GET /static/js/jquery.sparkline.min.js HTTP/1.1" 304 0
2016-11-04 18:50:55,351 [Thread-10:10088] [django.server:131] [basehttp:log_message] [INFO]- "GET /static/js/toggles.min.js HTTP/1.1" 304 0
2016-11-04 18:50:55,368 [Thread-11:9336] [django.server:131] [basehttp:log_message] [INFO]- "GET /static/js/retina.min.js HTTP/1.1" 304 0
2016-11-04 18:50:55,398 [Thread-12:7448] [django.server:131] [basehttp:log_message] [INFO]- "GET /static/js/jquery.cookies.js HTTP/1.1" 304 0
2016-11-04 18:50:55,424 [Thread-13:9388] [django.server:131] [basehttp:log_message] [INFO]- "GET /static/js/flot/jquery.flot.min.js HTTP/1.1" 304 0
2016-11-04 18:50:55,437 [Thread-14:8452] [django.server:131] [basehttp:log_message] [INFO]- "GET /static/js/flot/jquery.flot.resize.min.js HTTP/1.1" 304 0
2016-11-04 18:50:55,447 [Thread-15:9344] [django.server:131] [basehttp:log_message] [INFO]- "GET /static/js/flot/jquery.flot.spline.min.js HTTP/1.1" 304 0
2016-11-04 18:50:55,456 [Thread-16:7416] [django.server:131] [basehttp:log_message] [INFO]- "GET /static/js/raphael-2.1.0.min.js HTTP/1.1" 304 0
2016-11-04 18:50:55,474 [Thread-17:7932] [django.server:131] [basehttp:log_message] [INFO]- "GET /static/js/custom.js HTTP/1.1" 304 0
2016-11-04 18:50:55,828 [Thread-19:6540] [django.server:131] [basehttp:log_message] [INFO]- "GET /static/images/photos/user1.png HTTP/1.1" 304 0
2016-11-04 18:50:55,871 [Thread-20:7988] [django.server:131] [basehttp:log_message] [INFO]- "GET /static/images/photos/user2.png HTTP/1.1" 304 0
2016-11-04 18:50:55,907 [Thread-21:9472] [django.server:131] [basehttp:log_message] [INFO]- "GET /static/images/photos/user3.png HTTP/1.1" 304 0
2016-11-04 18:50:55,967 [Thread-22:8496] [django.server:131] [basehttp:log_message] [INFO]- "GET /static/images/photos/user4.png HTTP/1.1" 304 0
2016-11-04 18:50:56,030 [Thread-23:8992] [django.server:131] [basehttp:log_message] [INFO]- "GET /static/images/photos/user5.png HTTP/1.1" 304 0
2016-11-04 18:50:56,066 [Thread-24:4080] [django.server:131] [basehttp:log_message] [INFO]- "GET /static/css/bootstrap.min.css HTTP/1.1" 304 0
2016-11-04 18:50:56,086 [Thread-25:7800] [django.server:131] [basehttp:log_message] [INFO]- "GET /static/css/bootstrap-override.css HTTP/1.1" 304 0
2016-11-04 18:50:56,131 [Thread-26:6812] [django.server:131] [basehttp:log_message] [INFO]- "GET /static/css/weather-icons.min.css HTTP/1.1" 304 0
2016-11-04 18:50:56,141 [Thread-27:9224] [django.server:131] [basehttp:log_message] [INFO]- "GET /static/css/jquery-ui-1.10.3.css HTTP/1.1" 304 0
2016-11-04 18:50:56,165 [Thread-28:8044] [django.server:131] [basehttp:log_message] [INFO]- "GET /static/css/font-awesome.min.css HTTP/1.1" 304 0
2016-11-04 18:50:56,171 [Thread-29:5416] [django.server:131] [basehttp:log_message] [INFO]- "GET /static/css/animate.min.css HTTP/1.1" 304 0
2016-11-04 18:50:56,184 [Thread-30:5376] [django.server:131] [basehttp:log_message] [INFO]- "GET /static/css/animate.delay.css HTTP/1.1" 304 0
2016-11-04 18:50:56,190 [Thread-31:9416] [django.server:131] [basehttp:log_message] [INFO]- "GET /static/css/toggles.css HTTP/1.1" 304 0
2016-11-04 18:50:56,198 [Thread-32:8276] [django.server:131] [basehttp:log_message] [INFO]- "GET /static/css/select2.css HTTP/1.1" 304 0
2016-11-04 18:50:56,200 [Thread-33:4404] [django.server:131] [basehttp:log_message] [INFO]- "GET /static/css/lato.css HTTP/1.1" 304 0
2016-11-04 18:50:56,207 [Thread-34:8508] [django.server:131] [basehttp:log_message] [INFO]- "GET /static/css/roboto.css HTTP/1.1" 304 0
2016-11-04 18:50:56,214 [Thread-35:7608] [django.server:131] [basehttp:log_message] [INFO]- "GET /static/images/photos/userprofile.png HTTP/1.1" 304 0
2016-11-04 18:50:56,392 [Thread-36:9636] [django.server:131] [basehttp:log_message] [INFO]- "GET /static/fonts/fontawesome-webfont.woff?v=4.1.0 HTTP/1.1" 304 0
2016-11-04 18:50:56,401 [Thread-37:7532] [django.server:131] [basehttp:log_message] [INFO]- "GET /static/images/plus-white.png HTTP/1.1" 304 0
2016-11-04 18:50:56,407 [Thread-38:7236] [django.server:131] [basehttp:log_message] [INFO]- "GET /static/images/icon-search.png HTTP/1.1" 304 0
2016-11-04 18:50:56,407 [Thread-39:9468] [django.server:131] [basehttp:log_message] [INFO]- "GET /static/fonts/glyphicons-halflings-regular.woff HTTP/1.1" 304 0
2016-11-04 18:50:56,821 [Thread-18:8888] [django.server:131] [basehttp:log_message] [INFO]- "GET /static/js/Hero.js HTTP/1.1" 200 16116
2016-11-04 18:51:00,246 [Thread-40:9976] [django.server:131] [basehttp:log_message] [INFO]- "GET /case_list/?pro_id=2 HTTP/1.1" 200 1561
2016-11-04 18:51:00,372 [Thread-41:2768] [django.server:131] [basehttp:log_message] [INFO]- "GET /static/js/jquery-1.11.1.min.js?_=1478256656310 HTTP/1.1" 200 95789
2016-11-04 18:51:00,433 [Thread-42:9860] [django.server:131] [basehttp:log_message] [INFO]- "GET /static/js/bootstrap.min.js?_=1478256656311 HTTP/1.1" 200 31823
2016-11-04 18:51:00,453 [Thread-43:9604] [django.server:131] [basehttp:log_message] [INFO]- "GET /static/js/jquery.datatables.min.js?_=1478256656312 HTTP/1.1" 200 77503
2016-11-04 18:51:01,799 [Thread-44:7240] [django.server:131] [basehttp:log_message] [INFO]- "GET /add_case/?action=add_case&pro_id=2 HTTP/1.1" 200 10336
2016-11-04 18:51:01,888 [Thread-45:9724] [django.server:131] [basehttp:log_message] [INFO]- "GET /static/js/jquery-1.11.1.min.js?_=1478256660424 HTTP/1.1" 200 95789
2016-11-04 18:51:01,940 [Thread-46:6572] [django.server:131] [basehttp:log_message] [INFO]- "GET /static/js/jquery-ui-1.10.3.min.js?_=1478256660425 HTTP/1.1" 200 228142
2016-11-04 18:51:02,032 [Thread-47:9480] [django.server:131] [basehttp:log_message] [INFO]- "GET /static/js/jquery-1.11.1.min.js?_=1478256660426 HTTP/1.1" 200 95789
2016-11-04 18:51:02,092 [Thread-48:9572] [django.server:131] [basehttp:log_message] [INFO]- "GET /static/js/jquery.datatables.min.js?_=1478256660427 HTTP/1.1" 200 77503
2016-11-04 18:51:02,135 [Thread-49:9596] [django.server:131] [basehttp:log_message] [INFO]- "GET /static/js/jquery-ui-1.10.3.min.js?_=1478256660428 HTTP/1.1" 200 228142
2016-11-04 18:51:02,193 [Thread-50:7804] [django.server:131] [basehttp:log_message] [INFO]- "GET /static/js/bootstrap.min.js?_=1478256660429 HTTP/1.1" 200 31823
2016-11-04 18:51:03,107 [Thread-51:10060] [django.server:131] [basehttp:log_message] [INFO]- "GET /ajax_html/?action=add_case_step HTTP/1.1" 200 966
2016-11-04 18:51:57,430 [Thread-52:5604] [django.server:131] [basehttp:log_message] [INFO]- "GET /ajax_html/?action=add_case_step HTTP/1.1" 200 966
2016-11-04 18:51:58,684 [Thread-53:9508] [django.server:131] [basehttp:log_message] [INFO]- "GET /ajax_html/?action=add_case_step HTTP/1.1" 200 966
2016-11-04 18:51:58,941 [Thread-54:10152] [django.server:131] [basehttp:log_message] [INFO]- "GET /ajax_html/?action=add_case_step HTTP/1.1" 200 966
2016-11-04 18:51:59,174 [Thread-55:8780] [django.server:131] [basehttp:log_message] [INFO]- "GET /ajax_html/?action=add_case_step HTTP/1.1" 200 966
2016-11-04 18:51:59,398 [Thread-56:9664] [django.server:131] [basehttp:log_message] [INFO]- "GET /ajax_html/?action=add_case_step HTTP/1.1" 200 966
2016-11-04 18:51:59,619 [Thread-57:7776] [django.server:131] [basehttp:log_message] [INFO]- "GET /ajax_html/?action=add_case_step HTTP/1.1" 200 966
2016-11-04 18:51:59,822 [Thread-58:8280] [django.server:131] [basehttp:log_message] [INFO]- "GET /ajax_html/?action=add_case_step HTTP/1.1" 200 966
2016-11-04 18:52:16,746 [Thread-59:8104] [django.server:131] [basehttp:log_message] [INFO]- "GET /ajax_html/?action=add_case_step HTTP/1.1" 200 966
2016-11-04 18:57:44,256 [Thread-60:7988] [django.server:131] [basehttp:log_message] [INFO]- "GET /index/ HTTP/1.1" 200 33576
2016-11-04 18:57:44,336 [Thread-61:7800] [django.server:131] [basehttp:log_message] [INFO]- "GET /static/css/style.default.css HTTP/1.1" 304 0
2016-11-04 18:57:44,342 [Thread-62:9224] [django.server:131] [basehttp:log_message] [INFO]- "GET /static/images/photos/loggeduser.png HTTP/1.1" 304 0
2016-11-04 18:57:44,365 [Thread-63:8044] [django.server:131] [basehttp:log_message] [INFO]- "GET /static/images/photos/user1.png HTTP/1.1" 304 0
2016-11-04 18:57:44,404 [Thread-64:5416] [django.server:131] [basehttp:log_message] [INFO]- "GET /static/images/photos/user2.png HTTP/1.1" 304 0
2016-11-04 18:57:44,436 [Thread-65:5376] [django.server:131] [basehttp:log_message] [INFO]- "GET /static/images/photos/user3.png HTTP/1.1" 304 0
2016-11-04 18:57:44,447 [Thread-66:8276] [django.server:131] [basehttp:log_message] [INFO]- "GET /static/images/photos/user4.png HTTP/1.1" 304 0
2016-11-04 18:57:44,460 [Thread-67:4404] [django.server:131] [basehttp:log_message] [INFO]- "GET /static/images/photos/user5.png HTTP/1.1" 304 0
2016-11-04 18:57:45,069 [Thread-68:9604] [django.server:131] [basehttp:log_message] [INFO]- "GET /static/images/photos/userprofile.png HTTP/1.1" 304 0
2016-11-04 18:57:45,082 [Thread-69:6572] [django.server:131] [basehttp:log_message] [INFO]- "GET /static/js/jquery-1.11.1.min.js HTTP/1.1" 304 0
2016-11-04 18:57:45,107 [Thread-70:9480] [django.server:131] [basehttp:log_message] [INFO]- "GET /static/js/jquery-migrate-1.2.1.min.js HTTP/1.1" 304 0
2016-11-04 18:57:45,131 [Thread-71:9572] [django.server:131] [basehttp:log_message] [INFO]- "GET /static/js/jquery-ui-1.10.3.min.js HTTP/1.1" 304 0
2016-11-04 18:57:45,153 [Thread-72:9596] [django.server:131] [basehttp:log_message] [INFO]- "GET /static/js/bootstrap.min.js HTTP/1.1" 304 0
2016-11-04 18:57:45,163 [Thread-73:7804] [django.server:131] [basehttp:log_message] [INFO]- "GET /static/css/bootstrap.min.css HTTP/1.1" 304 0
2016-11-04 18:57:45,180 [Thread-74:10060] [django.server:131] [basehttp:log_message] [INFO]- "GET /static/css/bootstrap-override.css HTTP/1.1" 304 0
2016-11-04 18:57:45,193 [Thread-75:7528] [django.server:131] [basehttp:log_message] [INFO]- "GET /static/css/weather-icons.min.css HTTP/1.1" 304 0
2016-11-04 18:57:45,197 [Thread-76:8016] [django.server:131] [basehttp:log_message] [INFO]- "GET /static/css/jquery-ui-1.10.3.css HTTP/1.1" 304 0
2016-11-04 18:57:45,226 [Thread-77:7488] [django.server:131] [basehttp:log_message] [INFO]- "GET /static/css/font-awesome.min.css HTTP/1.1" 304 0
2016-11-04 18:57:45,283 [Thread-78:9040] [django.server:131] [basehttp:log_message] [INFO]- "GET /static/css/animate.min.css HTTP/1.1" 304 0
2016-11-04 18:57:45,342 [Thread-79:1804] [django.server:131] [basehttp:log_message] [INFO]- "GET /static/css/animate.delay.css HTTP/1.1" 304 0
2016-11-04 18:57:45,351 [Thread-80:7636] [django.server:131] [basehttp:log_message] [INFO]- "GET /static/css/toggles.css HTTP/1.1" 304 0
2016-11-04 18:57:45,371 [Thread-81:9720] [django.server:131] [basehttp:log_message] [INFO]- "GET /static/css/select2.css HTTP/1.1" 304 0
2016-11-04 18:57:45,398 [Thread-82:7268] [django.server:131] [basehttp:log_message] [INFO]- "GET /static/css/lato.css HTTP/1.1" 304 0
2016-11-04 18:57:45,431 [Thread-83:7592] [django.server:131] [basehttp:log_message] [INFO]- "GET /static/css/roboto.css HTTP/1.1" 304 0
2016-11-04 18:57:45,443 [Thread-84:8416] [django.server:131] [basehttp:log_message] [INFO]- "GET /static/js/modernizr.min.js HTTP/1.1" 304 0
2016-11-04 18:57:45,480 [Thread-85:9008] [django.server:131] [basehttp:log_message] [INFO]- "GET /static/js/jquery.sparkline.min.js HTTP/1.1" 304 0
2016-11-04 18:57:45,516 [Thread-86:9704] [django.server:131] [basehttp:log_message] [INFO]- "GET /static/js/toggles.min.js HTTP/1.1" 304 0
2016-11-04 18:57:45,561 [Thread-87:5696] [django.server:131] [basehttp:log_message] [INFO]- "GET /static/js/retina.min.js HTTP/1.1" 304 0
2016-11-04 18:57:45,582 [Thread-88:8304] [django.server:131] [basehttp:log_message] [INFO]- "GET /static/js/jquery.cookies.js HTTP/1.1" 304 0
2016-11-04 18:57:45,609 [Thread-89:9628] [django.server:131] [basehttp:log_message] [INFO]- "GET /static/js/flot/jquery.flot.min.js HTTP/1.1" 304 0
2016-11-04 18:57:45,621 [Thread-90:9980] [django.server:131] [basehttp:log_message] [INFO]- "GET /static/js/flot/jquery.flot.resize.min.js HTTP/1.1" 304 0
2016-11-04 18:57:45,631 [Thread-91:10148] [django.server:131] [basehttp:log_message] [INFO]- "GET /static/js/flot/jquery.flot.spline.min.js HTTP/1.1" 304 0
2016-11-04 18:57:45,634 [Thread-92:10104] [django.server:131] [basehttp:log_message] [INFO]- "GET /static/js/raphael-2.1.0.min.js HTTP/1.1" 304 0
2016-11-04 18:57:45,635 [Thread-93:9436] [django.server:131] [basehttp:log_message] [INFO]- "GET /static/js/custom.js HTTP/1.1" 304 0
2016-11-04 18:57:45,641 [Thread-94:9712] [django.server:131] [basehttp:log_message] [INFO]- "GET /static/js/Hero.js HTTP/1.1" 304 0
2016-11-04 18:57:45,678 [Thread-95:8696] [django.server:131] [basehttp:log_message] [INFO]- "GET /static/fonts/fontawesome-webfont.woff?v=4.1.0 HTTP/1.1" 304 0
2016-11-04 18:57:45,687 [Thread-96:9820] [django.server:131] [basehttp:log_message] [INFO]- "GET /static/images/plus-white.png HTTP/1.1" 304 0
2016-11-04 18:57:45,703 [Thread-97:6440] [django.server:131] [basehttp:log_message] [INFO]- "GET /static/images/icon-search.png HTTP/1.1" 304 0
2016-11-04 18:57:45,703 [Thread-98:2284] [django.server:131] [basehttp:log_message] [INFO]- "GET /static/fonts/glyphicons-halflings-regular.woff HTTP/1.1" 304 0
2016-11-04 18:57:50,739 [Thread-99:9688] [django.server:131] [basehttp:log_message] [INFO]- "GET /case_list/?pro_id=2 HTTP/1.1" 200 1561
2016-11-04 18:57:51,384 [Thread-100:7976] [django.server:131] [basehttp:log_message] [INFO]- "GET /static/js/jquery-1.11.1.min.js?_=1478257065554 HTTP/1.1" 200 95789
2016-11-04 18:57:51,450 [Thread-101:10136] [django.server:131] [basehttp:log_message] [INFO]- "GET /static/js/bootstrap.min.js?_=1478257065555 HTTP/1.1" 200 31823
2016-11-04 18:57:51,474 [Thread-102:9876] [django.server:131] [basehttp:log_message] [INFO]- "GET /static/js/jquery.datatables.min.js?_=1478257065556 HTTP/1.1" 200 77503
2016-11-04 18:57:53,799 [Thread-103:9824] [django.server:131] [basehttp:log_message] [INFO]- "GET /add_case/?action=add_case&pro_id=2 HTTP/1.1" 200 10322
2016-11-04 18:57:53,848 [Thread-104:9920] [django.server:131] [basehttp:log_message] [INFO]- "GET /static/js/jquery-1.11.1.min.js?_=1478257071433 HTTP/1.1" 200 95789
2016-11-04 18:57:53,907 [Thread-105:5604] [django.server:131] [basehttp:log_message] [INFO]- "GET /static/js/jquery-ui-1.10.3.min.js?_=1478257071434 HTTP/1.1" 200 228142
2016-11-04 18:57:53,990 [Thread-106:9508] [django.server:131] [basehttp:log_message] [INFO]- "GET /static/js/jquery-1.11.1.min.js?_=1478257071435 HTTP/1.1" 200 95789
2016-11-04 18:57:54,036 [Thread-107:10152] [django.server:131] [basehttp:log_message] [INFO]- "GET /static/js/jquery.datatables.min.js?_=1478257071436 HTTP/1.1" 200 77503
2016-11-04 18:57:54,075 [Thread-108:8780] [django.server:131] [basehttp:log_message] [INFO]- "GET /static/js/jquery-ui-1.10.3.min.js?_=1478257071437 HTTP/1.1" 200 228142
2016-11-04 18:57:54,128 [Thread-109:9664] [django.server:131] [basehttp:log_message] [INFO]- "GET /static/js/bootstrap.min.js?_=1478257071438 HTTP/1.1" 200 31823
2016-11-04 18:57:54,878 [Thread-110:10232] [django.server:131] [basehttp:log_message] [INFO]- "GET /ajax_html/?action=add_case_step HTTP/1.1" 200 966
