2016-11-07 08:51:16,273 [Thread-1:2764] [django.server:131] [basehttp:log_message] [INFO]- "GET /index/ HTTP/1.1" 200 33723
2016-11-07 08:51:16,342 [Thread-2:6556] [django.server:131] [basehttp:log_message] [INFO]- "GET /static/css/style.default.css HTTP/1.1" 304 0
2016-11-07 08:51:16,358 [Thread-3:8832] [django.server:131] [basehttp:log_message] [INFO]- "GET /static/js/jquery-1.11.1.min.js HTTP/1.1" 304 0
2016-11-07 08:51:16,362 [Thread-4:8836] [django.server:131] [basehttp:log_message] [INFO]- "GET /static/js/jquery-migrate-1.2.1.min.js HTTP/1.1" 304 0
2016-11-07 08:51:16,368 [Thread-5:5380] [django.server:131] [basehttp:log_message] [INFO]- "GET /static/js/jquery-ui-1.10.3.min.js HTTP/1.1" 304 0
2016-11-07 08:51:16,388 [Thread-6:8688] [django.server:131] [basehttp:log_message] [INFO]- "GET /static/js/bootstrap.min.js HTTP/1.1" 304 0
2016-11-07 08:51:16,395 [Thread-7:8668] [django.server:131] [basehttp:log_message] [INFO]- "GET /static/js/modernizr.min.js HTTP/1.1" 304 0
2016-11-07 08:51:16,397 [Thread-8:8112] [django.server:131] [basehttp:log_message] [INFO]- "GET /static/js/jquery.sparkline.min.js HTTP/1.1" 304 0
2016-11-07 08:51:16,404 [Thread-10:8700] [django.server:131] [basehttp:log_message] [INFO]- "GET /static/js/retina.min.js HTTP/1.1" 304 0
2016-11-07 08:51:16,404 [Thread-9:8728] [django.server:131] [basehttp:log_message] [INFO]- "GET /static/js/toggles.min.js HTTP/1.1" 304 0
2016-11-07 08:51:16,407 [Thread-11:8744] [django.server:131] [basehttp:log_message] [INFO]- "GET /static/js/jquery.cookies.js HTTP/1.1" 304 0
2016-11-07 08:51:16,428 [Thread-12:8732] [django.server:131] [basehttp:log_message] [INFO]- "GET /static/js/raphael-2.1.0.min.js HTTP/1.1" 304 0
2016-11-07 08:51:16,434 [Thread-13:8748] [django.server:131] [basehttp:log_message] [INFO]- "GET /static/js/flot/jquery.flot.spline.min.js HTTP/1.1" 304 0
2016-11-07 08:51:16,436 [Thread-14:8760] [django.server:131] [basehttp:log_message] [INFO]- "GET /static/js/flot/jquery.flot.min.js HTTP/1.1" 304 0
2016-11-07 08:51:16,438 [Thread-15:2148] [django.server:131] [basehttp:log_message] [INFO]- "GET /static/js/flot/jquery.flot.resize.min.js HTTP/1.1" 304 0
2016-11-07 08:51:16,440 [Thread-16:864] [django.server:131] [basehttp:log_message] [INFO]- "GET /static/js/custom.js HTTP/1.1" 304 0
2016-11-07 08:51:16,460 [Thread-17:1092] [django.server:131] [basehttp:log_message] [INFO]- "GET /static/images/photos/loggeduser.png HTTP/1.1" 304 0
2016-11-07 08:51:16,467 [Thread-18:8420] [django.server:131] [basehttp:log_message] [INFO]- "GET /static/images/photos/user1.png HTTP/1.1" 304 0
2016-11-07 08:51:16,471 [Thread-19:7356] [django.server:131] [basehttp:log_message] [INFO]- "GET /static/images/photos/user2.png HTTP/1.1" 304 0
2016-11-07 08:51:16,492 [Thread-20:1764] [django.server:131] [basehttp:log_message] [INFO]- "GET /static/images/photos/user3.png HTTP/1.1" 304 0
2016-11-07 08:51:16,500 [Thread-21:3188] [django.server:131] [basehttp:log_message] [INFO]- "GET /static/images/photos/user4.png HTTP/1.1" 304 0
2016-11-07 08:51:16,503 [Thread-22:6684] [django.server:131] [basehttp:log_message] [INFO]- "GET /static/images/photos/user5.png HTTP/1.1" 304 0
2016-11-07 08:51:16,522 [Thread-23:6912] [django.server:131] [basehttp:log_message] [INFO]- "GET /static/images/photos/userprofile.png HTTP/1.1" 304 0
2016-11-07 08:51:16,625 [Thread-24:8408] [django.server:131] [basehttp:log_message] [INFO]- "GET /static/js/Hero.js HTTP/1.1" 304 0
2016-11-07 08:51:16,898 [Thread-25:8812] [django.server:131] [basehttp:log_message] [INFO]- "GET /static/css/bootstrap.min.css HTTP/1.1" 304 0
2016-11-07 08:51:16,907 [Thread-26:8228] [django.server:131] [basehttp:log_message] [INFO]- "GET /static/css/bootstrap-override.css HTTP/1.1" 304 0
2016-11-07 08:51:16,910 [Thread-27:5600] [django.server:131] [basehttp:log_message] [INFO]- "GET /static/css/weather-icons.min.css HTTP/1.1" 304 0
2016-11-07 08:51:16,914 [Thread-28:8828] [django.server:131] [basehttp:log_message] [INFO]- "GET /static/css/jquery-ui-1.10.3.css HTTP/1.1" 304 0
2016-11-07 08:51:16,921 [Thread-29:8788] [django.server:131] [basehttp:log_message] [INFO]- "GET /static/css/font-awesome.min.css HTTP/1.1" 304 0
2016-11-07 08:51:16,934 [Thread-30:8764] [django.server:131] [basehttp:log_message] [INFO]- "GET /static/css/animate.min.css HTTP/1.1" 304 0
2016-11-07 08:51:16,938 [Thread-31:8768] [django.server:131] [basehttp:log_message] [INFO]- "GET /static/css/animate.delay.css HTTP/1.1" 304 0
2016-11-07 08:51:16,943 [Thread-32:8776] [django.server:131] [basehttp:log_message] [INFO]- "GET /static/css/toggles.css HTTP/1.1" 304 0
2016-11-07 08:51:16,950 [Thread-33:7608] [django.server:131] [basehttp:log_message] [INFO]- "GET /static/css/select2.css HTTP/1.1" 304 0
2016-11-07 08:51:16,960 [Thread-35:8820] [django.server:131] [basehttp:log_message] [INFO]- "GET /static/css/roboto.css HTTP/1.1" 304 0
2016-11-07 08:51:16,961 [Thread-34:7708] [django.server:131] [basehttp:log_message] [INFO]- "GET /static/css/lato.css HTTP/1.1" 304 0
2016-11-07 08:51:17,288 [Thread-36:4204] [django.server:131] [basehttp:log_message] [INFO]- "GET /static/images/plus-white.png HTTP/1.1" 304 0
2016-11-07 08:51:17,292 [Thread-37:5000] [django.server:131] [basehttp:log_message] [INFO]- "GET /static/images/icon-search.png HTTP/1.1" 304 0
2016-11-07 08:51:19,197 [Thread-38:8888] [django.server:131] [basehttp:log_message] [INFO]- "GET /static/images/plus.png HTTP/1.1" 304 0
2016-11-07 08:51:19,959 [Thread-39:8684] [django.server:131] [basehttp:log_message] [INFO]- "GET /project HTTP/1.1" 301 0
2016-11-07 08:51:20,009 [Thread-40:8624] [django.server:131] [basehttp:log_message] [ERROR]- "GET /project/ HTTP/1.1" 500 17594
2016-11-07 08:51:23,311 [Thread-41:8612] [django.server:131] [basehttp:log_message] [ERROR]- "GET /project/ HTTP/1.1" 500 17594
2016-11-07 08:51:23,519 [Thread-42:8436] [django.server:131] [basehttp:log_message] [ERROR]- "GET /project/ HTTP/1.1" 500 17594
2016-11-07 08:51:23,703 [Thread-43:7260] [django.server:131] [basehttp:log_message] [ERROR]- "GET /project/ HTTP/1.1" 500 17594
2016-11-07 08:51:25,010 [Thread-44:7752] [django.server:131] [basehttp:log_message] [INFO]- "GET /index/ HTTP/1.1" 200 33723
2016-11-07 08:51:25,055 [Thread-45:2780] [django.server:131] [basehttp:log_message] [INFO]- "GET /static/css/style.default.css HTTP/1.1" 304 0
2016-11-07 08:51:25,068 [Thread-46:6940] [django.server:131] [basehttp:log_message] [INFO]- "GET /static/js/jquery-1.11.1.min.js HTTP/1.1" 304 0
2016-11-07 08:51:25,082 [Thread-47:7016] [django.server:131] [basehttp:log_message] [INFO]- "GET /static/js/jquery-migrate-1.2.1.min.js HTTP/1.1" 304 0
2016-11-07 08:51:25,088 [Thread-48:5736] [django.server:131] [basehttp:log_message] [INFO]- "GET /static/js/jquery-ui-1.10.3.min.js HTTP/1.1" 304 0
2016-11-07 08:51:25,098 [Thread-49:4620] [django.server:131] [basehttp:log_message] [INFO]- "GET /static/js/bootstrap.min.js HTTP/1.1" 304 0
2016-11-07 08:51:25,108 [Thread-50:8892] [django.server:131] [basehttp:log_message] [INFO]- "GET /static/js/modernizr.min.js HTTP/1.1" 304 0
2016-11-07 08:51:25,112 [Thread-51:8848] [django.server:131] [basehttp:log_message] [INFO]- "GET /static/js/jquery.sparkline.min.js HTTP/1.1" 304 0
2016-11-07 08:51:25,124 [Thread-52:8844] [django.server:131] [basehttp:log_message] [INFO]- "GET /static/js/toggles.min.js HTTP/1.1" 304 0
2016-11-07 08:51:25,131 [Thread-54:8884] [django.server:131] [basehttp:log_message] [INFO]- "GET /static/js/jquery.cookies.js HTTP/1.1" 304 0
2016-11-07 08:51:25,131 [Thread-53:8364] [django.server:131] [basehttp:log_message] [INFO]- "GET /static/js/retina.min.js HTTP/1.1" 304 0
2016-11-07 08:51:25,138 [Thread-55:8904] [django.server:131] [basehttp:log_message] [INFO]- "GET /static/js/flot/jquery.flot.min.js HTTP/1.1" 304 0
2016-11-07 08:51:25,138 [Thread-56:8080] [django.server:131] [basehttp:log_message] [INFO]- "GET /static/js/flot/jquery.flot.resize.min.js HTTP/1.1" 304 0
2016-11-07 08:51:25,147 [Thread-57:8544] [django.server:131] [basehttp:log_message] [INFO]- "GET /static/js/flot/jquery.flot.spline.min.js HTTP/1.1" 304 0
2016-11-07 08:51:25,151 [Thread-58:8264] [django.server:131] [basehttp:log_message] [INFO]- "GET /static/js/raphael-2.1.0.min.js HTTP/1.1" 304 0
2016-11-07 08:51:25,171 [Thread-59:8432] [django.server:131] [basehttp:log_message] [INFO]- "GET /static/js/custom.js HTTP/1.1" 304 0
2016-11-07 08:51:25,173 [Thread-60:2372] [django.server:131] [basehttp:log_message] [INFO]- "GET /static/js/Hero.js HTTP/1.1" 304 0
2016-11-07 08:51:25,180 [Thread-61:7052] [django.server:131] [basehttp:log_message] [INFO]- "GET /static/images/photos/loggeduser.png HTTP/1.1" 304 0
2016-11-07 08:51:25,180 [Thread-62:8736] [django.server:131] [basehttp:log_message] [INFO]- "GET /static/images/photos/user1.png HTTP/1.1" 304 0
2016-11-07 08:51:25,181 [Thread-63:7528] [django.server:131] [basehttp:log_message] [INFO]- "GET /static/images/photos/user2.png HTTP/1.1" 304 0
2016-11-07 08:51:25,183 [Thread-64:932] [django.server:131] [basehttp:log_message] [INFO]- "GET /static/images/photos/user3.png HTTP/1.1" 304 0
2016-11-07 08:51:25,194 [Thread-65:4476] [django.server:131] [basehttp:log_message] [INFO]- "GET /static/images/photos/user4.png HTTP/1.1" 304 0
2016-11-07 08:51:25,196 [Thread-66:8920] [django.server:131] [basehttp:log_message] [INFO]- "GET /static/images/photos/user5.png HTTP/1.1" 304 0
2016-11-07 08:51:25,198 [Thread-67:8896] [django.server:131] [basehttp:log_message] [INFO]- "GET /static/images/photos/userprofile.png HTTP/1.1" 304 0
2016-11-07 08:51:25,299 [Thread-68:8984] [django.server:131] [basehttp:log_message] [INFO]- "GET /static/css/bootstrap.min.css HTTP/1.1" 304 0
2016-11-07 08:51:25,308 [Thread-69:8740] [django.server:131] [basehttp:log_message] [INFO]- "GET /static/css/bootstrap-override.css HTTP/1.1" 304 0
2016-11-07 08:51:25,316 [Thread-70:9000] [django.server:131] [basehttp:log_message] [INFO]- "GET /static/css/weather-icons.min.css HTTP/1.1" 304 0
2016-11-07 08:51:25,319 [Thread-71:8992] [django.server:131] [basehttp:log_message] [INFO]- "GET /static/css/animate.min.css HTTP/1.1" 304 0
2016-11-07 08:51:25,322 [Thread-72:3444] [django.server:131] [basehttp:log_message] [INFO]- "GET /static/css/font-awesome.min.css HTTP/1.1" 304 0
2016-11-07 08:51:25,325 [Thread-73:8952] [django.server:131] [basehttp:log_message] [INFO]- "GET /static/css/jquery-ui-1.10.3.css HTTP/1.1" 304 0
2016-11-07 08:51:25,342 [Thread-74:8996] [django.server:131] [basehttp:log_message] [INFO]- "GET /static/css/animate.delay.css HTTP/1.1" 304 0
2016-11-07 08:51:25,345 [Thread-75:5748] [django.server:131] [basehttp:log_message] [INFO]- "GET /static/css/toggles.css HTTP/1.1" 304 0
2016-11-07 08:51:25,352 [Thread-76:9016] [django.server:131] [basehttp:log_message] [INFO]- "GET /static/css/select2.css HTTP/1.1" 304 0
2016-11-07 08:51:25,355 [Thread-77:6732] [django.server:131] [basehttp:log_message] [INFO]- "GET /static/css/lato.css HTTP/1.1" 304 0
2016-11-07 08:51:25,358 [Thread-78:7964] [django.server:131] [basehttp:log_message] [INFO]- "GET /static/css/roboto.css HTTP/1.1" 304 0
2016-11-07 08:51:25,388 [Thread-79:7944] [django.server:131] [basehttp:log_message] [INFO]- "GET /static/images/plus-white.png HTTP/1.1" 304 0
2016-11-07 08:51:25,394 [Thread-80:5272] [django.server:131] [basehttp:log_message] [INFO]- "GET /static/images/icon-search.png HTTP/1.1" 304 0
2016-11-07 08:51:26,848 [Thread-81:9048] [django.server:131] [basehttp:log_message] [INFO]- "GET /static/images/plus.png HTTP/1.1" 304 0
2016-11-07 08:51:27,588 [Thread-82:8936] [django.server:131] [basehttp:log_message] [ERROR]- "GET /project/ HTTP/1.1" 500 17594
2016-11-07 08:51:44,838 [Thread-84:9060] [django.server:131] [basehttp:log_message] [ERROR]- "GET /project/ HTTP/1.1" 500 17594
2016-11-07 08:51:45,009 [Thread-85:5620] [django.server:131] [basehttp:log_message] [ERROR]- "GET /project/ HTTP/1.1" 500 17594
2016-11-07 08:51:45,210 [Thread-86:6472] [django.server:131] [basehttp:log_message] [ERROR]- "GET /project/ HTTP/1.1" 500 17594
2016-11-07 08:51:45,392 [Thread-87:7200] [django.server:131] [basehttp:log_message] [ERROR]- "GET /project/ HTTP/1.1" 500 17594
2016-11-07 08:51:52,894 [Thread-89:7884] [django.server:131] [basehttp:log_message] [ERROR]- "GET /project/ HTTP/1.1" 500 17594
2016-11-07 09:28:00,243 [Thread-91:8800] [django.server:131] [basehttp:log_message] [INFO]- "GET /index/ HTTP/1.1" 200 33723
2016-11-07 09:28:00,262 [Thread-92:8804] [django.server:131] [basehttp:log_message] [INFO]- "GET /static/css/style.default.css HTTP/1.1" 304 0
2016-11-07 09:28:01,296 [Thread-93:7668] [django.server:131] [basehttp:log_message] [INFO]- "GET /static/js/Hero.js HTTP/1.1" 200 16296
2016-11-07 09:28:09,066 [Thread-94:8628] [django.server:131] [basehttp:log_message] [INFO]- "GET /project HTTP/1.1" 301 0
2016-11-07 09:28:09,122 [Thread-95:5200] [django.server:131] [basehttp:log_message] [ERROR]- "GET /project/ HTTP/1.1" 500 17616
2016-11-07 09:28:18,206 [Thread-96:7868] [django.server:131] [basehttp:log_message] [INFO]- "GET /index/ HTTP/1.1" 200 33723
2016-11-07 09:29:27,336 [Thread-102:6864] [django.server:131] [basehttp:log_message] [ERROR]- "GET /project/ HTTP/1.1" 500 17616
2016-11-07 09:29:32,749 [Thread-103:7160] [django.server:131] [basehttp:log_message] [INFO]- "GET /element/?pro_id=1 HTTP/1.1" 200 13987
2016-11-07 09:29:32,845 [Thread-104:5612] [django.server:131] [basehttp:log_message] [INFO]- "GET /static/js/jquery-1.11.1.min.js?_=1478482080873 HTTP/1.1" 200 95789
2016-11-07 09:29:32,907 [Thread-105:7296] [django.server:131] [basehttp:log_message] [INFO]- "GET /static/js/bootstrap.min.js?_=1478482080874 HTTP/1.1" 200 31823
2016-11-07 09:29:32,933 [Thread-106:8736] [django.server:131] [basehttp:log_message] [INFO]- "GET /static/js/jquery.datatables.min.js?_=1478482080875 HTTP/1.1" 200 77503
2016-11-07 09:34:27,318 [Thread-1:5200] [django.server:131] [basehttp:log_message] [INFO]- "GET /index/ HTTP/1.1" 200 33723
2016-11-07 09:34:27,359 [Thread-2:8940] [django.server:131] [basehttp:log_message] [INFO]- "GET /static/css/style.default.css HTTP/1.1" 304 0
2016-11-07 09:34:27,367 [Thread-3:5632] [django.server:131] [basehttp:log_message] [INFO]- "GET /static/images/photos/loggeduser.png HTTP/1.1" 304 0
2016-11-07 09:34:27,390 [Thread-4:9052] [django.server:131] [basehttp:log_message] [INFO]- "GET /static/images/photos/user1.png HTTP/1.1" 304 0
2016-11-07 09:34:27,421 [Thread-5:2800] [django.server:131] [basehttp:log_message] [INFO]- "GET /static/images/photos/user2.png HTTP/1.1" 304 0
2016-11-07 09:34:27,500 [Thread-6:8976] [django.server:131] [basehttp:log_message] [INFO]- "GET /static/images/photos/user3.png HTTP/1.1" 304 0
2016-11-07 09:34:27,519 [Thread-7:4984] [django.server:131] [basehttp:log_message] [INFO]- "GET /static/images/photos/user4.png HTTP/1.1" 304 0
2016-11-07 09:34:27,526 [Thread-8:5260] [django.server:131] [basehttp:log_message] [INFO]- "GET /static/images/photos/user5.png HTTP/1.1" 304 0
2016-11-07 09:34:28,115 [Thread-9:6092] [django.server:131] [basehttp:log_message] [INFO]- "GET /static/images/photos/userprofile.png HTTP/1.1" 304 0
2016-11-07 09:34:28,128 [Thread-10:8664] [django.server:131] [basehttp:log_message] [INFO]- "GET /static/js/jquery-1.11.1.min.js HTTP/1.1" 304 0
2016-11-07 09:34:28,173 [Thread-12:8684] [django.server:131] [basehttp:log_message] [INFO]- "GET /static/js/jquery-ui-1.10.3.min.js HTTP/1.1" 304 0
2016-11-07 09:34:28,174 [Thread-11:7224] [django.server:131] [basehttp:log_message] [INFO]- "GET /static/js/jquery-migrate-1.2.1.min.js HTTP/1.1" 304 0
2016-11-07 09:34:28,180 [Thread-13:2940] [django.server:131] [basehttp:log_message] [INFO]- "GET /static/js/bootstrap.min.js HTTP/1.1" 304 0
2016-11-07 09:34:28,226 [Thread-14:8112] [django.server:131] [basehttp:log_message] [INFO]- "GET /static/js/modernizr.min.js HTTP/1.1" 304 0
2016-11-07 09:34:28,247 [Thread-15:9076] [django.server:131] [basehttp:log_message] [INFO]- "GET /static/css/bootstrap.min.css HTTP/1.1" 304 0
2016-11-07 09:34:28,253 [Thread-16:8300] [django.server:131] [basehttp:log_message] [INFO]- "GET /static/css/bootstrap-override.css HTTP/1.1" 304 0
2016-11-07 09:34:28,286 [Thread-17:1668] [django.server:131] [basehttp:log_message] [INFO]- "GET /static/css/weather-icons.min.css HTTP/1.1" 304 0
2016-11-07 09:34:28,303 [Thread-18:2228] [django.server:131] [basehttp:log_message] [INFO]- "GET /static/css/jquery-ui-1.10.3.css HTTP/1.1" 304 0
2016-11-07 09:34:28,308 [Thread-19:5600] [django.server:131] [basehttp:log_message] [INFO]- "GET /static/css/font-awesome.min.css HTTP/1.1" 304 0
2016-11-07 09:34:28,313 [Thread-20:8516] [django.server:131] [basehttp:log_message] [INFO]- "GET /static/css/animate.min.css HTTP/1.1" 304 0
2016-11-07 09:34:28,348 [Thread-21:8776] [django.server:131] [basehttp:log_message] [INFO]- "GET /static/css/animate.delay.css HTTP/1.1" 304 0
2016-11-07 09:34:28,355 [Thread-22:8556] [django.server:131] [basehttp:log_message] [INFO]- "GET /static/css/toggles.css HTTP/1.1" 304 0
2016-11-07 09:34:28,381 [Thread-23:8900] [django.server:131] [basehttp:log_message] [INFO]- "GET /static/css/select2.css HTTP/1.1" 304 0
2016-11-07 09:34:28,403 [Thread-24:5664] [django.server:131] [basehttp:log_message] [INFO]- "GET /static/css/lato.css HTTP/1.1" 304 0
2016-11-07 09:34:28,440 [Thread-25:6028] [django.server:131] [basehttp:log_message] [INFO]- "GET /static/css/roboto.css HTTP/1.1" 304 0
2016-11-07 09:34:28,451 [Thread-26:8396] [django.server:131] [basehttp:log_message] [INFO]- "GET /static/js/jquery.sparkline.min.js HTTP/1.1" 304 0
2016-11-07 09:34:28,457 [Thread-27:9168] [django.server:131] [basehttp:log_message] [INFO]- "GET /static/js/toggles.min.js HTTP/1.1" 304 0
2016-11-07 09:34:28,492 [Thread-28:4980] [django.server:131] [basehttp:log_message] [INFO]- "GET /static/js/retina.min.js HTTP/1.1" 304 0
2016-11-07 09:34:28,509 [Thread-29:9088] [django.server:131] [basehttp:log_message] [INFO]- "GET /static/js/jquery.cookies.js HTTP/1.1" 304 0
2016-11-07 09:34:28,515 [Thread-30:6972] [django.server:131] [basehttp:log_message] [INFO]- "GET /static/js/flot/jquery.flot.min.js HTTP/1.1" 304 0
2016-11-07 09:34:28,517 [Thread-31:8700] [django.server:131] [basehttp:log_message] [INFO]- "GET /static/js/flot/jquery.flot.resize.min.js HTTP/1.1" 304 0
2016-11-07 09:34:28,539 [Thread-32:7748] [django.server:131] [basehttp:log_message] [INFO]- "GET /static/js/flot/jquery.flot.spline.min.js HTTP/1.1" 304 0
2016-11-07 09:34:28,556 [Thread-33:7340] [django.server:131] [basehttp:log_message] [INFO]- "GET /static/js/raphael-2.1.0.min.js HTTP/1.1" 304 0
2016-11-07 09:34:28,571 [Thread-34:2360] [django.server:131] [basehttp:log_message] [INFO]- "GET /static/js/custom.js HTTP/1.1" 304 0
2016-11-07 09:34:28,786 [Thread-36:1280] [django.server:131] [basehttp:log_message] [INFO]- "GET /static/fonts/fontawesome-webfont.woff?v=4.1.0 HTTP/1.1" 304 0
2016-11-07 09:34:28,786 [Thread-37:5968] [django.server:131] [basehttp:log_message] [INFO]- "GET /static/images/plus-white.png HTTP/1.1" 304 0
2016-11-07 09:34:28,790 [Thread-38:8616] [django.server:131] [basehttp:log_message] [INFO]- "GET /static/fonts/glyphicons-halflings-regular.woff HTTP/1.1" 304 0
2016-11-07 09:34:28,790 [Thread-39:6312] [django.server:131] [basehttp:log_message] [INFO]- "GET /static/images/icon-search.png HTTP/1.1" 304 0
2016-11-07 09:34:29,082 [Thread-35:8852] [django.server:131] [basehttp:log_message] [INFO]- "GET /static/js/Hero.js HTTP/1.1" 200 16296
2016-11-07 09:34:31,625 [Thread-40:8656] [django.server:131] [basehttp:log_message] [ERROR]- "GET /project/ HTTP/1.1" 500 18760
2016-11-07 09:35:30,243 [Thread-41:8532] [django.server:131] [basehttp:log_message] [ERROR]- "GET /project/ HTTP/1.1" 500 18759
2016-11-07 09:35:32,220 [Thread-42:7972] [django.server:131] [basehttp:log_message] [ERROR]- "GET /project/ HTTP/1.1" 500 18759
2016-11-07 09:35:39,562 [Thread-43:6428] [django.server:131] [basehttp:log_message] [INFO]- "GET /index/ HTTP/1.1" 200 33723
2016-11-07 09:35:39,650 [Thread-44:4620] [django.server:131] [basehttp:log_message] [INFO]- "GET /static/css/style.default.css HTTP/1.1" 304 0
2016-11-07 09:35:39,664 [Thread-45:6160] [django.server:131] [basehttp:log_message] [INFO]- "GET /static/images/photos/loggeduser.png HTTP/1.1" 304 0
2016-11-07 09:35:39,677 [Thread-46:8088] [django.server:131] [basehttp:log_message] [INFO]- "GET /static/js/jquery-1.11.1.min.js HTTP/1.1" 304 0
2016-11-07 09:35:39,684 [Thread-47:8420] [django.server:131] [basehttp:log_message] [INFO]- "GET /static/js/jquery-migrate-1.2.1.min.js HTTP/1.1" 304 0
2016-11-07 09:35:39,691 [Thread-48:5728] [django.server:131] [basehttp:log_message] [INFO]- "GET /static/js/jquery-ui-1.10.3.min.js HTTP/1.1" 304 0
2016-11-07 09:35:39,697 [Thread-49:1236] [django.server:131] [basehttp:log_message] [INFO]- "GET /static/js/bootstrap.min.js HTTP/1.1" 304 0
2016-11-07 09:35:39,710 [Thread-50:2600] [django.server:131] [basehttp:log_message] [INFO]- "GET /static/js/modernizr.min.js HTTP/1.1" 304 0
2016-11-07 09:35:39,729 [Thread-51:8500] [django.server:131] [basehttp:log_message] [INFO]- "GET /static/js/jquery.sparkline.min.js HTTP/1.1" 304 0
2016-11-07 09:35:39,736 [Thread-52:8848] [django.server:131] [basehttp:log_message] [INFO]- "GET /static/js/toggles.min.js HTTP/1.1" 304 0
2016-11-07 09:35:39,779 [Thread-53:7472] [django.server:131] [basehttp:log_message] [INFO]- "GET /static/js/retina.min.js HTTP/1.1" 304 0
2016-11-07 09:35:39,795 [Thread-54:3984] [django.server:131] [basehttp:log_message] [INFO]- "GET /static/js/jquery.cookies.js HTTP/1.1" 304 0
2016-11-07 09:35:39,799 [Thread-55:1892] [django.server:131] [basehttp:log_message] [INFO]- "GET /static/js/flot/jquery.flot.min.js HTTP/1.1" 304 0
2016-11-07 09:35:39,808 [Thread-56:8324] [django.server:131] [basehttp:log_message] [INFO]- "GET /static/js/flot/jquery.flot.resize.min.js HTTP/1.1" 304 0
2016-11-07 09:35:39,813 [Thread-57:9180] [django.server:131] [basehttp:log_message] [INFO]- "GET /static/js/flot/jquery.flot.spline.min.js HTTP/1.1" 304 0
2016-11-07 09:35:39,821 [Thread-58:6472] [django.server:131] [basehttp:log_message] [INFO]- "GET /static/js/raphael-2.1.0.min.js HTTP/1.1" 304 0
2016-11-07 09:35:39,826 [Thread-59:7452] [django.server:131] [basehttp:log_message] [INFO]- "GET /static/js/custom.js HTTP/1.1" 304 0
2016-11-07 09:35:39,832 [Thread-60:8728] [django.server:131] [basehttp:log_message] [INFO]- "GET /static/js/Hero.js HTTP/1.1" 304 0
2016-11-07 09:35:39,838 [Thread-61:7480] [django.server:131] [basehttp:log_message] [INFO]- "GET /static/images/photos/user1.png HTTP/1.1" 304 0
2016-11-07 09:35:39,846 [Thread-62:5372] [django.server:131] [basehttp:log_message] [INFO]- "GET /static/images/photos/user2.png HTTP/1.1" 304 0
2016-11-07 09:35:39,852 [Thread-63:6008] [django.server:131] [basehttp:log_message] [INFO]- "GET /static/images/photos/user3.png HTTP/1.1" 304 0
2016-11-07 09:35:39,861 [Thread-64:3184] [django.server:131] [basehttp:log_message] [INFO]- "GET /static/images/photos/user4.png HTTP/1.1" 304 0
2016-11-07 09:35:39,867 [Thread-65:7736] [django.server:131] [basehttp:log_message] [INFO]- "GET /static/images/photos/user5.png HTTP/1.1" 304 0
2016-11-07 09:35:39,871 [Thread-66:2384] [django.server:131] [basehttp:log_message] [INFO]- "GET /static/images/photos/userprofile.png HTTP/1.1" 304 0
2016-11-07 09:35:40,203 [Thread-67:5928] [django.server:131] [basehttp:log_message] [INFO]- "GET /static/css/bootstrap.min.css HTTP/1.1" 304 0
2016-11-07 09:35:40,210 [Thread-68:7544] [django.server:131] [basehttp:log_message] [INFO]- "GET /static/css/bootstrap-override.css HTTP/1.1" 304 0
2016-11-07 09:35:40,211 [Thread-69:5196] [django.server:131] [basehttp:log_message] [INFO]- "GET /static/css/weather-icons.min.css HTTP/1.1" 304 0
2016-11-07 09:35:40,216 [Thread-70:8640] [django.server:131] [basehttp:log_message] [INFO]- "GET /static/css/jquery-ui-1.10.3.css HTTP/1.1" 304 0
2016-11-07 09:35:40,224 [Thread-71:8548] [django.server:131] [basehttp:log_message] [INFO]- "GET /static/css/font-awesome.min.css HTTP/1.1" 304 0
2016-11-07 09:35:40,230 [Thread-72:868] [django.server:131] [basehttp:log_message] [INFO]- "GET /static/css/animate.min.css HTTP/1.1" 304 0
2016-11-07 09:35:40,232 [Thread-73:7092] [django.server:131] [basehttp:log_message] [INFO]- "GET /static/css/animate.delay.css HTTP/1.1" 304 0
2016-11-07 09:35:40,243 [Thread-74:7428] [django.server:131] [basehttp:log_message] [INFO]- "GET /static/css/toggles.css HTTP/1.1" 304 0
2016-11-07 09:35:40,247 [Thread-75:8416] [django.server:131] [basehttp:log_message] [INFO]- "GET /static/css/select2.css HTTP/1.1" 304 0
2016-11-07 09:35:40,250 [Thread-76:8252] [django.server:131] [basehttp:log_message] [INFO]- "GET /static/css/lato.css HTTP/1.1" 304 0
2016-11-07 09:35:40,250 [Thread-77:5124] [django.server:131] [basehttp:log_message] [INFO]- "GET /static/css/roboto.css HTTP/1.1" 304 0
2016-11-07 09:35:40,625 [Thread-78:5148] [django.server:131] [basehttp:log_message] [INFO]- "GET /static/fonts/fontawesome-webfont.woff?v=4.1.0 HTTP/1.1" 304 0
2016-11-07 09:35:40,654 [Thread-79:6308] [django.server:131] [basehttp:log_message] [INFO]- "GET /static/images/plus-white.png HTTP/1.1" 304 0
2016-11-07 09:35:40,661 [Thread-81:7316] [django.server:131] [basehttp:log_message] [INFO]- "GET /static/images/icon-search.png HTTP/1.1" 304 0
2016-11-07 09:35:40,661 [Thread-80:7008] [django.server:131] [basehttp:log_message] [INFO]- "GET /static/fonts/glyphicons-halflings-regular.woff HTTP/1.1" 304 0
2016-11-07 09:35:42,723 [Thread-82:7000] [django.server:131] [basehttp:log_message] [ERROR]- "GET /project/ HTTP/1.1" 500 18759
2016-11-07 09:35:54,598 [Thread-1:9100] [django.server:131] [basehttp:log_message] [INFO]- "GET /index/ HTTP/1.1" 200 33723
2016-11-07 09:35:54,644 [Thread-2:7684] [django.server:131] [basehttp:log_message] [INFO]- "GET /static/css/style.default.css HTTP/1.1" 304 0
2016-11-07 09:35:54,647 [Thread-3:2564] [django.server:131] [basehttp:log_message] [INFO]- "GET /static/images/photos/loggeduser.png HTTP/1.1" 304 0
2016-11-07 09:35:54,655 [Thread-4:8100] [django.server:131] [basehttp:log_message] [INFO]- "GET /static/images/photos/user1.png HTTP/1.1" 304 0
2016-11-07 09:35:54,668 [Thread-5:3348] [django.server:131] [basehttp:log_message] [INFO]- "GET /static/images/photos/user2.png HTTP/1.1" 304 0
2016-11-07 09:35:54,677 [Thread-6:3544] [django.server:131] [basehttp:log_message] [INFO]- "GET /static/images/photos/user3.png HTTP/1.1" 304 0
2016-11-07 09:35:54,687 [Thread-7:5680] [django.server:131] [basehttp:log_message] [INFO]- "GET /static/images/photos/user4.png HTTP/1.1" 304 0
2016-11-07 09:35:54,694 [Thread-8:7420] [django.server:131] [basehttp:log_message] [INFO]- "GET /static/images/photos/user5.png HTTP/1.1" 304 0
2016-11-07 09:35:55,135 [Thread-9:4396] [django.server:131] [basehttp:log_message] [INFO]- "GET /static/js/jquery-1.11.1.min.js HTTP/1.1" 304 0
2016-11-07 09:35:55,144 [Thread-10:7828] [django.server:131] [basehttp:log_message] [INFO]- "GET /static/images/photos/userprofile.png HTTP/1.1" 304 0
2016-11-07 09:35:55,207 [Thread-11:8484] [django.server:131] [basehttp:log_message] [INFO]- "GET /static/js/jquery-migrate-1.2.1.min.js HTTP/1.1" 304 0
2016-11-07 09:35:55,221 [Thread-12:4372] [django.server:131] [basehttp:log_message] [INFO]- "GET /static/js/jquery-ui-1.10.3.min.js HTTP/1.1" 304 0
2016-11-07 09:35:55,230 [Thread-13:7728] [django.server:131] [basehttp:log_message] [INFO]- "GET /static/js/bootstrap.min.js HTTP/1.1" 304 0
2016-11-07 09:35:55,234 [Thread-14:1768] [django.server:131] [basehttp:log_message] [INFO]- "GET /static/js/modernizr.min.js HTTP/1.1" 304 0
2016-11-07 09:35:55,239 [Thread-15:7936] [django.server:131] [basehttp:log_message] [INFO]- "GET /static/js/jquery.sparkline.min.js HTTP/1.1" 304 0
2016-11-07 09:35:55,244 [Thread-16:1592] [django.server:131] [basehttp:log_message] [INFO]- "GET /static/js/toggles.min.js HTTP/1.1" 304 0
2016-11-07 09:35:55,249 [Thread-17:5240] [django.server:131] [basehttp:log_message] [INFO]- "GET /static/css/bootstrap.min.css HTTP/1.1" 304 0
2016-11-07 09:35:55,253 [Thread-18:5696] [django.server:131] [basehttp:log_message] [INFO]- "GET /static/css/bootstrap-override.css HTTP/1.1" 304 0
2016-11-07 09:35:55,266 [Thread-19:7132] [django.server:131] [basehttp:log_message] [INFO]- "GET /static/css/weather-icons.min.css HTTP/1.1" 304 0
2016-11-07 09:35:55,269 [Thread-20:6052] [django.server:131] [basehttp:log_message] [INFO]- "GET /static/css/jquery-ui-1.10.3.css HTTP/1.1" 304 0
2016-11-07 09:35:55,273 [Thread-21:8432] [django.server:131] [basehttp:log_message] [INFO]- "GET /static/css/font-awesome.min.css HTTP/1.1" 304 0
2016-11-07 09:35:55,279 [Thread-22:5152] [django.server:131] [basehttp:log_message] [INFO]- "GET /static/css/animate.min.css HTTP/1.1" 304 0
2016-11-07 09:35:55,285 [Thread-23:1640] [django.server:131] [basehttp:log_message] [INFO]- "GET /static/css/animate.delay.css HTTP/1.1" 304 0
2016-11-07 09:35:55,316 [Thread-24:7096] [django.server:131] [basehttp:log_message] [INFO]- "GET /static/css/toggles.css HTTP/1.1" 304 0
2016-11-07 09:35:55,328 [Thread-25:5236] [django.server:131] [basehttp:log_message] [INFO]- "GET /static/css/select2.css HTTP/1.1" 304 0
2016-11-07 09:35:55,338 [Thread-26:424] [django.server:131] [basehttp:log_message] [INFO]- "GET /static/css/lato.css HTTP/1.1" 304 0
2016-11-07 09:35:55,358 [Thread-27:7988] [django.server:131] [basehttp:log_message] [INFO]- "GET /static/css/roboto.css HTTP/1.1" 304 0
2016-11-07 09:35:55,362 [Thread-28:7324] [django.server:131] [basehttp:log_message] [INFO]- "GET /static/js/retina.min.js HTTP/1.1" 304 0
2016-11-07 09:35:55,369 [Thread-29:7956] [django.server:131] [basehttp:log_message] [INFO]- "GET /static/js/jquery.cookies.js HTTP/1.1" 304 0
2016-11-07 09:35:55,375 [Thread-30:7148] [django.server:131] [basehttp:log_message] [INFO]- "GET /static/js/flot/jquery.flot.min.js HTTP/1.1" 304 0
2016-11-07 09:35:55,378 [Thread-31:4456] [django.server:131] [basehttp:log_message] [INFO]- "GET /static/js/flot/jquery.flot.resize.min.js HTTP/1.1" 304 0
2016-11-07 09:35:55,382 [Thread-32:3608] [django.server:131] [basehttp:log_message] [INFO]- "GET /static/js/flot/jquery.flot.spline.min.js HTTP/1.1" 304 0
2016-11-07 09:35:55,385 [Thread-33:7192] [django.server:131] [basehttp:log_message] [INFO]- "GET /static/js/raphael-2.1.0.min.js HTTP/1.1" 304 0
2016-11-07 09:35:55,388 [Thread-34:5792] [django.server:131] [basehttp:log_message] [INFO]- "GET /static/js/custom.js HTTP/1.1" 304 0
2016-11-07 09:35:55,391 [Thread-35:3356] [django.server:131] [basehttp:log_message] [INFO]- "GET /static/js/Hero.js HTTP/1.1" 304 0
2016-11-07 09:35:55,703 [Thread-36:2144] [django.server:131] [basehttp:log_message] [INFO]- "GET /static/fonts/fontawesome-webfont.woff?v=4.1.0 HTTP/1.1" 304 0
2016-11-07 09:35:55,713 [Thread-37:8876] [django.server:131] [basehttp:log_message] [INFO]- "GET /static/images/plus-white.png HTTP/1.1" 304 0
2016-11-07 09:35:55,716 [Thread-38:7608] [django.server:131] [basehttp:log_message] [INFO]- "GET /static/images/icon-search.png HTTP/1.1" 304 0
2016-11-07 09:35:55,717 [Thread-39:2232] [django.server:131] [basehttp:log_message] [INFO]- "GET /static/fonts/glyphicons-halflings-regular.woff HTTP/1.1" 304 0
2016-11-07 09:35:57,724 [Thread-40:6124] [django.server:131] [basehttp:log_message] [INFO]- "GET /project/ HTTP/1.1" 200 1554
2016-11-07 09:35:58,210 [Thread-41:8264] [django.server:131] [basehttp:log_message] [INFO]- "GET /static/js/jquery-1.11.1.min.js?_=1478482555602 HTTP/1.1" 200 95789
2016-11-07 09:35:58,260 [Thread-42:6364] [django.server:131] [basehttp:log_message] [INFO]- "GET /static/js/bootstrap.min.js?_=1478482555603 HTTP/1.1" 200 31823
2016-11-07 09:35:58,286 [Thread-43:8792] [django.server:131] [basehttp:log_message] [INFO]- "GET /static/js/jquery.datatables.min.js?_=1478482555604 HTTP/1.1" 200 77503
2016-11-07 10:08:16,930 [Thread-44:4676] [django.server:131] [basehttp:log_message] [INFO]- "GET /index/ HTTP/1.1" 200 33723
2016-11-07 10:08:17,186 [Thread-45:6308] [django.server:131] [basehttp:log_message] [INFO]- "GET /static/js/Hero.js HTTP/1.1" 304 0
2016-11-07 10:08:20,661 [Thread-46:9156] [django.server:131] [basehttp:log_message] [INFO]- "GET /project/ HTTP/1.1" 200 1610
2016-11-07 10:08:20,724 [Thread-47:3184] [django.server:131] [basehttp:log_message] [INFO]- "GET /static/js/jquery-1.11.1.min.js?_=1478484497968 HTTP/1.1" 200 95789
2016-11-07 10:08:20,786 [Thread-48:4552] [django.server:131] [basehttp:log_message] [INFO]- "GET /static/js/bootstrap.min.js?_=1478484497969 HTTP/1.1" 200 31823
2016-11-07 10:08:20,806 [Thread-49:5372] [django.server:131] [basehttp:log_message] [INFO]- "GET /static/js/jquery.datatables.min.js?_=1478484497970 HTTP/1.1" 200 77503
2016-11-07 17:23:45,480 [Thread-2:10188] [django.server:131] [basehttp:log_message] [INFO]- "GET / HTTP/1.1" 200 4318
2016-11-07 17:23:47,244 [Thread-5:5240] [django.server:131] [basehttp:log_message] [INFO]- "GET /static/js/jquery-migrate-1.2.1.min.js HTTP/1.1" 200 7203
2016-11-07 17:23:47,260 [Thread-3:8172] [django.server:131] [basehttp:log_message] [INFO]- "GET /static/css/style.default.css HTTP/1.1" 200 77743
2016-11-07 17:23:47,316 [Thread-6:9456] [django.server:131] [basehttp:log_message] [INFO]- "GET /static/js/bootstrap.min.js HTTP/1.1" 200 31823
2016-11-07 17:23:47,318 [Thread-8:8660] [django.server:131] [basehttp:log_message] [INFO]- "GET /static/js/jquery.sparkline.min.js HTTP/1.1" 200 43251
2016-11-07 17:23:47,319 [Thread-9:8208] [django.server:131] [basehttp:log_message] [INFO]- "GET /static/js/jquery.cookies.js HTTP/1.1" 200 2033
2016-11-07 17:23:47,328 [Thread-7:9376] [django.server:131] [basehttp:log_message] [INFO]- "GET /static/js/modernizr.min.js HTTP/1.1" 200 15157
2016-11-07 17:23:47,335 [Thread-10:6732] [django.server:131] [basehttp:log_message] [INFO]- "GET /static/js/toggles.min.js HTTP/1.1" 200 2736
2016-11-07 17:23:47,390 [Thread-12:5492] [django.server:131] [basehttp:log_message] [INFO]- "GET /static/css/bootstrap-override.css HTTP/1.1" 200 22777
2016-11-07 17:23:47,414 [Thread-14:10168] [django.server:131] [basehttp:log_message] [INFO]- "GET /static/css/jquery-ui-1.10.3.css HTTP/1.1" 200 18930
2016-11-07 17:23:47,420 [Thread-15:5900] [django.server:131] [basehttp:log_message] [INFO]- "GET /static/css/font-awesome.min.css HTTP/1.1" 200 20766
2016-11-07 17:23:47,426 [Thread-13:4748] [django.server:131] [basehttp:log_message] [INFO]- "GET /static/css/weather-icons.min.css HTTP/1.1" 200 5601
2016-11-07 17:23:47,525 [Thread-4:6836] [django.server:131] [basehttp:log_message] [INFO]- "GET /static/js/jquery-1.11.1.min.js HTTP/1.1" 200 95789
2016-11-07 17:23:47,526 [Thread-11:7528] [django.server:131] [basehttp:log_message] [INFO]- "GET /static/css/bootstrap.min.css HTTP/1.1" 200 109604
2016-11-07 17:23:47,549 [Thread-16:8408] [django.server:131] [basehttp:log_message] [INFO]- "GET /static/css/animate.min.css HTTP/1.1" 200 51174
2016-11-07 17:23:47,558 [Thread-22:5208] [django.server:131] [basehttp:log_message] [INFO]- "GET /static/js/retina.min.js HTTP/1.1" 200 2161
2016-11-07 17:23:47,559 [Thread-19:8224] [django.server:131] [basehttp:log_message] [INFO]- "GET /static/css/select2.css HTTP/1.1" 200 18606
2016-11-07 17:23:47,565 [Thread-21:6484] [django.server:131] [basehttp:log_message] [INFO]- "GET /static/css/roboto.css HTTP/1.1" 200 9528
2016-11-07 17:23:47,568 [Thread-17:9340] [django.server:131] [basehttp:log_message] [INFO]- "GET /static/css/animate.delay.css HTTP/1.1" 200 11432
2016-11-07 17:23:47,578 [Thread-20:7960] [django.server:131] [basehttp:log_message] [INFO]- "GET /static/css/lato.css HTTP/1.1" 200 5575
2016-11-07 17:23:47,582 [Thread-18:9180] [django.server:131] [basehttp:log_message] [INFO]- "GET /static/css/toggles.css HTTP/1.1" 200 5378
2016-11-07 17:23:47,589 [Thread-23:8756] [django.server:131] [basehttp:log_message] [INFO]- "GET /static/js/custom.js HTTP/1.1" 200 11035
2016-11-07 17:23:47,621 [Thread-24:7416] [django.server:131] [basehttp:log_message] [INFO]- "GET /static/js/Hero.js HTTP/1.1" 200 16296
2016-11-07 17:23:47,755 [Thread-25:9436] [django.server:131] [basehttp:log_message] [INFO]- "GET /static/fonts/fontawesome-webfont.woff?v=4.1.0 HTTP/1.1" 200 83760
2016-11-07 17:23:47,762 [Thread-26:9344] [django.server:131] [basehttp:log_message] [INFO]- "GET /static/images/user.png HTTP/1.1" 200 1106
2016-11-07 17:23:47,799 [Thread-27:7328] [django.server:131] [basehttp:log_message] [INFO]- "GET /static/images/locked.png HTTP/1.1" 200 1132
2016-11-07 17:23:48,295 [Thread-28:8948] [django.server:131] [basehttp:log_message] [INFO]- "GET /static/images/favicon.png HTTP/1.1" 200 983
2016-11-07 17:23:56,954 [Thread-29:4608] [django.server:131] [basehttp:log_message] [INFO]- "GET /index HTTP/1.1" 301 0
2016-11-07 17:23:57,007 [Thread-30:9024] [django.server:131] [basehttp:log_message] [INFO]- "GET /index/ HTTP/1.1" 200 33723
2016-11-07 17:23:57,154 [Thread-31:6636] [django.server:131] [basehttp:log_message] [INFO]- "GET /static/images/photos/loggeduser.png HTTP/1.1" 200 20630
2016-11-07 17:23:57,283 [Thread-32:8328] [django.server:131] [basehttp:log_message] [INFO]- "GET /static/images/photos/user1.png HTTP/1.1" 200 17694
2016-11-07 17:23:57,290 [Thread-33:5932] [django.server:131] [basehttp:log_message] [INFO]- "GET /static/images/photos/user2.png HTTP/1.1" 200 18310
2016-11-07 17:23:57,301 [Thread-35:5600] [django.server:131] [basehttp:log_message] [INFO]- "GET /static/images/photos/user4.png HTTP/1.1" 200 18211
2016-11-07 17:23:57,305 [Thread-36:2772] [django.server:131] [basehttp:log_message] [INFO]- "GET /static/images/photos/user5.png HTTP/1.1" 200 17012
2016-11-07 17:23:57,311 [Thread-34:8352] [django.server:131] [basehttp:log_message] [INFO]- "GET /static/images/photos/user3.png HTTP/1.1" 200 17036
2016-11-07 17:23:57,349 [Thread-37:10236] [django.server:131] [basehttp:log_message] [INFO]- "GET /static/images/photos/userprofile.png HTTP/1.1" 200 23407
2016-11-07 17:23:57,397 [Thread-39:8844] [django.server:131] [basehttp:log_message] [INFO]- "GET /static/js/flot/jquery.flot.min.js HTTP/1.1" 200 52970
2016-11-07 17:23:57,424 [Thread-38:5624] [django.server:131] [basehttp:log_message] [INFO]- "GET /static/js/jquery-ui-1.10.3.min.js HTTP/1.1" 200 228142
2016-11-07 17:23:57,427 [Thread-40:7672] [django.server:131] [basehttp:log_message] [INFO]- "GET /static/js/flot/jquery.flot.resize.min.js HTTP/1.1" 200 2348
2016-11-07 17:23:57,447 [Thread-41:7888] [django.server:131] [basehttp:log_message] [INFO]- "GET /static/js/flot/jquery.flot.spline.min.js HTTP/1.1" 200 2791
2016-11-07 17:23:57,483 [Thread-42:10044] [django.server:131] [basehttp:log_message] [INFO]- "GET /static/js/raphael-2.1.0.min.js HTTP/1.1" 200 110942
2016-11-07 17:23:57,608 [Thread-43:10068] [django.server:131] [basehttp:log_message] [INFO]- "GET /static/images/plus-white.png HTTP/1.1" 200 966
2016-11-07 17:23:57,645 [Thread-45:9912] [django.server:131] [basehttp:log_message] [INFO]- "GET /static/images/icon-search.png HTTP/1.1" 200 1239
2016-11-07 17:23:57,650 [Thread-44:6896] [django.server:131] [basehttp:log_message] [INFO]- "GET /static/fonts/glyphicons-halflings-regular.woff HTTP/1.1" 200 23320
2016-11-07 17:24:02,180 [Thread-46:6764] [django.server:131] [basehttp:log_message] [INFO]- "GET /static/images/plus.png HTTP/1.1" 200 971
2016-11-07 17:24:02,631 [Thread-47:8568] [django.server:131] [basehttp:log_message] [INFO]- "GET /project HTTP/1.1" 301 0
2016-11-07 17:24:02,717 [Thread-48:10096] [django.server:131] [basehttp:log_message] [INFO]- "GET /project/ HTTP/1.1" 200 1610
2016-11-07 17:24:02,736 [Thread-51:10092] [django.server:131] [basehttp:log_message] [INFO]- "GET /static/js/jquery-1.11.1.min.js?_=1478510637692 HTTP/1.1" 200 95789
2016-11-07 17:24:02,749 [Thread-49:7176] [django.server:131] [basehttp:log_message] [INFO]- "GET /static/css/jquery.gritter.css HTTP/1.1" 200 1468
2016-11-07 17:24:02,757 [Thread-50:6028] [django.server:131] [basehttp:log_message] [INFO]- "GET /static/css/jquery.datatables.css HTTP/1.1" 200 4322
2016-11-07 17:24:02,832 [Thread-52:7720] [django.server:131] [basehttp:log_message] [INFO]- "GET /static/js/bootstrap.min.js?_=1478510637693 HTTP/1.1" 200 31823
2016-11-07 17:24:02,947 [Thread-53:6992] [django.server:131] [basehttp:log_message] [INFO]- "GET /static/js/jquery.datatables.min.js?_=1478510637694 HTTP/1.1" 200 77503
2016-11-07 17:24:03,092 [Thread-54:6296] [django.server:131] [basehttp:log_message] [INFO]- "GET /static/images/sort_both.png HTTP/1.1" 200 1109
2016-11-07 17:24:03,099 [Thread-55:5236] [django.server:131] [basehttp:log_message] [INFO]- "GET /static/images/sort_asc.png HTTP/1.1" 200 1033
2016-11-07 17:24:04,226 [Thread-56:8868] [django.server:131] [basehttp:log_message] [INFO]- "GET /static/images/minus.png HTTP/1.1" 200 955
2016-11-07 17:24:04,993 [Thread-57:8620] [django.server:131] [basehttp:log_message] [INFO]- "GET /element/?pro_id=1 HTTP/1.1" 200 13987
2016-11-07 17:24:05,013 [Thread-58:9652] [django.server:131] [basehttp:log_message] [INFO]- "GET /static/js/jquery-1.11.1.min.js?_=1478510642778 HTTP/1.1" 200 95789
2016-11-07 17:24:05,049 [Thread-59:5716] [django.server:131] [basehttp:log_message] [INFO]- "GET /static/js/bootstrap.min.js?_=1478510642779 HTTP/1.1" 200 31823
2016-11-07 17:24:05,072 [Thread-60:8488] [django.server:131] [basehttp:log_message] [INFO]- "GET /static/js/jquery.datatables.min.js?_=1478510642780 HTTP/1.1" 200 77503
2016-11-07 17:24:05,974 [Thread-61:9200] [django.server:131] [basehttp:log_message] [INFO]- "GET /case_list/?pro_id=1 HTTP/1.1" 200 11414
2016-11-07 17:24:06,003 [Thread-62:3568] [django.server:131] [basehttp:log_message] [INFO]- "GET /static/js/jquery-1.11.1.min.js?_=1478510645041 HTTP/1.1" 200 95789
2016-11-07 17:24:06,025 [Thread-63:9480] [django.server:131] [basehttp:log_message] [INFO]- "GET /static/js/bootstrap.min.js?_=1478510645042 HTTP/1.1" 200 31823
2016-11-07 17:24:06,048 [Thread-64:2668] [django.server:131] [basehttp:log_message] [INFO]- "GET /static/js/jquery.datatables.min.js?_=1478510645043 HTTP/1.1" 200 77503
2016-11-07 17:24:06,779 [Thread-65:9356] [django.server:131] [basehttp:log_message] [INFO]- "GET /scenario_list/?pro_id=1 HTTP/1.1" 200 2507
2016-11-07 17:24:06,802 [Thread-66:10224] [django.server:131] [basehttp:log_message] [INFO]- "GET /static/js/jquery-1.11.1.min.js?_=1478510646013 HTTP/1.1" 200 95789
2016-11-07 17:24:06,816 [Thread-67:9588] [django.server:131] [basehttp:log_message] [INFO]- "GET /static/js/bootstrap.min.js?_=1478510646014 HTTP/1.1" 200 31823
2016-11-07 17:24:06,828 [Thread-68:8912] [django.server:131] [basehttp:log_message] [INFO]- "GET /static/js/jquery.datatables.min.js?_=1478510646015 HTTP/1.1" 200 77503
