2017-06-24 19:20:04,150 [Thread-2:6108] [django.server:131] [basehttp:log_message] [INFO]- "GET / HTTP/1.1" 200 4318
2017-06-24 19:20:07,410 [Thread-3:3364] [django.server:131] [basehttp:log_message] [INFO]- "GET /static/images/user.png HTTP/1.1" 200 1106
2017-06-24 19:20:07,418 [Thread-4:10928] [django.server:131] [basehttp:log_message] [INFO]- "GET /static/images/locked.png HTTP/1.1" 200 1132
2017-06-24 19:20:10,884 [Thread-5:4916] [django.server:131] [basehttp:log_message] [INFO]- "GET /index HTTP/1.1" 301 0
2017-06-24 19:20:11,084 [Thread-6:2396] [django.server:131] [basehttp:log_message] [INFO]- "GET /index/ HTTP/1.1" 200 33723
2017-06-24 19:20:14,448 [Thread-7:2364] [django.server:131] [basehttp:log_message] [INFO]- "GET /static/images/minus.png HTTP/1.1" 200 955
2017-06-24 19:20:16,052 [Thread-8:12244] [django.server:131] [basehttp:log_message] [INFO]- "GET /case_list/?pro_id=1 HTTP/1.1" 200 11414
2017-06-24 19:20:16,128 [Thread-9:10436] [django.server:131] [basehttp:log_message] [INFO]- "GET /static/js/jquery-1.11.1.min.js?_=1498303211709 HTTP/1.1" 200 95789
2017-06-24 19:20:16,191 [Thread-10:10480] [django.server:131] [basehttp:log_message] [INFO]- "GET /static/js/bootstrap.min.js?_=1498303211710 HTTP/1.1" 200 31823
2017-06-24 19:20:16,213 [Thread-11:9124] [django.server:131] [basehttp:log_message] [INFO]- "GET /static/js/jquery.datatables.min.js?_=1498303211711 HTTP/1.1" 200 77503
2017-06-24 19:20:18,292 [Thread-12:308] [django.server:131] [basehttp:log_message] [INFO]- "GET /scenario_list/?pro_id=1 HTTP/1.1" 200 2507
2017-06-24 19:20:18,364 [Thread-13:2672] [django.server:131] [basehttp:log_message] [INFO]- "GET /static/js/jquery-1.11.1.min.js?_=1498303216138 HTTP/1.1" 200 95789
2017-06-24 19:20:18,411 [Thread-14:6560] [django.server:131] [basehttp:log_message] [INFO]- "GET /static/js/bootstrap.min.js?_=1498303216139 HTTP/1.1" 200 31823
2017-06-24 19:20:18,434 [Thread-15:10896] [django.server:131] [basehttp:log_message] [INFO]- "GET /static/js/jquery.datatables.min.js?_=1498303216140 HTTP/1.1" 200 77503
2017-06-24 19:20:20,974 [Thread-16:6864] [django.server:131] [basehttp:log_message] [INFO]- "GET /add_scenario/?pro_id=1 HTTP/1.1" 200 12974
2017-06-24 19:20:21,085 [Thread-17:2308] [django.server:131] [basehttp:log_message] [INFO]- "GET /static/js/jquery-1.11.1.min.js?_=1498303218382 HTTP/1.1" 200 95789
2017-06-24 19:20:21,190 [Thread-18:11864] [django.server:131] [basehttp:log_message] [INFO]- "GET /static/js/jquery-ui-1.10.3.min.js?_=1498303218383 HTTP/1.1" 200 228142
2017-06-24 19:20:21,306 [Thread-19:8564] [django.server:131] [basehttp:log_message] [INFO]- "GET /static/js/jquery-1.11.1.min.js?_=1498303218384 HTTP/1.1" 200 95789
2017-06-24 19:20:21,342 [Thread-20:10676] [django.server:131] [basehttp:log_message] [INFO]- "GET /static/js/jquery.datatables.min.js?_=1498303218385 HTTP/1.1" 200 77503
2017-06-24 19:20:21,380 [Thread-21:10388] [django.server:131] [basehttp:log_message] [INFO]- "GET /static/js/jquery-ui-1.10.3.min.js?_=1498303218386 HTTP/1.1" 200 228142
2017-06-24 19:20:21,454 [Thread-22:9604] [django.server:131] [basehttp:log_message] [INFO]- "GET /static/js/bootstrap.min.js?_=1498303218387 HTTP/1.1" 200 31823
2017-06-24 19:20:28,983 [Thread-23:7332] [django.server:131] [basehttp:log_message] [INFO]- "GET /case_list/?pro_id=1 HTTP/1.1" 200 11414
2017-06-24 19:20:29,164 [Thread-24:8480] [django.server:131] [basehttp:log_message] [INFO]- "GET /static/js/jquery-1.11.1.min.js?_=1498303221313 HTTP/1.1" 200 95789
2017-06-24 19:20:29,263 [Thread-25:4120] [django.server:131] [basehttp:log_message] [INFO]- "GET /static/js/bootstrap.min.js?_=1498303221314 HTTP/1.1" 200 31823
2017-06-24 19:20:29,286 [Thread-26:11272] [django.server:131] [basehttp:log_message] [INFO]- "GET /static/js/jquery.datatables.min.js?_=1498303221315 HTTP/1.1" 200 77503
2017-06-24 19:20:30,647 [Thread-27:4244] [django.server:131] [basehttp:log_message] [INFO]- "GET /add_case/?action=add_case&pro_id=1 HTTP/1.1" 200 24079
2017-06-24 19:20:30,716 [Thread-28:3348] [django.server:131] [basehttp:log_message] [INFO]- "GET /static/js/jquery-1.11.1.min.js?_=1498303229205 HTTP/1.1" 200 95789
2017-06-24 19:20:30,782 [Thread-29:708] [django.server:131] [basehttp:log_message] [INFO]- "GET /static/js/jquery-ui-1.10.3.min.js?_=1498303229206 HTTP/1.1" 200 228142
2017-06-24 19:20:30,878 [Thread-30:5412] [django.server:131] [basehttp:log_message] [INFO]- "GET /static/js/jquery-1.11.1.min.js?_=1498303229207 HTTP/1.1" 200 95789
2017-06-24 19:20:30,971 [Thread-31:10016] [django.server:131] [basehttp:log_message] [INFO]- "GET /static/js/jquery.datatables.min.js?_=1498303229208 HTTP/1.1" 200 77503
2017-06-24 19:20:31,102 [Thread-32:7204] [django.server:131] [basehttp:log_message] [INFO]- "GET /static/js/jquery-ui-1.10.3.min.js?_=1498303229209 HTTP/1.1" 200 228142
2017-06-24 19:20:31,240 [Thread-33:9068] [django.server:131] [basehttp:log_message] [INFO]- "GET /static/js/bootstrap.min.js?_=1498303229210 HTTP/1.1" 200 31823
2017-06-24 19:20:46,957 [Thread-34:4100] [django.server:131] [basehttp:log_message] [INFO]- "GET /ajax_html?action=add_case_step HTTP/1.1" 301 0
2017-06-24 19:20:47,035 [Thread-35:4428] [django.server:131] [basehttp:log_message] [INFO]- "GET /ajax_html/?action=add_case_step HTTP/1.1" 200 966
2017-06-24 19:20:50,118 [Thread-36:2688] [django.server:131] [basehttp:log_message] [INFO]- "GET /scenario_list/?pro_id=1 HTTP/1.1" 200 2507
2017-06-24 19:20:50,204 [Thread-37:11744] [django.server:131] [basehttp:log_message] [INFO]- "GET /static/js/jquery-1.11.1.min.js?_=1498303230931 HTTP/1.1" 200 95789
2017-06-24 19:20:50,246 [Thread-38:7816] [django.server:131] [basehttp:log_message] [INFO]- "GET /static/js/bootstrap.min.js?_=1498303230932 HTTP/1.1" 200 31823
2017-06-24 19:20:50,279 [Thread-39:11660] [django.server:131] [basehttp:log_message] [INFO]- "GET /static/js/jquery.datatables.min.js?_=1498303230933 HTTP/1.1" 200 77503
2017-06-24 19:20:52,510 [Thread-40:11136] [django.server:131] [basehttp:log_message] [INFO]- "GET /add_scenario/?pro_id=1 HTTP/1.1" 200 12974
2017-06-24 19:20:52,581 [Thread-41:11324] [django.server:131] [basehttp:log_message] [INFO]- "GET /static/js/jquery-1.11.1.min.js?_=1498303250221 HTTP/1.1" 200 95789
2017-06-24 19:20:52,644 [Thread-42:7352] [django.server:131] [basehttp:log_message] [INFO]- "GET /static/js/jquery-ui-1.10.3.min.js?_=1498303250222 HTTP/1.1" 200 228142
2017-06-24 19:20:52,723 [Thread-43:6596] [django.server:131] [basehttp:log_message] [INFO]- "GET /static/js/jquery-1.11.1.min.js?_=1498303250223 HTTP/1.1" 200 95789
2017-06-24 19:20:52,775 [Thread-44:8320] [django.server:131] [basehttp:log_message] [INFO]- "GET /static/js/jquery.datatables.min.js?_=1498303250224 HTTP/1.1" 200 77503
2017-06-24 19:20:52,819 [Thread-45:9836] [django.server:131] [basehttp:log_message] [INFO]- "GET /static/js/jquery-ui-1.10.3.min.js?_=1498303250225 HTTP/1.1" 200 228142
2017-06-24 19:20:52,910 [Thread-46:292] [django.server:131] [basehttp:log_message] [INFO]- "GET /static/js/bootstrap.min.js?_=1498303250226 HTTP/1.1" 200 31823
2017-06-24 19:21:25,374 [Thread-47:5780] [django.server:131] [basehttp:log_message] [INFO]- "GET /scenario_list/?pro_id=1 HTTP/1.1" 200 2507
2017-06-24 19:21:25,608 [Thread-48:8420] [django.server:131] [basehttp:log_message] [INFO]- "GET /static/js/jquery-1.11.1.min.js?_=1498303252741 HTTP/1.1" 200 95789
2017-06-24 19:21:25,665 [Thread-49:1888] [django.server:131] [basehttp:log_message] [INFO]- "GET /static/js/bootstrap.min.js?_=1498303252742 HTTP/1.1" 200 31823
2017-06-24 19:21:25,734 [Thread-50:11592] [django.server:131] [basehttp:log_message] [INFO]- "GET /static/js/jquery.datatables.min.js?_=1498303252743 HTTP/1.1" 200 77503
2017-06-24 20:21:56,548 [Thread-51:9160] [django.server:131] [basehttp:log_message] [INFO]- "GET /case_list/?pro_id=1 HTTP/1.1" 200 11414
2017-06-24 20:21:56,709 [Thread-52:9460] [django.server:131] [basehttp:log_message] [INFO]- "GET /static/js/jquery-1.11.1.min.js?_=1498303285631 HTTP/1.1" 200 95789
2017-06-24 20:21:56,776 [Thread-53:2224] [django.server:131] [basehttp:log_message] [INFO]- "GET /static/js/bootstrap.min.js?_=1498303285632 HTTP/1.1" 200 31823
2017-06-24 20:21:56,826 [Thread-54:10164] [django.server:131] [basehttp:log_message] [INFO]- "GET /static/js/jquery.datatables.min.js?_=1498303285633 HTTP/1.1" 200 77503
2017-06-24 20:21:58,476 [Thread-55:7720] [django.server:131] [basehttp:log_message] [INFO]- "GET /add_case/?action=add_case&pro_id=1 HTTP/1.1" 200 24079
2017-06-24 20:21:58,543 [Thread-56:2248] [django.server:131] [basehttp:log_message] [INFO]- "GET /static/js/jquery-1.11.1.min.js?_=1498306916736 HTTP/1.1" 200 95789
2017-06-24 20:21:58,588 [Thread-57:12112] [django.server:131] [basehttp:log_message] [INFO]- "GET /static/js/jquery-ui-1.10.3.min.js?_=1498306916737 HTTP/1.1" 200 228142
2017-06-24 20:21:58,664 [Thread-58:11664] [django.server:131] [basehttp:log_message] [INFO]- "GET /static/js/jquery-1.11.1.min.js?_=1498306916738 HTTP/1.1" 200 95789
2017-06-24 20:21:58,707 [Thread-59:6548] [django.server:131] [basehttp:log_message] [INFO]- "GET /static/js/jquery.datatables.min.js?_=1498306916739 HTTP/1.1" 200 77503
2017-06-24 20:21:58,744 [Thread-60:11956] [django.server:131] [basehttp:log_message] [INFO]- "GET /static/js/jquery-ui-1.10.3.min.js?_=1498306916740 HTTP/1.1" 200 228142
2017-06-24 20:21:58,816 [Thread-61:10468] [django.server:131] [basehttp:log_message] [INFO]- "GET /static/js/bootstrap.min.js?_=1498306916741 HTTP/1.1" 200 31823
2017-06-24 20:22:05,924 [Thread-62:11896] [django.server:131] [basehttp:log_message] [INFO]- "GET /scenario_list/?pro_id=1 HTTP/1.1" 200 2507
2017-06-24 20:22:06,006 [Thread-63:11936] [django.server:131] [basehttp:log_message] [INFO]- "GET /static/js/jquery-1.11.1.min.js?_=1498306918674 HTTP/1.1" 200 95789
2017-06-24 20:22:06,052 [Thread-64:11436] [django.server:131] [basehttp:log_message] [INFO]- "GET /static/js/bootstrap.min.js?_=1498306918675 HTTP/1.1" 200 31823
2017-06-24 20:22:06,085 [Thread-65:5796] [django.server:131] [basehttp:log_message] [INFO]- "GET /static/js/jquery.datatables.min.js?_=1498306918676 HTTP/1.1" 200 77503
2017-06-24 20:22:06,951 [Thread-66:352] [django.server:131] [basehttp:log_message] [INFO]- "GET /add_scenario/?pro_id=1 HTTP/1.1" 200 12974
2017-06-24 20:22:07,016 [Thread-67:8264] [django.server:131] [basehttp:log_message] [INFO]- "GET /static/js/jquery-1.11.1.min.js?_=1498306926020 HTTP/1.1" 200 95789
2017-06-24 20:22:07,069 [Thread-68:7424] [django.server:131] [basehttp:log_message] [INFO]- "GET /static/js/jquery-ui-1.10.3.min.js?_=1498306926021 HTTP/1.1" 200 228142
2017-06-24 20:22:07,142 [Thread-69:7176] [django.server:131] [basehttp:log_message] [INFO]- "GET /static/js/jquery-1.11.1.min.js?_=1498306926022 HTTP/1.1" 200 95789
2017-06-24 20:22:07,184 [Thread-70:4864] [django.server:131] [basehttp:log_message] [INFO]- "GET /static/js/jquery.datatables.min.js?_=1498306926023 HTTP/1.1" 200 77503
2017-06-24 20:22:07,220 [Thread-71:5776] [django.server:131] [basehttp:log_message] [INFO]- "GET /static/js/jquery-ui-1.10.3.min.js?_=1498306926024 HTTP/1.1" 200 228142
2017-06-24 20:22:07,288 [Thread-72:8688] [django.server:131] [basehttp:log_message] [INFO]- "GET /static/js/bootstrap.min.js?_=1498306926025 HTTP/1.1" 200 31823
2017-06-24 20:25:09,016 [Thread-73:9360] [django.server:131] [basehttp:log_message] [INFO]- "GET /scenario_list/?pro_id=1 HTTP/1.1" 200 2507
2017-06-24 20:25:09,091 [Thread-74:6732] [django.server:131] [basehttp:log_message] [INFO]- "GET /static/js/jquery-1.11.1.min.js?_=1498306927154 HTTP/1.1" 200 95789
2017-06-24 20:25:09,134 [Thread-75:10800] [django.server:131] [basehttp:log_message] [INFO]- "GET /static/js/bootstrap.min.js?_=1498306927155 HTTP/1.1" 200 31823
2017-06-24 20:25:09,158 [Thread-76:2888] [django.server:131] [basehttp:log_message] [INFO]- "GET /static/js/jquery.datatables.min.js?_=1498306927156 HTTP/1.1" 200 77503
2017-06-24 20:25:11,986 [Thread-77:7444] [django.server:131] [basehttp:log_message] [INFO]- "GET /edit_scenario?id=1&pro_id=1 HTTP/1.1" 301 0
2017-06-24 20:25:12,104 [Thread-78:4088] [django.server:131] [basehttp:log_message] [INFO]- "GET /edit_scenario/?id=1&pro_id=1 HTTP/1.1" 200 20218
2017-06-24 20:25:12,138 [Thread-79:1516] [django.server:131] [basehttp:log_message] [INFO]- "GET /static/js/jquery-1.11.1.min.js?_=1498307109100 HTTP/1.1" 200 95789
2017-06-24 20:25:12,243 [Thread-80:10652] [django.server:131] [basehttp:log_message] [INFO]- "GET /static/js/jquery-ui-1.10.3.min.js?_=1498307109101 HTTP/1.1" 200 228142
2017-06-24 20:25:12,328 [Thread-81:7928] [django.server:131] [basehttp:log_message] [INFO]- "GET /static/js/jquery-1.11.1.min.js?_=1498307109102 HTTP/1.1" 200 95789
2017-06-24 20:25:12,371 [Thread-82:3520] [django.server:131] [basehttp:log_message] [INFO]- "GET /static/js/jquery.datatables.min.js?_=1498307109103 HTTP/1.1" 200 77503
2017-06-24 20:25:12,404 [Thread-83:5300] [django.server:131] [basehttp:log_message] [INFO]- "GET /static/js/jquery-ui-1.10.3.min.js?_=1498307109104 HTTP/1.1" 200 228142
2017-06-24 20:25:12,480 [Thread-84:4848] [django.server:131] [basehttp:log_message] [INFO]- "GET /static/js/bootstrap.min.js?_=1498307109105 HTTP/1.1" 200 31823
2017-06-24 20:25:19,177 [Thread-85:9116] [django.server:131] [basehttp:log_message] [INFO]- "GET /scenario_list/?pro_id=1 HTTP/1.1" 200 2507
2017-06-24 20:25:19,289 [Thread-86:11700] [django.server:131] [basehttp:log_message] [INFO]- "GET /static/js/jquery-1.11.1.min.js?_=1498307112342 HTTP/1.1" 200 95789
2017-06-24 20:25:19,358 [Thread-87:9604] [django.server:131] [basehttp:log_message] [INFO]- "GET /static/js/bootstrap.min.js?_=1498307112343 HTTP/1.1" 200 31823
2017-06-24 20:25:19,394 [Thread-88:11656] [django.server:131] [basehttp:log_message] [INFO]- "GET /static/js/jquery.datatables.min.js?_=1498307112344 HTTP/1.1" 200 77503
2017-06-24 20:40:11,135 [Thread-89:11088] [django.server:131] [basehttp:log_message] [INFO]- "GET /index/ HTTP/1.1" 200 33723
2017-06-24 20:40:11,497 [Thread-90:11344] [django.server:131] [basehttp:log_message] [INFO]- "GET /static/css/style.default.css HTTP/1.1" 304 0
2017-06-24 20:40:11,499 [Thread-93:9840] [django.server:131] [basehttp:log_message] [INFO]- "GET /static/js/jquery-ui-1.10.3.min.js HTTP/1.1" 304 0
2017-06-24 20:40:11,502 [Thread-91:11788] [django.server:131] [basehttp:log_message] [INFO]- "GET /static/js/jquery-1.11.1.min.js HTTP/1.1" 304 0
2017-06-24 20:40:11,506 [Thread-94:7272] [django.server:131] [basehttp:log_message] [INFO]- "GET /static/js/bootstrap.min.js HTTP/1.1" 304 0
2017-06-24 20:40:11,507 [Thread-92:3184] [django.server:131] [basehttp:log_message] [INFO]- "GET /static/js/jquery-migrate-1.2.1.min.js HTTP/1.1" 304 0
2017-06-24 20:40:11,509 [Thread-95:1848] [django.server:131] [basehttp:log_message] [INFO]- "GET /static/js/modernizr.min.js HTTP/1.1" 304 0
2017-06-24 20:40:11,530 [Thread-96:1380] [django.server:131] [basehttp:log_message] [INFO]- "GET /static/js/jquery.sparkline.min.js HTTP/1.1" 304 0
2017-06-24 20:40:11,533 [Thread-97:8504] [django.server:131] [basehttp:log_message] [INFO]- "GET /static/js/toggles.min.js HTTP/1.1" 304 0
2017-06-24 20:40:11,536 [Thread-98:10176] [django.server:131] [basehttp:log_message] [INFO]- "GET /static/js/retina.min.js HTTP/1.1" 304 0
2017-06-24 20:40:11,542 [Thread-99:8320] [django.server:131] [basehttp:log_message] [INFO]- "GET /static/js/jquery.cookies.js HTTP/1.1" 304 0
2017-06-24 20:40:11,548 [Thread-100:5824] [django.server:131] [basehttp:log_message] [INFO]- "GET /static/js/flot/jquery.flot.min.js HTTP/1.1" 304 0
2017-06-24 20:40:11,551 [Thread-101:7472] [django.server:131] [basehttp:log_message] [INFO]- "GET /static/js/flot/jquery.flot.resize.min.js HTTP/1.1" 304 0
2017-06-24 20:40:11,555 [Thread-102:11952] [django.server:131] [basehttp:log_message] [INFO]- "GET /static/js/flot/jquery.flot.spline.min.js HTTP/1.1" 304 0
2017-06-24 20:40:11,558 [Thread-103:10976] [django.server:131] [basehttp:log_message] [INFO]- "GET /static/js/raphael-2.1.0.min.js HTTP/1.1" 304 0
2017-06-24 20:40:11,559 [Thread-104:10156] [django.server:131] [basehttp:log_message] [INFO]- "GET /static/js/custom.js HTTP/1.1" 304 0
2017-06-24 20:40:11,609 [Thread-105:11968] [django.server:131] [basehttp:log_message] [INFO]- "GET /static/js/Hero.js HTTP/1.1" 200 16348
2017-06-24 20:40:11,638 [Thread-106:9908] [django.server:131] [basehttp:log_message] [INFO]- "GET /static/images/photos/loggeduser.png HTTP/1.1" 304 0
2017-06-24 20:40:11,642 [Thread-107:12100] [django.server:131] [basehttp:log_message] [INFO]- "GET /static/images/photos/user1.png HTTP/1.1" 304 0
2017-06-24 20:40:11,650 [Thread-108:10160] [django.server:131] [basehttp:log_message] [INFO]- "GET /static/images/photos/user2.png HTTP/1.1" 304 0
2017-06-24 20:40:11,657 [Thread-109:8284] [django.server:131] [basehttp:log_message] [INFO]- "GET /static/images/photos/user3.png HTTP/1.1" 304 0
2017-06-24 20:40:11,668 [Thread-110:11448] [django.server:131] [basehttp:log_message] [INFO]- "GET /static/images/photos/user4.png HTTP/1.1" 304 0
2017-06-24 20:40:11,677 [Thread-111:12040] [django.server:131] [basehttp:log_message] [INFO]- "GET /static/images/photos/user5.png HTTP/1.1" 304 0
2017-06-24 20:40:11,680 [Thread-112:11856] [django.server:131] [basehttp:log_message] [INFO]- "GET /static/images/photos/userprofile.png HTTP/1.1" 304 0
2017-06-24 20:40:11,802 [Thread-113:11392] [django.server:131] [basehttp:log_message] [INFO]- "GET /static/css/bootstrap.min.css HTTP/1.1" 304 0
2017-06-24 20:40:11,813 [Thread-114:4700] [django.server:131] [basehttp:log_message] [INFO]- "GET /static/css/bootstrap-override.css HTTP/1.1" 304 0
2017-06-24 20:40:11,819 [Thread-115:7904] [django.server:131] [basehttp:log_message] [INFO]- "GET /static/css/weather-icons.min.css HTTP/1.1" 304 0
2017-06-24 20:40:11,826 [Thread-116:9448] [django.server:131] [basehttp:log_message] [INFO]- "GET /static/css/jquery-ui-1.10.3.css HTTP/1.1" 304 0
2017-06-24 20:40:11,832 [Thread-117:7496] [django.server:131] [basehttp:log_message] [INFO]- "GET /static/css/font-awesome.min.css HTTP/1.1" 304 0
2017-06-24 20:40:11,848 [Thread-118:11828] [django.server:131] [basehttp:log_message] [INFO]- "GET /static/css/animate.min.css HTTP/1.1" 304 0
2017-06-24 20:40:11,851 [Thread-119:11104] [django.server:131] [basehttp:log_message] [INFO]- "GET /static/css/animate.delay.css HTTP/1.1" 304 0
2017-06-24 20:40:11,852 [Thread-120:8296] [django.server:131] [basehttp:log_message] [INFO]- "GET /static/css/toggles.css HTTP/1.1" 304 0
2017-06-24 20:40:11,855 [Thread-121:10116] [django.server:131] [basehttp:log_message] [INFO]- "GET /static/css/select2.css HTTP/1.1" 304 0
2017-06-24 20:40:11,859 [Thread-122:5852] [django.server:131] [basehttp:log_message] [INFO]- "GET /static/css/lato.css HTTP/1.1" 304 0
2017-06-24 20:40:11,861 [Thread-123:7800] [django.server:131] [basehttp:log_message] [INFO]- "GET /static/css/roboto.css HTTP/1.1" 304 0
2017-06-24 20:40:11,930 [Thread-124:10928] [django.server:131] [basehttp:log_message] [INFO]- "GET /static/images/plus-white.png HTTP/1.1" 304 0
2017-06-24 20:40:11,931 [Thread-125:10136] [django.server:131] [basehttp:log_message] [INFO]- "GET /static/images/icon-search.png HTTP/1.1" 304 0
2017-06-24 20:40:14,801 [Thread-126:5908] [django.server:131] [basehttp:log_message] [INFO]- "GET /project/ HTTP/1.1" 200 1506
2017-06-24 20:40:14,842 [Thread-127:10932] [django.server:131] [basehttp:log_message] [INFO]- "GET /static/js/jquery-1.11.1.min.js?_=1498308011925 HTTP/1.1" 200 95789
2017-06-24 20:40:14,918 [Thread-128:9460] [django.server:131] [basehttp:log_message] [INFO]- "GET /static/js/bootstrap.min.js?_=1498308011926 HTTP/1.1" 200 31823
2017-06-24 20:40:14,957 [Thread-129:2224] [django.server:131] [basehttp:log_message] [INFO]- "GET /static/js/jquery.datatables.min.js?_=1498308011927 HTTP/1.1" 200 77503
2017-06-24 20:40:15,115 [Thread-130:10164] [django.server:131] [basehttp:log_message] [INFO]- "GET /static/images/sort_both.png HTTP/1.1" 304 0
2017-06-24 20:40:15,115 [Thread-131:1948] [django.server:131] [basehttp:log_message] [INFO]- "GET /static/images/sort_asc.png HTTP/1.1" 304 0
2017-06-24 20:40:16,269 [Thread-132:12092] [django.server:131] [basehttp:log_message] [ERROR]- "GET /add_scenario/?pro_id= HTTP/1.1" 500 18860
2017-06-24 20:40:18,839 [Thread-133:9472] [django.server:131] [basehttp:log_message] [INFO]- "GET /static/images/plus.png HTTP/1.1" 304 0
2017-06-24 20:40:19,470 [Thread-134:5596] [django.server:131] [basehttp:log_message] [INFO]- "GET /project/ HTTP/1.1" 200 1506
2017-06-24 20:40:19,532 [Thread-135:5672] [django.server:131] [basehttp:log_message] [INFO]- "GET /static/js/jquery-1.11.1.min.js?_=1498308014879 HTTP/1.1" 200 95789
2017-06-24 20:40:19,588 [Thread-136:10120] [django.server:131] [basehttp:log_message] [INFO]- "GET /static/js/bootstrap.min.js?_=1498308014880 HTTP/1.1" 200 31823
2017-06-24 20:40:19,625 [Thread-137:8300] [django.server:131] [basehttp:log_message] [INFO]- "GET /static/js/jquery.datatables.min.js?_=1498308014881 HTTP/1.1" 200 77503
2017-06-24 20:40:20,463 [Thread-138:9368] [django.server:131] [basehttp:log_message] [ERROR]- "GET /add_scenario/?pro_id= HTTP/1.1" 500 18860
2017-06-24 20:40:36,236 [Thread-139:4916] [django.server:131] [basehttp:log_message] [INFO]- "GET /project/ HTTP/1.1" 200 1506
2017-06-24 20:40:36,286 [Thread-140:5248] [django.server:131] [basehttp:log_message] [INFO]- "GET /static/js/jquery-1.11.1.min.js?_=1498308019534 HTTP/1.1" 200 95789
2017-06-24 20:40:36,322 [Thread-141:10664] [django.server:131] [basehttp:log_message] [INFO]- "GET /static/js/bootstrap.min.js?_=1498308019535 HTTP/1.1" 200 31823
2017-06-24 20:40:36,351 [Thread-142:2716] [django.server:131] [basehttp:log_message] [INFO]- "GET /static/js/jquery.datatables.min.js?_=1498308019536 HTTP/1.1" 200 77503
2017-06-24 20:40:37,428 [Thread-143:3196] [django.server:131] [basehttp:log_message] [INFO]- "GET /static/images/minus.png HTTP/1.1" 304 0
2017-06-24 20:40:38,614 [Thread-144:9648] [django.server:131] [basehttp:log_message] [INFO]- "GET /scenario_list/?pro_id=1 HTTP/1.1" 200 2507
2017-06-24 20:40:38,696 [Thread-145:9424] [django.server:131] [basehttp:log_message] [INFO]- "GET /static/js/jquery-1.11.1.min.js?_=1498308036283 HTTP/1.1" 200 95789
2017-06-24 20:40:38,740 [Thread-146:10256] [django.server:131] [basehttp:log_message] [INFO]- "GET /static/js/bootstrap.min.js?_=1498308036284 HTTP/1.1" 200 31823
2017-06-24 20:40:38,772 [Thread-147:12020] [django.server:131] [basehttp:log_message] [INFO]- "GET /static/js/jquery.datatables.min.js?_=1498308036285 HTTP/1.1" 200 77503
2017-06-24 20:40:39,207 [Thread-148:8644] [django.server:131] [basehttp:log_message] [INFO]- "GET /scenario_list/?pro_id=1 HTTP/1.1" 200 2507
2017-06-24 20:40:39,290 [Thread-149:10312] [django.server:131] [basehttp:log_message] [INFO]- "GET /static/js/jquery-1.11.1.min.js?_=1498308038695 HTTP/1.1" 200 95789
2017-06-24 20:40:39,335 [Thread-150:11948] [django.server:131] [basehttp:log_message] [INFO]- "GET /static/js/bootstrap.min.js?_=1498308038696 HTTP/1.1" 200 31823
2017-06-24 20:40:39,375 [Thread-151:8308] [django.server:131] [basehttp:log_message] [INFO]- "GET /static/js/jquery.datatables.min.js?_=1498308038697 HTTP/1.1" 200 77503
2017-06-24 20:40:40,986 [Thread-152:7640] [django.server:131] [basehttp:log_message] [INFO]- "GET /add_scenario/?pro_id=1 HTTP/1.1" 200 12974
2017-06-24 20:40:41,072 [Thread-153:7232] [django.server:131] [basehttp:log_message] [INFO]- "GET /static/js/jquery-1.11.1.min.js?_=1498308039296 HTTP/1.1" 200 95789
2017-06-24 20:40:41,142 [Thread-154:5228] [django.server:131] [basehttp:log_message] [INFO]- "GET /static/js/jquery-ui-1.10.3.min.js?_=1498308039297 HTTP/1.1" 200 228142
2017-06-24 20:40:41,237 [Thread-155:10352] [django.server:131] [basehttp:log_message] [INFO]- "GET /static/js/jquery-1.11.1.min.js?_=1498308039298 HTTP/1.1" 200 95789
2017-06-24 20:40:41,289 [Thread-156:11184] [django.server:131] [basehttp:log_message] [INFO]- "GET /static/js/jquery.datatables.min.js?_=1498308039299 HTTP/1.1" 200 77503
2017-06-24 20:40:41,328 [Thread-157:3864] [django.server:131] [basehttp:log_message] [INFO]- "GET /static/js/jquery-ui-1.10.3.min.js?_=1498308039300 HTTP/1.1" 200 228142
2017-06-24 20:40:41,414 [Thread-158:7980] [django.server:131] [basehttp:log_message] [INFO]- "GET /static/js/bootstrap.min.js?_=1498308039301 HTTP/1.1" 200 31823
2017-06-24 20:40:47,269 [Thread-159:11792] [django.server:131] [basehttp:log_message] [INFO]- "GET /project/ HTTP/1.1" 200 1506
2017-06-24 20:40:47,302 [Thread-160:5100] [django.server:131] [basehttp:log_message] [INFO]- "GET /static/js/jquery-1.11.1.min.js?_=1498308041246 HTTP/1.1" 200 95789
2017-06-24 20:40:47,358 [Thread-161:2948] [django.server:131] [basehttp:log_message] [INFO]- "GET /static/js/bootstrap.min.js?_=1498308041247 HTTP/1.1" 200 31823
2017-06-24 20:40:47,391 [Thread-162:11816] [django.server:131] [basehttp:log_message] [INFO]- "GET /static/js/jquery.datatables.min.js?_=1498308041248 HTTP/1.1" 200 77503
2017-06-24 20:40:49,517 [Thread-163:7848] [django.server:131] [basehttp:log_message] [ERROR]- "GET /add_scenario/?pro_id= HTTP/1.1" 500 18860
2017-06-24 20:40:51,874 [Thread-164:10676] [django.server:131] [basehttp:log_message] [INFO]- "GET /project/ HTTP/1.1" 200 1506
2017-06-24 20:40:51,904 [Thread-165:9692] [django.server:131] [basehttp:log_message] [INFO]- "GET /static/js/jquery-1.11.1.min.js?_=1498308047322 HTTP/1.1" 200 95789
2017-06-24 20:40:51,957 [Thread-166:11216] [django.server:131] [basehttp:log_message] [INFO]- "GET /static/js/bootstrap.min.js?_=1498308047323 HTTP/1.1" 200 31823
2017-06-24 20:40:51,974 [Thread-167:10400] [django.server:131] [basehttp:log_message] [INFO]- "GET /static/js/jquery.datatables.min.js?_=1498308047324 HTTP/1.1" 200 77503
2017-06-24 20:40:52,601 [Thread-168:9068] [django.server:131] [basehttp:log_message] [INFO]- "POST /scenario_list/ HTTP/1.1" 200 12
2017-06-24 20:40:56,413 [Thread-169:1776] [django.server:131] [basehttp:log_message] [ERROR]- "GET /add_scenario/?pro_id= HTTP/1.1" 500 18860
2017-06-24 20:41:03,198 [Thread-170:2260] [django.server:131] [basehttp:log_message] [INFO]- "GET /scenario_list/?pro_id=1 HTTP/1.1" 200 2507
2017-06-24 20:41:03,282 [Thread-171:1532] [django.server:131] [basehttp:log_message] [INFO]- "GET /static/js/jquery-1.11.1.min.js?_=1498308051916 HTTP/1.1" 200 95789
2017-06-24 20:41:03,323 [Thread-172:10252] [django.server:131] [basehttp:log_message] [INFO]- "GET /static/js/bootstrap.min.js?_=1498308051917 HTTP/1.1" 200 31823
2017-06-24 20:41:03,342 [Thread-173:6280] [django.server:131] [basehttp:log_message] [INFO]- "GET /static/js/jquery.datatables.min.js?_=1498308051918 HTTP/1.1" 200 77503
2017-06-24 20:41:05,726 [Thread-174:7260] [django.server:131] [basehttp:log_message] [INFO]- "GET /element/?pro_id=1 HTTP/1.1" 200 13987
2017-06-24 20:41:05,792 [Thread-175:9968] [django.server:131] [basehttp:log_message] [INFO]- "GET /static/js/jquery-1.11.1.min.js?_=1498308063288 HTTP/1.1" 200 95789
2017-06-24 20:41:05,832 [Thread-176:4776] [django.server:131] [basehttp:log_message] [INFO]- "GET /static/js/bootstrap.min.js?_=1498308063289 HTTP/1.1" 200 31823
2017-06-24 20:41:05,861 [Thread-177:9484] [django.server:131] [basehttp:log_message] [INFO]- "GET /static/js/jquery.datatables.min.js?_=1498308063290 HTTP/1.1" 200 77503
2017-06-24 20:41:06,505 [Thread-178:8868] [django.server:131] [basehttp:log_message] [INFO]- "GET /element/?pro_id=1 HTTP/1.1" 200 13987
2017-06-24 20:41:06,578 [Thread-179:9588] [django.server:131] [basehttp:log_message] [INFO]- "GET /static/js/jquery-1.11.1.min.js?_=1498308065791 HTTP/1.1" 200 95789
2017-06-24 20:41:06,622 [Thread-180:9788] [django.server:131] [basehttp:log_message] [INFO]- "GET /static/js/bootstrap.min.js?_=1498308065792 HTTP/1.1" 200 31823
2017-06-24 20:41:06,642 [Thread-181:6560] [django.server:131] [basehttp:log_message] [INFO]- "GET /static/js/jquery.datatables.min.js?_=1498308065793 HTTP/1.1" 200 77503
2017-06-24 20:41:07,470 [Thread-182:10952] [django.server:131] [basehttp:log_message] [INFO]- "GET /scenario_list/?pro_id=1 HTTP/1.1" 200 2507
2017-06-24 20:41:07,536 [Thread-183:7492] [django.server:131] [basehttp:log_message] [INFO]- "GET /static/js/jquery-1.11.1.min.js?_=1498308066579 HTTP/1.1" 200 95789
2017-06-24 20:41:07,581 [Thread-184:7004] [django.server:131] [basehttp:log_message] [INFO]- "GET /static/js/bootstrap.min.js?_=1498308066580 HTTP/1.1" 200 31823
2017-06-24 20:41:07,601 [Thread-185:8984] [django.server:131] [basehttp:log_message] [INFO]- "GET /static/js/jquery.datatables.min.js?_=1498308066581 HTTP/1.1" 200 77503
2017-06-24 20:41:10,119 [Thread-186:1460] [django.server:131] [basehttp:log_message] [INFO]- "GET /add_scenario/?pro_id=1 HTTP/1.1" 200 12974
2017-06-24 20:41:10,177 [Thread-187:11136] [django.server:131] [basehttp:log_message] [INFO]- "GET /static/js/jquery-1.11.1.min.js?_=1498308067535 HTTP/1.1" 200 95789
2017-06-24 20:41:10,223 [Thread-188:11308] [django.server:131] [basehttp:log_message] [INFO]- "GET /static/js/jquery-ui-1.10.3.min.js?_=1498308067536 HTTP/1.1" 200 228142
2017-06-24 20:41:10,288 [Thread-189:11616] [django.server:131] [basehttp:log_message] [INFO]- "GET /static/js/jquery-1.11.1.min.js?_=1498308067537 HTTP/1.1" 200 95789
2017-06-24 20:41:10,322 [Thread-190:8216] [django.server:131] [basehttp:log_message] [INFO]- "GET /static/js/jquery.datatables.min.js?_=1498308067538 HTTP/1.1" 200 77503
2017-06-24 20:41:10,355 [Thread-191:5576] [django.server:131] [basehttp:log_message] [INFO]- "GET /static/js/jquery-ui-1.10.3.min.js?_=1498308067539 HTTP/1.1" 200 228142
2017-06-24 20:41:10,427 [Thread-192:9172] [django.server:131] [basehttp:log_message] [INFO]- "GET /static/js/bootstrap.min.js?_=1498308067540 HTTP/1.1" 200 31823
2017-06-24 20:42:53,259 [Thread-193:11984] [django.server:131] [basehttp:log_message] [INFO]- "POST /add_scenario/ HTTP/1.1" 200 12
2017-06-24 20:42:54,423 [Thread-194:8036] [django.server:131] [basehttp:log_message] [INFO]- "GET /scenario_list/?pro_id=1 HTTP/1.1" 200 3509
2017-06-24 20:42:54,502 [Thread-195:10356] [django.server:131] [basehttp:log_message] [INFO]- "GET /static/js/jquery-1.11.1.min.js?_=1498308070286 HTTP/1.1" 200 95789
2017-06-24 20:42:54,568 [Thread-196:9836] [django.server:131] [basehttp:log_message] [INFO]- "GET /static/js/bootstrap.min.js?_=1498308070287 HTTP/1.1" 200 31823
2017-06-24 20:42:54,592 [Thread-197:9060] [django.server:131] [basehttp:log_message] [INFO]- "GET /static/js/jquery.datatables.min.js?_=1498308070288 HTTP/1.1" 200 77503
2017-06-24 20:43:03,641 [Thread-198:3520] [django.server:131] [basehttp:log_message] [INFO]- "GET /add_scenario/?pro_id=1 HTTP/1.1" 200 12974
2017-06-24 20:43:03,676 [Thread-199:11936] [django.server:131] [basehttp:log_message] [INFO]- "GET /static/js/jquery-1.11.1.min.js?_=1498308174508 HTTP/1.1" 200 95789
2017-06-24 20:43:03,730 [Thread-200:10652] [django.server:131] [basehttp:log_message] [INFO]- "GET /static/js/jquery-ui-1.10.3.min.js?_=1498308174509 HTTP/1.1" 200 228142
2017-06-24 20:43:03,782 [Thread-201:5712] [django.server:131] [basehttp:log_message] [INFO]- "GET /static/js/jquery-1.11.1.min.js?_=1498308174510 HTTP/1.1" 200 95789
2017-06-24 20:43:03,815 [Thread-202:11336] [django.server:131] [basehttp:log_message] [INFO]- "GET /static/js/jquery.datatables.min.js?_=1498308174511 HTTP/1.1" 200 77503
2017-06-24 20:43:03,845 [Thread-203:5300] [django.server:131] [basehttp:log_message] [INFO]- "GET /static/js/jquery-ui-1.10.3.min.js?_=1498308174512 HTTP/1.1" 200 228142
2017-06-24 20:43:03,903 [Thread-204:9352] [django.server:131] [basehttp:log_message] [INFO]- "GET /static/js/bootstrap.min.js?_=1498308174513 HTTP/1.1" 200 31823
2017-06-24 20:43:07,713 [Thread-205:10424] [django.server:131] [basehttp:log_message] [INFO]- "POST /add_scenario/ HTTP/1.1" 200 12
2017-06-24 20:43:08,884 [Thread-206:11412] [django.server:131] [basehttp:log_message] [INFO]- "GET /scenario_list/?pro_id=1 HTTP/1.1" 200 4508
2017-06-24 20:43:08,947 [Thread-207:8124] [django.server:131] [basehttp:log_message] [INFO]- "GET /static/js/jquery-1.11.1.min.js?_=1498308183778 HTTP/1.1" 200 95789
2017-06-24 20:43:08,984 [Thread-208:276] [django.server:131] [basehttp:log_message] [INFO]- "GET /static/js/bootstrap.min.js?_=1498308183779 HTTP/1.1" 200 31823
2017-06-24 20:43:09,000 [Thread-209:12080] [django.server:131] [basehttp:log_message] [INFO]- "GET /static/js/jquery.datatables.min.js?_=1498308183780 HTTP/1.1" 200 77503
2017-06-24 20:43:16,125 [Thread-210:10192] [django.server:131] [basehttp:log_message] [INFO]- "GET /edit_scenario?id=4&pro_id=1 HTTP/1.1" 301 0
2017-06-24 20:43:16,155 [Thread-211:6836] [django.server:131] [basehttp:log_message] [INFO]- "GET /edit_scenario/?id=4&pro_id=1 HTTP/1.1" 200 13152
2017-06-24 20:43:16,207 [Thread-212:4848] [django.server:131] [basehttp:log_message] [INFO]- "GET /static/js/jquery-1.11.1.min.js?_=1498308188944 HTTP/1.1" 200 95789
2017-06-24 20:43:16,255 [Thread-213:10572] [django.server:131] [basehttp:log_message] [INFO]- "GET /static/js/jquery-ui-1.10.3.min.js?_=1498308188945 HTTP/1.1" 200 228142
2017-06-24 20:43:16,332 [Thread-214:11416] [django.server:131] [basehttp:log_message] [INFO]- "GET /static/js/jquery-1.11.1.min.js?_=1498308188946 HTTP/1.1" 200 95789
2017-06-24 20:43:16,384 [Thread-215:10648] [django.server:131] [basehttp:log_message] [INFO]- "GET /static/js/jquery.datatables.min.js?_=1498308188947 HTTP/1.1" 200 77503
2017-06-24 20:43:16,420 [Thread-216:5404] [django.server:131] [basehttp:log_message] [INFO]- "GET /static/js/jquery-ui-1.10.3.min.js?_=1498308188948 HTTP/1.1" 200 228142
2017-06-24 20:43:16,487 [Thread-217:10324] [django.server:131] [basehttp:log_message] [INFO]- "GET /static/js/bootstrap.min.js?_=1498308188949 HTTP/1.1" 200 31823
2017-06-24 20:43:22,125 [Thread-218:8548] [django.server:131] [basehttp:log_message] [INFO]- "GET /scenario_list/?pro_id=1 HTTP/1.1" 200 4508
2017-06-24 20:43:22,223 [Thread-219:7864] [django.server:131] [basehttp:log_message] [INFO]- "GET /static/js/jquery-1.11.1.min.js?_=1498308196334 HTTP/1.1" 200 95789
2017-06-24 20:43:22,267 [Thread-220:7308] [django.server:131] [basehttp:log_message] [INFO]- "GET /static/js/bootstrap.min.js?_=1498308196335 HTTP/1.1" 200 31823
2017-06-24 20:43:22,296 [Thread-221:11004] [django.server:131] [basehttp:log_message] [INFO]- "GET /static/js/jquery.datatables.min.js?_=1498308196336 HTTP/1.1" 200 77503
2017-06-24 20:43:28,881 [Thread-222:6928] [django.server:131] [basehttp:log_message] [INFO]- "GET /project/ HTTP/1.1" 200 1506
2017-06-24 20:43:28,933 [Thread-223:8976] [django.server:131] [basehttp:log_message] [INFO]- "GET /static/js/jquery-1.11.1.min.js?_=1498308202224 HTTP/1.1" 200 95789
2017-06-24 20:43:28,974 [Thread-224:9756] [django.server:131] [basehttp:log_message] [INFO]- "GET /static/js/bootstrap.min.js?_=1498308202225 HTTP/1.1" 200 31823
2017-06-24 20:43:29,006 [Thread-225:10072] [django.server:131] [basehttp:log_message] [INFO]- "GET /static/js/jquery.datatables.min.js?_=1498308202226 HTTP/1.1" 200 77503
2017-06-24 20:43:30,030 [Thread-226:9380] [django.server:131] [basehttp:log_message] [ERROR]- "GET /add_scenario/?pro_id= HTTP/1.1" 500 18860
2017-06-24 20:43:31,635 [Thread-227:3200] [django.server:131] [basehttp:log_message] [INFO]- "GET /project/ HTTP/1.1" 200 1506
2017-06-24 20:43:31,658 [Thread-228:11352] [django.server:131] [basehttp:log_message] [INFO]- "GET /static/js/jquery-1.11.1.min.js?_=1498308208932 HTTP/1.1" 200 95789
2017-06-24 20:43:31,711 [Thread-229:9404] [django.server:131] [basehttp:log_message] [INFO]- "GET /static/js/bootstrap.min.js?_=1498308208933 HTTP/1.1" 200 31823
2017-06-24 20:43:31,730 [Thread-230:11252] [django.server:131] [basehttp:log_message] [INFO]- "GET /static/js/jquery.datatables.min.js?_=1498308208934 HTTP/1.1" 200 77503
2017-06-24 20:43:41,220 [Thread-231:8880] [django.server:131] [basehttp:log_message] [INFO]- "GET /scenario_list/?pro_id=1 HTTP/1.1" 200 4508
2017-06-24 20:43:41,335 [Thread-232:7376] [django.server:131] [basehttp:log_message] [INFO]- "GET /static/js/jquery-1.11.1.min.js?_=1498308211654 HTTP/1.1" 200 95789
2017-06-24 20:43:41,398 [Thread-233:9736] [django.server:131] [basehttp:log_message] [INFO]- "GET /static/js/bootstrap.min.js?_=1498308211655 HTTP/1.1" 200 31823
2017-06-24 20:43:41,418 [Thread-234:7916] [django.server:131] [basehttp:log_message] [INFO]- "GET /static/js/jquery.datatables.min.js?_=1498308211656 HTTP/1.1" 200 77503
2017-06-24 22:01:44,312 [Thread-235:4688] [django.server:131] [basehttp:log_message] [INFO]- "GET /add_scenario/?pro_id=1 HTTP/1.1" 200 12974
2017-06-24 22:01:44,371 [Thread-236:11976] [django.server:131] [basehttp:log_message] [INFO]- "GET /static/js/jquery-1.11.1.min.js?_=1498308221345 HTTP/1.1" 200 95789
2017-06-24 22:01:44,423 [Thread-237:5648] [django.server:131] [basehttp:log_message] [INFO]- "GET /static/js/jquery-ui-1.10.3.min.js?_=1498308221346 HTTP/1.1" 200 228142
2017-06-24 22:01:44,496 [Thread-238:1328] [django.server:131] [basehttp:log_message] [INFO]- "GET /static/js/jquery-1.11.1.min.js?_=1498308221347 HTTP/1.1" 200 95789
2017-06-24 22:01:44,542 [Thread-239:12276] [django.server:131] [basehttp:log_message] [INFO]- "GET /static/js/jquery.datatables.min.js?_=1498308221348 HTTP/1.1" 200 77503
2017-06-24 22:01:44,591 [Thread-240:10900] [django.server:131] [basehttp:log_message] [INFO]- "GET /static/js/jquery-ui-1.10.3.min.js?_=1498308221349 HTTP/1.1" 200 228142
2017-06-24 22:01:44,671 [Thread-241:8688] [django.server:131] [basehttp:log_message] [INFO]- "GET /static/js/bootstrap.min.js?_=1498308221350 HTTP/1.1" 200 31823
2017-06-24 22:02:36,753 [Thread-242:10904] [django.server:131] [basehttp:log_message] [INFO]- "GET /scenario_list/?pro_id=1 HTTP/1.1" 200 4508
2017-06-24 22:02:36,898 [Thread-243:2924] [django.server:131] [basehttp:log_message] [INFO]- "GET /static/js/jquery-1.11.1.min.js?_=1498312904519 HTTP/1.1" 200 95789
2017-06-24 22:02:36,948 [Thread-244:9968] [django.server:131] [basehttp:log_message] [INFO]- "GET /static/js/bootstrap.min.js?_=1498312904520 HTTP/1.1" 200 31823
2017-06-24 22:02:36,993 [Thread-245:4196] [django.server:131] [basehttp:log_message] [INFO]- "GET /static/js/jquery.datatables.min.js?_=1498312904521 HTTP/1.1" 200 77503
2017-06-24 22:03:00,885 [Thread-246:1856] [django.server:131] [basehttp:log_message] [INFO]- "GET /scenario_list/?pro_id=1 HTTP/1.1" 200 4508
2017-06-24 22:03:01,053 [Thread-247:12096] [django.server:131] [basehttp:log_message] [INFO]- "GET /static/js/jquery-1.11.1.min.js?_=1498312956915 HTTP/1.1" 200 95789
2017-06-24 22:03:01,209 [Thread-248:7548] [django.server:131] [basehttp:log_message] [INFO]- "GET /static/js/bootstrap.min.js?_=1498312956916 HTTP/1.1" 200 31823
2017-06-24 22:03:01,369 [Thread-249:8984] [django.server:131] [basehttp:log_message] [INFO]- "GET /static/js/jquery.datatables.min.js?_=1498312956917 HTTP/1.1" 200 77503
2017-06-24 22:03:03,000 [Thread-250:10436] [django.server:131] [basehttp:log_message] [INFO]- "GET /add_scenario/?pro_id=1 HTTP/1.1" 200 12974
2017-06-24 22:03:03,114 [Thread-251:9740] [django.server:131] [basehttp:log_message] [INFO]- "GET /static/js/jquery-1.11.1.min.js?_=1498312981160 HTTP/1.1" 200 95789
2017-06-24 22:03:03,227 [Thread-252:6656] [django.server:131] [basehttp:log_message] [INFO]- "GET /static/js/jquery-ui-1.10.3.min.js?_=1498312981161 HTTP/1.1" 200 228142
2017-06-24 22:03:03,345 [Thread-253:9412] [django.server:131] [basehttp:log_message] [INFO]- "GET /static/js/jquery-1.11.1.min.js?_=1498312981162 HTTP/1.1" 200 95789
2017-06-24 22:03:03,411 [Thread-254:9424] [django.server:131] [basehttp:log_message] [INFO]- "GET /static/js/jquery.datatables.min.js?_=1498312981163 HTTP/1.1" 200 77503
2017-06-24 22:03:03,457 [Thread-255:9604] [django.server:131] [basehttp:log_message] [INFO]- "GET /static/js/jquery-ui-1.10.3.min.js?_=1498312981164 HTTP/1.1" 200 228142
2017-06-24 22:03:03,575 [Thread-256:8672] [django.server:131] [basehttp:log_message] [INFO]- "GET /static/js/bootstrap.min.js?_=1498312981165 HTTP/1.1" 200 31823
2017-06-24 22:03:06,732 [Thread-257:4380] [django.server:131] [basehttp:log_message] [INFO]- "GET /scenario_list/?pro_id=1 HTTP/1.1" 200 4508
2017-06-24 22:03:06,872 [Thread-258:10928] [django.server:131] [basehttp:log_message] [INFO]- "GET /static/js/jquery-1.11.1.min.js?_=1498312983371 HTTP/1.1" 200 95789
2017-06-24 22:03:06,994 [Thread-259:12028] [django.server:131] [basehttp:log_message] [INFO]- "GET /static/js/bootstrap.min.js?_=1498312983372 HTTP/1.1" 200 31823
2017-06-24 22:03:07,038 [Thread-260:5092] [django.server:131] [basehttp:log_message] [INFO]- "GET /static/js/jquery.datatables.min.js?_=1498312983373 HTTP/1.1" 200 77503
2017-06-24 22:06:58,947 [Thread-261:7428] [django.server:131] [basehttp:log_message] [INFO]- "GET /add_scenario/?pro_id=1 HTTP/1.1" 200 12974
2017-06-24 22:06:59,036 [Thread-262:9576] [django.server:131] [basehttp:log_message] [INFO]- "GET /static/js/jquery-1.11.1.min.js?_=1498312986957 HTTP/1.1" 200 95789
2017-06-24 22:06:59,282 [Thread-263:10788] [django.server:131] [basehttp:log_message] [INFO]- "GET /static/js/jquery-ui-1.10.3.min.js?_=1498312986958 HTTP/1.1" 200 228142
2017-06-24 22:06:59,474 [Thread-264:7660] [django.server:131] [basehttp:log_message] [INFO]- "GET /static/js/jquery-1.11.1.min.js?_=1498312986959 HTTP/1.1" 200 95789
2017-06-24 22:06:59,522 [Thread-265:3196] [django.server:131] [basehttp:log_message] [INFO]- "GET /static/js/jquery.datatables.min.js?_=1498312986960 HTTP/1.1" 200 77503
2017-06-24 22:06:59,552 [Thread-266:5728] [django.server:131] [basehttp:log_message] [INFO]- "GET /static/js/jquery-ui-1.10.3.min.js?_=1498312986961 HTTP/1.1" 200 228142
2017-06-24 22:06:59,619 [Thread-267:4860] [django.server:131] [basehttp:log_message] [INFO]- "GET /static/js/bootstrap.min.js?_=1498312986962 HTTP/1.1" 200 31823
2017-06-24 22:07:35,575 [Thread-268:11644] [django.server:131] [basehttp:log_message] [INFO]- "POST /add_scenario/ HTTP/1.1" 200 12
2017-06-24 22:07:37,905 [Thread-269:12044] [django.server:131] [basehttp:log_message] [INFO]- "GET /scenario_list/?pro_id=1 HTTP/1.1" 200 5506
2017-06-24 22:07:38,119 [Thread-270:8608] [django.server:131] [basehttp:log_message] [INFO]- "GET /static/js/jquery-1.11.1.min.js?_=1498313219498 HTTP/1.1" 200 95789
2017-06-24 22:07:38,405 [Thread-271:7504] [django.server:131] [basehttp:log_message] [INFO]- "GET /static/js/bootstrap.min.js?_=1498313219499 HTTP/1.1" 200 31823
2017-06-24 22:07:38,459 [Thread-272:3556] [django.server:131] [basehttp:log_message] [INFO]- "GET /static/js/jquery.datatables.min.js?_=1498313219500 HTTP/1.1" 200 77503
2017-06-24 22:12:34,427 [Thread-273:8684] [django.server:131] [basehttp:log_message] [INFO]- "GET /scenario_list/?pro_id=1 HTTP/1.1" 200 5506
2017-06-24 22:12:34,663 [Thread-274:11788] [django.server:131] [basehttp:log_message] [INFO]- "GET /static/js/jquery-1.11.1.min.js?_=1498313258336 HTTP/1.1" 200 95789
2017-06-24 22:12:34,855 [Thread-275:9312] [django.server:131] [basehttp:log_message] [INFO]- "GET /static/js/bootstrap.min.js?_=1498313258337 HTTP/1.1" 200 31823
2017-06-24 22:12:35,059 [Thread-276:11100] [django.server:131] [basehttp:log_message] [INFO]- "GET /static/js/jquery.datatables.min.js?_=1498313258338 HTTP/1.1" 200 77503
2017-06-24 22:12:49,967 [Thread-277:10400] [django.server:131] [basehttp:log_message] [INFO]- "GET /project/ HTTP/1.1" 200 1506
2017-06-24 22:12:50,167 [Thread-278:9212] [django.server:131] [basehttp:log_message] [INFO]- "GET /static/js/jquery-1.11.1.min.js?_=1498313554784 HTTP/1.1" 200 95789
2017-06-24 22:12:50,329 [Thread-279:3892] [django.server:131] [basehttp:log_message] [INFO]- "GET /static/js/bootstrap.min.js?_=1498313554785 HTTP/1.1" 200 31823
2017-06-24 22:12:50,469 [Thread-280:7224] [django.server:131] [basehttp:log_message] [INFO]- "GET /static/js/jquery.datatables.min.js?_=1498313554786 HTTP/1.1" 200 77503
2017-06-24 22:12:52,671 [Thread-281:6976] [django.server:131] [basehttp:log_message] [ERROR]- "GET /add_scenario/?pro_id= HTTP/1.1" 500 18860
2017-06-24 22:12:59,084 [Thread-282:6280] [django.server:131] [basehttp:log_message] [INFO]- "GET /scenario_list/?pro_id=1 HTTP/1.1" 200 5506
2017-06-24 22:12:59,292 [Thread-283:3648] [django.server:131] [basehttp:log_message] [INFO]- "GET /static/js/jquery-1.11.1.min.js?_=1498313570276 HTTP/1.1" 200 95789
2017-06-24 22:12:59,444 [Thread-284:4456] [django.server:131] [basehttp:log_message] [INFO]- "GET /static/js/bootstrap.min.js?_=1498313570277 HTTP/1.1" 200 31823
2017-06-24 22:12:59,559 [Thread-285:1440] [django.server:131] [basehttp:log_message] [INFO]- "GET /static/js/jquery.datatables.min.js?_=1498313570278 HTTP/1.1" 200 77503
2017-06-24 22:13:01,799 [Thread-286:308] [django.server:131] [basehttp:log_message] [INFO]- "GET /add_scenario/?pro_id=1 HTTP/1.1" 200 12974
2017-06-24 22:13:01,954 [Thread-287:11328] [django.server:131] [basehttp:log_message] [INFO]- "GET /static/js/jquery-1.11.1.min.js?_=1498313579388 HTTP/1.1" 200 95789
2017-06-24 22:13:02,115 [Thread-288:12188] [django.server:131] [basehttp:log_message] [INFO]- "GET /static/js/jquery-ui-1.10.3.min.js?_=1498313579389 HTTP/1.1" 200 228142
2017-06-24 22:13:02,342 [Thread-289:3364] [django.server:131] [basehttp:log_message] [INFO]- "GET /static/js/jquery-1.11.1.min.js?_=1498313579390 HTTP/1.1" 200 95789
2017-06-24 22:13:02,474 [Thread-290:7488] [django.server:131] [basehttp:log_message] [INFO]- "GET /static/js/jquery.datatables.min.js?_=1498313579391 HTTP/1.1" 200 77503
2017-06-24 22:13:02,533 [Thread-291:2884] [django.server:131] [basehttp:log_message] [INFO]- "GET /static/js/jquery-ui-1.10.3.min.js?_=1498313579392 HTTP/1.1" 200 228142
2017-06-24 22:13:02,630 [Thread-292:10672] [django.server:131] [basehttp:log_message] [INFO]- "GET /static/js/bootstrap.min.js?_=1498313579393 HTTP/1.1" 200 31823
2017-06-24 22:13:05,282 [Thread-293:3696] [django.server:131] [basehttp:log_message] [INFO]- "GET /project/ HTTP/1.1" 200 1506
2017-06-24 22:13:05,404 [Thread-294:1532] [django.server:131] [basehttp:log_message] [INFO]- "GET /static/js/jquery-1.11.1.min.js?_=1498313582424 HTTP/1.1" 200 95789
2017-06-24 22:13:05,569 [Thread-295:10408] [django.server:131] [basehttp:log_message] [INFO]- "GET /static/js/bootstrap.min.js?_=1498313582425 HTTP/1.1" 200 31823
2017-06-24 22:13:05,684 [Thread-296:8492] [django.server:131] [basehttp:log_message] [INFO]- "GET /static/js/jquery.datatables.min.js?_=1498313582426 HTTP/1.1" 200 77503
2017-06-24 22:15:00,618 [Thread-297:1404] [django.server:131] [basehttp:log_message] [INFO]- "GET /index/ HTTP/1.1" 200 33723
2017-06-24 22:15:01,328 [Thread-298:6384] [django.server:131] [basehttp:log_message] [INFO]- "GET /static/css/style.default.css HTTP/1.1" 304 0
2017-06-24 22:15:01,387 [Thread-299:5028] [django.server:131] [basehttp:log_message] [INFO]- "GET /static/js/jquery-1.11.1.min.js HTTP/1.1" 304 0
2017-06-24 22:15:01,398 [Thread-300:11732] [django.server:131] [basehttp:log_message] [INFO]- "GET /static/js/jquery-migrate-1.2.1.min.js HTTP/1.1" 304 0
2017-06-24 22:15:01,434 [Thread-301:5332] [django.server:131] [basehttp:log_message] [INFO]- "GET /static/js/jquery-ui-1.10.3.min.js HTTP/1.1" 304 0
2017-06-24 22:15:01,440 [Thread-302:2228] [django.server:131] [basehttp:log_message] [INFO]- "GET /static/js/bootstrap.min.js HTTP/1.1" 304 0
2017-06-24 22:15:01,467 [Thread-303:11836] [django.server:131] [basehttp:log_message] [INFO]- "GET /static/js/modernizr.min.js HTTP/1.1" 304 0
2017-06-24 22:15:01,486 [Thread-304:9908] [django.server:131] [basehttp:log_message] [INFO]- "GET /static/js/jquery.sparkline.min.js HTTP/1.1" 304 0
2017-06-24 22:15:01,490 [Thread-305:10724] [django.server:131] [basehttp:log_message] [INFO]- "GET /static/js/toggles.min.js HTTP/1.1" 304 0
2017-06-24 22:15:01,512 [Thread-306:5576] [django.server:131] [basehttp:log_message] [INFO]- "GET /static/js/retina.min.js HTTP/1.1" 304 0
2017-06-24 22:15:01,526 [Thread-307:10252] [django.server:131] [basehttp:log_message] [INFO]- "GET /static/js/jquery.cookies.js HTTP/1.1" 304 0
2017-06-24 22:15:01,539 [Thread-308:5284] [django.server:131] [basehttp:log_message] [INFO]- "GET /static/js/flot/jquery.flot.min.js HTTP/1.1" 304 0
2017-06-24 22:15:01,553 [Thread-309:5424] [django.server:131] [basehttp:log_message] [INFO]- "GET /static/js/flot/jquery.flot.resize.min.js HTTP/1.1" 304 0
2017-06-24 22:15:01,565 [Thread-310:1840] [django.server:131] [basehttp:log_message] [INFO]- "GET /static/js/flot/jquery.flot.spline.min.js HTTP/1.1" 304 0
2017-06-24 22:15:01,565 [Thread-311:7280] [django.server:131] [basehttp:log_message] [INFO]- "GET /static/js/raphael-2.1.0.min.js HTTP/1.1" 304 0
2017-06-24 22:15:01,576 [Thread-312:8864] [django.server:131] [basehttp:log_message] [INFO]- "GET /static/js/custom.js HTTP/1.1" 304 0
2017-06-24 22:15:01,588 [Thread-313:9940] [django.server:131] [basehttp:log_message] [INFO]- "GET /static/js/Hero.js HTTP/1.1" 304 0
2017-06-24 22:15:01,601 [Thread-314:11876] [django.server:131] [basehttp:log_message] [INFO]- "GET /static/images/photos/loggeduser.png HTTP/1.1" 304 0
2017-06-24 22:15:01,611 [Thread-315:12056] [django.server:131] [basehttp:log_message] [INFO]- "GET /static/images/photos/user1.png HTTP/1.1" 304 0
2017-06-24 22:15:01,618 [Thread-316:11604] [django.server:131] [basehttp:log_message] [INFO]- "GET /static/images/photos/user2.png HTTP/1.1" 304 0
2017-06-24 22:15:01,621 [Thread-317:5064] [django.server:131] [basehttp:log_message] [INFO]- "GET /static/images/photos/user3.png HTTP/1.1" 304 0
2017-06-24 22:15:01,630 [Thread-318:11744] [django.server:131] [basehttp:log_message] [INFO]- "GET /static/images/photos/user4.png HTTP/1.1" 304 0
2017-06-24 22:15:01,631 [Thread-319:7272] [django.server:131] [basehttp:log_message] [INFO]- "GET /static/images/photos/user5.png HTTP/1.1" 304 0
2017-06-24 22:15:01,635 [Thread-320:2716] [django.server:131] [basehttp:log_message] [INFO]- "GET /static/images/photos/userprofile.png HTTP/1.1" 304 0
2017-06-24 22:15:01,750 [Thread-321:8820] [django.server:131] [basehttp:log_message] [INFO]- "GET /static/css/bootstrap.min.css HTTP/1.1" 304 0
2017-06-24 22:15:01,753 [Thread-322:8880] [django.server:131] [basehttp:log_message] [INFO]- "GET /static/css/bootstrap-override.css HTTP/1.1" 304 0
2017-06-24 22:15:01,759 [Thread-323:10600] [django.server:131] [basehttp:log_message] [INFO]- "GET /static/css/weather-icons.min.css HTTP/1.1" 304 0
2017-06-24 22:15:01,766 [Thread-324:9956] [django.server:131] [basehttp:log_message] [INFO]- "GET /static/css/jquery-ui-1.10.3.css HTTP/1.1" 304 0
2017-06-24 22:15:01,766 [Thread-325:2344] [django.server:131] [basehttp:log_message] [INFO]- "GET /static/css/font-awesome.min.css HTTP/1.1" 304 0
2017-06-24 22:15:01,773 [Thread-326:11488] [django.server:131] [basehttp:log_message] [INFO]- "GET /static/css/animate.min.css HTTP/1.1" 304 0
2017-06-24 22:15:01,779 [Thread-327:6548] [django.server:131] [basehttp:log_message] [INFO]- "GET /static/css/animate.delay.css HTTP/1.1" 304 0
2017-06-24 22:15:01,782 [Thread-328:11316] [django.server:131] [basehttp:log_message] [INFO]- "GET /static/css/toggles.css HTTP/1.1" 304 0
2017-06-24 22:15:01,796 [Thread-329:8504] [django.server:131] [basehttp:log_message] [INFO]- "GET /static/css/select2.css HTTP/1.1" 304 0
2017-06-24 22:15:01,802 [Thread-330:9720] [django.server:131] [basehttp:log_message] [INFO]- "GET /static/css/lato.css HTTP/1.1" 304 0
2017-06-24 22:15:01,802 [Thread-331:12100] [django.server:131] [basehttp:log_message] [INFO]- "GET /static/css/roboto.css HTTP/1.1" 304 0
2017-06-24 22:15:02,007 [Thread-332:8264] [django.server:131] [basehttp:log_message] [INFO]- "GET /static/images/plus-white.png HTTP/1.1" 304 0
2017-06-24 22:15:02,013 [Thread-333:9472] [django.server:131] [basehttp:log_message] [INFO]- "GET /static/images/icon-search.png HTTP/1.1" 304 0
2017-06-24 22:15:03,825 [Thread-334:7728] [django.server:131] [basehttp:log_message] [INFO]- "GET /static/images/plus.png HTTP/1.1" 304 0
2017-06-24 22:15:04,703 [Thread-335:9476] [django.server:131] [basehttp:log_message] [INFO]- "GET /project/ HTTP/1.1" 200 5797
2017-06-24 22:15:04,796 [Thread-336:8632] [django.server:131] [basehttp:log_message] [INFO]- "GET /static/js/jquery-1.11.1.min.js?_=1498313702021 HTTP/1.1" 200 95789
2017-06-24 22:15:04,944 [Thread-337:7160] [django.server:131] [basehttp:log_message] [INFO]- "GET /static/js/bootstrap.min.js?_=1498313702022 HTTP/1.1" 200 31823
2017-06-24 22:15:05,086 [Thread-338:292] [django.server:131] [basehttp:log_message] [INFO]- "GET /static/js/jquery.datatables.min.js?_=1498313702023 HTTP/1.1" 200 77503
2017-06-24 22:15:05,321 [Thread-339:3348] [django.server:131] [basehttp:log_message] [INFO]- "GET /static/images/sort_both.png HTTP/1.1" 304 0
2017-06-24 22:15:05,322 [Thread-340:8208] [django.server:131] [basehttp:log_message] [INFO]- "GET /static/images/sort_asc.png HTTP/1.1" 304 0
2017-06-24 22:15:22,105 [Thread-341:12244] [autoDjango.views:62] [views:element] [ERROR]- invalid literal for int() with base 10: ''
2017-06-24 22:15:22,108 [Thread-341:12244] [django.server:131] [basehttp:log_message] [INFO]- "POST /element/ HTTP/1.1" 200 12
2017-06-24 22:15:28,378 [Thread-342:11152] [autoDjango.views:62] [views:element] [ERROR]- invalid literal for int() with base 10: ''
2017-06-24 22:15:28,380 [Thread-342:11152] [django.server:131] [basehttp:log_message] [INFO]- "POST /element/ HTTP/1.1" 200 12
2017-06-24 22:17:09,338 [Thread-343:10520] [django.server:131] [basehttp:log_message] [INFO]- "GET /index/ HTTP/1.1" 200 33723
2017-06-24 22:17:09,762 [Thread-345:7204] [django.server:131] [basehttp:log_message] [INFO]- "GET /static/js/jquery-1.11.1.min.js HTTP/1.1" 304 0
2017-06-24 22:17:09,766 [Thread-344:3396] [django.server:131] [basehttp:log_message] [INFO]- "GET /static/css/style.default.css HTTP/1.1" 304 0
2017-06-24 22:17:09,786 [Thread-346:10052] [django.server:131] [basehttp:log_message] [INFO]- "GET /static/js/jquery-migrate-1.2.1.min.js HTTP/1.1" 304 0
2017-06-24 22:17:09,788 [Thread-347:10652] [django.server:131] [basehttp:log_message] [INFO]- "GET /static/js/jquery-ui-1.10.3.min.js HTTP/1.1" 304 0
2017-06-24 22:17:09,796 [Thread-348:3200] [django.server:131] [basehttp:log_message] [INFO]- "GET /static/js/bootstrap.min.js HTTP/1.1" 304 0
2017-06-24 22:17:09,798 [Thread-349:11800] [django.server:131] [basehttp:log_message] [INFO]- "GET /static/js/modernizr.min.js HTTP/1.1" 304 0
2017-06-24 22:17:09,802 [Thread-350:7800] [django.server:131] [basehttp:log_message] [INFO]- "GET /static/js/jquery.sparkline.min.js HTTP/1.1" 304 0
2017-06-24 22:17:09,808 [Thread-351:11416] [django.server:131] [basehttp:log_message] [INFO]- "GET /static/js/toggles.min.js HTTP/1.1" 304 0
2017-06-24 22:17:09,811 [Thread-352:11304] [django.server:131] [basehttp:log_message] [INFO]- "GET /static/js/retina.min.js HTTP/1.1" 304 0
2017-06-24 22:17:09,822 [Thread-353:384] [django.server:131] [basehttp:log_message] [INFO]- "GET /static/js/jquery.cookies.js HTTP/1.1" 304 0
2017-06-24 22:17:09,826 [Thread-354:11040] [django.server:131] [basehttp:log_message] [INFO]- "GET /static/js/flot/jquery.flot.min.js HTTP/1.1" 304 0
2017-06-24 22:17:09,844 [Thread-355:11616] [django.server:131] [basehttp:log_message] [INFO]- "GET /static/js/flot/jquery.flot.resize.min.js HTTP/1.1" 304 0
2017-06-24 22:17:09,848 [Thread-356:10248] [django.server:131] [basehttp:log_message] [INFO]- "GET /static/js/flot/jquery.flot.spline.min.js HTTP/1.1" 304 0
2017-06-24 22:17:09,852 [Thread-357:11848] [django.server:131] [basehttp:log_message] [INFO]- "GET /static/js/raphael-2.1.0.min.js HTTP/1.1" 304 0
2017-06-24 22:17:09,855 [Thread-358:5184] [django.server:131] [basehttp:log_message] [INFO]- "GET /static/js/custom.js HTTP/1.1" 304 0
2017-06-24 22:17:09,857 [Thread-359:11504] [django.server:131] [basehttp:log_message] [INFO]- "GET /static/js/Hero.js HTTP/1.1" 304 0
2017-06-24 22:17:09,921 [Thread-360:10668] [django.server:131] [basehttp:log_message] [INFO]- "GET /static/images/photos/loggeduser.png HTTP/1.1" 304 0
2017-06-24 22:17:09,933 [Thread-361:12236] [django.server:131] [basehttp:log_message] [INFO]- "GET /static/images/photos/user1.png HTTP/1.1" 304 0
2017-06-24 22:17:09,940 [Thread-362:8884] [django.server:131] [basehttp:log_message] [INFO]- "GET /static/images/photos/user2.png HTTP/1.1" 304 0
2017-06-24 22:17:09,944 [Thread-363:11888] [django.server:131] [basehttp:log_message] [INFO]- "GET /static/images/photos/user3.png HTTP/1.1" 304 0
2017-06-24 22:17:09,947 [Thread-364:3328] [django.server:131] [basehttp:log_message] [INFO]- "GET /static/images/photos/user4.png HTTP/1.1" 304 0
2017-06-24 22:17:09,950 [Thread-365:11828] [django.server:131] [basehttp:log_message] [INFO]- "GET /static/images/photos/user5.png HTTP/1.1" 304 0
2017-06-24 22:17:09,950 [Thread-366:2572] [django.server:131] [basehttp:log_message] [INFO]- "GET /static/images/photos/userprofile.png HTTP/1.1" 304 0
2017-06-24 22:17:10,197 [Thread-367:10244] [django.server:131] [basehttp:log_message] [INFO]- "GET /static/css/bootstrap.min.css HTTP/1.1" 304 0
2017-06-24 22:17:10,214 [Thread-368:11968] [django.server:131] [basehttp:log_message] [INFO]- "GET /static/css/bootstrap-override.css HTTP/1.1" 304 0
2017-06-24 22:17:10,219 [Thread-369:5208] [django.server:131] [basehttp:log_message] [INFO]- "GET /static/css/weather-icons.min.css HTTP/1.1" 304 0
2017-06-24 22:17:10,246 [Thread-370:5516] [django.server:131] [basehttp:log_message] [INFO]- "GET /static/css/jquery-ui-1.10.3.css HTTP/1.1" 304 0
2017-06-24 22:17:10,255 [Thread-371:9952] [django.server:131] [basehttp:log_message] [INFO]- "GET /static/css/font-awesome.min.css HTTP/1.1" 304 0
2017-06-24 22:17:10,259 [Thread-372:11436] [django.server:131] [basehttp:log_message] [INFO]- "GET /static/css/animate.min.css HTTP/1.1" 304 0
2017-06-24 22:17:10,266 [Thread-373:10364] [django.server:131] [basehttp:log_message] [INFO]- "GET /static/css/animate.delay.css HTTP/1.1" 304 0
2017-06-24 22:17:10,273 [Thread-374:3608] [django.server:131] [basehttp:log_message] [INFO]- "GET /static/css/toggles.css HTTP/1.1" 304 0
2017-06-24 22:17:10,276 [Thread-375:6712] [django.server:131] [basehttp:log_message] [INFO]- "GET /static/css/select2.css HTTP/1.1" 304 0
2017-06-24 22:17:10,279 [Thread-376:7036] [django.server:131] [basehttp:log_message] [INFO]- "GET /static/css/lato.css HTTP/1.1" 304 0
2017-06-24 22:17:10,283 [Thread-377:10696] [django.server:131] [basehttp:log_message] [INFO]- "GET /static/css/roboto.css HTTP/1.1" 304 0
2017-06-24 22:17:10,464 [Thread-378:7584] [django.server:131] [basehttp:log_message] [INFO]- "GET /static/images/plus-white.png HTTP/1.1" 304 0
2017-06-24 22:17:10,467 [Thread-379:9656] [django.server:131] [basehttp:log_message] [INFO]- "GET /static/images/icon-search.png HTTP/1.1" 304 0
2017-06-24 22:17:11,996 [Thread-380:3528] [django.server:131] [basehttp:log_message] [INFO]- "GET /static/images/plus.png HTTP/1.1" 304 0
2017-06-24 22:17:12,905 [Thread-381:10952] [django.server:131] [basehttp:log_message] [INFO]- "GET /project/ HTTP/1.1" 200 1559
2017-06-24 22:17:13,032 [Thread-382:8960] [django.server:131] [basehttp:log_message] [INFO]- "GET /static/js/jquery-1.11.1.min.js?_=1498313830467 HTTP/1.1" 200 95789
2017-06-24 22:17:13,128 [Thread-383:7288] [django.server:131] [basehttp:log_message] [INFO]- "GET /static/js/bootstrap.min.js?_=1498313830468 HTTP/1.1" 200 31823
2017-06-24 22:17:13,176 [Thread-384:9056] [django.server:131] [basehttp:log_message] [INFO]- "GET /static/js/jquery.datatables.min.js?_=1498313830469 HTTP/1.1" 200 77503
2017-06-24 22:17:13,367 [Thread-385:7816] [django.server:131] [basehttp:log_message] [INFO]- "GET /static/images/sort_both.png HTTP/1.1" 304 0
2017-06-24 22:17:13,392 [Thread-386:8532] [django.server:131] [basehttp:log_message] [INFO]- "GET /static/images/sort_asc.png HTTP/1.1" 304 0
2017-06-24 22:17:14,424 [Thread-387:6716] [django.server:131] [basehttp:log_message] [ERROR]- "GET /add_case/?action=add_case&pro_id= HTTP/1.1" 500 19154
2017-06-24 22:17:23,739 [Thread-388:10424] [django.server:131] [basehttp:log_message] [INFO]- "GET /project/ HTTP/1.1" 200 1559
2017-06-24 22:17:23,823 [Thread-389:1380] [django.server:131] [basehttp:log_message] [INFO]- "GET /static/js/jquery-1.11.1.min.js?_=1498313833072 HTTP/1.1" 200 95789
2017-06-24 22:17:23,907 [Thread-390:10072] [django.server:131] [basehttp:log_message] [INFO]- "GET /static/js/bootstrap.min.js?_=1498313833073 HTTP/1.1" 200 31823
2017-06-24 22:17:23,957 [Thread-391:8976] [django.server:131] [basehttp:log_message] [INFO]- "GET /static/js/jquery.datatables.min.js?_=1498313833074 HTTP/1.1" 200 77503
2017-06-24 22:53:31,828 [Thread-392:7956] [django.server:131] [basehttp:log_message] [INFO]- "GET /project/ HTTP/1.1" 200 1559
2017-06-24 22:53:31,891 [Thread-393:11956] [django.server:131] [basehttp:log_message] [INFO]- "GET /static/js/jquery-1.11.1.min.js?_=1498313843862 HTTP/1.1" 200 95789
2017-06-24 22:53:31,944 [Thread-394:6004] [django.server:131] [basehttp:log_message] [INFO]- "GET /static/js/bootstrap.min.js?_=1498313843863 HTTP/1.1" 200 31823
2017-06-24 22:53:31,970 [Thread-395:5728] [django.server:131] [basehttp:log_message] [INFO]- "GET /static/js/jquery.datatables.min.js?_=1498313843864 HTTP/1.1" 200 77503
2017-06-24 22:53:36,430 [Thread-396:6596] [django.server:131] [basehttp:log_message] [ERROR]- "GET /add_case/?action=add_case&pro_id= HTTP/1.1" 500 19154
2017-06-25 11:16:10,733 [Thread-397:8420] [django.server:131] [basehttp:log_message] [INFO]- "GET /static/images/minus.png HTTP/1.1" 304 0
2017-06-25 11:16:12,151 [Thread-398:8780] [django.server:131] [basehttp:log_message] [INFO]- "GET /case_list/?pro_id=1 HTTP/1.1" 200 11414
2017-06-25 11:16:12,213 [Thread-399:8968] [django.server:131] [basehttp:log_message] [INFO]- "GET /element/?pro_id=1 HTTP/1.1" 200 13987
2017-06-25 11:16:12,236 [Thread-400:9252] [django.server:131] [basehttp:log_message] [INFO]- "GET /element/?pro_id=1 HTTP/1.1" 200 13987
2017-06-25 11:16:12,463 [Thread-401:10468] [django.server:131] [basehttp:log_message] [INFO]- "GET /static/js/jquery-1.11.1.min.js?_=1498316011919 HTTP/1.1" 200 95789
2017-06-25 11:16:12,536 [Thread-402:8836] [django.server:131] [basehttp:log_message] [INFO]- "GET /static/js/jquery-1.11.1.min.js?_=1498316011920 HTTP/1.1" 200 95789
2017-06-25 11:16:12,561 [Thread-403:7100] [django.server:131] [basehttp:log_message] [INFO]- "GET /static/js/jquery-1.11.1.min.js?_=1498316011921 HTTP/1.1" 200 95789
2017-06-25 11:16:12,940 [Thread-404:9152] [django.server:131] [basehttp:log_message] [INFO]- "GET /static/js/bootstrap.min.js?_=1498316011922 HTTP/1.1" 200 31823
2017-06-25 11:16:12,992 [Thread-405:7444] [django.server:131] [basehttp:log_message] [INFO]- "GET /static/js/jquery.datatables.min.js?_=1498316011923 HTTP/1.1" 200 77503
2017-06-25 11:16:13,095 [Thread-406:168] [django.server:131] [basehttp:log_message] [INFO]- "GET /static/js/bootstrap.min.js?_=1498316011924 HTTP/1.1" 200 31823
2017-06-25 11:16:13,121 [Thread-407:11456] [django.server:131] [basehttp:log_message] [INFO]- "GET /static/js/jquery.datatables.min.js?_=1498316011925 HTTP/1.1" 200 77503
2017-06-25 11:16:13,187 [Thread-408:3740] [django.server:131] [basehttp:log_message] [INFO]- "GET /static/js/bootstrap.min.js?_=1498316011926 HTTP/1.1" 200 31823
2017-06-25 11:16:13,210 [Thread-409:2676] [django.server:131] [basehttp:log_message] [INFO]- "GET /static/js/jquery.datatables.min.js?_=1498316011927 HTTP/1.1" 200 77503
2017-06-25 11:16:25,953 [Thread-410:9820] [django.server:131] [basehttp:log_message] [INFO]- "GET /edit_case/?id=8 HTTP/1.1" 200 32979
2017-06-25 11:16:26,114 [Thread-411:5556] [django.server:131] [basehttp:log_message] [INFO]- "GET /static/js/jquery-1.11.1.min.js?_=1498360573147 HTTP/1.1" 200 95789
2017-06-25 11:16:26,410 [Thread-412:7848] [django.server:131] [basehttp:log_message] [INFO]- "GET /static/js/jquery-ui-1.10.3.min.js?_=1498360573148 HTTP/1.1" 200 228142
2017-06-25 11:16:26,532 [Thread-413:7628] [django.server:131] [basehttp:log_message] [INFO]- "GET /static/js/jquery-1.11.1.min.js?_=1498360573149 HTTP/1.1" 200 95789
2017-06-25 11:16:26,584 [Thread-414:10176] [django.server:131] [basehttp:log_message] [INFO]- "GET /static/js/jquery.datatables.min.js?_=1498360573150 HTTP/1.1" 200 77503
2017-06-25 11:16:26,624 [Thread-415:8988] [django.server:131] [basehttp:log_message] [INFO]- "GET /static/js/jquery-ui-1.10.3.min.js?_=1498360573151 HTTP/1.1" 200 228142
2017-06-25 11:16:26,698 [Thread-416:10876] [django.server:131] [basehttp:log_message] [INFO]- "GET /static/js/bootstrap.min.js?_=1498360573152 HTTP/1.1" 200 31823
2017-06-25 11:16:28,191 [Thread-417:6728] [django.server:131] [basehttp:log_message] [INFO]- "GET /element/?pro_id=1 HTTP/1.1" 200 13987
2017-06-25 11:16:28,440 [Thread-418:10192] [django.server:131] [basehttp:log_message] [INFO]- "GET /static/js/jquery-1.11.1.min.js?_=1498360586541 HTTP/1.1" 200 95789
2017-06-25 11:16:28,559 [Thread-419:5380] [django.server:131] [basehttp:log_message] [INFO]- "GET /static/js/bootstrap.min.js?_=1498360586542 HTTP/1.1" 200 31823
2017-06-25 11:16:28,612 [Thread-420:9916] [django.server:131] [basehttp:log_message] [INFO]- "GET /static/js/jquery.datatables.min.js?_=1498360586543 HTTP/1.1" 200 77503
2017-06-25 11:16:33,243 [Thread-421:11496] [django.server:131] [basehttp:log_message] [INFO]- "POST /element/ HTTP/1.1" 200 273
2017-06-25 16:08:41,865 [Thread-422:7428] [django.server:131] [basehttp:log_message] [INFO]- "GET /index/ HTTP/1.1" 200 33723
2017-06-25 16:08:42,492 [Thread-424:10384] [django.server:131] [basehttp:log_message] [INFO]- "GET /static/js/jquery-1.11.1.min.js HTTP/1.1" 304 0
2017-06-25 16:08:42,493 [Thread-425:11724] [django.server:131] [basehttp:log_message] [INFO]- "GET /static/js/jquery-migrate-1.2.1.min.js HTTP/1.1" 304 0
2017-06-25 16:08:42,493 [Thread-426:6620] [django.server:131] [basehttp:log_message] [INFO]- "GET /static/js/jquery-ui-1.10.3.min.js HTTP/1.1" 304 0
2017-06-25 16:08:42,519 [Thread-423:388] [django.server:131] [basehttp:log_message] [INFO]- "GET /static/css/style.default.css HTTP/1.1" 304 0
2017-06-25 16:08:42,542 [Thread-427:2572] [django.server:131] [basehttp:log_message] [INFO]- "GET /static/js/bootstrap.min.js HTTP/1.1" 304 0
2017-06-25 16:08:42,546 [Thread-429:12096] [django.server:131] [basehttp:log_message] [INFO]- "GET /static/js/jquery.sparkline.min.js HTTP/1.1" 304 0
2017-06-25 16:08:42,549 [Thread-431:10488] [django.server:131] [basehttp:log_message] [INFO]- "GET /static/js/retina.min.js HTTP/1.1" 304 0
2017-06-25 16:08:42,549 [Thread-432:8140] [django.server:131] [basehttp:log_message] [INFO]- "GET /static/js/jquery.cookies.js HTTP/1.1" 304 0
2017-06-25 16:08:42,558 [Thread-428:10068] [django.server:131] [basehttp:log_message] [INFO]- "GET /static/js/modernizr.min.js HTTP/1.1" 304 0
2017-06-25 16:08:42,559 [Thread-433:5412] [django.server:131] [basehttp:log_message] [INFO]- "GET /static/js/flot/jquery.flot.min.js HTTP/1.1" 304 0
2017-06-25 16:08:42,562 [Thread-434:3560] [django.server:131] [basehttp:log_message] [INFO]- "GET /static/js/flot/jquery.flot.resize.min.js HTTP/1.1" 304 0
2017-06-25 16:08:42,578 [Thread-430:3448] [django.server:131] [basehttp:log_message] [INFO]- "GET /static/js/toggles.min.js HTTP/1.1" 304 0
2017-06-25 16:08:42,644 [Thread-435:2688] [django.server:131] [basehttp:log_message] [INFO]- "GET /static/js/flot/jquery.flot.spline.min.js HTTP/1.1" 304 0
2017-06-25 16:08:42,663 [Thread-436:7396] [django.server:131] [basehttp:log_message] [INFO]- "GET /static/js/raphael-2.1.0.min.js HTTP/1.1" 304 0
2017-06-25 16:08:42,694 [Thread-437:6032] [django.server:131] [basehttp:log_message] [INFO]- "GET /static/js/custom.js HTTP/1.1" 304 0
2017-06-25 16:08:42,700 [Thread-438:11896] [django.server:131] [basehttp:log_message] [INFO]- "GET /static/js/Hero.js HTTP/1.1" 304 0
2017-06-25 16:08:42,706 [Thread-439:8492] [django.server:131] [basehttp:log_message] [INFO]- "GET /static/images/photos/loggeduser.png HTTP/1.1" 304 0
2017-06-25 16:08:42,713 [Thread-440:8680] [django.server:131] [basehttp:log_message] [INFO]- "GET /static/images/photos/user1.png HTTP/1.1" 304 0
2017-06-25 16:08:42,713 [Thread-441:10860] [django.server:131] [basehttp:log_message] [INFO]- "GET /static/images/photos/user2.png HTTP/1.1" 304 0
2017-06-25 16:08:42,716 [Thread-442:11496] [django.server:131] [basehttp:log_message] [INFO]- "GET /static/images/photos/user3.png HTTP/1.1" 304 0
2017-06-25 16:08:42,720 [Thread-443:4244] [django.server:131] [basehttp:log_message] [INFO]- "GET /static/images/photos/user4.png HTTP/1.1" 304 0
2017-06-25 16:08:42,726 [Thread-444:11136] [django.server:131] [basehttp:log_message] [INFO]- "GET /static/images/photos/user5.png HTTP/1.1" 304 0
2017-06-25 16:08:42,740 [Thread-445:2764] [django.server:131] [basehttp:log_message] [INFO]- "GET /static/images/photos/userprofile.png HTTP/1.1" 304 0
2017-06-25 16:08:42,744 [Thread-446:7956] [django.server:131] [basehttp:log_message] [INFO]- "GET /static/css/bootstrap.min.css HTTP/1.1" 304 0
2017-06-25 16:08:42,756 [Thread-447:11304] [django.server:131] [basehttp:log_message] [INFO]- "GET /static/css/bootstrap-override.css HTTP/1.1" 304 0
2017-06-25 16:08:42,826 [Thread-448:9172] [django.server:131] [basehttp:log_message] [INFO]- "GET /static/css/weather-icons.min.css HTTP/1.1" 304 0
2017-06-25 16:08:42,828 [Thread-449:7628] [django.server:131] [basehttp:log_message] [INFO]- "GET /static/css/jquery-ui-1.10.3.css HTTP/1.1" 304 0
2017-06-25 16:08:42,835 [Thread-450:11744] [django.server:131] [basehttp:log_message] [INFO]- "GET /static/css/font-awesome.min.css HTTP/1.1" 304 0
2017-06-25 16:08:42,842 [Thread-451:7492] [django.server:131] [basehttp:log_message] [INFO]- "GET /static/css/animate.min.css HTTP/1.1" 304 0
2017-06-25 16:08:42,846 [Thread-452:5100] [django.server:131] [basehttp:log_message] [INFO]- "GET /static/css/animate.delay.css HTTP/1.1" 304 0
2017-06-25 16:08:42,848 [Thread-453:10064] [django.server:131] [basehttp:log_message] [INFO]- "GET /static/css/toggles.css HTTP/1.1" 304 0
2017-06-25 16:08:42,851 [Thread-454:8992] [django.server:131] [basehttp:log_message] [INFO]- "GET /static/css/select2.css HTTP/1.1" 304 0
2017-06-25 16:08:42,854 [Thread-455:5724] [django.server:131] [basehttp:log_message] [INFO]- "GET /static/css/lato.css HTTP/1.1" 304 0
2017-06-25 16:08:42,857 [Thread-456:624] [django.server:131] [basehttp:log_message] [INFO]- "GET /static/css/roboto.css HTTP/1.1" 304 0
2017-06-25 16:08:43,492 [Thread-457:11860] [django.server:131] [basehttp:log_message] [INFO]- "GET /static/images/plus-white.png HTTP/1.1" 304 0
2017-06-25 16:08:43,506 [Thread-458:9788] [django.server:131] [basehttp:log_message] [INFO]- "GET /static/images/icon-search.png HTTP/1.1" 304 0
2017-06-25 16:08:45,668 [Thread-459:11564] [django.server:131] [basehttp:log_message] [INFO]- "GET /static/images/plus.png HTTP/1.1" 304 0
2017-06-25 16:08:46,319 [Thread-460:8208] [django.server:131] [basehttp:log_message] [INFO]- "GET /static/images/minus.png HTTP/1.1" 304 0
2017-06-25 16:08:47,210 [Thread-461:1952] [django.server:131] [basehttp:log_message] [INFO]- "GET /element/?pro_id=2 HTTP/1.1" 200 7330
2017-06-25 16:08:47,368 [Thread-462:3736] [django.server:131] [basehttp:log_message] [INFO]- "GET /static/js/jquery-1.11.1.min.js?_=1498378123179 HTTP/1.1" 200 95789
2017-06-25 16:08:47,555 [Thread-463:5248] [django.server:131] [basehttp:log_message] [INFO]- "GET /static/js/bootstrap.min.js?_=1498378123180 HTTP/1.1" 200 31823
2017-06-25 16:08:47,690 [Thread-464:11556] [django.server:131] [basehttp:log_message] [INFO]- "GET /static/js/jquery.datatables.min.js?_=1498378123181 HTTP/1.1" 200 77503
2017-06-25 16:08:47,921 [Thread-465:7424] [django.server:131] [basehttp:log_message] [INFO]- "GET /static/images/sort_both.png HTTP/1.1" 304 0
2017-06-25 16:08:47,924 [Thread-466:11316] [django.server:131] [basehttp:log_message] [INFO]- "GET /static/images/sort_asc.png HTTP/1.1" 304 0
2017-06-25 16:08:51,157 [Thread-467:6600] [django.server:131] [basehttp:log_message] [INFO]- "GET /case_list/?pro_id=1 HTTP/1.1" 200 11414
2017-06-25 16:08:51,621 [Thread-468:9412] [django.server:131] [basehttp:log_message] [INFO]- "GET /static/js/jquery-1.11.1.min.js?_=1498378127463 HTTP/1.1" 200 95789
2017-06-25 16:08:51,690 [Thread-469:3364] [django.server:131] [basehttp:log_message] [INFO]- "GET /element/?pro_id=1 HTTP/1.1" 200 13987
2017-06-25 16:08:52,063 [Thread-470:10676] [django.server:131] [basehttp:log_message] [INFO]- "GET /static/js/bootstrap.min.js?_=1498378127464 HTTP/1.1" 200 31823
2017-06-25 16:08:52,095 [Thread-471:1776] [django.server:131] [basehttp:log_message] [INFO]- "GET /static/js/jquery-1.11.1.min.js?_=1498378131782 HTTP/1.1" 200 95789
2017-06-25 16:08:52,352 [Thread-472:384] [django.server:131] [basehttp:log_message] [INFO]- "GET /static/js/bootstrap.min.js?_=1498378131783 HTTP/1.1" 200 31823
2017-06-25 16:08:52,411 [Thread-473:4676] [django.server:131] [basehttp:log_message] [INFO]- "GET /static/js/jquery.datatables.min.js?_=1498378131784 HTTP/1.1" 200 77503
2017-06-25 16:08:52,503 [Thread-474:9116] [django.server:131] [basehttp:log_message] [INFO]- "GET /static/js/jquery.datatables.min.js?_=1498378127465 HTTP/1.1" 200 77503
2017-06-25 16:08:56,200 [Thread-475:12276] [django.server:131] [basehttp:log_message] [INFO]- "GET /element/?pro_id=1 HTTP/1.1" 200 13987
2017-06-25 16:08:56,516 [Thread-476:11644] [django.server:131] [basehttp:log_message] [INFO]- "GET /static/js/jquery-1.11.1.min.js?_=1498378132279 HTTP/1.1" 200 95789
2017-06-25 16:08:56,684 [Thread-477:11616] [django.server:131] [basehttp:log_message] [INFO]- "GET /static/js/bootstrap.min.js?_=1498378132280 HTTP/1.1" 200 31823
2017-06-25 16:08:56,887 [Thread-478:7036] [django.server:131] [basehttp:log_message] [INFO]- "GET /static/js/jquery.datatables.min.js?_=1498378132281 HTTP/1.1" 200 77503
2017-06-25 16:08:59,167 [Thread-479:11084] [django.server:131] [basehttp:log_message] [INFO]- "POST /element/ HTTP/1.1" 200 273
2017-06-25 22:16:21,882 [Thread-480:11168] [django.server:131] [basehttp:log_message] [INFO]- "GET /index/ HTTP/1.1" 200 33723
2017-06-25 22:16:22,660 [Thread-481:11564] [django.server:131] [basehttp:log_message] [INFO]- "GET /static/js/Hero.js HTTP/1.1" 304 0
2017-06-25 22:16:26,085 [Thread-482:1840] [django.server:131] [basehttp:log_message] [INFO]- "GET /element/?pro_id=1 HTTP/1.1" 200 13987
2017-06-25 22:16:26,335 [Thread-483:8040] [django.server:131] [basehttp:log_message] [INFO]- "GET /static/js/jquery-1.11.1.min.js?_=1498400182742 HTTP/1.1" 200 95789
2017-06-25 22:16:26,483 [Thread-484:10824] [django.server:131] [basehttp:log_message] [INFO]- "GET /static/js/bootstrap.min.js?_=1498400182743 HTTP/1.1" 200 31823
2017-06-25 22:16:26,887 [Thread-485:7492] [django.server:131] [basehttp:log_message] [INFO]- "GET /static/js/jquery.datatables.min.js?_=1498400182744 HTTP/1.1" 200 77503
2017-06-25 22:16:27,516 [Thread-486:7868] [django.server:131] [basehttp:log_message] [INFO]- "GET /static/images/sort_desc.png HTTP/1.1" 200 1055
2017-06-25 22:16:31,878 [Thread-487:1772] [django.server:131] [basehttp:log_message] [INFO]- "POST /element/ HTTP/1.1" 200 273
2017-06-26 09:32:16,210 [Thread-488:11988] [django.server:131] [basehttp:log_message] [INFO]- "GET /element/?pro_id=1 HTTP/1.1" 200 13987
2017-06-26 09:32:16,309 [Thread-489:4452] [django.server:131] [basehttp:log_message] [INFO]- "GET /static/js/jquery-1.11.1.min.js?_=1498400186399 HTTP/1.1" 200 95789
2017-06-26 09:32:16,351 [Thread-490:5152] [django.server:131] [basehttp:log_message] [INFO]- "GET /static/js/bootstrap.min.js?_=1498400186400 HTTP/1.1" 200 31823
2017-06-26 09:32:16,371 [Thread-491:9792] [django.server:131] [basehttp:log_message] [INFO]- "GET /static/js/jquery.datatables.min.js?_=1498400186401 HTTP/1.1" 200 77503
2017-06-26 09:34:19,190 [Thread-492:10504] [django.server:131] [basehttp:log_message] [INFO]- "POST /element/ HTTP/1.1" 200 273
2017-06-26 15:49:09,887 [Thread-493:11912] [django.server:131] [basehttp:log_message] [INFO]- "GET /index/ HTTP/1.1" 200 33723
2017-06-26 15:49:10,592 [Thread-495:11516] [django.server:131] [basehttp:log_message] [INFO]- "GET /static/js/jquery-1.11.1.min.js HTTP/1.1" 304 0
2017-06-26 15:49:10,599 [Thread-494:5660] [django.server:131] [basehttp:log_message] [INFO]- "GET /static/css/style.default.css HTTP/1.1" 304 0
2017-06-26 15:49:10,605 [Thread-497:2248] [django.server:131] [basehttp:log_message] [INFO]- "GET /static/js/jquery-ui-1.10.3.min.js HTTP/1.1" 304 0
2017-06-26 15:49:10,608 [Thread-500:2340] [django.server:131] [basehttp:log_message] [INFO]- "GET /static/js/jquery.sparkline.min.js HTTP/1.1" 304 0
2017-06-26 15:49:10,611 [Thread-496:5992] [django.server:131] [basehttp:log_message] [INFO]- "GET /static/js/jquery-migrate-1.2.1.min.js HTTP/1.1" 304 0
2017-06-26 15:49:10,612 [Thread-499:8448] [django.server:131] [basehttp:log_message] [INFO]- "GET /static/js/modernizr.min.js HTTP/1.1" 304 0
2017-06-26 15:49:10,618 [Thread-502:9500] [django.server:131] [basehttp:log_message] [INFO]- "GET /static/js/retina.min.js HTTP/1.1" 304 0
2017-06-26 15:49:10,619 [Thread-501:10280] [django.server:131] [basehttp:log_message] [INFO]- "GET /static/js/toggles.min.js HTTP/1.1" 304 0
2017-06-26 15:49:10,621 [Thread-498:6188] [django.server:131] [basehttp:log_message] [INFO]- "GET /static/js/bootstrap.min.js HTTP/1.1" 304 0
2017-06-26 15:49:10,630 [Thread-503:7588] [django.server:131] [basehttp:log_message] [INFO]- "GET /static/js/jquery.cookies.js HTTP/1.1" 304 0
2017-06-26 15:49:10,638 [Thread-507:7412] [django.server:131] [basehttp:log_message] [INFO]- "GET /static/js/raphael-2.1.0.min.js HTTP/1.1" 304 0
2017-06-26 15:49:10,641 [Thread-508:11260] [django.server:131] [basehttp:log_message] [INFO]- "GET /static/js/custom.js HTTP/1.1" 304 0
2017-06-26 15:49:10,642 [Thread-509:8784] [django.server:131] [basehttp:log_message] [INFO]- "GET /static/js/Hero.js HTTP/1.1" 304 0
2017-06-26 15:49:10,688 [Thread-504:4676] [django.server:131] [basehttp:log_message] [INFO]- "GET /static/js/flot/jquery.flot.min.js HTTP/1.1" 304 0
2017-06-26 15:49:10,690 [Thread-506:6680] [django.server:131] [basehttp:log_message] [INFO]- "GET /static/js/flot/jquery.flot.spline.min.js HTTP/1.1" 304 0
2017-06-26 15:49:10,691 [Thread-505:6640] [django.server:131] [basehttp:log_message] [INFO]- "GET /static/js/flot/jquery.flot.resize.min.js HTTP/1.1" 304 0
2017-06-26 15:49:10,822 [Thread-511:4528] [django.server:131] [basehttp:log_message] [INFO]- "GET /static/images/photos/user1.png HTTP/1.1" 304 0
2017-06-26 15:49:10,822 [Thread-514:6032] [django.server:131] [basehttp:log_message] [INFO]- "GET /static/images/photos/user4.png HTTP/1.1" 304 0
2017-06-26 15:49:10,822 [Thread-513:10756] [django.server:131] [basehttp:log_message] [INFO]- "GET /static/images/photos/user3.png HTTP/1.1" 304 0
2017-06-26 15:49:10,822 [Thread-515:8800] [django.server:131] [basehttp:log_message] [INFO]- "GET /static/images/photos/user5.png HTTP/1.1" 304 0
2017-06-26 15:49:10,822 [Thread-510:12104] [django.server:131] [basehttp:log_message] [INFO]- "GET /static/images/photos/loggeduser.png HTTP/1.1" 304 0
2017-06-26 15:49:10,822 [Thread-512:6996] [django.server:131] [basehttp:log_message] [INFO]- "GET /static/images/photos/user2.png HTTP/1.1" 304 0
2017-06-26 15:49:10,867 [Thread-516:4328] [django.server:131] [basehttp:log_message] [INFO]- "GET /static/css/bootstrap.min.css HTTP/1.1" 304 0
2017-06-26 15:49:10,868 [Thread-517:12040] [django.server:131] [basehttp:log_message] [INFO]- "GET /static/css/bootstrap-override.css HTTP/1.1" 304 0
2017-06-26 15:49:10,871 [Thread-518:2036] [django.server:131] [basehttp:log_message] [INFO]- "GET /static/css/weather-icons.min.css HTTP/1.1" 304 0
2017-06-26 15:49:10,874 [Thread-519:5824] [django.server:131] [basehttp:log_message] [INFO]- "GET /static/images/photos/userprofile.png HTTP/1.1" 304 0
2017-06-26 15:49:10,911 [Thread-520:4652] [django.server:131] [basehttp:log_message] [INFO]- "GET /static/css/jquery-ui-1.10.3.css HTTP/1.1" 304 0
2017-06-26 15:49:10,913 [Thread-521:11656] [django.server:131] [basehttp:log_message] [INFO]- "GET /static/css/font-awesome.min.css HTTP/1.1" 304 0
2017-06-26 15:49:10,914 [Thread-522:1148] [django.server:131] [basehttp:log_message] [INFO]- "GET /static/css/animate.min.css HTTP/1.1" 304 0
2017-06-26 15:49:10,918 [Thread-523:7492] [django.server:131] [basehttp:log_message] [INFO]- "GET /static/css/animate.delay.css HTTP/1.1" 304 0
2017-06-26 15:49:10,938 [Thread-524:9744] [django.server:131] [basehttp:log_message] [INFO]- "GET /static/css/toggles.css HTTP/1.1" 304 0
2017-06-26 15:49:10,947 [Thread-526:9608] [django.server:131] [basehttp:log_message] [INFO]- "GET /static/css/lato.css HTTP/1.1" 304 0
2017-06-26 15:49:10,947 [Thread-525:5920] [django.server:131] [basehttp:log_message] [INFO]- "GET /static/css/select2.css HTTP/1.1" 304 0
2017-06-26 15:49:10,961 [Thread-527:4088] [django.server:131] [basehttp:log_message] [INFO]- "GET /static/css/roboto.css HTTP/1.1" 304 0
2017-06-26 15:49:11,322 [Thread-528:10368] [django.server:131] [basehttp:log_message] [INFO]- "GET /static/images/plus-white.png HTTP/1.1" 304 0
2017-06-26 15:49:11,387 [Thread-529:10528] [django.server:131] [basehttp:log_message] [INFO]- "GET /static/images/icon-search.png HTTP/1.1" 304 0
2017-06-26 15:49:14,911 [Thread-530:5176] [django.server:131] [basehttp:log_message] [INFO]- "GET /static/images/plus.png HTTP/1.1" 304 0
2017-06-26 15:49:15,203 [Thread-531:8372] [django.server:131] [basehttp:log_message] [INFO]- "GET /static/images/minus.png HTTP/1.1" 304 0
2017-06-26 15:49:16,244 [Thread-532:8940] [django.server:131] [basehttp:log_message] [INFO]- "GET /element/?pro_id=3 HTTP/1.1" 200 9880
2017-06-26 15:49:16,351 [Thread-533:8936] [django.server:131] [basehttp:log_message] [INFO]- "GET /static/js/jquery-1.11.1.min.js?_=1498463351084 HTTP/1.1" 200 95789
2017-06-26 15:49:16,471 [Thread-534:6396] [django.server:131] [basehttp:log_message] [INFO]- "GET /static/js/bootstrap.min.js?_=1498463351085 HTTP/1.1" 200 31823
2017-06-26 15:49:16,513 [Thread-535:11388] [django.server:131] [basehttp:log_message] [INFO]- "GET /static/js/jquery.datatables.min.js?_=1498463351086 HTTP/1.1" 200 77503
2017-06-26 15:49:16,749 [Thread-536:8040] [django.server:131] [basehttp:log_message] [INFO]- "GET /static/images/sort_both.png HTTP/1.1" 304 0
2017-06-26 15:49:16,750 [Thread-537:9728] [django.server:131] [basehttp:log_message] [INFO]- "GET /static/images/sort_asc.png HTTP/1.1" 304 0
2017-06-26 15:49:17,969 [Thread-538:11256] [django.server:131] [basehttp:log_message] [INFO]- "GET /scenario_list/?pro_id=3 HTTP/1.1" 200 2521
2017-06-26 15:49:18,094 [Thread-539:5676] [django.server:131] [basehttp:log_message] [INFO]- "GET /static/js/jquery-1.11.1.min.js?_=1498463356371 HTTP/1.1" 200 95789
2017-06-26 15:49:18,223 [Thread-540:5556] [django.server:131] [basehttp:log_message] [INFO]- "GET /static/js/bootstrap.min.js?_=1498463356372 HTTP/1.1" 200 31823
2017-06-26 15:49:18,316 [Thread-541:11316] [django.server:131] [basehttp:log_message] [INFO]- "GET /static/js/jquery.datatables.min.js?_=1498463356373 HTTP/1.1" 200 77503
