2016-10-24 09:07:04,451 [Thread-1:13240] [django.server:131] [basehttp:log_message] [INFO]- "GET /index/ HTTP/1.1" 200 33576
2016-10-24 09:07:04,502 [Thread-2:9144] [django.server:131] [basehttp:log_message] [INFO]- "GET /static/css/style.default.css HTTP/1.1" 304 0
2016-10-24 09:07:04,519 [Thread-3:14160] [django.server:131] [basehttp:log_message] [INFO]- "GET /static/js/jquery-1.11.1.min.js HTTP/1.1" 304 0
2016-10-24 09:07:04,548 [Thread-4:14972] [django.server:131] [basehttp:log_message] [INFO]- "GET /static/js/jquery-migrate-1.2.1.min.js HTTP/1.1" 304 0
2016-10-24 09:07:04,553 [Thread-5:6920] [django.server:131] [basehttp:log_message] [INFO]- "GET /static/js/jquery-ui-1.10.3.min.js HTTP/1.1" 304 0
2016-10-24 09:07:04,559 [Thread-6:3636] [django.server:131] [basehttp:log_message] [INFO]- "GET /static/js/bootstrap.min.js HTTP/1.1" 304 0
2016-10-24 09:07:04,568 [Thread-7:11756] [django.server:131] [basehttp:log_message] [INFO]- "GET /static/js/modernizr.min.js HTTP/1.1" 304 0
2016-10-24 09:07:04,569 [Thread-8:5608] [django.server:131] [basehttp:log_message] [INFO]- "GET /static/js/jquery.sparkline.min.js HTTP/1.1" 304 0
2016-10-24 09:07:04,575 [Thread-9:6620] [django.server:131] [basehttp:log_message] [INFO]- "GET /static/js/toggles.min.js HTTP/1.1" 304 0
2016-10-24 09:07:04,578 [Thread-10:14640] [django.server:131] [basehttp:log_message] [INFO]- "GET /static/js/retina.min.js HTTP/1.1" 304 0
2016-10-24 09:07:04,588 [Thread-11:10460] [django.server:131] [basehttp:log_message] [INFO]- "GET /static/js/jquery.cookies.js HTTP/1.1" 304 0
2016-10-24 09:07:04,608 [Thread-12:15284] [django.server:131] [basehttp:log_message] [INFO]- "GET /static/js/flot/jquery.flot.min.js HTTP/1.1" 304 0
2016-10-24 09:07:04,611 [Thread-13:5720] [django.server:131] [basehttp:log_message] [INFO]- "GET /static/js/flot/jquery.flot.resize.min.js HTTP/1.1" 304 0
2016-10-24 09:07:04,612 [Thread-14:12184] [django.server:131] [basehttp:log_message] [INFO]- "GET /static/js/flot/jquery.flot.spline.min.js HTTP/1.1" 304 0
2016-10-24 09:07:04,618 [Thread-15:8564] [django.server:131] [basehttp:log_message] [INFO]- "GET /static/js/raphael-2.1.0.min.js HTTP/1.1" 304 0
2016-10-24 09:07:04,624 [Thread-16:10204] [django.server:131] [basehttp:log_message] [INFO]- "GET /static/js/custom.js HTTP/1.1" 304 0
2016-10-24 09:07:04,627 [Thread-17:10244] [django.server:131] [basehttp:log_message] [INFO]- "GET /static/js/Hero.js HTTP/1.1" 304 0
2016-10-24 09:07:04,631 [Thread-18:13600] [django.server:131] [basehttp:log_message] [INFO]- "GET /static/images/photos/loggeduser.png HTTP/1.1" 304 0
2016-10-24 09:07:04,637 [Thread-19:13796] [django.server:131] [basehttp:log_message] [INFO]- "GET /static/images/photos/user1.png HTTP/1.1" 304 0
2016-10-24 09:07:04,640 [Thread-20:12852] [django.server:131] [basehttp:log_message] [INFO]- "GET /static/images/photos/user2.png HTTP/1.1" 304 0
2016-10-24 09:07:04,644 [Thread-21:11044] [django.server:131] [basehttp:log_message] [INFO]- "GET /static/images/photos/user3.png HTTP/1.1" 304 0
2016-10-24 09:07:04,644 [Thread-22:5752] [django.server:131] [basehttp:log_message] [INFO]- "GET /static/images/photos/user4.png HTTP/1.1" 304 0
2016-10-24 09:07:04,648 [Thread-23:8064] [django.server:131] [basehttp:log_message] [INFO]- "GET /static/images/photos/user5.png HTTP/1.1" 304 0
2016-10-24 09:07:04,648 [Thread-24:11740] [django.server:131] [basehttp:log_message] [INFO]- "GET /static/images/photos/userprofile.png HTTP/1.1" 304 0
2016-10-24 09:07:04,688 [Thread-25:14812] [django.server:131] [basehttp:log_message] [INFO]- "GET /static/css/bootstrap.min.css HTTP/1.1" 304 0
2016-10-24 09:07:04,693 [Thread-26:15212] [django.server:131] [basehttp:log_message] [INFO]- "GET /static/css/bootstrap-override.css HTTP/1.1" 304 0
2016-10-24 09:07:04,714 [Thread-27:11060] [django.server:131] [basehttp:log_message] [INFO]- "GET /static/css/weather-icons.min.css HTTP/1.1" 304 0
2016-10-24 09:07:04,717 [Thread-28:13532] [django.server:131] [basehttp:log_message] [INFO]- "GET /static/css/jquery-ui-1.10.3.css HTTP/1.1" 304 0
2016-10-24 09:07:04,736 [Thread-29:8464] [django.server:131] [basehttp:log_message] [INFO]- "GET /static/css/font-awesome.min.css HTTP/1.1" 304 0
2016-10-24 09:07:04,744 [Thread-30:8292] [django.server:131] [basehttp:log_message] [INFO]- "GET /static/css/animate.min.css HTTP/1.1" 304 0
2016-10-24 09:07:04,749 [Thread-31:4896] [django.server:131] [basehttp:log_message] [INFO]- "GET /static/css/animate.delay.css HTTP/1.1" 304 0
2016-10-24 09:07:04,753 [Thread-32:6632] [django.server:131] [basehttp:log_message] [INFO]- "GET /static/css/toggles.css HTTP/1.1" 304 0
2016-10-24 09:07:04,756 [Thread-33:3540] [django.server:131] [basehttp:log_message] [INFO]- "GET /static/css/select2.css HTTP/1.1" 304 0
2016-10-24 09:07:04,760 [Thread-34:14796] [django.server:131] [basehttp:log_message] [INFO]- "GET /static/css/lato.css HTTP/1.1" 304 0
2016-10-24 09:07:04,763 [Thread-35:6324] [django.server:131] [basehttp:log_message] [INFO]- "GET /static/css/roboto.css HTTP/1.1" 304 0
2016-10-24 09:07:04,786 [Thread-36:3792] [django.server:131] [basehttp:log_message] [INFO]- "GET /static/images/plus-white.png HTTP/1.1" 304 0
2016-10-24 09:07:04,790 [Thread-37:12240] [django.server:131] [basehttp:log_message] [INFO]- "GET /static/images/icon-search.png HTTP/1.1" 304 0
2016-10-24 09:07:07,174 [Thread-38:1104] [django.server:131] [basehttp:log_message] [INFO]- "GET /static/images/plus.png HTTP/1.1" 304 0
2016-10-24 09:07:07,561 [Thread-39:1724] [django.server:131] [basehttp:log_message] [INFO]- "GET /static/images/minus.png HTTP/1.1" 304 0
2016-10-24 09:07:08,615 [Thread-40:1528] [django.server:131] [basehttp:log_message] [INFO]- "GET /case_list/?pro_id=3 HTTP/1.1" 200 4053
2016-10-24 09:07:08,957 [Thread-41:10476] [django.server:131] [basehttp:log_message] [INFO]- "GET /static/js/jquery-1.11.1.min.js?_=1477271224834 HTTP/1.1" 200 95789
2016-10-24 09:07:08,994 [Thread-42:8688] [django.server:131] [basehttp:log_message] [INFO]- "GET /static/js/bootstrap.min.js?_=1477271224835 HTTP/1.1" 200 31823
2016-10-24 09:07:09,006 [Thread-43:6924] [django.server:131] [basehttp:log_message] [INFO]- "GET /static/js/jquery.datatables.min.js?_=1477271224836 HTTP/1.1" 200 77503
2016-10-24 09:07:09,062 [Thread-44:13064] [django.server:131] [basehttp:log_message] [INFO]- "GET /static/images/sort_both.png HTTP/1.1" 304 0
2016-10-24 09:07:09,092 [Thread-45:11636] [django.server:131] [basehttp:log_message] [INFO]- "GET /static/images/sort_asc.png HTTP/1.1" 304 0
2016-10-24 09:07:22,286 [Thread-46:7104] [django.server:131] [basehttp:log_message] [INFO]- "POST /case_list/ HTTP/1.1" 200 18
2016-10-24 09:29:17,193 [Thread-47:13288] [django.server:131] [basehttp:log_message] [INFO]- "GET /index/ HTTP/1.1" 200 33576
2016-10-24 09:29:17,216 [Thread-48:7304] [django.server:131] [basehttp:log_message] [INFO]- "GET /static/css/style.default.css HTTP/1.1" 304 0
2016-10-24 09:29:17,220 [Thread-49:12676] [django.server:131] [basehttp:log_message] [INFO]- "GET /static/images/photos/loggeduser.png HTTP/1.1" 304 0
2016-10-24 09:29:17,339 [Thread-50:7056] [django.server:131] [basehttp:log_message] [INFO]- "GET /static/images/photos/user1.png HTTP/1.1" 304 0
2016-10-24 09:29:17,345 [Thread-51:6784] [django.server:131] [basehttp:log_message] [INFO]- "GET /static/images/photos/user2.png HTTP/1.1" 304 0
2016-10-24 09:29:17,351 [Thread-52:10800] [django.server:131] [basehttp:log_message] [INFO]- "GET /static/images/photos/user3.png HTTP/1.1" 304 0
2016-10-24 09:29:17,351 [Thread-53:3232] [django.server:131] [basehttp:log_message] [INFO]- "GET /static/images/photos/user4.png HTTP/1.1" 304 0
2016-10-24 09:29:17,418 [Thread-54:3636] [django.server:131] [basehttp:log_message] [INFO]- "GET /static/images/photos/user5.png HTTP/1.1" 304 0
2016-10-24 09:29:17,420 [Thread-55:4164] [django.server:131] [basehttp:log_message] [INFO]- "GET /static/images/photos/userprofile.png HTTP/1.1" 304 0
2016-10-24 09:29:17,453 [Thread-56:13316] [django.server:131] [basehttp:log_message] [INFO]- "GET /static/css/bootstrap.min.css HTTP/1.1" 304 0
2016-10-24 09:29:17,463 [Thread-57:5372] [django.server:131] [basehttp:log_message] [INFO]- "GET /static/css/bootstrap-override.css HTTP/1.1" 304 0
2016-10-24 09:29:17,477 [Thread-58:6372] [django.server:131] [basehttp:log_message] [INFO]- "GET /static/css/weather-icons.min.css HTTP/1.1" 304 0
2016-10-24 09:29:17,479 [Thread-59:14696] [django.server:131] [basehttp:log_message] [INFO]- "GET /static/css/jquery-ui-1.10.3.css HTTP/1.1" 304 0
2016-10-24 09:29:17,502 [Thread-60:13552] [django.server:131] [basehttp:log_message] [INFO]- "GET /static/css/font-awesome.min.css HTTP/1.1" 304 0
2016-10-24 09:29:17,506 [Thread-61:6840] [django.server:131] [basehttp:log_message] [INFO]- "GET /static/css/animate.min.css HTTP/1.1" 304 0
2016-10-24 09:29:17,535 [Thread-62:5932] [django.server:131] [basehttp:log_message] [INFO]- "GET /static/css/animate.delay.css HTTP/1.1" 304 0
2016-10-24 09:29:17,542 [Thread-63:12772] [django.server:131] [basehttp:log_message] [INFO]- "GET /static/css/toggles.css HTTP/1.1" 304 0
2016-10-24 09:29:17,552 [Thread-64:10032] [django.server:131] [basehttp:log_message] [INFO]- "GET /static/css/select2.css HTTP/1.1" 304 0
2016-10-24 09:29:17,569 [Thread-65:14836] [django.server:131] [basehttp:log_message] [INFO]- "GET /static/css/lato.css HTTP/1.1" 304 0
2016-10-24 09:29:17,578 [Thread-66:6324] [django.server:131] [basehttp:log_message] [INFO]- "GET /static/css/roboto.css HTTP/1.1" 304 0
2016-10-24 09:29:17,584 [Thread-67:5224] [django.server:131] [basehttp:log_message] [INFO]- "GET /static/js/jquery-1.11.1.min.js HTTP/1.1" 304 0
2016-10-24 09:29:17,592 [Thread-68:5672] [django.server:131] [basehttp:log_message] [INFO]- "GET /static/js/jquery-migrate-1.2.1.min.js HTTP/1.1" 304 0
2016-10-24 09:29:17,596 [Thread-69:14152] [django.server:131] [basehttp:log_message] [INFO]- "GET /static/js/jquery-ui-1.10.3.min.js HTTP/1.1" 304 0
2016-10-24 09:29:17,609 [Thread-71:7540] [django.server:131] [basehttp:log_message] [INFO]- "GET /static/js/modernizr.min.js HTTP/1.1" 304 0
2016-10-24 09:29:17,611 [Thread-70:9504] [django.server:131] [basehttp:log_message] [INFO]- "GET /static/js/bootstrap.min.js HTTP/1.1" 304 0
2016-10-24 09:29:17,615 [Thread-72:392] [django.server:131] [basehttp:log_message] [INFO]- "GET /static/js/jquery.sparkline.min.js HTTP/1.1" 304 0
2016-10-24 09:29:17,618 [Thread-73:14756] [django.server:131] [basehttp:log_message] [INFO]- "GET /static/js/toggles.min.js HTTP/1.1" 304 0
2016-10-24 09:29:17,619 [Thread-74:4828] [django.server:131] [basehttp:log_message] [INFO]- "GET /static/js/retina.min.js HTTP/1.1" 304 0
2016-10-24 09:29:17,621 [Thread-75:14080] [django.server:131] [basehttp:log_message] [INFO]- "GET /static/js/jquery.cookies.js HTTP/1.1" 304 0
2016-10-24 09:29:17,655 [Thread-76:9512] [django.server:131] [basehttp:log_message] [INFO]- "GET /static/js/flot/jquery.flot.min.js HTTP/1.1" 304 0
2016-10-24 09:29:17,664 [Thread-77:13796] [django.server:131] [basehttp:log_message] [INFO]- "GET /static/js/flot/jquery.flot.resize.min.js HTTP/1.1" 304 0
2016-10-24 09:29:17,678 [Thread-78:4764] [django.server:131] [basehttp:log_message] [INFO]- "GET /static/js/flot/jquery.flot.spline.min.js HTTP/1.1" 304 0
2016-10-24 09:29:17,683 [Thread-79:11208] [django.server:131] [basehttp:log_message] [INFO]- "GET /static/js/raphael-2.1.0.min.js HTTP/1.1" 304 0
2016-10-24 09:29:17,687 [Thread-80:6828] [django.server:131] [basehttp:log_message] [INFO]- "GET /static/js/custom.js HTTP/1.1" 304 0
2016-10-24 09:29:17,691 [Thread-81:11372] [django.server:131] [basehttp:log_message] [INFO]- "GET /static/js/Hero.js HTTP/1.1" 304 0
2016-10-24 09:29:17,753 [Thread-82:7556] [django.server:131] [basehttp:log_message] [INFO]- "GET /static/fonts/fontawesome-webfont.woff?v=4.1.0 HTTP/1.1" 304 0
2016-10-24 09:29:17,756 [Thread-83:12076] [django.server:131] [basehttp:log_message] [INFO]- "GET /static/images/plus-white.png HTTP/1.1" 304 0
2016-10-24 09:29:17,763 [Thread-84:10516] [django.server:131] [basehttp:log_message] [INFO]- "GET /static/images/icon-search.png HTTP/1.1" 304 0
2016-10-24 09:29:17,765 [Thread-85:12088] [django.server:131] [basehttp:log_message] [INFO]- "GET /static/fonts/glyphicons-halflings-regular.woff HTTP/1.1" 304 0
2016-10-24 09:29:18,111 [Thread-86:6676] [django.server:131] [basehttp:log_message] [INFO]- "GET /static/images/favicon.png HTTP/1.1" 200 983
2016-10-24 09:29:20,961 [Thread-87:1032] [django.server:131] [basehttp:log_message] [INFO]- "GET /case_list/?pro_id=3 HTTP/1.1" 200 4053
2016-10-24 09:29:20,994 [Thread-88:2704] [django.server:131] [basehttp:log_message] [INFO]- "GET /static/js/jquery-1.11.1.min.js?_=1477272557688 HTTP/1.1" 200 95789
2016-10-24 09:29:21,009 [Thread-89:9652] [django.server:131] [basehttp:log_message] [INFO]- "GET /static/js/bootstrap.min.js?_=1477272557689 HTTP/1.1" 200 31823
2016-10-24 09:29:21,022 [Thread-90:7928] [django.server:131] [basehttp:log_message] [INFO]- "GET /static/js/jquery.datatables.min.js?_=1477272557690 HTTP/1.1" 200 77503
2016-10-24 09:29:23,881 [Thread-91:7424] [django.server:131] [basehttp:log_message] [INFO]- "GET /is_html_path?name=case-15 HTTP/1.1" 301 0
2016-10-24 09:29:23,894 [Thread-92:12016] [django.server:131] [basehttp:log_message] [INFO]- "GET /is_html_path/?name=case-15 HTTP/1.1" 200 4
2016-10-24 09:29:25,063 [Thread-93:7480] [django.server:131] [basehttp:log_message] [INFO]- "GET /is_html_path/?name=case-15 HTTP/1.1" 200 4
2016-10-24 09:29:25,894 [Thread-94:6604] [django.server:131] [basehttp:log_message] [INFO]- "GET /is_html_path/?name=case-15 HTTP/1.1" 200 4
2016-10-24 09:29:26,121 [Thread-95:6164] [django.server:131] [basehttp:log_message] [INFO]- "GET /is_html_path/?name=case-15 HTTP/1.1" 200 4
2016-10-24 09:29:26,319 [Thread-96:7724] [django.server:131] [basehttp:log_message] [INFO]- "GET /is_html_path/?name=case-15 HTTP/1.1" 200 4
2016-10-24 09:29:38,433 [Thread-97:5204] [django.server:131] [basehttp:log_message] [INFO]- "POST /case_list/ HTTP/1.1" 200 18
2016-10-24 09:34:22,453 [Thread-98:3720] [django.server:131] [basehttp:log_message] [INFO]- "POST /case_list/ HTTP/1.1" 200 18
2016-10-24 22:06:16,594 [Thread-101:4412] [django.server:131] [basehttp:log_message] [INFO]- "GET /static/images/plus.png HTTP/1.1" 304 0
2016-10-24 22:06:16,604 [Thread-102:4828] [django.server:131] [basehttp:log_message] [INFO]- "GET /static/images/minus.png HTTP/1.1" 304 0
