2017-06-18 16:05:47,736 [Thread-2:12904] [django.server:131] [basehttp:log_message] [INFO]- "GET / HTTP/1.1" 200 4318
2017-06-18 16:05:50,055 [Thread-5:5888] [django.server:131] [basehttp:log_message] [INFO]- "GET /static/js/jquery-migrate-1.2.1.min.js HTTP/1.1" 200 7203
2017-06-18 16:05:50,063 [Thread-7:5836] [django.server:131] [basehttp:log_message] [INFO]- "GET /static/js/modernizr.min.js HTTP/1.1" 200 15157
2017-06-18 16:05:50,075 [Thread-9:13032] [django.server:131] [basehttp:log_message] [INFO]- "GET /static/js/jquery.cookies.js HTTP/1.1" 200 2033
2017-06-18 16:05:50,101 [Thread-6:5740] [django.server:131] [basehttp:log_message] [INFO]- "GET /static/js/bootstrap.min.js HTTP/1.1" 200 31823
2017-06-18 16:05:50,226 [Thread-8:8876] [django.server:131] [basehttp:log_message] [INFO]- "GET /static/js/jquery.sparkline.min.js HTTP/1.1" 200 43251
2017-06-18 16:05:50,275 [Thread-3:8804] [django.server:131] [basehttp:log_message] [INFO]- "GET /static/css/style.default.css HTTP/1.1" 200 77743
2017-06-18 16:05:50,275 [Thread-4:5084] [django.server:131] [basehttp:log_message] [INFO]- "GET /static/js/jquery-1.11.1.min.js HTTP/1.1" 200 95789
2017-06-18 16:05:50,319 [Thread-11:2268] [django.server:131] [basehttp:log_message] [INFO]- "GET /static/js/retina.min.js HTTP/1.1" 200 2161
2017-06-18 16:05:50,322 [Thread-10:5192] [django.server:131] [basehttp:log_message] [INFO]- "GET /static/js/toggles.min.js HTTP/1.1" 200 2736
2017-06-18 16:05:50,332 [Thread-12:4104] [django.server:131] [basehttp:log_message] [INFO]- "GET /static/js/custom.js HTTP/1.1" 200 11035
2017-06-18 16:05:50,440 [Thread-13:5800] [django.server:131] [basehttp:log_message] [INFO]- "GET /static/js/Hero.js HTTP/1.1" 200 16296
2017-06-18 16:05:50,664 [Thread-14:1792] [django.server:131] [basehttp:log_message] [INFO]- "GET /static/images/favicon.png HTTP/1.1" 200 983
2017-06-18 16:05:50,670 [Thread-17:1484] [django.server:131] [basehttp:log_message] [INFO]- "GET /static/css/weather-icons.min.css HTTP/1.1" 200 5601
2017-06-18 16:05:50,770 [Thread-18:9120] [django.server:131] [basehttp:log_message] [INFO]- "GET /static/css/jquery-ui-1.10.3.css HTTP/1.1" 200 18930
2017-06-18 16:05:50,775 [Thread-16:12952] [django.server:131] [basehttp:log_message] [INFO]- "GET /static/css/bootstrap-override.css HTTP/1.1" 200 22777
2017-06-18 16:05:50,779 [Thread-19:7868] [django.server:131] [basehttp:log_message] [INFO]- "GET /static/css/font-awesome.min.css HTTP/1.1" 200 20766
2017-06-18 16:05:50,953 [Thread-21:12564] [django.server:131] [basehttp:log_message] [INFO]- "GET /static/css/animate.delay.css HTTP/1.1" 200 11432
2017-06-18 16:05:50,960 [Thread-22:2940] [django.server:131] [basehttp:log_message] [INFO]- "GET /static/css/toggles.css HTTP/1.1" 200 5378
2017-06-18 16:05:50,967 [Thread-24:5704] [django.server:131] [basehttp:log_message] [INFO]- "GET /static/css/lato.css HTTP/1.1" 200 5575
2017-06-18 16:05:50,999 [Thread-23:8752] [django.server:131] [basehttp:log_message] [INFO]- "GET /static/css/select2.css HTTP/1.1" 200 18606
2017-06-18 16:05:51,102 [Thread-15:9000] [django.server:131] [basehttp:log_message] [INFO]- "GET /static/css/bootstrap.min.css HTTP/1.1" 200 109604
2017-06-18 16:05:51,180 [Thread-20:9144] [django.server:131] [basehttp:log_message] [INFO]- "GET /static/css/animate.min.css HTTP/1.1" 200 51174
2017-06-18 16:05:51,342 [Thread-25:5628] [django.server:131] [basehttp:log_message] [INFO]- "GET /static/css/roboto.css HTTP/1.1" 200 9528
2017-06-18 16:05:51,548 [Thread-26:11560] [django.server:131] [basehttp:log_message] [INFO]- "GET /static/images/user.png HTTP/1.1" 200 1106
2017-06-18 16:05:51,551 [Thread-27:6592] [django.server:131] [basehttp:log_message] [INFO]- "GET /static/images/locked.png HTTP/1.1" 200 1132
2017-06-18 16:05:51,637 [Thread-28:5228] [django.server:131] [basehttp:log_message] [INFO]- "GET /static/fonts/fontawesome-webfont.woff?v=4.1.0 HTTP/1.1" 200 83760
2017-06-18 16:06:25,795 [Thread-29:5912] [django.server:131] [basehttp:log_message] [INFO]- "GET /admin HTTP/1.1" 301 0
2017-06-18 16:06:25,961 [Thread-30:8956] [django.server:131] [basehttp:log_message] [INFO]- "GET /admin/ HTTP/1.1" 302 0
2017-06-18 16:06:26,089 [Thread-31:9632] [django.server:131] [basehttp:log_message] [INFO]- "GET /admin/login/?next=/admin/ HTTP/1.1" 200 1657
2017-06-18 16:06:26,237 [Thread-32:11872] [django.server:131] [basehttp:log_message] [INFO]- "GET /static/admin/css/base.css HTTP/1.1" 200 15937
2017-06-18 16:06:26,367 [Thread-33:4620] [django.server:131] [basehttp:log_message] [INFO]- "GET /static/admin/css/login.css HTTP/1.1" 200 1203
2017-06-18 16:06:26,551 [Thread-34:7568] [django.server:131] [basehttp:log_message] [INFO]- "GET /static/admin/css/fonts.css HTTP/1.1" 200 423
2017-06-18 16:06:26,786 [Thread-35:8856] [django.server:131] [basehttp:log_message] [INFO]- "GET /static/admin/fonts/Roboto-Regular-webfont.woff HTTP/1.1" 200 80304
2017-06-18 16:06:26,789 [Thread-36:11480] [django.server:131] [basehttp:log_message] [INFO]- "GET /static/admin/fonts/Roboto-Light-webfont.woff HTTP/1.1" 200 81348
2017-06-18 16:06:26,930 [Thread-37:10080] [django.server:131] [basehttp:log_message] [WARNING]- "GET /favicon.ico HTTP/1.1" 404 4582
2017-06-18 16:06:27,086 [Thread-38:9148] [django.server:131] [basehttp:log_message] [WARNING]- "GET /favicon.ico HTTP/1.1" 404 4582
2017-06-18 16:06:37,144 [Thread-39:13232] [django.server:131] [basehttp:log_message] [WARNING]- "GET /admin/index HTTP/1.1" 404 8128
2017-06-18 16:07:25,714 [Thread-40:11692] [django.server:131] [basehttp:log_message] [WARNING]- "GET //index HTTP/1.1" 404 4567
2017-06-18 16:07:39,269 [Thread-41:10948] [django.server:131] [basehttp:log_message] [INFO]- "GET /index HTTP/1.1" 301 0
2017-06-18 16:07:39,397 [Thread-42:7816] [django.server:131] [basehttp:log_message] [INFO]- "GET /index/ HTTP/1.1" 200 33723
2017-06-18 16:07:39,686 [Thread-43:10204] [django.server:131] [basehttp:log_message] [INFO]- "GET /static/images/photos/loggeduser.png HTTP/1.1" 200 20630
2017-06-18 16:07:39,691 [Thread-48:10844] [django.server:131] [basehttp:log_message] [INFO]- "GET /static/images/photos/user5.png HTTP/1.1" 200 17012
2017-06-18 16:07:39,697 [Thread-47:12688] [django.server:131] [basehttp:log_message] [INFO]- "GET /static/images/photos/user4.png HTTP/1.1" 200 18211
2017-06-18 16:07:39,703 [Thread-44:4408] [django.server:131] [basehttp:log_message] [INFO]- "GET /static/images/photos/user1.png HTTP/1.1" 200 17694
2017-06-18 16:07:39,713 [Thread-45:7688] [django.server:131] [basehttp:log_message] [INFO]- "GET /static/images/photos/user2.png HTTP/1.1" 200 18310
2017-06-18 16:07:39,713 [Thread-46:6196] [django.server:131] [basehttp:log_message] [INFO]- "GET /static/images/photos/user3.png HTTP/1.1" 200 17036
2017-06-18 16:07:39,743 [Thread-51:2768] [django.server:131] [basehttp:log_message] [INFO]- "GET /static/js/flot/jquery.flot.resize.min.js HTTP/1.1" 200 2348
2017-06-18 16:07:39,763 [Thread-50:7156] [django.server:131] [basehttp:log_message] [INFO]- "GET /static/js/flot/jquery.flot.min.js HTTP/1.1" 200 52970
2017-06-18 16:07:39,775 [Thread-52:3292] [django.server:131] [basehttp:log_message] [INFO]- "GET /static/js/flot/jquery.flot.spline.min.js HTTP/1.1" 200 2791
2017-06-18 16:07:39,776 [Thread-49:5844] [django.server:131] [basehttp:log_message] [INFO]- "GET /static/js/jquery-ui-1.10.3.min.js HTTP/1.1" 200 228142
2017-06-18 16:07:39,782 [Thread-53:6064] [django.server:131] [basehttp:log_message] [INFO]- "GET /static/js/raphael-2.1.0.min.js HTTP/1.1" 200 110942
2017-06-18 16:07:39,788 [Thread-54:9332] [django.server:131] [basehttp:log_message] [INFO]- "GET /static/images/photos/userprofile.png HTTP/1.1" 200 23407
2017-06-18 16:07:39,951 [Thread-55:12440] [django.server:131] [basehttp:log_message] [INFO]- "GET /static/images/plus-white.png HTTP/1.1" 200 966
2017-06-18 16:07:39,963 [Thread-56:4452] [django.server:131] [basehttp:log_message] [INFO]- "GET /static/images/icon-search.png HTTP/1.1" 200 1239
2017-06-18 16:07:40,125 [Thread-57:11812] [django.server:131] [basehttp:log_message] [INFO]- "GET /static/fonts/glyphicons-halflings-regular.woff HTTP/1.1" 200 23320
2017-06-18 16:07:42,006 [Thread-58:10624] [django.server:131] [basehttp:log_message] [INFO]- "GET /static/images/plus.png HTTP/1.1" 200 971
2017-06-18 16:07:45,286 [Thread-59:12508] [django.server:131] [basehttp:log_message] [INFO]- "GET /project HTTP/1.1" 301 0
2017-06-18 16:07:45,496 [Thread-60:6676] [django.server:131] [basehttp:log_message] [INFO]- "GET /project/ HTTP/1.1" 200 1610
2017-06-18 16:07:45,562 [Thread-63:8684] [django.server:131] [basehttp:log_message] [INFO]- "GET /static/js/jquery-1.11.1.min.js?_=1497773259888 HTTP/1.1" 200 95789
2017-06-18 16:07:45,568 [Thread-61:8468] [django.server:131] [basehttp:log_message] [INFO]- "GET /static/css/jquery.gritter.css HTTP/1.1" 200 1468
2017-06-18 16:07:45,576 [Thread-62:9328] [django.server:131] [basehttp:log_message] [INFO]- "GET /static/css/jquery.datatables.css HTTP/1.1" 200 4322
2017-06-18 16:07:45,645 [Thread-64:5948] [django.server:131] [basehttp:log_message] [INFO]- "GET /static/js/bootstrap.min.js?_=1497773259889 HTTP/1.1" 200 31823
2017-06-18 16:07:45,690 [Thread-65:13068] [django.server:131] [basehttp:log_message] [INFO]- "GET /static/js/jquery.datatables.min.js?_=1497773259890 HTTP/1.1" 200 77503
2017-06-18 16:07:45,845 [Thread-66:11508] [django.server:131] [basehttp:log_message] [INFO]- "GET /static/images/sort_both.png HTTP/1.1" 200 1109
2017-06-18 16:07:45,851 [Thread-67:12376] [django.server:131] [basehttp:log_message] [INFO]- "GET /static/images/sort_asc.png HTTP/1.1" 200 1033
2017-06-18 16:08:11,249 [Thread-68:11304] [django.server:131] [basehttp:log_message] [INFO]- "GET /static/images/minus.png HTTP/1.1" 200 955
2017-06-18 16:08:16,941 [Thread-69:4240] [django.server:131] [basehttp:log_message] [INFO]- "GET /element/?pro_id=1 HTTP/1.1" 200 13987
2017-06-18 16:08:17,025 [Thread-70:2736] [django.server:131] [basehttp:log_message] [INFO]- "GET /static/js/jquery-1.11.1.min.js?_=1497773265575 HTTP/1.1" 200 95789
2017-06-18 16:08:17,072 [Thread-71:12148] [django.server:131] [basehttp:log_message] [INFO]- "GET /static/js/bootstrap.min.js?_=1497773265576 HTTP/1.1" 200 31823
2017-06-18 16:08:17,111 [Thread-72:7608] [django.server:131] [basehttp:log_message] [INFO]- "GET /static/js/jquery.datatables.min.js?_=1497773265577 HTTP/1.1" 200 77503
2017-06-18 16:08:35,052 [Thread-73:3432] [django.server:131] [basehttp:log_message] [INFO]- "GET /project/ HTTP/1.1" 200 1610
2017-06-18 16:08:35,092 [Thread-74:5360] [django.server:131] [basehttp:log_message] [INFO]- "GET /static/js/jquery-1.11.1.min.js?_=1497773297047 HTTP/1.1" 200 95789
2017-06-18 16:08:35,125 [Thread-75:13260] [django.server:131] [basehttp:log_message] [INFO]- "GET /static/js/bootstrap.min.js?_=1497773297048 HTTP/1.1" 200 31823
2017-06-18 16:08:35,142 [Thread-76:5468] [django.server:131] [basehttp:log_message] [INFO]- "GET /static/js/jquery.datatables.min.js?_=1497773297049 HTTP/1.1" 200 77503
2017-06-18 16:08:45,121 [Thread-77:9480] [django.server:131] [basehttp:log_message] [INFO]- "GET /scenario_list/?pro_id=1 HTTP/1.1" 200 2507
2017-06-18 16:08:45,167 [Thread-78:11488] [django.server:131] [basehttp:log_message] [INFO]- "GET /static/js/jquery-1.11.1.min.js?_=1497773315105 HTTP/1.1" 200 95789
2017-06-18 16:08:45,200 [Thread-79:5328] [django.server:131] [basehttp:log_message] [INFO]- "GET /static/js/bootstrap.min.js?_=1497773315106 HTTP/1.1" 200 31823
2017-06-18 16:08:45,229 [Thread-80:9552] [django.server:131] [basehttp:log_message] [INFO]- "GET /static/js/jquery.datatables.min.js?_=1497773315107 HTTP/1.1" 200 77503
2017-06-18 16:08:56,230 [Thread-81:10652] [django.server:131] [basehttp:log_message] [INFO]- "GET /project/ HTTP/1.1" 200 1610
2017-06-18 16:08:56,289 [Thread-82:13024] [django.server:131] [basehttp:log_message] [INFO]- "GET /static/js/jquery-1.11.1.min.js?_=1497773325178 HTTP/1.1" 200 95789
2017-06-18 16:08:56,344 [Thread-83:11728] [django.server:131] [basehttp:log_message] [INFO]- "GET /static/js/bootstrap.min.js?_=1497773325179 HTTP/1.1" 200 31823
2017-06-18 16:08:56,372 [Thread-84:7096] [django.server:131] [basehttp:log_message] [INFO]- "GET /static/js/jquery.datatables.min.js?_=1497773325180 HTTP/1.1" 200 77503
2017-06-18 16:08:57,552 [Thread-85:8868] [django.server:131] [basehttp:log_message] [INFO]- "GET /project/ HTTP/1.1" 200 1610
2017-06-18 16:08:57,588 [Thread-86:7268] [django.server:131] [basehttp:log_message] [INFO]- "GET /static/js/jquery-1.11.1.min.js?_=1497773336309 HTTP/1.1" 200 95789
2017-06-18 16:08:57,641 [Thread-87:4584] [django.server:131] [basehttp:log_message] [INFO]- "GET /static/js/bootstrap.min.js?_=1497773336310 HTTP/1.1" 200 31823
2017-06-18 16:08:57,661 [Thread-88:4244] [django.server:131] [basehttp:log_message] [INFO]- "GET /static/js/jquery.datatables.min.js?_=1497773336311 HTTP/1.1" 200 77503
2017-06-18 16:08:58,028 [Thread-89:11592] [django.server:131] [basehttp:log_message] [INFO]- "GET /project/ HTTP/1.1" 200 1610
2017-06-18 16:08:58,071 [Thread-90:10564] [django.server:131] [basehttp:log_message] [INFO]- "GET /static/js/jquery-1.11.1.min.js?_=1497773337616 HTTP/1.1" 200 95789
2017-06-18 16:08:58,105 [Thread-91:12960] [django.server:131] [basehttp:log_message] [INFO]- "GET /static/js/bootstrap.min.js?_=1497773337617 HTTP/1.1" 200 31823
2017-06-18 16:08:58,121 [Thread-92:10056] [django.server:131] [basehttp:log_message] [INFO]- "GET /static/js/jquery.datatables.min.js?_=1497773337618 HTTP/1.1" 200 77503
2017-06-18 16:09:07,046 [Thread-93:12080] [django.server:131] [basehttp:log_message] [INFO]- "GET /element/?pro_id=2 HTTP/1.1" 200 7330
2017-06-18 16:09:07,134 [Thread-94:7440] [django.server:131] [basehttp:log_message] [INFO]- "GET /static/js/jquery-1.11.1.min.js?_=1497773338082 HTTP/1.1" 200 95789
2017-06-18 16:09:07,173 [Thread-95:12836] [django.server:131] [basehttp:log_message] [INFO]- "GET /static/js/bootstrap.min.js?_=1497773338083 HTTP/1.1" 200 31823
2017-06-18 16:09:07,194 [Thread-96:3780] [django.server:131] [basehttp:log_message] [INFO]- "GET /static/js/jquery.datatables.min.js?_=1497773338084 HTTP/1.1" 200 77503
2017-06-18 16:09:07,926 [Thread-97:13160] [django.server:131] [basehttp:log_message] [INFO]- "GET /case_list/?pro_id=2 HTTP/1.1" 200 1561
2017-06-18 16:09:07,967 [Thread-98:12748] [django.server:131] [basehttp:log_message] [INFO]- "GET /static/js/jquery-1.11.1.min.js?_=1497773347147 HTTP/1.1" 200 95789
2017-06-18 16:09:08,002 [Thread-99:5440] [django.server:131] [basehttp:log_message] [INFO]- "GET /static/js/bootstrap.min.js?_=1497773347148 HTTP/1.1" 200 31823
2017-06-18 16:09:08,020 [Thread-100:1800] [django.server:131] [basehttp:log_message] [INFO]- "GET /static/js/jquery.datatables.min.js?_=1497773347149 HTTP/1.1" 200 77503
2017-06-18 16:09:08,878 [Thread-101:6116] [django.server:131] [basehttp:log_message] [INFO]- "GET /scenario_list/?pro_id=2 HTTP/1.1" 200 1508
2017-06-18 16:09:08,934 [Thread-102:11432] [django.server:131] [basehttp:log_message] [INFO]- "GET /static/js/jquery-1.11.1.min.js?_=1497773347981 HTTP/1.1" 200 95789
2017-06-18 16:09:08,973 [Thread-103:4832] [django.server:131] [basehttp:log_message] [INFO]- "GET /static/js/bootstrap.min.js?_=1497773347982 HTTP/1.1" 200 31823
2017-06-18 16:09:08,996 [Thread-104:2732] [django.server:131] [basehttp:log_message] [INFO]- "GET /static/js/jquery.datatables.min.js?_=1497773347983 HTTP/1.1" 200 77503
2017-06-18 16:09:10,309 [Thread-105:9808] [django.server:131] [basehttp:log_message] [INFO]- "GET /add_scenario/?pro_id=2 HTTP/1.1" 200 4645
2017-06-18 16:09:10,351 [Thread-106:12504] [django.server:131] [basehttp:log_message] [INFO]- "GET /static/js/jquery-1.11.1.min.js?_=1497773348949 HTTP/1.1" 200 95789
2017-06-18 16:09:10,384 [Thread-107:5044] [django.server:131] [basehttp:log_message] [INFO]- "GET /static/js/jquery-ui-1.10.3.min.js?_=1497773348950 HTTP/1.1" 200 228142
2017-06-18 16:09:10,444 [Thread-108:12744] [django.server:131] [basehttp:log_message] [INFO]- "GET /static/js/jquery-1.11.1.min.js?_=1497773348951 HTTP/1.1" 200 95789
2017-06-18 16:09:10,482 [Thread-109:3632] [django.server:131] [basehttp:log_message] [INFO]- "GET /static/js/jquery.datatables.min.js?_=1497773348952 HTTP/1.1" 200 77503
2017-06-18 16:09:10,522 [Thread-110:6172] [django.server:131] [basehttp:log_message] [INFO]- "GET /static/js/jquery-ui-1.10.3.min.js?_=1497773348953 HTTP/1.1" 200 228142
2017-06-18 16:09:10,579 [Thread-111:4360] [django.server:131] [basehttp:log_message] [INFO]- "GET /static/js/bootstrap.min.js?_=1497773348954 HTTP/1.1" 200 31823
2017-06-18 16:09:12,848 [Thread-112:7852] [django.server:131] [basehttp:log_message] [INFO]- "GET /element/?pro_id=2 HTTP/1.1" 200 7330
2017-06-18 16:09:12,891 [Thread-113:12956] [django.server:131] [basehttp:log_message] [INFO]- "GET /static/js/jquery-1.11.1.min.js?_=1497773350461 HTTP/1.1" 200 95789
2017-06-18 16:09:12,924 [Thread-114:12820] [django.server:131] [basehttp:log_message] [INFO]- "GET /static/js/bootstrap.min.js?_=1497773350462 HTTP/1.1" 200 31823
2017-06-18 16:09:12,947 [Thread-115:5412] [django.server:131] [basehttp:log_message] [INFO]- "GET /static/js/jquery.datatables.min.js?_=1497773350463 HTTP/1.1" 200 77503
2017-06-18 16:09:21,088 [Thread-116:12308] [django.server:131] [basehttp:log_message] [INFO]- "GET /element/?pro_id=1 HTTP/1.1" 200 13987
2017-06-18 16:09:21,153 [Thread-117:11492] [django.server:131] [basehttp:log_message] [INFO]- "GET /static/js/jquery-1.11.1.min.js?_=1497773352904 HTTP/1.1" 200 95789
2017-06-18 16:09:21,197 [Thread-118:5660] [django.server:131] [basehttp:log_message] [INFO]- "GET /static/js/bootstrap.min.js?_=1497773352905 HTTP/1.1" 200 31823
2017-06-18 16:09:21,224 [Thread-119:1072] [django.server:131] [basehttp:log_message] [INFO]- "GET /static/js/jquery.datatables.min.js?_=1497773352906 HTTP/1.1" 200 77503
2017-06-18 16:09:23,798 [Thread-120:12684] [django.server:131] [basehttp:log_message] [INFO]- "POST /element/ HTTP/1.1" 200 273
2017-06-18 16:09:55,845 [Thread-121:1260] [django.server:131] [basehttp:log_message] [INFO]- "POST /element/ HTTP/1.1" 200 371
2017-06-18 16:10:32,542 [Thread-122:1928] [django.server:131] [basehttp:log_message] [INFO]- "POST /element/ HTTP/1.1" 200 371
2017-06-18 16:17:41,351 [Thread-123:11624] [django.server:131] [basehttp:log_message] [INFO]- "POST /element/ HTTP/1.1" 200 12
2017-06-18 16:17:45,869 [Thread-124:13120] [django.server:131] [basehttp:log_message] [INFO]- "GET /element/?pro_id=1 HTTP/1.1" 200 13987
2017-06-18 16:17:45,940 [Thread-125:5436] [django.server:131] [basehttp:log_message] [INFO]- "GET /static/js/jquery-1.11.1.min.js?_=1497773361171 HTTP/1.1" 200 95789
2017-06-18 16:17:45,994 [Thread-126:8816] [django.server:131] [basehttp:log_message] [INFO]- "GET /static/js/bootstrap.min.js?_=1497773361172 HTTP/1.1" 200 31823
2017-06-18 16:17:46,015 [Thread-127:9088] [django.server:131] [basehttp:log_message] [INFO]- "GET /static/js/jquery.datatables.min.js?_=1497773361173 HTTP/1.1" 200 77503
2017-06-18 16:18:05,642 [Thread-128:4688] [django.server:131] [basehttp:log_message] [INFO]- "GET /element/?pro_id=1 HTTP/1.1" 200 13987
2017-06-18 16:18:05,770 [Thread-129:7320] [django.server:131] [basehttp:log_message] [INFO]- "GET /static/js/jquery-1.11.1.min.js?_=1497773865967 HTTP/1.1" 200 95789
2017-06-18 16:18:05,822 [Thread-130:12220] [django.server:131] [basehttp:log_message] [INFO]- "GET /static/js/bootstrap.min.js?_=1497773865968 HTTP/1.1" 200 31823
2017-06-18 16:18:05,851 [Thread-131:4172] [django.server:131] [basehttp:log_message] [INFO]- "GET /static/js/jquery.datatables.min.js?_=1497773865969 HTTP/1.1" 200 77503
2017-06-18 16:18:06,071 [Thread-132:7644] [django.server:131] [basehttp:log_message] [INFO]- "GET /index/ HTTP/1.1" 200 33723
2017-06-18 16:18:10,401 [Thread-133:7028] [django.server:131] [basehttp:log_message] [INFO]- "GET /case_list/?pro_id=1 HTTP/1.1" 200 11414
2017-06-18 16:18:10,553 [Thread-134:9264] [django.server:131] [basehttp:log_message] [INFO]- "GET /static/js/jquery-1.11.1.min.js?_=1497773886423 HTTP/1.1" 200 95789
2017-06-18 16:18:10,614 [Thread-135:8256] [django.server:131] [basehttp:log_message] [INFO]- "GET /static/js/bootstrap.min.js?_=1497773886424 HTTP/1.1" 200 31823
2017-06-18 16:18:10,640 [Thread-136:8820] [django.server:131] [basehttp:log_message] [INFO]- "GET /static/js/jquery.datatables.min.js?_=1497773886425 HTTP/1.1" 200 77503
2017-06-18 16:18:52,328 [Thread-137:13168] [django.server:131] [basehttp:log_message] [INFO]- "GET /add_case/?action=add_case&pro_id=1 HTTP/1.1" 200 24079
2017-06-18 16:18:52,404 [Thread-138:3940] [django.server:131] [basehttp:log_message] [INFO]- "GET /static/js/jquery-1.11.1.min.js?_=1497773890570 HTTP/1.1" 200 95789
2017-06-18 16:18:52,447 [Thread-139:7092] [django.server:131] [basehttp:log_message] [INFO]- "GET /static/js/jquery-ui-1.10.3.min.js?_=1497773890571 HTTP/1.1" 200 228142
2017-06-18 16:18:52,512 [Thread-140:3260] [django.server:131] [basehttp:log_message] [INFO]- "GET /static/js/jquery-1.11.1.min.js?_=1497773890572 HTTP/1.1" 200 95789
2017-06-18 16:18:52,546 [Thread-141:6204] [django.server:131] [basehttp:log_message] [INFO]- "GET /static/js/jquery.datatables.min.js?_=1497773890573 HTTP/1.1" 200 77503
2017-06-18 16:18:52,575 [Thread-142:12248] [django.server:131] [basehttp:log_message] [INFO]- "GET /static/js/jquery-ui-1.10.3.min.js?_=1497773890574 HTTP/1.1" 200 228142
2017-06-18 16:18:52,630 [Thread-143:6232] [django.server:131] [basehttp:log_message] [INFO]- "GET /static/js/bootstrap.min.js?_=1497773890575 HTTP/1.1" 200 31823
2017-06-18 16:18:58,234 [Thread-144:4848] [django.server:131] [basehttp:log_message] [INFO]- "GET /case_list/?pro_id=1 HTTP/1.1" 200 11414
2017-06-18 16:18:58,305 [Thread-145:12452] [django.server:131] [basehttp:log_message] [INFO]- "GET /static/js/jquery-1.11.1.min.js?_=1497773932523 HTTP/1.1" 200 95789
2017-06-18 16:18:58,354 [Thread-146:12544] [django.server:131] [basehttp:log_message] [INFO]- "GET /static/js/bootstrap.min.js?_=1497773932524 HTTP/1.1" 200 31823
2017-06-18 16:18:58,380 [Thread-147:12304] [django.server:131] [basehttp:log_message] [INFO]- "GET /static/js/jquery.datatables.min.js?_=1497773932525 HTTP/1.1" 200 77503
2017-06-18 16:19:01,144 [Thread-148:3840] [django.server:131] [basehttp:log_message] [INFO]- "GET /add_case/?action=add_case&pro_id=1 HTTP/1.1" 200 24079
2017-06-18 16:19:01,196 [Thread-149:4728] [django.server:131] [basehttp:log_message] [INFO]- "GET /static/js/jquery-1.11.1.min.js?_=1497773938321 HTTP/1.1" 200 95789
2017-06-18 16:19:01,240 [Thread-150:8664] [django.server:131] [basehttp:log_message] [INFO]- "GET /static/js/jquery-ui-1.10.3.min.js?_=1497773938322 HTTP/1.1" 200 228142
2017-06-18 16:19:01,289 [Thread-151:5780] [django.server:131] [basehttp:log_message] [INFO]- "GET /static/js/jquery-1.11.1.min.js?_=1497773938323 HTTP/1.1" 200 95789
2017-06-18 16:19:01,319 [Thread-152:9980] [django.server:131] [basehttp:log_message] [INFO]- "GET /static/js/jquery.datatables.min.js?_=1497773938324 HTTP/1.1" 200 77503
2017-06-18 16:19:01,342 [Thread-153:7088] [django.server:131] [basehttp:log_message] [INFO]- "GET /static/js/jquery-ui-1.10.3.min.js?_=1497773938325 HTTP/1.1" 200 228142
2017-06-18 16:19:01,411 [Thread-154:5068] [django.server:131] [basehttp:log_message] [INFO]- "GET /static/js/bootstrap.min.js?_=1497773938326 HTTP/1.1" 200 31823
2017-06-18 16:19:04,934 [Thread-155:880] [django.server:131] [basehttp:log_message] [INFO]- "GET /scenario_list/?pro_id=1 HTTP/1.1" 200 2507
2017-06-18 16:19:05,003 [Thread-156:8440] [django.server:131] [basehttp:log_message] [INFO]- "GET /static/js/jquery-1.11.1.min.js?_=1497773941298 HTTP/1.1" 200 95789
2017-06-18 16:19:05,049 [Thread-157:10256] [django.server:131] [basehttp:log_message] [INFO]- "GET /static/js/bootstrap.min.js?_=1497773941299 HTTP/1.1" 200 31823
2017-06-18 16:19:05,071 [Thread-158:7244] [django.server:131] [basehttp:log_message] [INFO]- "GET /static/js/jquery.datatables.min.js?_=1497773941300 HTTP/1.1" 200 77503
2017-06-18 16:19:06,558 [Thread-159:3068] [django.server:131] [basehttp:log_message] [INFO]- "GET /add_scenario/?pro_id=1 HTTP/1.1" 200 12974
2017-06-18 16:19:06,611 [Thread-160:9052] [django.server:131] [basehttp:log_message] [INFO]- "GET /static/js/jquery-1.11.1.min.js?_=1497773945018 HTTP/1.1" 200 95789
2017-06-18 16:19:06,674 [Thread-161:9792] [django.server:131] [basehttp:log_message] [INFO]- "GET /static/js/jquery-ui-1.10.3.min.js?_=1497773945019 HTTP/1.1" 200 228142
2017-06-18 16:19:06,742 [Thread-162:5132] [django.server:131] [basehttp:log_message] [INFO]- "GET /static/js/jquery-1.11.1.min.js?_=1497773945020 HTTP/1.1" 200 95789
2017-06-18 16:19:06,776 [Thread-163:8672] [django.server:131] [basehttp:log_message] [INFO]- "GET /static/js/jquery.datatables.min.js?_=1497773945021 HTTP/1.1" 200 77503
2017-06-18 16:19:06,803 [Thread-164:8244] [django.server:131] [basehttp:log_message] [INFO]- "GET /static/js/jquery-ui-1.10.3.min.js?_=1497773945022 HTTP/1.1" 200 228142
2017-06-18 16:19:06,865 [Thread-165:10784] [django.server:131] [basehttp:log_message] [INFO]- "GET /static/js/bootstrap.min.js?_=1497773945023 HTTP/1.1" 200 31823
2017-06-18 16:19:17,786 [Thread-166:7456] [django.server:131] [basehttp:log_message] [INFO]- "GET /element/?pro_id=1 HTTP/1.1" 200 13987
2017-06-18 16:19:17,861 [Thread-167:7988] [django.server:131] [basehttp:log_message] [INFO]- "GET /static/js/jquery-1.11.1.min.js?_=1497773946751 HTTP/1.1" 200 95789
2017-06-18 16:19:17,903 [Thread-168:972] [django.server:131] [basehttp:log_message] [INFO]- "GET /static/js/bootstrap.min.js?_=1497773946752 HTTP/1.1" 200 31823
2017-06-18 16:19:17,928 [Thread-169:8832] [django.server:131] [basehttp:log_message] [INFO]- "GET /static/js/jquery.datatables.min.js?_=1497773946753 HTTP/1.1" 200 77503
