2017-06-23 22:38:08,496 [Thread-2:11272] [django.server:131] [basehttp:log_message] [INFO]- "GET / HTTP/1.1" 200 4318
2017-06-23 22:38:10,371 [Thread-3:1856] [django.server:131] [basehttp:log_message] [INFO]- "GET /static/images/favicon.png HTTP/1.1" 200 983
2017-06-23 22:38:15,351 [Thread-4:9476] [django.server:131] [basehttp:log_message] [INFO]- "GET /index/ HTTP/1.1" 200 33723
2017-06-23 22:38:19,641 [Thread-5:9184] [django.server:131] [basehttp:log_message] [INFO]- "GET /static/images/minus.png HTTP/1.1" 200 955
2017-06-23 22:38:20,559 [Thread-6:2308] [django.server:131] [basehttp:log_message] [INFO]- "GET /element/?pro_id=1 HTTP/1.1" 200 13987
2017-06-23 22:38:20,612 [Thread-7:8716] [django.server:131] [basehttp:log_message] [INFO]- "GET /static/css/jquery.gritter.css HTTP/1.1" 200 1468
2017-06-23 22:38:20,621 [Thread-8:11448] [django.server:131] [basehttp:log_message] [INFO]- "GET /static/css/jquery.datatables.css HTTP/1.1" 200 4322
2017-06-23 22:38:20,658 [Thread-9:12252] [django.server:131] [basehttp:log_message] [INFO]- "GET /static/js/jquery-1.11.1.min.js?_=1498228695896 HTTP/1.1" 200 95789
2017-06-23 22:38:20,733 [Thread-10:2816] [django.server:131] [basehttp:log_message] [INFO]- "GET /static/js/bootstrap.min.js?_=1498228695897 HTTP/1.1" 200 31823
2017-06-23 22:38:20,786 [Thread-11:6116] [django.server:131] [basehttp:log_message] [INFO]- "GET /static/js/jquery.datatables.min.js?_=1498228695898 HTTP/1.1" 200 77503
2017-06-23 22:38:20,982 [Thread-12:5584] [django.server:131] [basehttp:log_message] [INFO]- "GET /static/images/sort_both.png HTTP/1.1" 200 1109
2017-06-23 22:38:21,012 [Thread-13:10912] [django.server:131] [basehttp:log_message] [INFO]- "GET /static/images/sort_asc.png HTTP/1.1" 200 1033
2017-06-23 22:38:32,733 [Thread-14:1108] [django.server:131] [basehttp:log_message] [INFO]- "POST /element/ HTTP/1.1" 200 273
2017-06-23 22:38:48,812 [Thread-15:10848] [django.server:131] [basehttp:log_message] [INFO]- "POST /element/ HTTP/1.1" 200 377
2017-06-23 22:47:54,799 [Thread-16:5284] [django.server:131] [basehttp:log_message] [INFO]- "GET /scenario_list/?pro_id=1 HTTP/1.1" 200 2507
2017-06-23 22:47:54,928 [Thread-17:10064] [django.server:131] [basehttp:log_message] [INFO]- "GET /static/js/jquery-1.11.1.min.js?_=1498228700702 HTTP/1.1" 200 95789
2017-06-23 22:47:55,012 [Thread-18:624] [django.server:131] [basehttp:log_message] [INFO]- "GET /static/js/bootstrap.min.js?_=1498228700703 HTTP/1.1" 200 31823
2017-06-23 22:47:55,038 [Thread-19:4584] [django.server:131] [basehttp:log_message] [INFO]- "GET /static/js/jquery.datatables.min.js?_=1498228700704 HTTP/1.1" 200 77503
2017-06-23 22:47:57,854 [Thread-20:2904] [django.server:131] [basehttp:log_message] [INFO]- "GET /add_scenario/?pro_id=1 HTTP/1.1" 200 12974
2017-06-23 22:47:57,917 [Thread-21:10364] [django.server:131] [basehttp:log_message] [INFO]- "GET /static/js/jquery-1.11.1.min.js?_=1498229274972 HTTP/1.1" 200 95789
2017-06-23 22:47:57,994 [Thread-22:10520] [django.server:131] [basehttp:log_message] [INFO]- "GET /static/js/jquery-ui-1.10.3.min.js?_=1498229274973 HTTP/1.1" 200 228142
2017-06-23 22:47:58,117 [Thread-23:5084] [django.server:131] [basehttp:log_message] [INFO]- "GET /static/js/jquery-1.11.1.min.js?_=1498229274974 HTTP/1.1" 200 95789
2017-06-23 22:47:58,138 [Thread-24:7444] [django.server:131] [basehttp:log_message] [INFO]- "GET /static/js/jquery.datatables.min.js?_=1498229274975 HTTP/1.1" 200 77503
2017-06-23 22:47:58,183 [Thread-25:12176] [django.server:131] [basehttp:log_message] [INFO]- "GET /static/js/jquery-ui-1.10.3.min.js?_=1498229274976 HTTP/1.1" 200 228142
2017-06-23 22:47:58,247 [Thread-26:1452] [django.server:131] [basehttp:log_message] [INFO]- "GET /static/js/bootstrap.min.js?_=1498229274977 HTTP/1.1" 200 31823
2017-06-23 22:48:16,102 [Thread-27:10980] [django.server:131] [basehttp:log_message] [INFO]- "GET /case_list/?pro_id=1 HTTP/1.1" 200 11414
2017-06-23 22:48:16,279 [Thread-28:6108] [django.server:131] [basehttp:log_message] [INFO]- "GET /static/js/jquery-1.11.1.min.js?_=1498229278127 HTTP/1.1" 200 95789
2017-06-23 22:48:16,339 [Thread-29:1460] [django.server:131] [basehttp:log_message] [INFO]- "GET /static/js/bootstrap.min.js?_=1498229278128 HTTP/1.1" 200 31823
2017-06-23 22:48:16,448 [Thread-30:4328] [django.server:131] [basehttp:log_message] [INFO]- "GET /static/js/jquery.datatables.min.js?_=1498229278129 HTTP/1.1" 200 77503
2017-06-23 22:48:18,832 [Thread-31:5852] [django.server:131] [basehttp:log_message] [INFO]- "GET /element/?pro_id=1 HTTP/1.1" 200 13987
2017-06-23 22:48:18,927 [Thread-32:11796] [django.server:131] [basehttp:log_message] [INFO]- "GET /static/js/jquery-1.11.1.min.js?_=1498229296288 HTTP/1.1" 200 95789
2017-06-23 22:48:18,950 [Thread-33:12124] [django.server:131] [basehttp:log_message] [INFO]- "GET /static/js/bootstrap.min.js?_=1498229296289 HTTP/1.1" 200 31823
2017-06-23 22:48:18,970 [Thread-34:5704] [django.server:131] [basehttp:log_message] [INFO]- "GET /static/js/jquery.datatables.min.js?_=1498229296290 HTTP/1.1" 200 77503
2017-06-23 22:48:19,680 [Thread-35:10256] [django.server:131] [basehttp:log_message] [INFO]- "GET /case_list/?pro_id=1 HTTP/1.1" 200 11414
2017-06-23 22:48:19,788 [Thread-36:3500] [django.server:131] [basehttp:log_message] [INFO]- "GET /static/js/jquery-1.11.1.min.js?_=1498229298934 HTTP/1.1" 200 95789
2017-06-23 22:48:19,821 [Thread-37:6620] [django.server:131] [basehttp:log_message] [INFO]- "GET /static/js/bootstrap.min.js?_=1498229298935 HTTP/1.1" 200 31823
2017-06-23 22:48:19,842 [Thread-38:5404] [django.server:131] [basehttp:log_message] [INFO]- "GET /static/js/jquery.datatables.min.js?_=1498229298936 HTTP/1.1" 200 77503
2017-06-23 22:48:21,907 [Thread-39:10284] [django.server:131] [basehttp:log_message] [INFO]- "GET /add_case/?action=add_case&pro_id=1 HTTP/1.1" 200 24079
2017-06-23 22:48:21,953 [Thread-40:276] [django.server:131] [basehttp:log_message] [INFO]- "GET /static/js/jquery-1.11.1.min.js?_=1498229299800 HTTP/1.1" 200 95789
2017-06-23 22:48:21,976 [Thread-41:2364] [django.server:131] [basehttp:log_message] [INFO]- "GET /static/js/jquery-ui-1.10.3.min.js?_=1498229299801 HTTP/1.1" 200 228142
2017-06-23 22:48:22,071 [Thread-42:10244] [django.server:131] [basehttp:log_message] [INFO]- "GET /static/js/jquery-1.11.1.min.js?_=1498229299802 HTTP/1.1" 200 95789
2017-06-23 22:48:22,094 [Thread-43:3192] [django.server:131] [basehttp:log_message] [INFO]- "GET /static/js/jquery.datatables.min.js?_=1498229299803 HTTP/1.1" 200 77503
2017-06-23 22:48:22,121 [Thread-44:10516] [django.server:131] [basehttp:log_message] [INFO]- "GET /static/js/jquery-ui-1.10.3.min.js?_=1498229299804 HTTP/1.1" 200 228142
2017-06-23 22:48:22,161 [Thread-45:1948] [django.server:131] [basehttp:log_message] [INFO]- "GET /static/js/bootstrap.min.js?_=1498229299805 HTTP/1.1" 200 31823
2017-06-23 22:48:24,868 [Thread-46:8632] [django.server:131] [basehttp:log_message] [INFO]- "GET /ajax_html?action=add_case_step HTTP/1.1" 301 0
2017-06-23 22:48:24,944 [Thread-47:6996] [django.server:131] [basehttp:log_message] [INFO]- "GET /ajax_html/?action=add_case_step HTTP/1.1" 200 966
2017-06-23 22:48:49,562 [Thread-48:10824] [django.server:131] [basehttp:log_message] [INFO]- "GET /element/?pro_id=1 HTTP/1.1" 200 13987
2017-06-23 22:48:49,684 [Thread-49:8864] [django.server:131] [basehttp:log_message] [INFO]- "GET /static/js/jquery-1.11.1.min.js?_=1498229302081 HTTP/1.1" 200 95789
2017-06-23 22:48:49,757 [Thread-50:2344] [django.server:131] [basehttp:log_message] [INFO]- "GET /static/js/bootstrap.min.js?_=1498229302082 HTTP/1.1" 200 31823
2017-06-23 22:48:49,788 [Thread-51:9444] [django.server:131] [basehttp:log_message] [INFO]- "GET /static/js/jquery.datatables.min.js?_=1498229302083 HTTP/1.1" 200 77503
2017-06-23 22:49:09,769 [Thread-52:8140] [django.server:131] [basehttp:log_message] [INFO]- "GET /element/?pro_id=1 HTTP/1.1" 200 13987
2017-06-23 22:49:09,947 [Thread-53:1944] [django.server:131] [basehttp:log_message] [INFO]- "GET /static/js/jquery-1.11.1.min.js?_=1498229329743 HTTP/1.1" 200 95789
2017-06-23 22:49:10,049 [Thread-54:11344] [django.server:131] [basehttp:log_message] [INFO]- "GET /static/js/bootstrap.min.js?_=1498229329744 HTTP/1.1" 200 31823
2017-06-23 22:49:10,219 [Thread-55:11500] [django.server:131] [basehttp:log_message] [INFO]- "GET /static/js/jquery.datatables.min.js?_=1498229329745 HTTP/1.1" 200 77503
2017-06-23 22:49:59,724 [Thread-56:12268] [django.server:131] [basehttp:log_message] [INFO]- "POST /element/ HTTP/1.1" 200 273
2017-06-23 22:50:10,510 [Thread-57:8876] [django.server:131] [basehttp:log_message] [INFO]- "POST /element/ HTTP/1.1" 200 355
2017-06-23 22:50:31,875 [Thread-58:8772] [django.server:131] [basehttp:log_message] [INFO]- "POST /element/ HTTP/1.1" 200 355
