2016-09-20 16:36:03,447 [Thread-2:13164] [django.server:131] [basehttp:log_message] [INFO]- "GET / HTTP/1.1" 200 4318
2016-09-20 16:36:04,664 [Thread-5:988] [django.server:131] [basehttp:log_message] [INFO]- "GET /static/js/jquery-migrate-1.2.1.min.js HTTP/1.1" 200 7203
2016-09-20 16:36:04,677 [Thread-9:13344] [django.server:131] [basehttp:log_message] [INFO]- "GET /static/js/jquery.cookies.js HTTP/1.1" 200 2033
2016-09-20 16:36:04,684 [Thread-7:11600] [django.server:131] [basehttp:log_message] [INFO]- "GET /static/js/modernizr.min.js HTTP/1.1" 200 15157
2016-09-20 16:36:04,694 [Thread-10:11372] [django.server:131] [basehttp:log_message] [INFO]- "GET /static/js/toggles.min.js HTTP/1.1" 200 2736
2016-09-20 16:36:04,707 [Thread-11:11892] [django.server:131] [basehttp:log_message] [INFO]- "GET /static/js/retina.min.js HTTP/1.1" 200 2161
2016-09-20 16:36:04,724 [Thread-12:11880] [django.server:131] [basehttp:log_message] [INFO]- "GET /static/js/custom.js HTTP/1.1" 200 11035
2016-09-20 16:36:04,752 [Thread-13:13860] [django.server:131] [basehttp:log_message] [INFO]- "GET /static/js/hero.js HTTP/1.1" 200 14851
2016-09-20 16:36:04,759 [Thread-14:6908] [django.server:131] [basehttp:log_message] [INFO]- "GET /static/images/favicon.png HTTP/1.1" 200 983
2016-09-20 16:36:04,765 [Thread-3:4116] [django.server:131] [basehttp:log_message] [INFO]- "GET /static/css/style.default.css HTTP/1.1" 200 77654
2016-09-20 16:36:04,806 [Thread-15:10016] [django.server:131] [basehttp:log_message] [INFO]- "GET /static/css/bootstrap.min.css HTTP/1.1" 200 109604
2016-09-20 16:36:04,822 [Thread-17:14184] [django.server:131] [basehttp:log_message] [INFO]- "GET /static/css/weather-icons.min.css HTTP/1.1" 200 5601
2016-09-20 16:36:04,822 [Thread-16:11156] [django.server:131] [basehttp:log_message] [INFO]- "GET /static/css/bootstrap-override.css HTTP/1.1" 200 22777
2016-09-20 16:36:04,861 [Thread-18:4752] [django.server:131] [basehttp:log_message] [INFO]- "GET /static/css/jquery-ui-1.10.3.css HTTP/1.1" 200 18930
2016-09-20 16:36:04,918 [Thread-19:11228] [django.server:131] [basehttp:log_message] [INFO]- "GET /static/css/font-awesome.min.css HTTP/1.1" 200 20766
2016-09-20 16:36:04,924 [Thread-20:12256] [django.server:131] [basehttp:log_message] [INFO]- "GET /static/css/animate.min.css HTTP/1.1" 200 51174
2016-09-20 16:36:04,934 [Thread-21:8516] [django.server:131] [basehttp:log_message] [INFO]- "GET /static/css/animate.delay.css HTTP/1.1" 200 11432
2016-09-20 16:36:04,944 [Thread-22:9628] [django.server:131] [basehttp:log_message] [INFO]- "GET /static/css/toggles.css HTTP/1.1" 200 5378
2016-09-20 16:36:04,953 [Thread-23:5328] [django.server:131] [basehttp:log_message] [INFO]- "GET /static/css/select2.css HTTP/1.1" 200 18606
2016-09-20 16:36:04,953 [Thread-24:5488] [django.server:131] [basehttp:log_message] [INFO]- "GET /static/css/lato.css HTTP/1.1" 200 5575
2016-09-20 16:36:04,960 [Thread-25:4368] [django.server:131] [basehttp:log_message] [INFO]- "GET /static/css/roboto.css HTTP/1.1" 200 9528
2016-09-20 16:36:04,983 [Thread-6:12876] [django.server:131] [basehttp:log_message] [INFO]- "GET /static/js/bootstrap.min.js HTTP/1.1" 200 31823
2016-09-20 16:36:04,987 [Thread-4:4772] [django.server:131] [basehttp:log_message] [INFO]- "GET /static/js/jquery-1.11.1.min.js HTTP/1.1" 200 95789
2016-09-20 16:36:04,994 [Thread-26:5196] [django.server:131] [basehttp:log_message] [INFO]- "GET /static/images/user.png HTTP/1.1" 200 1106
2016-09-20 16:36:04,996 [Thread-8:10740] [django.server:131] [basehttp:log_message] [INFO]- "GET /static/js/jquery.sparkline.min.js HTTP/1.1" 200 43251
2016-09-20 16:36:05,000 [Thread-27:12644] [django.server:131] [basehttp:log_message] [INFO]- "GET /static/images/locked.png HTTP/1.1" 200 1132
2016-09-20 16:36:05,006 [Thread-28:7112] [django.server:131] [basehttp:log_message] [INFO]- "GET /static/fonts/fontawesome-webfont.woff?v=4.1.0 HTTP/1.1" 200 83760
2016-09-20 16:36:24,453 [Thread-30:13860] [django.server:131] [basehttp:log_message] [WARNING]- "GET /signup.html HTTP/1.1" 404 4406
2016-09-20 16:36:24,694 [Thread-31:4116] [django.server:131] [basehttp:log_message] [WARNING]- "GET /favicon.ico HTTP/1.1" 404 4406
2016-09-20 16:36:24,749 [Thread-32:10016] [django.server:131] [basehttp:log_message] [WARNING]- "GET /favicon.ico HTTP/1.1" 404 4406
2016-09-20 16:36:49,398 [Thread-33:5404] [django.security.SuspiciousSession:117] [base:decode] [WARNING]- Session data corrupted
2016-09-20 16:36:49,407 [Thread-33:5404] [django.server:131] [basehttp:log_message] [ERROR]- "POST / HTTP/1.1" 500 25768
2016-09-20 16:36:50,979 [Thread-34:14092] [django.security.SuspiciousSession:117] [base:decode] [WARNING]- Session data corrupted
2016-09-20 16:36:50,993 [Thread-34:14092] [django.server:131] [basehttp:log_message] [ERROR]- "POST / HTTP/1.1" 500 25768
2016-09-20 16:36:51,206 [Thread-35:11588] [django.security.SuspiciousSession:117] [base:decode] [WARNING]- Session data corrupted
2016-09-20 16:36:51,216 [Thread-35:11588] [django.server:131] [basehttp:log_message] [ERROR]- "POST / HTTP/1.1" 500 25768
2016-09-20 16:36:51,426 [Thread-36:14176] [django.security.SuspiciousSession:117] [base:decode] [WARNING]- Session data corrupted
2016-09-20 16:36:51,434 [Thread-36:14176] [django.server:131] [basehttp:log_message] [ERROR]- "POST / HTTP/1.1" 500 25768
2016-09-20 16:36:51,651 [Thread-37:3756] [django.security.SuspiciousSession:117] [base:decode] [WARNING]- Session data corrupted
2016-09-20 16:36:51,688 [Thread-37:3756] [django.server:131] [basehttp:log_message] [ERROR]- "POST / HTTP/1.1" 500 25768
2016-09-20 16:36:51,838 [Thread-38:8932] [django.security.SuspiciousSession:117] [base:decode] [WARNING]- Session data corrupted
2016-09-20 16:36:51,848 [Thread-38:8932] [django.server:131] [basehttp:log_message] [ERROR]- "POST / HTTP/1.1" 500 25768
2016-09-20 16:36:52,051 [Thread-39:14240] [django.security.SuspiciousSession:117] [base:decode] [WARNING]- Session data corrupted
2016-09-20 16:36:52,062 [Thread-39:14240] [django.server:131] [basehttp:log_message] [ERROR]- "POST / HTTP/1.1" 500 25768
2016-09-20 16:36:52,286 [Thread-40:11892] [django.security.SuspiciousSession:117] [base:decode] [WARNING]- Session data corrupted
2016-09-20 16:36:52,296 [Thread-40:11892] [django.server:131] [basehttp:log_message] [ERROR]- "POST / HTTP/1.1" 500 25768
2016-09-20 16:36:52,533 [Thread-41:13860] [django.security.SuspiciousSession:117] [base:decode] [WARNING]- Session data corrupted
2016-09-20 16:36:52,543 [Thread-41:13860] [django.server:131] [basehttp:log_message] [ERROR]- "POST / HTTP/1.1" 500 25768
2016-09-20 16:36:57,645 [Thread-42:4116] [django.server:131] [basehttp:log_message] [WARNING]- "GET /signup.html HTTP/1.1" 404 4406
2016-09-20 16:37:03,056 [Thread-43:12876] [django.server:131] [basehttp:log_message] [WARNING]- "GET /signup.html HTTP/1.1" 404 4406
2016-09-20 16:37:10,740 [Thread-44:12396] [django.server:131] [basehttp:log_message] [INFO]- "GET /index HTTP/1.1" 301 0
2016-09-20 16:37:11,032 [Thread-45:9844] [django.security.SuspiciousSession:117] [base:decode] [WARNING]- Session data corrupted
2016-09-20 16:37:11,092 [Thread-45:9844] [django.server:131] [basehttp:log_message] [ERROR]- "GET /index/ HTTP/1.1" 500 160393
2016-09-20 16:49:23,841 [Thread-46:12696] [django.security.SuspiciousSession:117] [base:decode] [WARNING]- Session data corrupted
2016-09-20 16:49:23,904 [Thread-46:12696] [django.server:131] [basehttp:log_message] [ERROR]- "GET /index/ HTTP/1.1" 500 160394
2016-09-20 16:53:15,295 [Thread-2:14164] [django.server:131] [basehttp:log_message] [INFO]- "GET /index/ HTTP/1.1" 200 32899
2016-09-20 16:53:16,344 [Thread-3:10704] [django.server:131] [basehttp:log_message] [INFO]- "GET /static/images/photos/loggeduser.png HTTP/1.1" 200 20630
2016-09-20 16:53:16,364 [Thread-9:10220] [django.server:131] [basehttp:log_message] [INFO]- "GET /static/js/jquery-migrate-1.2.1.min.js HTTP/1.1" 304 0
2016-09-20 16:53:16,380 [Thread-8:4540] [django.server:131] [basehttp:log_message] [INFO]- "GET /static/images/photos/user5.png HTTP/1.1" 200 17012
2016-09-20 16:53:16,391 [Thread-11:8516] [django.server:131] [basehttp:log_message] [INFO]- "GET /static/js/modernizr.min.js HTTP/1.1" 304 0
2016-09-20 16:53:16,394 [Thread-10:13784] [django.server:131] [basehttp:log_message] [INFO]- "GET /static/js/jquery-ui-1.10.3.min.js HTTP/1.1" 200 228142
2016-09-20 16:53:16,407 [Thread-13:10984] [django.server:131] [basehttp:log_message] [INFO]- "GET /static/js/flot/jquery.flot.resize.min.js HTTP/1.1" 200 2348
2016-09-20 16:53:16,407 [Thread-12:12940] [django.server:131] [basehttp:log_message] [INFO]- "GET /static/js/flot/jquery.flot.min.js HTTP/1.1" 200 52970
2016-09-20 16:53:16,417 [Thread-14:9220] [django.server:131] [basehttp:log_message] [INFO]- "GET /static/js/flot/jquery.flot.spline.min.js HTTP/1.1" 200 2791
2016-09-20 16:53:16,433 [Thread-15:13808] [django.server:131] [basehttp:log_message] [INFO]- "GET /static/js/raphael-2.1.0.min.js HTTP/1.1" 200 110942
2016-09-20 16:53:16,438 [Thread-16:4772] [django.server:131] [basehttp:log_message] [INFO]- "GET /static/css/style.default.css HTTP/1.1" 304 0
2016-09-20 16:53:16,444 [Thread-17:6172] [django.server:131] [basehttp:log_message] [INFO]- "GET /static/js/jquery-1.11.1.min.js HTTP/1.1" 304 0
2016-09-20 16:53:16,483 [Thread-18:12308] [django.server:131] [basehttp:log_message] [INFO]- "GET /static/js/bootstrap.min.js HTTP/1.1" 304 0
2016-09-20 16:53:16,503 [Thread-19:7192] [django.server:131] [basehttp:log_message] [INFO]- "GET /static/js/jquery.sparkline.min.js HTTP/1.1" 304 0
2016-09-20 16:53:16,559 [Thread-20:9028] [django.server:131] [basehttp:log_message] [INFO]- "GET /static/js/toggles.min.js HTTP/1.1" 304 0
2016-09-20 16:53:16,568 [Thread-21:1692] [django.server:131] [basehttp:log_message] [INFO]- "GET /static/js/retina.min.js HTTP/1.1" 304 0
2016-09-20 16:53:16,582 [Thread-22:11200] [django.server:131] [basehttp:log_message] [INFO]- "GET /static/js/jquery.cookies.js HTTP/1.1" 304 0
2016-09-20 16:53:16,598 [Thread-23:13240] [django.server:131] [basehttp:log_message] [INFO]- "GET /static/js/custom.js HTTP/1.1" 304 0
2016-09-20 16:53:16,604 [Thread-24:14120] [django.server:131] [basehttp:log_message] [INFO]- "GET /static/js/hero.js HTTP/1.1" 304 0
2016-09-20 16:53:16,611 [Thread-25:5708] [django.server:131] [basehttp:log_message] [INFO]- "GET /static/css/bootstrap.min.css HTTP/1.1" 304 0
2016-09-20 16:53:16,642 [Thread-26:12144] [django.server:131] [basehttp:log_message] [INFO]- "GET /static/css/bootstrap-override.css HTTP/1.1" 304 0
2016-09-20 16:53:16,651 [Thread-27:7040] [django.server:131] [basehttp:log_message] [INFO]- "GET /static/css/weather-icons.min.css HTTP/1.1" 304 0
2016-09-20 16:53:16,657 [Thread-28:12228] [django.server:131] [basehttp:log_message] [INFO]- "GET /static/css/jquery-ui-1.10.3.css HTTP/1.1" 304 0
2016-09-20 16:53:16,663 [Thread-29:12660] [django.server:131] [basehttp:log_message] [INFO]- "GET /static/css/font-awesome.min.css HTTP/1.1" 304 0
2016-09-20 16:53:16,667 [Thread-30:5352] [django.server:131] [basehttp:log_message] [INFO]- "GET /static/css/animate.min.css HTTP/1.1" 304 0
2016-09-20 16:53:16,671 [Thread-4:12752] [django.server:131] [basehttp:log_message] [INFO]- "GET /static/images/photos/user1.png HTTP/1.1" 200 17694
2016-09-20 16:53:16,681 [Thread-31:11860] [django.server:131] [basehttp:log_message] [INFO]- "GET /static/css/animate.delay.css HTTP/1.1" 304 0
2016-09-20 16:53:16,684 [Thread-32:10800] [django.server:131] [basehttp:log_message] [INFO]- "GET /static/css/toggles.css HTTP/1.1" 304 0
2016-09-20 16:53:16,687 [Thread-33:9380] [django.server:131] [basehttp:log_message] [INFO]- "GET /static/css/select2.css HTTP/1.1" 304 0
2016-09-20 16:53:16,698 [Thread-34:876] [django.server:131] [basehttp:log_message] [INFO]- "GET /static/css/lato.css HTTP/1.1" 304 0
2016-09-20 16:53:16,727 [Thread-35:7684] [django.server:131] [basehttp:log_message] [INFO]- "GET /static/css/roboto.css HTTP/1.1" 304 0
2016-09-20 16:53:16,732 [Thread-36:11336] [django.server:131] [basehttp:log_message] [INFO]- "GET /static/images/favicon.png HTTP/1.1" 304 0
2016-09-20 16:53:16,743 [Thread-5:10736] [django.server:131] [basehttp:log_message] [INFO]- "GET /static/images/photos/user2.png HTTP/1.1" 200 18310
2016-09-20 16:53:16,750 [Thread-37:7160] [django.server:131] [basehttp:log_message] [INFO]- "GET /static/images/photos/userprofile.png HTTP/1.1" 200 23407
2016-09-20 16:53:16,759 [Thread-38:9844] [django.server:131] [basehttp:log_message] [INFO]- "GET /static/images/plus-white.png HTTP/1.1" 200 966
2016-09-20 16:53:16,765 [Thread-39:13796] [django.server:131] [basehttp:log_message] [INFO]- "GET /static/images/icon-search.png HTTP/1.1" 200 1239
2016-09-20 16:53:16,770 [Thread-40:12396] [django.server:131] [basehttp:log_message] [INFO]- "GET /static/fonts/glyphicons-halflings-regular.woff HTTP/1.1" 200 23320
2016-09-20 16:53:16,776 [Thread-6:3708] [django.server:131] [basehttp:log_message] [INFO]- "GET /static/images/photos/user3.png HTTP/1.1" 200 17036
2016-09-20 16:53:16,785 [Thread-7:12460] [django.server:131] [basehttp:log_message] [INFO]- "GET /static/images/photos/user4.png HTTP/1.1" 200 18211
2016-09-20 16:53:16,832 [Thread-41:5532] [django.server:131] [basehttp:log_message] [INFO]- "GET /static/fonts/fontawesome-webfont.woff?v=4.1.0 HTTP/1.1" 304 0
2016-09-20 16:53:21,384 [Thread-42:7528] [django.server:131] [basehttp:log_message] [INFO]- "GET /static/images/plus.png HTTP/1.1" 200 971
2016-09-20 16:53:23,647 [Thread-43:10496] [django.server:131] [basehttp:log_message] [INFO]- "GET /static/images/minus.png HTTP/1.1" 200 955
2016-09-20 16:53:25,000 [Thread-44:12484] [django.server:131] [basehttp:log_message] [INFO]- "GET /element/?pro_id=2 HTTP/1.1" 200 7330
2016-09-20 16:53:25,056 [Thread-45:12320] [django.server:131] [basehttp:log_message] [INFO]- "GET /static/css/jquery.gritter.css HTTP/1.1" 200 1468
2016-09-20 16:53:25,069 [Thread-46:5668] [django.server:131] [basehttp:log_message] [INFO]- "GET /static/css/jquery.datatables.css HTTP/1.1" 200 4322
2016-09-20 16:53:25,088 [Thread-47:13428] [django.server:131] [basehttp:log_message] [INFO]- "GET /static/js/jquery-1.11.1.min.js?_=1474361596805 HTTP/1.1" 200 95789
2016-09-20 16:53:25,174 [Thread-48:5824] [django.server:131] [basehttp:log_message] [INFO]- "GET /static/js/bootstrap.min.js?_=1474361596806 HTTP/1.1" 200 31823
2016-09-20 16:53:25,213 [Thread-49:10284] [django.server:131] [basehttp:log_message] [INFO]- "GET /static/js/jquery.datatables.min.js?_=1474361596807 HTTP/1.1" 200 77503
2016-09-20 16:53:25,295 [Thread-50:5416] [django.server:131] [basehttp:log_message] [INFO]- "GET /static/images/sort_both.png HTTP/1.1" 200 1109
2016-09-20 16:53:25,322 [Thread-51:12192] [django.server:131] [basehttp:log_message] [INFO]- "GET /static/images/sort_asc.png HTTP/1.1" 200 1033
2016-09-20 16:53:27,078 [Thread-52:14172] [django.server:131] [basehttp:log_message] [INFO]- "GET /case_list/?pro_id=2 HTTP/1.1" 200 1561
2016-09-20 16:53:27,118 [Thread-53:2796] [django.server:131] [basehttp:log_message] [INFO]- "GET /static/js/jquery-1.11.1.min.js?_=1474361605152 HTTP/1.1" 200 95789
2016-09-20 16:53:27,174 [Thread-54:10728] [django.server:131] [basehttp:log_message] [INFO]- "GET /static/js/bootstrap.min.js?_=1474361605153 HTTP/1.1" 200 31823
2016-09-20 16:53:27,214 [Thread-55:2788] [django.server:131] [basehttp:log_message] [INFO]- "GET /static/js/jquery.datatables.min.js?_=1474361605154 HTTP/1.1" 200 77503
2016-09-20 16:53:28,187 [Thread-56:13204] [django.server:131] [basehttp:log_message] [INFO]- "GET /scenario_list/?pro_id=2 HTTP/1.1" 200 1508
2016-09-20 16:53:28,266 [Thread-57:12984] [django.server:131] [basehttp:log_message] [INFO]- "GET /static/js/jquery-1.11.1.min.js?_=1474361607150 HTTP/1.1" 200 95789
2016-09-20 16:53:28,312 [Thread-58:8664] [django.server:131] [basehttp:log_message] [INFO]- "GET /static/js/bootstrap.min.js?_=1474361607151 HTTP/1.1" 200 31823
2016-09-20 16:53:28,346 [Thread-59:12876] [django.server:131] [basehttp:log_message] [INFO]- "GET /static/js/jquery.datatables.min.js?_=1474361607152 HTTP/1.1" 200 77503
2016-09-20 16:53:31,706 [Thread-60:12912] [django.server:131] [basehttp:log_message] [INFO]- "GET /case_list/?pro_id=2 HTTP/1.1" 200 1561
2016-09-20 16:53:31,831 [Thread-61:13792] [django.server:131] [basehttp:log_message] [INFO]- "GET /static/js/jquery-1.11.1.min.js?_=1474361608289 HTTP/1.1" 200 95789
2016-09-20 16:53:31,884 [Thread-62:3756] [django.server:131] [basehttp:log_message] [INFO]- "GET /static/js/bootstrap.min.js?_=1474361608290 HTTP/1.1" 200 31823
2016-09-20 16:53:31,926 [Thread-63:8276] [django.server:131] [basehttp:log_message] [INFO]- "GET /static/js/jquery.datatables.min.js?_=1474361608291 HTTP/1.1" 200 77503
2016-09-20 16:53:32,450 [Thread-64:12440] [django.server:131] [basehttp:log_message] [INFO]- "GET /element/?pro_id=2 HTTP/1.1" 200 7330
2016-09-20 16:53:32,516 [Thread-65:13092] [django.server:131] [basehttp:log_message] [INFO]- "GET /static/js/jquery-1.11.1.min.js?_=1474361611857 HTTP/1.1" 200 95789
2016-09-20 16:53:32,582 [Thread-66:11880] [django.server:131] [basehttp:log_message] [INFO]- "GET /static/js/bootstrap.min.js?_=1474361611858 HTTP/1.1" 200 31823
2016-09-20 16:53:32,617 [Thread-67:8996] [django.server:131] [basehttp:log_message] [INFO]- "GET /static/js/jquery.datatables.min.js?_=1474361611859 HTTP/1.1" 200 77503
2016-09-20 16:54:12,200 [Thread-68:2984] [django.server:131] [basehttp:log_message] [INFO]- "GET /element/?pro_id=2 HTTP/1.1" 200 7330
2016-09-20 16:54:12,240 [Thread-69:11916] [django.server:131] [basehttp:log_message] [INFO]- "GET /static/js/jquery-1.11.1.min.js?_=1474361612560 HTTP/1.1" 200 95789
2016-09-20 16:54:12,303 [Thread-70:13044] [django.server:131] [basehttp:log_message] [INFO]- "GET /static/js/bootstrap.min.js?_=1474361612561 HTTP/1.1" 200 31823
2016-09-20 16:54:12,334 [Thread-71:5712] [django.server:131] [basehttp:log_message] [INFO]- "GET /static/js/jquery.datatables.min.js?_=1474361612562 HTTP/1.1" 200 77503
2016-09-20 16:54:13,384 [Thread-72:12644] [django.server:131] [basehttp:log_message] [INFO]- "GET /case_list/?pro_id=2 HTTP/1.1" 200 1561
2016-09-20 16:54:13,438 [Thread-73:12284] [django.server:131] [basehttp:log_message] [INFO]- "GET /static/js/jquery-1.11.1.min.js?_=1474361652276 HTTP/1.1" 200 95789
2016-09-20 16:54:13,496 [Thread-74:10016] [django.server:131] [basehttp:log_message] [INFO]- "GET /static/js/bootstrap.min.js?_=1474361652277 HTTP/1.1" 200 31823
2016-09-20 16:54:13,529 [Thread-75:14232] [django.server:131] [basehttp:log_message] [INFO]- "GET /static/js/jquery.datatables.min.js?_=1474361652278 HTTP/1.1" 200 77503
2016-09-20 16:54:15,394 [Thread-76:10496] [django.server:131] [basehttp:log_message] [INFO]- "GET /scenario_list/?pro_id=2 HTTP/1.1" 200 1508
2016-09-20 16:54:15,450 [Thread-77:13344] [django.server:131] [basehttp:log_message] [INFO]- "GET /static/js/jquery-1.11.1.min.js?_=1474361653472 HTTP/1.1" 200 95789
2016-09-20 16:54:15,499 [Thread-78:13236] [django.server:131] [basehttp:log_message] [INFO]- "GET /static/js/bootstrap.min.js?_=1474361653473 HTTP/1.1" 200 31823
2016-09-20 16:54:15,530 [Thread-79:12484] [django.server:131] [basehttp:log_message] [INFO]- "GET /static/js/jquery.datatables.min.js?_=1474361653474 HTTP/1.1" 200 77503
2016-09-20 16:54:16,378 [Thread-80:5824] [django.server:131] [basehttp:log_message] [INFO]- "GET /case_list/?pro_id=2 HTTP/1.1" 200 1561
2016-09-20 16:54:16,446 [Thread-81:13768] [django.server:131] [basehttp:log_message] [INFO]- "GET /static/js/jquery-1.11.1.min.js?_=1474361655470 HTTP/1.1" 200 95789
2016-09-20 16:54:16,487 [Thread-82:10284] [django.server:131] [basehttp:log_message] [INFO]- "GET /static/js/bootstrap.min.js?_=1474361655471 HTTP/1.1" 200 31823
2016-09-20 16:54:16,513 [Thread-83:5416] [django.server:131] [basehttp:log_message] [INFO]- "GET /static/js/jquery.datatables.min.js?_=1474361655472 HTTP/1.1" 200 77503
2016-09-20 16:54:23,286 [Thread-85:8664] [django.server:131] [basehttp:log_message] [INFO]- "GET /case/?action=add_case&pro_id=2 HTTP/1.1" 200 10317
2016-09-20 16:54:23,315 [Thread-86:12876] [django.server:131] [basehttp:log_message] [INFO]- "GET /static/js/jquery-1.11.1.min.js?_=1474361656463 HTTP/1.1" 200 95789
2016-09-20 16:54:23,362 [Thread-87:4748] [django.server:131] [basehttp:log_message] [INFO]- "GET /static/js/jquery-ui-1.10.3.min.js?_=1474361656464 HTTP/1.1" 200 228142
2016-09-20 16:54:23,411 [Thread-88:11300] [django.server:131] [basehttp:log_message] [INFO]- "GET /static/js/jquery-1.11.1.min.js?_=1474361656465 HTTP/1.1" 200 95789
2016-09-20 16:54:23,448 [Thread-89:13832] [django.server:131] [basehttp:log_message] [INFO]- "GET /static/js/jquery.datatables.min.js?_=1474361656466 HTTP/1.1" 200 77503
2016-09-20 16:54:23,466 [Thread-90:13748] [django.server:131] [basehttp:log_message] [INFO]- "GET /static/js/jquery-ui-1.10.3.min.js?_=1474361656467 HTTP/1.1" 200 228142
2016-09-20 16:54:23,513 [Thread-91:1292] [django.server:131] [basehttp:log_message] [INFO]- "GET /static/js/bootstrap.min.js?_=1474361656468 HTTP/1.1" 200 31823
2016-09-20 16:54:38,092 [Thread-92:9220] [django.server:131] [basehttp:log_message] [INFO]- "GET /scenario_list/?pro_id=2 HTTP/1.1" 200 1508
2016-09-20 16:54:38,210 [Thread-93:3700] [django.server:131] [basehttp:log_message] [INFO]- "GET /static/js/jquery-1.11.1.min.js?_=1474361663418 HTTP/1.1" 200 95789
2016-09-20 16:54:38,259 [Thread-94:4772] [django.server:131] [basehttp:log_message] [INFO]- "GET /static/js/bootstrap.min.js?_=1474361663419 HTTP/1.1" 200 31823
2016-09-20 16:54:38,312 [Thread-95:6172] [django.server:131] [basehttp:log_message] [INFO]- "GET /static/js/jquery.datatables.min.js?_=1474361663420 HTTP/1.1" 200 77503
2016-09-20 16:54:39,664 [Thread-96:10700] [django.server:131] [basehttp:log_message] [INFO]- "GET /add_scenario/?pro_id=2 HTTP/1.1" 200 4645
2016-09-20 16:54:39,727 [Thread-97:12308] [django.server:131] [basehttp:log_message] [INFO]- "GET /static/js/jquery-1.11.1.min.js?_=1474361678228 HTTP/1.1" 200 95789
2016-09-20 16:54:39,782 [Thread-98:7192] [django.server:131] [basehttp:log_message] [INFO]- "GET /static/js/jquery-ui-1.10.3.min.js?_=1474361678229 HTTP/1.1" 200 228142
2016-09-20 16:54:39,829 [Thread-99:2684] [django.server:131] [basehttp:log_message] [INFO]- "GET /static/js/jquery-1.11.1.min.js?_=1474361678230 HTTP/1.1" 200 95789
2016-09-20 16:54:39,857 [Thread-100:9028] [django.server:131] [basehttp:log_message] [INFO]- "GET /static/js/jquery.datatables.min.js?_=1474361678231 HTTP/1.1" 200 77503
2016-09-20 16:54:39,880 [Thread-101:13716] [django.server:131] [basehttp:log_message] [INFO]- "GET /static/js/jquery-ui-1.10.3.min.js?_=1474361678232 HTTP/1.1" 200 228142
2016-09-20 16:54:39,923 [Thread-102:11200] [django.server:131] [basehttp:log_message] [INFO]- "GET /static/js/bootstrap.min.js?_=1474361678233 HTTP/1.1" 200 31823
2016-09-20 16:54:44,473 [Thread-103:12228] [django.server:131] [basehttp:log_message] [INFO]- "GET /element/?pro_id=2 HTTP/1.1" 200 7330
2016-09-20 16:54:44,551 [Thread-104:12660] [django.server:131] [basehttp:log_message] [INFO]- "GET /static/js/jquery-1.11.1.min.js?_=1474361679834 HTTP/1.1" 200 95789
2016-09-20 16:54:44,596 [Thread-105:5352] [django.server:131] [basehttp:log_message] [INFO]- "GET /static/js/bootstrap.min.js?_=1474361679835 HTTP/1.1" 200 31823
2016-09-20 16:54:44,632 [Thread-106:13728] [django.server:131] [basehttp:log_message] [INFO]- "GET /static/js/jquery.datatables.min.js?_=1474361679836 HTTP/1.1" 200 77503
2016-09-20 16:55:40,720 [Thread-111:4728] [django.server:131] [basehttp:log_message] [INFO]- "GET /element/?pro_id=1 HTTP/1.1" 200 11380
2016-09-20 16:55:40,841 [Thread-112:10984] [django.server:131] [basehttp:log_message] [INFO]- "GET /static/js/jquery-1.11.1.min.js?_=1474361684566 HTTP/1.1" 200 95789
2016-09-20 16:55:40,917 [Thread-113:12940] [django.server:131] [basehttp:log_message] [INFO]- "GET /static/js/bootstrap.min.js?_=1474361684567 HTTP/1.1" 200 31823
2016-09-20 16:55:40,993 [Thread-114:9656] [django.server:131] [basehttp:log_message] [INFO]- "GET /static/js/jquery.datatables.min.js?_=1474361684568 HTTP/1.1" 200 77503
2016-09-20 16:55:42,736 [Thread-115:4772] [django.server:131] [basehttp:log_message] [INFO]- "GET /case_list/?pro_id=1 HTTP/1.1" 200 8792
2016-09-20 16:55:42,836 [Thread-116:12916] [django.server:131] [basehttp:log_message] [INFO]- "GET /static/js/jquery-1.11.1.min.js?_=1474361740887 HTTP/1.1" 200 95789
2016-09-20 16:55:42,917 [Thread-117:13808] [django.server:131] [basehttp:log_message] [INFO]- "GET /static/js/bootstrap.min.js?_=1474361740888 HTTP/1.1" 200 31823
2016-09-20 16:55:42,944 [Thread-118:10700] [django.server:131] [basehttp:log_message] [INFO]- "GET /static/js/jquery.datatables.min.js?_=1474361740889 HTTP/1.1" 200 77503
2016-09-20 16:55:44,260 [Thread-119:2684] [django.server:131] [basehttp:log_message] [INFO]- "GET /scenario_list/?pro_id=1 HTTP/1.1" 200 1508
2016-09-20 16:55:44,355 [Thread-120:9028] [django.server:131] [basehttp:log_message] [INFO]- "GET /static/js/jquery-1.11.1.min.js?_=1474361742891 HTTP/1.1" 200 95789
2016-09-20 16:55:44,401 [Thread-121:13716] [django.server:131] [basehttp:log_message] [INFO]- "GET /static/js/bootstrap.min.js?_=1474361742892 HTTP/1.1" 200 31823
2016-09-20 16:55:44,436 [Thread-122:11200] [django.server:131] [basehttp:log_message] [INFO]- "GET /static/js/jquery.datatables.min.js?_=1474361742893 HTTP/1.1" 200 77503
2016-09-20 16:55:46,579 [Thread-123:14120] [django.server:131] [basehttp:log_message] [INFO]- "GET /case_list/?pro_id=1 HTTP/1.1" 200 8792
2016-09-20 16:55:46,711 [Thread-124:12144] [django.server:131] [basehttp:log_message] [INFO]- "GET /static/js/jquery-1.11.1.min.js?_=1474361744375 HTTP/1.1" 200 95789
2016-09-20 16:55:46,808 [Thread-125:7040] [django.server:131] [basehttp:log_message] [INFO]- "GET /static/js/bootstrap.min.js?_=1474361744376 HTTP/1.1" 200 31823
2016-09-20 16:55:46,844 [Thread-126:12228] [django.server:131] [basehttp:log_message] [INFO]- "GET /static/js/jquery.datatables.min.js?_=1474361744377 HTTP/1.1" 200 77503
2016-09-20 16:55:47,572 [Thread-127:12660] [django.server:131] [basehttp:log_message] [INFO]- "GET /element/?pro_id=1 HTTP/1.1" 200 11380
2016-09-20 16:55:47,641 [Thread-128:13728] [django.server:131] [basehttp:log_message] [INFO]- "GET /static/js/jquery-1.11.1.min.js?_=1474361746778 HTTP/1.1" 200 95789
2016-09-20 16:55:47,707 [Thread-129:11796] [django.server:131] [basehttp:log_message] [INFO]- "GET /static/js/bootstrap.min.js?_=1474361746779 HTTP/1.1" 200 31823
2016-09-20 16:55:47,739 [Thread-130:8516] [django.server:131] [basehttp:log_message] [INFO]- "GET /static/js/jquery.datatables.min.js?_=1474361746780 HTTP/1.1" 200 77503
2016-09-20 16:55:54,214 [Thread-132:13804] [django.server:131] [basehttp:log_message] [INFO]- "POST /element/ HTTP/1.1" 200 282
2016-09-20 16:56:07,322 [Thread-133:5824] [django.server:131] [basehttp:log_message] [INFO]- "POST /element/ HTTP/1.1" 200 371
2016-09-20 19:46:50,849 [Thread-2:14956] [django.server:131] [basehttp:log_message] [INFO]- "GET /scenario_list/?pro_id=1 HTTP/1.1" 200 1508
2016-09-20 19:46:50,970 [Thread-3:10284] [django.server:131] [basehttp:log_message] [INFO]- "GET /static/css/jquery.gritter.css HTTP/1.1" 304 0
2016-09-20 19:46:50,983 [Thread-4:14512] [django.server:131] [basehttp:log_message] [INFO]- "GET /static/css/jquery.datatables.css HTTP/1.1" 304 0
2016-09-20 19:46:50,997 [Thread-6:12396] [django.server:131] [basehttp:log_message] [INFO]- "GET /static/css/style.default.css HTTP/1.1" 304 0
2016-09-20 19:46:51,085 [Thread-7:6172] [django.server:131] [basehttp:log_message] [INFO]- "GET /static/css/bootstrap.min.css HTTP/1.1" 304 0
2016-09-20 19:46:51,095 [Thread-8:7436] [django.server:131] [basehttp:log_message] [INFO]- "GET /static/css/bootstrap-override.css HTTP/1.1" 304 0
2016-09-20 19:46:51,098 [Thread-9:15096] [django.server:131] [basehttp:log_message] [INFO]- "GET /static/css/weather-icons.min.css HTTP/1.1" 304 0
2016-09-20 19:46:51,107 [Thread-10:14384] [django.server:131] [basehttp:log_message] [INFO]- "GET /static/css/jquery-ui-1.10.3.css HTTP/1.1" 304 0
2016-09-20 19:46:51,114 [Thread-11:6872] [django.server:131] [basehttp:log_message] [INFO]- "GET /static/css/font-awesome.min.css HTTP/1.1" 304 0
2016-09-20 19:46:51,117 [Thread-12:14240] [django.server:131] [basehttp:log_message] [INFO]- "GET /static/css/animate.min.css HTTP/1.1" 304 0
2016-09-20 19:46:51,131 [Thread-13:13088] [django.server:131] [basehttp:log_message] [INFO]- "GET /static/css/animate.delay.css HTTP/1.1" 304 0
2016-09-20 19:46:51,132 [Thread-14:15216] [django.server:131] [basehttp:log_message] [INFO]- "GET /static/css/toggles.css HTTP/1.1" 304 0
2016-09-20 19:46:51,137 [Thread-15:13244] [django.server:131] [basehttp:log_message] [INFO]- "GET /static/css/select2.css HTTP/1.1" 304 0
2016-09-20 19:46:51,144 [Thread-16:15104] [django.server:131] [basehttp:log_message] [INFO]- "GET /static/css/lato.css HTTP/1.1" 304 0
2016-09-20 19:46:51,148 [Thread-17:5352] [django.server:131] [basehttp:log_message] [INFO]- "GET /static/css/roboto.css HTTP/1.1" 304 0
2016-09-20 19:46:51,233 [Thread-5:14664] [django.server:131] [basehttp:log_message] [INFO]- "GET /static/js/jquery-1.11.1.min.js?_=1474361747678 HTTP/1.1" 200 95789
2016-09-20 19:46:51,260 [Thread-18:13648] [django.server:131] [basehttp:log_message] [INFO]- "GET /static/js/bootstrap.min.js?_=1474361747679 HTTP/1.1" 200 31823
2016-09-20 19:46:51,279 [Thread-19:15188] [django.server:131] [basehttp:log_message] [INFO]- "GET /static/js/jquery.datatables.min.js?_=1474361747680 HTTP/1.1" 200 77503
2016-09-20 19:46:53,959 [Thread-20:15324] [django.server:131] [basehttp:log_message] [INFO]- "GET /add_scenario/?pro_id=1 HTTP/1.1" 200 10896
2016-09-20 19:46:54,038 [Thread-21:14348] [django.server:131] [basehttp:log_message] [INFO]- "GET /static/js/jquery-1.11.1.min.js?_=1474372011264 HTTP/1.1" 200 95789
2016-09-20 19:46:54,108 [Thread-22:13156] [django.server:131] [basehttp:log_message] [INFO]- "GET /static/js/jquery-ui-1.10.3.min.js?_=1474372011265 HTTP/1.1" 200 228142
2016-09-20 19:46:54,154 [Thread-23:14476] [django.server:131] [basehttp:log_message] [INFO]- "GET /static/js/jquery-1.11.1.min.js?_=1474372011266 HTTP/1.1" 200 95789
2016-09-20 19:46:54,187 [Thread-24:14708] [django.server:131] [basehttp:log_message] [INFO]- "GET /static/js/jquery.datatables.min.js?_=1474372011267 HTTP/1.1" 200 77503
2016-09-20 19:46:54,213 [Thread-25:14912] [django.server:131] [basehttp:log_message] [INFO]- "GET /static/js/jquery-ui-1.10.3.min.js?_=1474372011268 HTTP/1.1" 200 228142
2016-09-20 19:46:54,253 [Thread-26:14904] [django.server:131] [basehttp:log_message] [INFO]- "GET /static/js/bootstrap.min.js?_=1474372011269 HTTP/1.1" 200 31823
2016-09-20 19:47:18,561 [Thread-27:14404] [django.server:131] [basehttp:log_message] [INFO]- "GET /ajax_html?action=add_case_scenario&case_list=8,9,10,11,12,13 HTTP/1.1" 301 0
2016-09-20 19:47:18,625 [Thread-28:15336] [django.server:131] [basehttp:log_message] [INFO]- "GET /ajax_html/?action=add_case_scenario&case_list=8,9,10,11,12,13 HTTP/1.1" 200 3057
2016-09-20 19:47:29,940 [Thread-29:15116] [django.server:131] [basehttp:log_message] [INFO]- "POST /add_scenario/ HTTP/1.1" 200 12
2016-09-20 19:47:32,013 [Thread-30:15168] [django.server:131] [basehttp:log_message] [INFO]- "GET /scenario_list/?pro_id=1 HTTP/1.1" 200 2507
2016-09-20 19:47:32,082 [Thread-31:2504] [django.server:131] [basehttp:log_message] [INFO]- "GET /static/js/jquery-1.11.1.min.js?_=1474372014187 HTTP/1.1" 200 95789
2016-09-20 19:47:32,124 [Thread-32:14136] [django.server:131] [basehttp:log_message] [INFO]- "GET /static/js/bootstrap.min.js?_=1474372014188 HTTP/1.1" 200 31823
2016-09-20 19:47:32,141 [Thread-33:4196] [django.server:131] [basehttp:log_message] [INFO]- "GET /static/js/jquery.datatables.min.js?_=1474372014189 HTTP/1.1" 200 77503
2016-09-20 19:47:39,288 [Thread-34:14972] [django.server:131] [basehttp:log_message] [INFO]- "POST /scenario_list/ HTTP/1.1" 200 18
2016-09-20 19:49:45,687 [Thread-35:8996] [django.server:131] [basehttp:log_message] [INFO]- "GET /index/ HTTP/1.1" 200 32899
2016-09-20 19:49:45,719 [Thread-36:9080] [django.server:131] [basehttp:log_message] [INFO]- "GET /static/css/style.default.css HTTP/1.1" 200 77654
2016-09-20 19:49:46,144 [Thread-38:10548] [django.server:131] [basehttp:log_message] [INFO]- "GET /static/js/jquery-migrate-1.2.1.min.js HTTP/1.1" 200 7203
2016-09-20 19:49:46,160 [Thread-37:15248] [django.server:131] [basehttp:log_message] [INFO]- "GET /static/js/jquery-1.11.1.min.js HTTP/1.1" 200 95789
2016-09-20 19:49:46,178 [Thread-39:11976] [django.server:131] [basehttp:log_message] [INFO]- "GET /static/css/bootstrap.min.css HTTP/1.1" 200 109604
2016-09-20 19:49:46,187 [Thread-40:14980] [django.server:131] [basehttp:log_message] [INFO]- "GET /static/css/bootstrap-override.css HTTP/1.1" 200 22777
2016-09-20 19:49:46,371 [Thread-41:14340] [django.server:131] [basehttp:log_message] [INFO]- "GET /static/css/weather-icons.min.css HTTP/1.1" 200 5601
2016-09-20 19:49:46,411 [Thread-42:15036] [django.server:131] [basehttp:log_message] [INFO]- "GET /static/css/jquery-ui-1.10.3.css HTTP/1.1" 200 18930
2016-09-20 19:49:46,473 [Thread-43:14404] [django.server:131] [basehttp:log_message] [INFO]- "GET /static/css/font-awesome.min.css HTTP/1.1" 200 20766
2016-09-20 19:49:46,515 [Thread-45:11680] [django.server:131] [basehttp:log_message] [INFO]- "GET /static/css/animate.delay.css HTTP/1.1" 200 11432
2016-09-20 19:49:46,515 [Thread-44:15336] [django.server:131] [basehttp:log_message] [INFO]- "GET /static/css/animate.min.css HTTP/1.1" 200 51174
2016-09-20 19:49:46,516 [Thread-46:7528] [django.server:131] [basehttp:log_message] [INFO]- "GET /static/css/toggles.css HTTP/1.1" 200 5378
2016-09-20 19:49:46,684 [Thread-47:14672] [django.server:131] [basehttp:log_message] [INFO]- "GET /static/css/select2.css HTTP/1.1" 200 18606
2016-09-20 19:49:46,727 [Thread-48:14472] [django.server:131] [basehttp:log_message] [INFO]- "GET /static/css/lato.css HTTP/1.1" 200 5575
2016-09-20 19:49:46,788 [Thread-49:14812] [django.server:131] [basehttp:log_message] [INFO]- "GET /static/css/roboto.css HTTP/1.1" 200 9528
2016-09-20 19:49:46,845 [Thread-52:11300] [django.server:131] [basehttp:log_message] [INFO]- "GET /static/js/modernizr.min.js HTTP/1.1" 200 15157
2016-09-20 19:49:46,851 [Thread-51:3700] [django.server:131] [basehttp:log_message] [INFO]- "GET /static/js/bootstrap.min.js HTTP/1.1" 200 31823
2016-09-20 19:49:46,861 [Thread-50:6532] [django.server:131] [basehttp:log_message] [INFO]- "GET /static/js/jquery-ui-1.10.3.min.js HTTP/1.1" 200 228142
2016-09-20 19:49:46,996 [Thread-53:15228] [django.server:131] [basehttp:log_message] [INFO]- "GET /static/fonts/fontawesome-webfont.woff?v=4.1.0 HTTP/1.1" 200 83760
2016-09-20 19:49:47,078 [Thread-54:13488] [django.server:131] [basehttp:log_message] [INFO]- "GET /static/fonts/glyphicons-halflings-regular.woff HTTP/1.1" 200 23320
2016-09-20 19:49:47,216 [Thread-56:13804] [django.server:131] [basehttp:log_message] [INFO]- "GET /static/js/toggles.min.js HTTP/1.1" 200 2736
2016-09-20 19:49:47,243 [Thread-57:13304] [django.server:131] [basehttp:log_message] [INFO]- "GET /static/js/retina.min.js HTTP/1.1" 200 2161
2016-09-20 19:49:47,256 [Thread-58:13980] [django.server:131] [basehttp:log_message] [INFO]- "GET /static/js/jquery.cookies.js HTTP/1.1" 200 2033
2016-09-20 19:49:47,332 [Thread-55:15116] [django.server:131] [basehttp:log_message] [INFO]- "GET /static/js/jquery.sparkline.min.js HTTP/1.1" 200 43251
2016-09-20 19:49:47,411 [Thread-60:11592] [django.server:131] [basehttp:log_message] [INFO]- "GET /static/images/photos/loggeduser.png HTTP/1.1" 200 20630
2016-09-20 19:49:47,611 [Thread-59:14892] [django.server:131] [basehttp:log_message] [INFO]- "GET /static/js/flot/jquery.flot.min.js HTTP/1.1" 200 52970
2016-09-20 19:49:47,821 [Thread-61:15292] [django.server:131] [basehttp:log_message] [INFO]- "GET /static/js/flot/jquery.flot.resize.min.js HTTP/1.1" 200 2348
2016-09-20 19:49:47,832 [Thread-62:13792] [django.server:131] [basehttp:log_message] [INFO]- "GET /static/js/flot/jquery.flot.spline.min.js HTTP/1.1" 200 2791
2016-09-20 19:49:47,920 [Thread-64:14756] [django.server:131] [basehttp:log_message] [INFO]- "GET /static/js/custom.js HTTP/1.1" 200 11035
2016-09-20 19:49:48,142 [Thread-65:15168] [django.server:131] [basehttp:log_message] [INFO]- "GET /static/js/hero.js HTTP/1.1" 200 14851
2016-09-20 19:49:48,184 [Thread-66:12880] [django.server:131] [basehttp:log_message] [INFO]- "GET /static/images/photos/user1.png HTTP/1.1" 200 17694
2016-09-20 19:49:48,299 [Thread-63:14408] [django.server:131] [basehttp:log_message] [INFO]- "GET /static/js/raphael-2.1.0.min.js HTTP/1.1" 200 110942
2016-09-20 19:49:48,368 [Thread-67:2504] [django.server:131] [basehttp:log_message] [INFO]- "GET /static/images/photos/user2.png HTTP/1.1" 200 18310
2016-09-20 19:49:48,398 [Thread-68:14136] [django.server:131] [basehttp:log_message] [INFO]- "GET /static/images/photos/user3.png HTTP/1.1" 200 17036
2016-09-20 19:49:48,516 [Thread-69:15288] [django.server:131] [basehttp:log_message] [INFO]- "GET /static/images/photos/user4.png HTTP/1.1" 200 18211
2016-09-20 19:49:48,693 [Thread-70:10536] [django.server:131] [basehttp:log_message] [INFO]- "GET /static/images/photos/user5.png HTTP/1.1" 200 17012
2016-09-20 19:49:48,719 [Thread-71:2348] [django.server:131] [basehttp:log_message] [INFO]- "GET /static/images/photos/userprofile.png HTTP/1.1" 200 23407
2016-09-20 19:49:48,737 [Thread-72:15060] [django.server:131] [basehttp:log_message] [INFO]- "GET /static/images/plus-white.png HTTP/1.1" 200 966
2016-09-20 19:49:48,855 [Thread-73:15008] [django.server:131] [basehttp:log_message] [INFO]- "GET /static/images/icon-search.png HTTP/1.1" 200 1239
2016-09-20 19:49:49,436 [Thread-74:5416] [django.server:131] [basehttp:log_message] [INFO]- "GET /static/images/favicon.png HTTP/1.1" 200 983
2016-09-20 19:49:55,388 [Thread-75:14900] [django.server:131] [basehttp:log_message] [INFO]- "GET /static/images/plus.png HTTP/1.1" 200 971
2016-09-20 19:49:56,378 [Thread-76:14856] [django.server:131] [basehttp:log_message] [INFO]- "GET /static/images/minus.png HTTP/1.1" 200 955
2016-09-20 19:49:57,950 [Thread-77:13180] [django.server:131] [basehttp:log_message] [INFO]- "GET /scenario_list/?pro_id=1 HTTP/1.1" 200 2507
2016-09-20 19:49:58,321 [Thread-79:11692] [django.server:131] [basehttp:log_message] [INFO]- "GET /static/css/jquery.gritter.css HTTP/1.1" 200 1468
2016-09-20 19:49:58,322 [Thread-78:6132] [django.server:131] [basehttp:log_message] [INFO]- "GET /static/js/jquery-1.11.1.min.js?_=1474372186877 HTTP/1.1" 200 95789
2016-09-20 19:49:58,328 [Thread-80:14244] [django.server:131] [basehttp:log_message] [INFO]- "GET /static/css/jquery.datatables.css HTTP/1.1" 200 4322
2016-09-20 19:49:58,553 [Thread-81:14684] [django.server:131] [basehttp:log_message] [INFO]- "GET /static/js/bootstrap.min.js?_=1474372186878 HTTP/1.1" 200 31823
2016-09-20 19:49:58,694 [Thread-82:12760] [django.server:131] [basehttp:log_message] [INFO]- "GET /static/js/jquery.datatables.min.js?_=1474372186879 HTTP/1.1" 200 77503
2016-09-20 19:49:58,953 [Thread-83:12380] [django.server:131] [basehttp:log_message] [INFO]- "GET /static/images/sort_both.png HTTP/1.1" 200 1109
2016-09-20 19:49:59,292 [Thread-84:2916] [django.server:131] [basehttp:log_message] [INFO]- "GET /static/images/sort_asc.png HTTP/1.1" 200 1033
2016-09-20 19:50:07,736 [Thread-85:13240] [django.server:131] [basehttp:log_message] [INFO]- "POST /scenario_list/ HTTP/1.1" 200 18
2016-09-20 19:50:11,931 [Thread-86:15240] [django.server:131] [basehttp:log_message] [INFO]- "GET /is_html_path?name=suite-1 HTTP/1.1" 301 0
2016-09-20 19:50:12,183 [Thread-87:15056] [django.server:131] [basehttp:log_message] [INFO]- "GET /is_html_path/?name=suite-1 HTTP/1.1" 200 5
2016-09-20 19:52:09,062 [Thread-89:4532] [django.server:131] [basehttp:log_message] [WARNING]- "GET /favicon.ico HTTP/1.1" 404 4406
2016-09-20 21:32:06,187 [Thread-95:6092] [django.server:131] [basehttp:log_message] [INFO]- "GET /case_list/?pro_id=1 HTTP/1.1" 200 8792
2016-09-20 21:32:06,423 [Thread-96:14752] [django.server:131] [basehttp:log_message] [INFO]- "GET /static/js/jquery-1.11.1.min.js?_=1474372198368 HTTP/1.1" 200 95789
2016-09-20 21:32:06,536 [Thread-97:14812] [django.server:131] [basehttp:log_message] [INFO]- "GET /static/js/bootstrap.min.js?_=1474372198369 HTTP/1.1" 200 31823
2016-09-20 21:32:06,538 [Thread-98:14332] [django.server:131] [basehttp:log_message] [INFO]- "GET /static/css/style.default.css HTTP/1.1" 304 0
2016-09-20 21:32:06,542 [Thread-99:14084] [django.server:131] [basehttp:log_message] [INFO]- "GET /static/css/jquery.gritter.css HTTP/1.1" 304 0
2016-09-20 21:32:06,549 [Thread-100:12396] [django.server:131] [basehttp:log_message] [INFO]- "GET /static/css/jquery.datatables.css HTTP/1.1" 304 0
2016-09-20 21:32:06,845 [Thread-101:12412] [django.server:131] [basehttp:log_message] [INFO]- "GET /static/js/jquery.datatables.min.js?_=1474372198370 HTTP/1.1" 200 77503
2016-09-20 21:32:06,918 [Thread-102:7608] [django.server:131] [basehttp:log_message] [INFO]- "GET /static/css/bootstrap.min.css HTTP/1.1" 304 0
2016-09-20 21:32:07,232 [Thread-103:11796] [django.server:131] [basehttp:log_message] [INFO]- "GET /static/css/bootstrap-override.css HTTP/1.1" 304 0
2016-09-20 21:32:07,240 [Thread-104:12888] [django.server:131] [basehttp:log_message] [INFO]- "GET /static/css/weather-icons.min.css HTTP/1.1" 304 0
2016-09-20 21:32:07,247 [Thread-105:14092] [django.server:131] [basehttp:log_message] [INFO]- "GET /static/css/jquery-ui-1.10.3.css HTTP/1.1" 304 0
2016-09-20 21:32:07,250 [Thread-106:5644] [django.server:131] [basehttp:log_message] [INFO]- "GET /static/css/font-awesome.min.css HTTP/1.1" 304 0
2016-09-20 21:32:07,255 [Thread-107:15300] [django.server:131] [basehttp:log_message] [INFO]- "GET /static/css/animate.min.css HTTP/1.1" 304 0
2016-09-20 21:32:07,259 [Thread-108:9964] [django.server:131] [basehttp:log_message] [INFO]- "GET /static/css/animate.delay.css HTTP/1.1" 304 0
2016-09-20 21:32:07,549 [Thread-109:12308] [django.server:131] [basehttp:log_message] [INFO]- "GET /static/css/toggles.css HTTP/1.1" 304 0
2016-09-20 21:32:07,565 [Thread-110:15128] [django.server:131] [basehttp:log_message] [INFO]- "GET /static/css/select2.css HTTP/1.1" 304 0
2016-09-20 21:32:07,568 [Thread-111:14484] [django.server:131] [basehttp:log_message] [INFO]- "GET /static/css/lato.css HTTP/1.1" 304 0
2016-09-20 21:32:07,569 [Thread-112:14744] [django.server:131] [basehttp:log_message] [INFO]- "GET /static/css/roboto.css HTTP/1.1" 304 0
2016-09-20 21:32:07,694 [Thread-113:15132] [django.server:131] [basehttp:log_message] [INFO]- "GET /static/fonts/fontawesome-webfont.woff?v=4.1.0 HTTP/1.1" 304 0
2016-09-20 21:32:07,917 [Thread-114:15252] [django.server:131] [basehttp:log_message] [INFO]- "GET /static/fonts/glyphicons-halflings-regular.woff HTTP/1.1" 304 0
2016-09-20 21:32:09,605 [Thread-115:4728] [django.server:131] [basehttp:log_message] [INFO]- "GET /case_list/?pro_id=1 HTTP/1.1" 200 8792
2016-09-20 21:32:09,835 [Thread-116:5824] [django.server:131] [basehttp:log_message] [INFO]- "GET /static/js/jquery-1.11.1.min.js?_=1474378326483 HTTP/1.1" 200 95789
2016-09-20 21:32:09,990 [Thread-117:8492] [django.server:131] [basehttp:log_message] [INFO]- "GET /static/js/bootstrap.min.js?_=1474378326484 HTTP/1.1" 200 31823
2016-09-20 21:32:10,242 [Thread-118:14980] [django.server:131] [basehttp:log_message] [INFO]- "GET /static/js/jquery.datatables.min.js?_=1474378326485 HTTP/1.1" 200 77503
2016-09-20 21:32:11,763 [Thread-119:5196] [django.server:131] [basehttp:log_message] [INFO]- "GET /case/?action=add_case&pro_id=1 HTTP/1.1" 200 20043
2016-09-20 21:32:12,124 [Thread-120:10496] [django.server:131] [basehttp:log_message] [INFO]- "GET /static/js/jquery-1.11.1.min.js?_=1474378329901 HTTP/1.1" 200 95789
2016-09-20 21:32:12,391 [Thread-121:11808] [django.server:131] [basehttp:log_message] [INFO]- "GET /static/js/jquery-ui-1.10.3.min.js?_=1474378329902 HTTP/1.1" 200 228142
2016-09-20 21:32:12,651 [Thread-122:14860] [django.server:131] [basehttp:log_message] [INFO]- "GET /static/js/jquery-1.11.1.min.js?_=1474378329903 HTTP/1.1" 200 95789
2016-09-20 21:32:13,051 [Thread-123:15140] [django.server:131] [basehttp:log_message] [INFO]- "GET /static/js/jquery.datatables.min.js?_=1474378329904 HTTP/1.1" 200 77503
2016-09-20 21:32:13,308 [Thread-124:15228] [django.server:131] [basehttp:log_message] [INFO]- "GET /static/js/jquery-ui-1.10.3.min.js?_=1474378329905 HTTP/1.1" 200 228142
2016-09-20 21:32:13,426 [Thread-125:5492] [django.server:131] [basehttp:log_message] [INFO]- "GET /static/js/bootstrap.min.js?_=1474378329906 HTTP/1.1" 200 31823
2016-09-20 21:32:19,802 [Thread-126:13732] [django.server:131] [basehttp:log_message] [INFO]- "GET /ajax_html?action=add_case_step HTTP/1.1" 301 0
2016-09-20 21:32:20,157 [Thread-127:12092] [django.server:131] [basehttp:log_message] [INFO]- "GET /ajax_html/?action=add_case_step HTTP/1.1" 200 952
2016-09-20 21:32:47,730 [Thread-129:14188] [hero.views:218] [views:add_case] [INFO]- 查看元素
2016-09-20 21:32:47,730 [Thread-129:14188] [hero.views:221] [views:add_case] [INFO]- 元素ID:25
2016-09-20 21:32:47,854 [Thread-129:14188] [hero.views:232] [views:add_case] [INFO]- 返回前端字典:{"second": {"content": "222", "method": "name"}, "first": {"content": "22", "method": "name"}, "name": "22", "desc": "22"}
2016-09-20 21:32:47,855 [Thread-129:14188] [django.server:131] [basehttp:log_message] [INFO]- "POST /case/ HTTP/1.1" 200 122
2016-09-20 21:35:26,306 [Thread-131:14628] [hero.views:237] [views:add_case] [INFO]- 新增用例-写入数据
2016-09-20 21:35:26,532 [Thread-131:14628] [django.server:131] [basehttp:log_message] [INFO]- "POST /case/ HTTP/1.1" 200 12
2016-09-20 21:35:29,322 [Thread-132:11228] [django.server:131] [basehttp:log_message] [INFO]- "GET /case_list/?pro_id=1 HTTP/1.1" 200 9993
2016-09-20 21:35:29,726 [Thread-133:12012] [django.server:131] [basehttp:log_message] [INFO]- "GET /static/js/jquery-1.11.1.min.js?_=1474378332659 HTTP/1.1" 200 95789
2016-09-20 21:35:29,973 [Thread-134:14436] [django.server:131] [basehttp:log_message] [INFO]- "GET /static/js/bootstrap.min.js?_=1474378332660 HTTP/1.1" 200 31823
2016-09-20 21:35:30,131 [Thread-135:15192] [django.server:131] [basehttp:log_message] [INFO]- "GET /static/js/jquery.datatables.min.js?_=1474378332661 HTTP/1.1" 200 77503
2016-09-20 21:37:32,128 [Thread-137:15312] [django.server:131] [basehttp:log_message] [INFO]- "POST /case_list/ HTTP/1.1" 200 18
2016-09-20 21:37:49,809 [Thread-139:8580] [django.server:131] [basehttp:log_message] [INFO]- "GET /is_html_path?name=case-14 HTTP/1.1" 301 0
2016-09-20 21:37:50,051 [Thread-140:12200] [django.server:131] [basehttp:log_message] [INFO]- "GET /is_html_path/?name=case-14 HTTP/1.1" 200 5
2016-09-20 21:38:06,138 [Thread-142:3420] [django.server:131] [basehttp:log_message] [INFO]- "GET /scenario_list/?pro_id=1 HTTP/1.1" 200 2507
2016-09-20 21:38:06,371 [Thread-143:3664] [django.server:131] [basehttp:log_message] [INFO]- "GET /static/js/jquery-1.11.1.min.js?_=1474378529794 HTTP/1.1" 200 95789
2016-09-20 21:38:06,588 [Thread-144:14248] [django.server:131] [basehttp:log_message] [INFO]- "GET /static/js/bootstrap.min.js?_=1474378529795 HTTP/1.1" 200 31823
2016-09-20 21:38:06,809 [Thread-145:4748] [django.server:131] [basehttp:log_message] [INFO]- "GET /static/js/jquery.datatables.min.js?_=1474378529796 HTTP/1.1" 200 77503
2016-09-20 21:38:11,986 [Thread-146:4528] [django.server:131] [basehttp:log_message] [INFO]- "GET /edit_scenario?id=1&pro_id=1 HTTP/1.1" 301 0
2016-09-20 21:38:12,382 [Thread-147:13804] [django.server:131] [basehttp:log_message] [INFO]- "GET /edit_scenario/?id=1&pro_id=1 HTTP/1.1" 200 18168
2016-09-20 21:38:12,589 [Thread-148:5404] [django.server:131] [basehttp:log_message] [INFO]- "GET /static/js/jquery-1.11.1.min.js?_=1474378686466 HTTP/1.1" 200 95789
2016-09-20 21:38:12,799 [Thread-149:1300] [django.server:131] [basehttp:log_message] [INFO]- "GET /static/js/jquery-ui-1.10.3.min.js?_=1474378686467 HTTP/1.1" 200 228142
2016-09-20 21:38:13,174 [Thread-150:14760] [django.server:131] [basehttp:log_message] [INFO]- "GET /static/js/jquery-1.11.1.min.js?_=1474378686468 HTTP/1.1" 200 95789
2016-09-20 21:38:13,563 [Thread-151:14844] [django.server:131] [basehttp:log_message] [INFO]- "GET /static/js/jquery.datatables.min.js?_=1474378686469 HTTP/1.1" 200 77503
2016-09-20 21:38:13,825 [Thread-152:14672] [django.server:131] [basehttp:log_message] [INFO]- "GET /static/js/jquery-ui-1.10.3.min.js?_=1474378686470 HTTP/1.1" 200 228142
2016-09-20 21:38:13,950 [Thread-153:15316] [django.server:131] [basehttp:log_message] [INFO]- "GET /static/js/bootstrap.min.js?_=1474378686471 HTTP/1.1" 200 31823
2016-09-20 21:38:31,355 [Thread-154:13740] [django.server:131] [basehttp:log_message] [INFO]- "GET /ajax_html?action=add_case_scenario&case_list=14 HTTP/1.1" 301 0
2016-09-20 21:38:31,617 [Thread-155:5352] [django.server:131] [basehttp:log_message] [INFO]- "GET /ajax_html/?action=add_case_scenario&case_list=14 HTTP/1.1" 200 505
2016-09-20 21:38:35,394 [Thread-156:14808] [django.server:131] [basehttp:log_message] [INFO]- "POST /edit_scenario/ HTTP/1.1" 200 12
2016-09-20 21:38:37,839 [Thread-157:14592] [django.server:131] [basehttp:log_message] [INFO]- "GET /scenario_list/?pro_id=1 HTTP/1.1" 200 2507
2016-09-20 21:38:38,089 [Thread-158:14828] [django.server:131] [basehttp:log_message] [INFO]- "GET /static/js/jquery-1.11.1.min.js?_=1474378693203 HTTP/1.1" 200 95789
2016-09-20 21:38:38,227 [Thread-159:11180] [django.server:131] [basehttp:log_message] [INFO]- "GET /static/js/bootstrap.min.js?_=1474378693204 HTTP/1.1" 200 31823
2016-09-20 21:38:38,479 [Thread-160:14044] [django.server:131] [basehttp:log_message] [INFO]- "GET /static/js/jquery.datatables.min.js?_=1474378693205 HTTP/1.1" 200 77503
2016-09-20 21:41:51,996 [Thread-162:14600] [django.server:131] [basehttp:log_message] [INFO]- "GET /element/?pro_id=1 HTTP/1.1" 200 11380
2016-09-20 21:41:52,171 [Thread-163:3420] [django.server:131] [basehttp:log_message] [INFO]- "GET /static/js/jquery-1.11.1.min.js?_=1474378718109 HTTP/1.1" 200 95789
2016-09-20 21:41:52,398 [Thread-164:14248] [django.server:131] [basehttp:log_message] [INFO]- "GET /static/js/bootstrap.min.js?_=1474378718110 HTTP/1.1" 200 31823
2016-09-20 21:41:52,517 [Thread-165:15100] [django.server:131] [basehttp:log_message] [INFO]- "GET /static/js/jquery.datatables.min.js?_=1474378718111 HTTP/1.1" 200 77503
2016-09-20 21:43:50,405 [Thread-167:13396] [django.server:131] [basehttp:log_message] [INFO]- "GET /case_list/?pro_id=1 HTTP/1.1" 200 9993
2016-09-20 21:43:50,657 [Thread-168:11376] [django.server:131] [basehttp:log_message] [INFO]- "GET /static/js/jquery-1.11.1.min.js?_=1474378912181 HTTP/1.1" 200 95789
2016-09-20 21:43:50,775 [Thread-169:7828] [django.server:131] [basehttp:log_message] [INFO]- "GET /static/js/bootstrap.min.js?_=1474378912182 HTTP/1.1" 200 31823
2016-09-20 21:43:51,009 [Thread-170:10984] [django.server:131] [basehttp:log_message] [INFO]- "GET /static/js/jquery.datatables.min.js?_=1474378912183 HTTP/1.1" 200 77503
2016-09-20 21:44:14,483 [Thread-172:9964] [django.server:131] [basehttp:log_message] [INFO]- "GET /edit_case/?id=14 HTTP/1.1" 200 24081
2016-09-20 21:44:14,690 [Thread-173:12308] [django.server:131] [basehttp:log_message] [INFO]- "GET /static/js/jquery-1.11.1.min.js?_=1474379030670 HTTP/1.1" 200 95789
2016-09-20 21:44:14,874 [Thread-174:15128] [django.server:131] [basehttp:log_message] [INFO]- "GET /static/js/jquery-ui-1.10.3.min.js?_=1474379030671 HTTP/1.1" 200 228142
2016-09-20 21:44:15,075 [Thread-175:15080] [django.server:131] [basehttp:log_message] [INFO]- "GET /static/js/jquery-1.11.1.min.js?_=1474379030672 HTTP/1.1" 200 95789
2016-09-20 21:44:15,282 [Thread-176:14484] [django.server:131] [basehttp:log_message] [INFO]- "GET /static/js/jquery.datatables.min.js?_=1474379030673 HTTP/1.1" 200 77503
2016-09-20 21:44:15,467 [Thread-177:14744] [django.server:131] [basehttp:log_message] [INFO]- "GET /static/js/jquery-ui-1.10.3.min.js?_=1474379030674 HTTP/1.1" 200 228142
2016-09-20 21:44:15,655 [Thread-178:15132] [django.server:131] [basehttp:log_message] [INFO]- "GET /static/js/bootstrap.min.js?_=1474379030675 HTTP/1.1" 200 31823
2016-09-20 21:44:40,812 [Thread-180:8224] [django.server:131] [basehttp:log_message] [INFO]- "POST /edit_case/ HTTP/1.1" 200 12
2016-09-20 21:44:42,835 [Thread-181:9764] [django.server:131] [basehttp:log_message] [INFO]- "GET /case_list/?pro_id=1 HTTP/1.1" 200 9993
2016-09-20 21:44:43,223 [Thread-182:14568] [django.server:131] [basehttp:log_message] [INFO]- "GET /static/js/jquery-1.11.1.min.js?_=1474379055089 HTTP/1.1" 200 95789
2016-09-20 21:44:43,471 [Thread-183:14244] [django.server:131] [basehttp:log_message] [INFO]- "GET /static/js/bootstrap.min.js?_=1474379055090 HTTP/1.1" 200 31823
2016-09-20 21:44:43,631 [Thread-184:14364] [django.server:131] [basehttp:log_message] [INFO]- "GET /static/js/jquery.datatables.min.js?_=1474379055091 HTTP/1.1" 200 77503
2016-09-20 21:46:11,275 [Thread-186:15068] [django.server:131] [basehttp:log_message] [INFO]- "GET /edit_case/?id=14 HTTP/1.1" 200 24094
2016-09-20 21:46:11,447 [Thread-187:4368] [django.server:131] [basehttp:log_message] [INFO]- "GET /static/js/jquery-1.11.1.min.js?_=1474379083268 HTTP/1.1" 200 95789
2016-09-20 21:46:11,720 [Thread-188:13428] [django.server:131] [basehttp:log_message] [INFO]- "GET /static/js/jquery-ui-1.10.3.min.js?_=1474379083269 HTTP/1.1" 200 228142
2016-09-20 21:46:11,845 [Thread-189:15072] [django.server:131] [basehttp:log_message] [INFO]- "GET /static/js/jquery-1.11.1.min.js?_=1474379083270 HTTP/1.1" 200 95789
2016-09-20 21:46:12,184 [Thread-190:2676] [django.server:131] [basehttp:log_message] [INFO]- "GET /static/js/jquery.datatables.min.js?_=1474379083271 HTTP/1.1" 200 77503
2016-09-20 21:46:12,437 [Thread-191:6532] [django.server:131] [basehttp:log_message] [INFO]- "GET /static/js/jquery-ui-1.10.3.min.js?_=1474379083272 HTTP/1.1" 200 228142
2016-09-20 21:46:12,565 [Thread-192:12960] [django.server:131] [basehttp:log_message] [INFO]- "GET /static/js/bootstrap.min.js?_=1474379083273 HTTP/1.1" 200 31823
2016-09-20 21:46:21,450 [Thread-193:14432] [django.server:131] [basehttp:log_message] [INFO]- "POST /edit_case/ HTTP/1.1" 200 12
2016-09-20 21:46:23,664 [Thread-194:14704] [django.server:131] [basehttp:log_message] [INFO]- "GET /case_list/?pro_id=1 HTTP/1.1" 200 9997
2016-09-20 21:46:23,901 [Thread-195:14388] [django.server:131] [basehttp:log_message] [INFO]- "GET /static/js/jquery-1.11.1.min.js?_=1474379171850 HTTP/1.1" 200 95789
2016-09-20 21:46:24,038 [Thread-196:14580] [django.server:131] [basehttp:log_message] [INFO]- "GET /static/js/bootstrap.min.js?_=1474379171851 HTTP/1.1" 200 31823
2016-09-20 21:46:24,301 [Thread-197:14828] [django.server:131] [basehttp:log_message] [INFO]- "GET /static/js/jquery.datatables.min.js?_=1474379171852 HTTP/1.1" 200 77503
