2016-09-24 00:19:10,420 [Thread-2:17100] [django.server:131] [basehttp:log_message] [INFO]- "GET /index/ HTTP/1.1" 200 32899
2016-09-24 00:19:10,482 [Thread-3:10372] [django.server:131] [basehttp:log_message] [INFO]- "GET /static/css/style.default.css HTTP/1.1" 304 0
2016-09-24 00:19:10,788 [Thread-4:12864] [django.server:131] [basehttp:log_message] [INFO]- "GET /static/css/bootstrap.min.css HTTP/1.1" 304 0
2016-09-24 00:19:10,918 [Thread-5:9912] [django.server:131] [basehttp:log_message] [INFO]- "GET /static/css/bootstrap-override.css HTTP/1.1" 304 0
2016-09-24 00:19:10,934 [Thread-6:10244] [django.server:131] [basehttp:log_message] [INFO]- "GET /static/css/weather-icons.min.css HTTP/1.1" 304 0
2016-09-24 00:19:10,953 [Thread-7:9432] [django.server:131] [basehttp:log_message] [INFO]- "GET /static/css/jquery-ui-1.10.3.css HTTP/1.1" 304 0
2016-09-24 00:19:10,973 [Thread-8:14124] [django.server:131] [basehttp:log_message] [INFO]- "GET /static/css/font-awesome.min.css HTTP/1.1" 304 0
2016-09-24 00:19:10,990 [Thread-9:11112] [django.server:131] [basehttp:log_message] [INFO]- "GET /static/css/animate.min.css HTTP/1.1" 304 0
2016-09-24 00:19:11,089 [Thread-10:5564] [django.server:131] [basehttp:log_message] [INFO]- "GET /static/css/animate.delay.css HTTP/1.1" 304 0
2016-09-24 00:19:11,223 [Thread-11:6028] [django.server:131] [basehttp:log_message] [INFO]- "GET /static/css/toggles.css HTTP/1.1" 304 0
2016-09-24 00:19:11,239 [Thread-12:11296] [django.server:131] [basehttp:log_message] [INFO]- "GET /static/css/select2.css HTTP/1.1" 304 0
2016-09-24 00:19:11,257 [Thread-13:3336] [django.server:131] [basehttp:log_message] [INFO]- "GET /static/css/lato.css HTTP/1.1" 304 0
2016-09-24 00:19:11,279 [Thread-14:11072] [django.server:131] [basehttp:log_message] [INFO]- "GET /static/css/roboto.css HTTP/1.1" 304 0
2016-09-24 00:19:11,296 [Thread-15:8512] [django.server:131] [basehttp:log_message] [INFO]- "GET /static/js/jquery-1.11.1.min.js HTTP/1.1" 304 0
2016-09-24 00:19:11,403 [Thread-16:7044] [django.server:131] [basehttp:log_message] [INFO]- "GET /static/fonts/fontawesome-webfont.woff?v=4.1.0 HTTP/1.1" 304 0
2016-09-24 00:19:11,529 [Thread-17:17352] [django.server:131] [basehttp:log_message] [INFO]- "GET /static/fonts/glyphicons-halflings-regular.woff HTTP/1.1" 304 0
2016-09-24 00:19:11,545 [Thread-18:9904] [django.server:131] [basehttp:log_message] [INFO]- "GET /static/images/icon-search.png HTTP/1.1" 304 0
2016-09-24 00:19:11,589 [Thread-19:6352] [django.server:131] [basehttp:log_message] [INFO]- "GET /static/images/plus-white.png HTTP/1.1" 304 0
2016-09-24 00:19:11,591 [Thread-20:6608] [django.server:131] [basehttp:log_message] [INFO]- "GET /static/js/jquery-migrate-1.2.1.min.js HTTP/1.1" 304 0
2016-09-24 00:19:11,619 [Thread-21:7620] [django.server:131] [basehttp:log_message] [INFO]- "GET /static/images/photos/loggeduser.png HTTP/1.1" 304 0
2016-09-24 00:19:11,710 [Thread-22:4380] [django.server:131] [basehttp:log_message] [INFO]- "GET /static/js/jquery-ui-1.10.3.min.js HTTP/1.1" 304 0
2016-09-24 00:19:11,832 [Thread-23:15764] [django.server:131] [basehttp:log_message] [INFO]- "GET /static/js/bootstrap.min.js HTTP/1.1" 304 0
2016-09-24 00:19:11,857 [Thread-24:11440] [django.server:131] [basehttp:log_message] [INFO]- "GET /static/images/photos/user1.png HTTP/1.1" 304 0
2016-09-24 00:19:11,903 [Thread-26:14892] [django.server:131] [basehttp:log_message] [INFO]- "GET /static/images/photos/user2.png HTTP/1.1" 304 0
2016-09-24 00:19:11,923 [Thread-25:5816] [django.server:131] [basehttp:log_message] [INFO]- "GET /static/js/modernizr.min.js HTTP/1.1" 304 0
2016-09-24 00:19:11,954 [Thread-27:12608] [django.server:131] [basehttp:log_message] [INFO]- "GET /static/js/jquery.sparkline.min.js HTTP/1.1" 304 0
2016-09-24 00:19:12,068 [Thread-28:5928] [django.server:131] [basehttp:log_message] [INFO]- "GET /static/js/toggles.min.js HTTP/1.1" 304 0
2016-09-24 00:19:12,184 [Thread-29:12832] [django.server:131] [basehttp:log_message] [INFO]- "GET /static/js/retina.min.js HTTP/1.1" 304 0
2016-09-24 00:19:12,201 [Thread-30:2676] [django.server:131] [basehttp:log_message] [INFO]- "GET /static/js/jquery.cookies.js HTTP/1.1" 304 0
2016-09-24 00:19:12,252 [Thread-31:3700] [django.server:131] [basehttp:log_message] [INFO]- "GET /static/js/flot/jquery.flot.min.js HTTP/1.1" 304 0
2016-09-24 00:19:12,255 [Thread-32:3912] [django.server:131] [basehttp:log_message] [INFO]- "GET /static/js/flot/jquery.flot.resize.min.js HTTP/1.1" 304 0
2016-09-24 00:19:12,365 [Thread-33:9972] [django.server:131] [basehttp:log_message] [INFO]- "GET /static/js/flot/jquery.flot.spline.min.js HTTP/1.1" 304 0
2016-09-24 00:19:12,421 [Thread-34:15512] [django.server:131] [basehttp:log_message] [INFO]- "GET /static/js/raphael-2.1.0.min.js HTTP/1.1" 304 0
2016-09-24 00:19:12,519 [Thread-35:4752] [django.server:131] [basehttp:log_message] [INFO]- "GET /static/js/custom.js HTTP/1.1" 304 0
2016-09-24 00:19:12,543 [Thread-36:4016] [django.server:131] [basehttp:log_message] [INFO]- "GET /static/js/hero.js HTTP/1.1" 304 0
2016-09-24 00:19:12,598 [Thread-37:7248] [django.server:131] [basehttp:log_message] [INFO]- "GET /static/images/photos/user3.png HTTP/1.1" 304 0
2016-09-24 00:19:12,618 [Thread-38:8788] [django.server:131] [basehttp:log_message] [INFO]- "GET /static/images/photos/user4.png HTTP/1.1" 304 0
2016-09-24 00:19:12,822 [Thread-39:9636] [django.server:131] [basehttp:log_message] [INFO]- "GET /static/images/photos/user5.png HTTP/1.1" 304 0
2016-09-24 00:19:12,849 [Thread-40:5704] [django.server:131] [basehttp:log_message] [INFO]- "GET /static/images/photos/userprofile.png HTTP/1.1" 304 0
2016-09-24 00:19:19,891 [Thread-41:14148] [django.server:131] [basehttp:log_message] [INFO]- "GET /static/images/plus.png HTTP/1.1" 304 0
2016-09-24 00:19:21,157 [Thread-42:1052] [django.server:131] [basehttp:log_message] [INFO]- "GET /static/images/minus.png HTTP/1.1" 304 0
2016-09-24 00:19:22,908 [Thread-43:7740] [django.server:131] [basehttp:log_message] [INFO]- "GET /element/?pro_id=1 HTTP/1.1" 200 12950
2016-09-24 00:19:23,279 [Thread-44:6276] [django.server:131] [basehttp:log_message] [INFO]- "GET /static/js/jquery-1.11.1.min.js?_=1474647551479 HTTP/1.1" 200 95789
2016-09-24 00:19:23,332 [Thread-45:4168] [django.server:131] [basehttp:log_message] [INFO]- "GET /static/js/bootstrap.min.js?_=1474647551480 HTTP/1.1" 200 31823
2016-09-24 00:19:23,670 [Thread-46:9456] [django.server:131] [basehttp:log_message] [INFO]- "GET /static/js/jquery.datatables.min.js?_=1474647551481 HTTP/1.1" 200 77503
2016-09-24 00:20:18,970 [Thread-48:1044] [django.server:131] [basehttp:log_message] [INFO]- "POST /element/ HTTP/1.1" 200 12
2016-09-24 00:20:54,394 [Thread-50:12316] [django.server:131] [basehttp:log_message] [INFO]- "GET /element/?pro_id=1 HTTP/1.1" 200 13739
2016-09-24 00:20:54,634 [Thread-51:11660] [django.server:131] [basehttp:log_message] [INFO]- "GET /static/js/jquery-1.11.1.min.js?_=1474647563309 HTTP/1.1" 200 95789
2016-09-24 00:20:54,778 [Thread-52:8248] [django.server:131] [basehttp:log_message] [INFO]- "GET /static/js/bootstrap.min.js?_=1474647563310 HTTP/1.1" 200 31823
2016-09-24 00:20:54,999 [Thread-53:11008] [django.server:131] [basehttp:log_message] [INFO]- "GET /static/js/jquery.datatables.min.js?_=1474647563311 HTTP/1.1" 200 77503
2016-09-24 00:20:58,279 [Thread-54:12188] [django.server:131] [basehttp:log_message] [INFO]- "POST /element/ HTTP/1.1" 200 273
2016-09-24 00:21:05,161 [Thread-55:13792] [django.server:131] [basehttp:log_message] [WARNING]- "GET /favicon.ico HTTP/1.1" 404 4406
