2018-06-04 10:55:25,079 [Thread-3:8796] [django.server:131] [basehttp:log_message] [INFO]- "GET / HTTP/1.1" 200 4318
2018-06-04 10:55:28,661 [Thread-11:6736] [django.server:131] [basehttp:log_message] [INFO]- "GET /static/js/retina.min.js HTTP/1.1" 200 2161
2018-06-04 10:55:28,663 [Thread-10:7912] [django.server:131] [basehttp:log_message] [INFO]- "GET /static/js/toggles.min.js HTTP/1.1" 200 2736
2018-06-04 10:55:28,680 [Thread-5:10172] [django.server:131] [basehttp:log_message] [INFO]- "GET /static/js/jquery-migrate-1.2.1.min.js HTTP/1.1" 200 7203
2018-06-04 10:55:28,688 [Thread-9:8928] [django.server:131] [basehttp:log_message] [INFO]- "GET /static/js/jquery.cookies.js HTTP/1.1" 200 2033
2018-06-04 10:55:28,750 [Thread-6:6572] [django.server:131] [basehttp:log_message] [INFO]- "GET /static/js/bootstrap.min.js HTTP/1.1" 200 31823
2018-06-04 10:55:28,750 [Thread-7:2088] [django.server:131] [basehttp:log_message] [INFO]- "GET /static/js/modernizr.min.js HTTP/1.1" 200 15157
2018-06-04 10:55:28,752 [Thread-8:3300] [django.server:131] [basehttp:log_message] [INFO]- "GET /static/js/jquery.sparkline.min.js HTTP/1.1" 200 43251
2018-06-04 10:55:28,752 [Thread-2:9432] [django.server:131] [basehttp:log_message] [INFO]- "GET /static/css/style.default.css HTTP/1.1" 200 77743
2018-06-04 10:55:28,753 [Thread-4:9972] [django.server:131] [basehttp:log_message] [INFO]- "GET /static/js/jquery-1.11.1.min.js HTTP/1.1" 200 95789
2018-06-04 10:55:28,766 [Thread-13:7676] [django.server:131] [basehttp:log_message] [INFO]- "GET /static/js/custom.js HTTP/1.1" 200 11035
2018-06-04 10:55:28,785 [Thread-12:9380] [django.server:131] [basehttp:log_message] [INFO]- "GET /static/js/Hero.js HTTP/1.1" 200 16348
2018-06-04 10:55:28,819 [Thread-14:8700] [django.server:131] [basehttp:log_message] [INFO]- "GET /static/css/bootstrap.min.css HTTP/1.1" 200 109604
2018-06-04 10:55:28,832 [Thread-15:7544] [django.server:131] [basehttp:log_message] [INFO]- "GET /static/css/bootstrap-override.css HTTP/1.1" 200 22777
2018-06-04 10:55:28,871 [Thread-17:572] [django.server:131] [basehttp:log_message] [INFO]- "GET /static/css/jquery-ui-1.10.3.css HTTP/1.1" 200 18930
2018-06-04 10:55:28,871 [Thread-21:9040] [django.server:131] [basehttp:log_message] [INFO]- "GET /static/css/toggles.css HTTP/1.1" 200 5378
2018-06-04 10:55:28,875 [Thread-16:1232] [django.server:131] [basehttp:log_message] [INFO]- "GET /static/css/weather-icons.min.css HTTP/1.1" 200 5601
2018-06-04 10:55:28,881 [Thread-18:1096] [django.server:131] [basehttp:log_message] [INFO]- "GET /static/css/font-awesome.min.css HTTP/1.1" 200 20766
2018-06-04 10:55:28,881 [Thread-19:6028] [django.server:131] [basehttp:log_message] [INFO]- "GET /static/css/animate.min.css HTTP/1.1" 200 51174
2018-06-04 10:55:28,903 [Thread-20:5876] [django.server:131] [basehttp:log_message] [INFO]- "GET /static/css/animate.delay.css HTTP/1.1" 200 11432
2018-06-04 10:55:28,908 [Thread-24:7812] [django.server:131] [basehttp:log_message] [INFO]- "GET /static/css/roboto.css HTTP/1.1" 200 9528
2018-06-04 10:55:28,914 [Thread-23:8516] [django.server:131] [basehttp:log_message] [INFO]- "GET /static/css/lato.css HTTP/1.1" 200 5575
2018-06-04 10:55:28,924 [Thread-22:8268] [django.server:131] [basehttp:log_message] [INFO]- "GET /static/css/select2.css HTTP/1.1" 200 18606
2018-06-04 10:55:29,105 [Thread-25:944] [django.server:131] [basehttp:log_message] [INFO]- "GET /static/fonts/fontawesome-webfont.eot? HTTP/1.1" 200 72449
2018-06-04 10:55:29,206 [Thread-26:3836] [django.server:131] [basehttp:log_message] [INFO]- "GET /static/images/user.png HTTP/1.1" 200 1106
2018-06-04 10:55:29,209 [Thread-27:8372] [django.server:131] [basehttp:log_message] [INFO]- "GET /static/images/locked.png HTTP/1.1" 200 1132
2018-06-04 10:55:36,967 [Thread-28:8332] [django.server:131] [basehttp:log_message] [INFO]- "GET /index HTTP/1.1" 301 0
2018-06-04 10:55:52,864 [Thread-29:10036] [django.server:131] [basehttp:log_message] [INFO]- "GET /index HTTP/1.1" 301 0
2018-06-04 10:57:23,160 [Thread-32:9016] [django.server:131] [basehttp:log_message] [INFO]- "GET /index HTTP/1.1" 301 0
2018-06-04 10:57:40,167 [Thread-34:10164] [django.server:131] [basehttp:log_message] [INFO]- "GET / HTTP/1.1" 200 4318
2018-06-04 10:57:40,187 [Thread-33:10100] [django.server:131] [basehttp:log_message] [INFO]- "GET /static/css/style.default.css HTTP/1.1" 200 77743
2018-06-04 10:57:40,201 [Thread-35:7600] [django.server:131] [basehttp:log_message] [INFO]- "GET /static/js/jquery-1.11.1.min.js HTTP/1.1" 200 95789
2018-06-04 10:57:40,203 [Thread-36:9240] [django.server:131] [basehttp:log_message] [INFO]- "GET /static/js/jquery-migrate-1.2.1.min.js HTTP/1.1" 200 7203
2018-06-04 10:57:40,217 [Thread-38:7248] [django.server:131] [basehttp:log_message] [INFO]- "GET /static/js/modernizr.min.js HTTP/1.1" 200 15157
2018-06-04 10:57:40,226 [Thread-37:8448] [django.server:131] [basehttp:log_message] [INFO]- "GET /static/js/bootstrap.min.js HTTP/1.1" 200 31823
2018-06-04 10:57:40,236 [Thread-40:8632] [django.server:131] [basehttp:log_message] [INFO]- "GET /static/js/jquery.cookies.js HTTP/1.1" 200 2033
2018-06-04 10:57:40,253 [Thread-39:8788] [django.server:131] [basehttp:log_message] [INFO]- "GET /static/js/jquery.sparkline.min.js HTTP/1.1" 200 43251
2018-06-04 10:57:40,256 [Thread-42:9360] [django.server:131] [basehttp:log_message] [INFO]- "GET /static/js/retina.min.js HTTP/1.1" 200 2161
2018-06-04 10:57:40,259 [Thread-41:8892] [django.server:131] [basehttp:log_message] [INFO]- "GET /static/js/toggles.min.js HTTP/1.1" 200 2736
2018-06-04 10:57:40,273 [Thread-43:9140] [django.server:131] [basehttp:log_message] [INFO]- "GET /static/js/custom.js HTTP/1.1" 200 11035
2018-06-04 10:57:40,275 [Thread-44:9912] [django.server:131] [basehttp:log_message] [INFO]- "GET /static/js/Hero.js HTTP/1.1" 200 16348
2018-06-04 10:57:40,305 [Thread-45:10108] [django.server:131] [basehttp:log_message] [INFO]- "GET /static/css/bootstrap.min.css HTTP/1.1" 200 109604
2018-06-04 10:57:40,309 [Thread-46:9384] [django.server:131] [basehttp:log_message] [INFO]- "GET /static/css/bootstrap-override.css HTTP/1.1" 200 22777
2018-06-04 10:57:40,325 [Thread-47:3680] [django.server:131] [basehttp:log_message] [INFO]- "GET /static/css/weather-icons.min.css HTTP/1.1" 200 5601
2018-06-04 10:57:40,328 [Thread-48:5684] [django.server:131] [basehttp:log_message] [INFO]- "GET /static/css/jquery-ui-1.10.3.css HTTP/1.1" 200 18930
2018-06-04 10:57:40,342 [Thread-49:10152] [django.server:131] [basehttp:log_message] [INFO]- "GET /static/css/font-awesome.min.css HTTP/1.1" 200 20766
2018-06-04 10:57:40,342 [Thread-50:6764] [django.server:131] [basehttp:log_message] [INFO]- "GET /static/css/animate.min.css HTTP/1.1" 200 51174
2018-06-04 10:57:40,351 [Thread-51:9184] [django.server:131] [basehttp:log_message] [INFO]- "GET /static/css/animate.delay.css HTTP/1.1" 200 11432
2018-06-04 10:57:40,354 [Thread-52:7908] [django.server:131] [basehttp:log_message] [INFO]- "GET /static/css/toggles.css HTTP/1.1" 200 5378
2018-06-04 10:57:40,359 [Thread-53:8240] [django.server:131] [basehttp:log_message] [INFO]- "GET /static/css/select2.css HTTP/1.1" 200 18606
2018-06-04 10:57:40,369 [Thread-54:9920] [django.server:131] [basehttp:log_message] [INFO]- "GET /static/css/lato.css HTTP/1.1" 200 5575
2018-06-04 10:57:40,369 [Thread-55:1940] [django.server:131] [basehttp:log_message] [INFO]- "GET /static/css/roboto.css HTTP/1.1" 200 9528
2018-06-04 10:57:40,480 [Thread-57:9948] [django.server:131] [basehttp:log_message] [INFO]- "GET /static/images/user.png HTTP/1.1" 200 1106
2018-06-04 10:57:40,484 [Thread-58:8772] [django.server:131] [basehttp:log_message] [INFO]- "GET /static/images/locked.png HTTP/1.1" 200 1132
2018-06-04 10:57:40,615 [Thread-56:5888] [django.server:131] [basehttp:log_message] [INFO]- "GET /static/fonts/fontawesome-webfont.eot? HTTP/1.1" 200 72449
2018-06-04 10:57:59,177 [Thread-60:8100] [django.server:131] [basehttp:log_message] [INFO]- "GET /index HTTP/1.1" 301 0
2018-06-04 10:58:44,654 [Thread-61:7700] [django.server:131] [basehttp:log_message] [INFO]- "GET /index HTTP/1.1" 301 0
2018-06-04 10:58:46,267 [Thread-62:764] [django.server:131] [basehttp:log_message] [INFO]- "GET /index HTTP/1.1" 301 0
2018-06-04 10:59:06,700 [Thread-63:3364] [django.server:131] [basehttp:log_message] [INFO]- "GET /index HTTP/1.1" 301 0
2018-06-04 11:16:46,775 [Thread-31:7328] [django.server:131] [basehttp:log_message] [WARNING]- "GET /index.html HTTP/1.1" 404 4579
2018-06-04 11:16:46,822 [Thread-31:7328] [django.server:131] [basehttp:log_message] [ERROR]- "GET /index.html HTTP/1.1" 500 59
2018-06-04 11:16:46,970 [Thread-64:2016] [django.server:131] [basehttp:log_message] [INFO]- "GET /index/ HTTP/1.1" 200 33723
2018-06-04 11:16:47,094 [Thread-65:4148] [django.server:131] [basehttp:log_message] [INFO]- "GET /static/css/style.default.css HTTP/1.1" 200 77743
2018-06-04 11:16:47,119 [Thread-66:7996] [django.server:131] [basehttp:log_message] [INFO]- "GET /static/images/photos/loggeduser.png HTTP/1.1" 200 20630
2018-06-04 11:16:47,124 [Thread-67:9760] [django.server:131] [basehttp:log_message] [INFO]- "GET /static/images/photos/user1.png HTTP/1.1" 200 17694
2018-06-04 11:16:47,130 [Thread-70:6768] [django.server:131] [basehttp:log_message] [INFO]- "GET /static/images/photos/user4.png HTTP/1.1" 200 18211
2018-06-04 11:16:47,131 [Thread-72:8976] [django.server:131] [basehttp:log_message] [INFO]- "GET /static/js/jquery-1.11.1.min.js HTTP/1.1" 200 95789
2018-06-04 11:16:47,135 [Thread-71:9196] [django.server:131] [basehttp:log_message] [INFO]- "GET /static/images/photos/user5.png HTTP/1.1" 200 17012
2018-06-04 11:16:47,142 [Thread-69:10160] [django.server:131] [basehttp:log_message] [INFO]- "GET /static/images/photos/user3.png HTTP/1.1" 200 17036
2018-06-04 11:16:47,142 [Thread-73:9876] [django.server:131] [basehttp:log_message] [INFO]- "GET /static/js/jquery-migrate-1.2.1.min.js HTTP/1.1" 200 7203
2018-06-04 11:16:47,150 [Thread-68:8604] [django.server:131] [basehttp:log_message] [INFO]- "GET /static/images/photos/user2.png HTTP/1.1" 200 18310
2018-06-04 11:16:47,157 [Thread-75:8148] [django.server:131] [basehttp:log_message] [INFO]- "GET /static/js/bootstrap.min.js HTTP/1.1" 200 31823
2018-06-04 11:16:47,161 [Thread-76:8492] [django.server:131] [basehttp:log_message] [INFO]- "GET /static/js/modernizr.min.js HTTP/1.1" 200 15157
2018-06-04 11:16:47,171 [Thread-77:8936] [django.server:131] [basehttp:log_message] [INFO]- "GET /static/js/jquery.sparkline.min.js HTTP/1.1" 200 43251
2018-06-04 11:16:47,178 [Thread-78:9832] [django.server:131] [basehttp:log_message] [INFO]- "GET /static/js/toggles.min.js HTTP/1.1" 200 2736
2018-06-04 11:16:47,181 [Thread-79:9508] [django.server:131] [basehttp:log_message] [INFO]- "GET /static/js/retina.min.js HTTP/1.1" 200 2161
2018-06-04 11:16:47,194 [Thread-80:940] [django.server:131] [basehttp:log_message] [INFO]- "GET /static/js/jquery.cookies.js HTTP/1.1" 200 2033
2018-06-04 11:16:47,201 [Thread-74:8888] [django.server:131] [basehttp:log_message] [INFO]- "GET /static/js/jquery-ui-1.10.3.min.js HTTP/1.1" 200 228142
2018-06-04 11:16:47,210 [Thread-86:6676] [django.server:131] [basehttp:log_message] [INFO]- "GET /static/js/Hero.js HTTP/1.1" 200 16348
2018-06-04 11:16:47,214 [Thread-85:6644] [django.server:131] [basehttp:log_message] [INFO]- "GET /static/js/custom.js HTTP/1.1" 200 11035
2018-06-04 11:16:47,216 [Thread-81:9660] [django.server:131] [basehttp:log_message] [INFO]- "GET /static/js/flot/jquery.flot.min.js HTTP/1.1" 200 52970
2018-06-04 11:16:47,217 [Thread-83:10052] [django.server:131] [basehttp:log_message] [INFO]- "GET /static/js/flot/jquery.flot.spline.min.js HTTP/1.1" 200 2791
2018-06-04 11:16:47,230 [Thread-84:5944] [django.server:131] [basehttp:log_message] [INFO]- "GET /static/js/raphael-2.1.0.min.js HTTP/1.1" 200 110942
2018-06-04 11:16:47,236 [Thread-82:9272] [django.server:131] [basehttp:log_message] [INFO]- "GET /static/js/flot/jquery.flot.resize.min.js HTTP/1.1" 200 2348
2018-06-04 11:16:47,246 [Thread-87:884] [django.server:131] [basehttp:log_message] [INFO]- "GET /static/images/photos/userprofile.png HTTP/1.1" 200 23407
2018-06-04 11:16:47,289 [Thread-88:6064] [django.server:131] [basehttp:log_message] [INFO]- "GET /static/images/favicon.png HTTP/1.1" 200 983
2018-06-04 11:16:47,289 [Thread-89:9404] [django.server:131] [basehttp:log_message] [INFO]- "GET /static/css/bootstrap.min.css HTTP/1.1" 200 109604
2018-06-04 11:16:47,308 [Thread-91:8144] [django.server:131] [basehttp:log_message] [INFO]- "GET /static/css/weather-icons.min.css HTTP/1.1" 200 5601
2018-06-04 11:16:47,319 [Thread-90:2744] [django.server:131] [basehttp:log_message] [INFO]- "GET /static/css/bootstrap-override.css HTTP/1.1" 200 22777
2018-06-04 11:16:47,323 [Thread-92:8436] [django.server:131] [basehttp:log_message] [INFO]- "GET /static/css/jquery-ui-1.10.3.css HTTP/1.1" 200 18930
2018-06-04 11:16:47,338 [Thread-93:6780] [django.server:131] [basehttp:log_message] [INFO]- "GET /static/css/font-awesome.min.css HTTP/1.1" 200 20766
2018-06-04 11:16:47,346 [Thread-95:9332] [django.server:131] [basehttp:log_message] [INFO]- "GET /static/css/animate.delay.css HTTP/1.1" 200 11432
2018-06-04 11:16:47,349 [Thread-94:7068] [django.server:131] [basehttp:log_message] [INFO]- "GET /static/css/animate.min.css HTTP/1.1" 200 51174
2018-06-04 11:16:47,351 [Thread-96:5920] [django.server:131] [basehttp:log_message] [INFO]- "GET /static/css/toggles.css HTTP/1.1" 200 5378
2018-06-04 11:16:47,358 [Thread-97:9612] [django.server:131] [basehttp:log_message] [INFO]- "GET /static/css/select2.css HTTP/1.1" 200 18606
2018-06-04 11:16:47,359 [Thread-99:3368] [django.server:131] [basehttp:log_message] [INFO]- "GET /static/css/roboto.css HTTP/1.1" 200 9528
2018-06-04 11:16:47,362 [Thread-98:6952] [django.server:131] [basehttp:log_message] [INFO]- "GET /static/css/lato.css HTTP/1.1" 200 5575
2018-06-04 11:16:47,454 [Thread-100:5824] [django.server:131] [basehttp:log_message] [INFO]- "GET /static/images/icon-search.png HTTP/1.1" 200 1239
2018-06-04 11:16:47,677 [Thread-101:7516] [django.server:131] [basehttp:log_message] [INFO]- "GET /static/fonts/fontawesome-webfont.woff?v=4.1.0 HTTP/1.1" 200 83760
2018-06-04 11:16:47,690 [Thread-102:8732] [django.server:131] [basehttp:log_message] [INFO]- "GET /static/fonts/glyphicons-halflings-regular.woff HTTP/1.1" 200 23320
2018-06-04 11:16:59,752 [Thread-103:7280] [django.server:131] [basehttp:log_message] [INFO]- "GET /index/ HTTP/1.1" 200 33723
2018-06-04 11:16:59,901 [Thread-105:9100] [django.server:131] [basehttp:log_message] [INFO]- "GET /static/css/style.default.css HTTP/1.1" 304 0
2018-06-04 11:16:59,904 [Thread-104:4620] [django.server:131] [basehttp:log_message] [INFO]- "GET /static/js/jquery-1.11.1.min.js HTTP/1.1" 304 0
2018-06-04 11:16:59,911 [Thread-108:9252] [django.server:131] [basehttp:log_message] [INFO]- "GET /static/js/jquery-migrate-1.2.1.min.js HTTP/1.1" 304 0
2018-06-04 11:16:59,917 [Thread-107:6892] [django.server:131] [basehttp:log_message] [INFO]- "GET /static/js/jquery-ui-1.10.3.min.js HTTP/1.1" 304 0
2018-06-04 11:16:59,920 [Thread-106:9372] [django.server:131] [basehttp:log_message] [INFO]- "GET /static/js/bootstrap.min.js HTTP/1.1" 304 0
2018-06-04 11:16:59,924 [Thread-109:9816] [django.server:131] [basehttp:log_message] [INFO]- "GET /static/js/modernizr.min.js HTTP/1.1" 304 0
2018-06-04 11:16:59,927 [Thread-110:9152] [django.server:131] [basehttp:log_message] [INFO]- "GET /static/js/jquery.sparkline.min.js HTTP/1.1" 304 0
2018-06-04 11:16:59,931 [Thread-111:8496] [django.server:131] [basehttp:log_message] [INFO]- "GET /static/js/toggles.min.js HTTP/1.1" 304 0
2018-06-04 11:16:59,934 [Thread-112:8544] [django.server:131] [basehttp:log_message] [INFO]- "GET /static/js/retina.min.js HTTP/1.1" 304 0
2018-06-04 11:16:59,937 [Thread-113:8116] [django.server:131] [basehttp:log_message] [INFO]- "GET /static/js/jquery.cookies.js HTTP/1.1" 304 0
2018-06-04 11:16:59,940 [Thread-114:996] [django.server:131] [basehttp:log_message] [INFO]- "GET /static/js/flot/jquery.flot.min.js HTTP/1.1" 304 0
2018-06-04 11:16:59,944 [Thread-115:2192] [django.server:131] [basehttp:log_message] [INFO]- "GET /static/js/flot/jquery.flot.resize.min.js HTTP/1.1" 304 0
2018-06-04 11:16:59,948 [Thread-116:9444] [django.server:131] [basehttp:log_message] [INFO]- "GET /static/js/flot/jquery.flot.spline.min.js HTTP/1.1" 304 0
2018-06-04 11:16:59,951 [Thread-117:10104] [django.server:131] [basehttp:log_message] [INFO]- "GET /static/js/raphael-2.1.0.min.js HTTP/1.1" 304 0
2018-06-04 11:16:59,954 [Thread-118:8136] [django.server:131] [basehttp:log_message] [INFO]- "GET /static/js/custom.js HTTP/1.1" 304 0
2018-06-04 11:16:59,956 [Thread-119:9540] [django.server:131] [basehttp:log_message] [INFO]- "GET /static/js/Hero.js HTTP/1.1" 304 0
2018-06-04 11:16:59,960 [Thread-120:9244] [django.server:131] [basehttp:log_message] [INFO]- "GET /static/images/photos/loggeduser.png HTTP/1.1" 304 0
2018-06-04 11:16:59,963 [Thread-121:9904] [django.server:131] [basehttp:log_message] [INFO]- "GET /static/images/photos/user1.png HTTP/1.1" 304 0
2018-06-04 11:16:59,967 [Thread-122:9836] [django.server:131] [basehttp:log_message] [INFO]- "GET /static/images/photos/user2.png HTTP/1.1" 304 0
2018-06-04 11:16:59,970 [Thread-123:10180] [django.server:131] [basehttp:log_message] [INFO]- "GET /static/images/photos/user3.png HTTP/1.1" 304 0
2018-06-04 11:16:59,970 [Thread-124:9600] [django.server:131] [basehttp:log_message] [INFO]- "GET /static/images/photos/user4.png HTTP/1.1" 304 0
2018-06-04 11:16:59,973 [Thread-125:7028] [django.server:131] [basehttp:log_message] [INFO]- "GET /static/images/photos/user5.png HTTP/1.1" 304 0
2018-06-04 11:16:59,973 [Thread-126:9804] [django.server:131] [basehttp:log_message] [INFO]- "GET /static/images/photos/userprofile.png HTTP/1.1" 304 0
2018-06-04 11:17:00,045 [Thread-127:9156] [django.server:131] [basehttp:log_message] [INFO]- "GET /static/css/bootstrap.min.css HTTP/1.1" 304 0
2018-06-04 11:17:00,049 [Thread-128:1704] [django.server:131] [basehttp:log_message] [INFO]- "GET /static/css/bootstrap-override.css HTTP/1.1" 304 0
2018-06-04 11:17:00,053 [Thread-129:9944] [django.server:131] [basehttp:log_message] [INFO]- "GET /static/css/weather-icons.min.css HTTP/1.1" 304 0
2018-06-04 11:17:00,059 [Thread-130:8212] [django.server:131] [basehttp:log_message] [INFO]- "GET /static/css/jquery-ui-1.10.3.css HTTP/1.1" 304 0
2018-06-04 11:17:00,065 [Thread-131:7572] [django.server:131] [basehttp:log_message] [INFO]- "GET /static/css/font-awesome.min.css HTTP/1.1" 304 0
2018-06-04 11:17:00,069 [Thread-132:8580] [django.server:131] [basehttp:log_message] [INFO]- "GET /static/css/animate.min.css HTTP/1.1" 304 0
2018-06-04 11:17:00,072 [Thread-133:5740] [django.server:131] [basehttp:log_message] [INFO]- "GET /static/css/toggles.css HTTP/1.1" 304 0
2018-06-04 11:17:00,075 [Thread-134:10028] [django.server:131] [basehttp:log_message] [INFO]- "GET /static/css/animate.delay.css HTTP/1.1" 304 0
2018-06-04 11:17:00,078 [Thread-135:9544] [django.server:131] [basehttp:log_message] [INFO]- "GET /static/css/select2.css HTTP/1.1" 304 0
2018-06-04 11:17:00,082 [Thread-136:9204] [django.server:131] [basehttp:log_message] [INFO]- "GET /static/css/lato.css HTTP/1.1" 304 0
2018-06-04 11:17:00,084 [Thread-137:7944] [django.server:131] [basehttp:log_message] [INFO]- "GET /static/css/roboto.css HTTP/1.1" 304 0
2018-06-04 11:17:00,118 [Thread-138:9820] [django.server:131] [basehttp:log_message] [INFO]- "GET /static/images/icon-search.png HTTP/1.1" 304 0
2018-06-04 11:17:07,312 [Thread-139:3580] [django.server:131] [basehttp:log_message] [INFO]- "GET /static/images/plus-white.png HTTP/1.1" 200 966
2018-06-04 11:17:08,108 [Thread-140:9740] [django.server:131] [basehttp:log_message] [INFO]- "GET /static/images/plus.png HTTP/1.1" 200 971
2018-06-04 11:17:08,648 [Thread-141:8536] [django.server:131] [basehttp:log_message] [INFO]- "GET /project HTTP/1.1" 301 0
2018-06-04 11:17:08,829 [Thread-142:8208] [django.server:131] [basehttp:log_message] [INFO]- "GET /project/ HTTP/1.1" 200 1610
2018-06-04 11:17:08,878 [Thread-143:8156] [django.server:131] [basehttp:log_message] [INFO]- "GET /static/css/jquery.gritter.css HTTP/1.1" 200 1468
2018-06-04 11:17:08,892 [Thread-145:1464] [django.server:131] [basehttp:log_message] [INFO]- "GET /static/js/jquery-1.11.1.min.js?_=1528082220097 HTTP/1.1" 200 95789
2018-06-04 11:17:08,894 [Thread-144:8948] [django.server:131] [basehttp:log_message] [INFO]- "GET /static/css/jquery.datatables.css HTTP/1.1" 200 4322
2018-06-04 11:17:08,937 [Thread-146:9400] [django.server:131] [basehttp:log_message] [INFO]- "GET /static/js/bootstrap.min.js?_=1528082220098 HTTP/1.1" 200 31823
2018-06-04 11:17:09,069 [Thread-147:10236] [django.server:131] [basehttp:log_message] [INFO]- "GET /static/js/jquery.datatables.min.js?_=1528082220099 HTTP/1.1" 200 77503
2018-06-04 11:17:09,180 [Thread-148:1424] [django.server:131] [basehttp:log_message] [INFO]- "GET /static/images/sort_both.png HTTP/1.1" 200 1109
2018-06-04 11:17:09,187 [Thread-150:9980] [django.server:131] [basehttp:log_message] [INFO]- "GET /static/images/sort_asc.png HTTP/1.1" 200 1033
2018-06-04 11:17:11,711 [Thread-149:1336] [django.server:131] [basehttp:log_message] [INFO]- "GET /project/ HTTP/1.1" 200 1610
2018-06-04 11:17:11,757 [Thread-151:2780] [django.server:131] [basehttp:log_message] [INFO]- "GET /static/js/jquery-1.11.1.min.js?_=1528082228891 HTTP/1.1" 200 95789
2018-06-04 11:17:11,792 [Thread-152:10208] [django.server:131] [basehttp:log_message] [INFO]- "GET /static/js/bootstrap.min.js?_=1528082228892 HTTP/1.1" 200 31823
2018-06-04 11:17:11,811 [Thread-153:5940] [django.server:131] [basehttp:log_message] [INFO]- "GET /static/js/jquery.datatables.min.js?_=1528082228893 HTTP/1.1" 200 77503
2018-06-04 11:17:12,855 [Thread-154:1292] [django.server:131] [basehttp:log_message] [INFO]- "GET /static/images/minus.png HTTP/1.1" 200 955
2018-06-04 11:17:15,767 [Thread-155:8092] [django.server:131] [basehttp:log_message] [INFO]- "GET /element/?pro_id=1 HTTP/1.1" 200 9895
2018-06-04 11:17:15,821 [Thread-156:9584] [django.server:131] [basehttp:log_message] [INFO]- "GET /static/js/jquery-1.11.1.min.js?_=1528082231754 HTTP/1.1" 200 95789
2018-06-04 11:17:15,859 [Thread-157:9736] [django.server:131] [basehttp:log_message] [INFO]- "GET /static/js/bootstrap.min.js?_=1528082231755 HTTP/1.1" 200 31823
2018-06-04 11:17:15,885 [Thread-158:3432] [django.server:131] [basehttp:log_message] [INFO]- "GET /static/js/jquery.datatables.min.js?_=1528082231756 HTTP/1.1" 200 77503
2018-06-04 11:17:17,417 [Thread-159:7420] [django.server:131] [basehttp:log_message] [INFO]- "GET /case_list/?pro_id=1 HTTP/1.1" 200 5273
2018-06-04 11:17:17,469 [Thread-160:9312] [django.server:131] [basehttp:log_message] [INFO]- "GET /static/js/jquery-1.11.1.min.js?_=1528082235821 HTTP/1.1" 200 95789
2018-06-04 11:17:17,507 [Thread-161:5756] [django.server:131] [basehttp:log_message] [INFO]- "GET /static/js/bootstrap.min.js?_=1528082235822 HTTP/1.1" 200 31823
2018-06-04 11:17:17,559 [Thread-162:1932] [django.server:131] [basehttp:log_message] [INFO]- "GET /static/js/jquery.datatables.min.js?_=1528082235823 HTTP/1.1" 200 77503
2018-06-04 11:17:18,703 [Thread-163:9168] [django.server:131] [basehttp:log_message] [INFO]- "GET /scenario_list/?pro_id=1 HTTP/1.1" 200 2507
2018-06-04 11:17:18,746 [Thread-164:2504] [django.server:131] [basehttp:log_message] [INFO]- "GET /static/js/jquery-1.11.1.min.js?_=1528082237465 HTTP/1.1" 200 95789
2018-06-04 11:17:18,793 [Thread-165:9392] [django.server:131] [basehttp:log_message] [INFO]- "GET /static/js/bootstrap.min.js?_=1528082237466 HTTP/1.1" 200 31823
2018-06-04 11:17:18,812 [Thread-166:9988] [django.server:131] [basehttp:log_message] [INFO]- "GET /static/js/jquery.datatables.min.js?_=1528082237467 HTTP/1.1" 200 77503
2018-06-04 11:17:19,671 [Thread-167:8320] [django.server:131] [basehttp:log_message] [INFO]- "GET /element/?pro_id=1 HTTP/1.1" 200 9895
2018-06-04 11:17:19,782 [Thread-168:9264] [django.server:131] [basehttp:log_message] [INFO]- "GET /static/js/jquery-1.11.1.min.js?_=1528082238746 HTTP/1.1" 200 95789
2018-06-04 11:17:19,818 [Thread-169:1876] [django.server:131] [basehttp:log_message] [INFO]- "GET /static/js/bootstrap.min.js?_=1528082238747 HTTP/1.1" 200 31823
2018-06-04 11:17:19,838 [Thread-170:5568] [django.server:131] [basehttp:log_message] [INFO]- "GET /static/js/jquery.datatables.min.js?_=1528082238748 HTTP/1.1" 200 77503
2018-06-04 11:18:31,170 [Thread-175:3352] [django.server:131] [basehttp:log_message] [INFO]- "GET /case_list/?pro_id=1 HTTP/1.1" 200 5273
2018-06-04 11:18:31,259 [Thread-176:9576] [django.server:131] [basehttp:log_message] [INFO]- "GET /static/js/jquery-1.11.1.min.js?_=1528082239775 HTTP/1.1" 200 95789
2018-06-04 11:18:31,302 [Thread-177:7692] [django.server:131] [basehttp:log_message] [INFO]- "GET /static/js/bootstrap.min.js?_=1528082239776 HTTP/1.1" 200 31823
2018-06-04 11:18:31,322 [Thread-178:8396] [django.server:131] [basehttp:log_message] [INFO]- "GET /static/js/jquery.datatables.min.js?_=1528082239777 HTTP/1.1" 200 77503
2018-06-04 11:18:37,388 [Thread-179:9724] [django.server:131] [basehttp:log_message] [INFO]- "GET /edit_case/?id=12 HTTP/1.1" 200 25685
2018-06-04 11:18:37,480 [Thread-180:9596] [django.server:131] [basehttp:log_message] [INFO]- "GET /static/js/jquery-1.11.1.min.js?_=1528082311284 HTTP/1.1" 200 95789
2018-06-04 11:18:37,532 [Thread-181:10140] [django.server:131] [basehttp:log_message] [INFO]- "GET /static/js/jquery-ui-1.10.3.min.js?_=1528082311285 HTTP/1.1" 200 228142
2018-06-04 11:18:37,608 [Thread-182:8476] [django.server:131] [basehttp:log_message] [INFO]- "GET /static/js/jquery-1.11.1.min.js?_=1528082311286 HTTP/1.1" 200 95789
2018-06-04 11:18:37,648 [Thread-183:9300] [django.server:131] [basehttp:log_message] [INFO]- "GET /static/js/jquery.datatables.min.js?_=1528082311287 HTTP/1.1" 200 77503
2018-06-04 11:18:37,676 [Thread-184:8052] [django.server:131] [basehttp:log_message] [INFO]- "GET /static/js/jquery-ui-1.10.3.min.js?_=1528082311288 HTTP/1.1" 200 228142
2018-06-04 11:18:37,727 [Thread-185:10064] [django.server:131] [basehttp:log_message] [INFO]- "GET /static/js/bootstrap.min.js?_=1528082311289 HTTP/1.1" 200 31823
2018-06-04 11:19:05,971 [Thread-189:10224] [django.server:131] [basehttp:log_message] [INFO]- "GET /case_list/?pro_id=1 HTTP/1.1" 200 5273
2018-06-04 11:19:06,059 [Thread-190:7164] [django.server:131] [basehttp:log_message] [INFO]- "GET /static/js/jquery-1.11.1.min.js?_=1528082317635 HTTP/1.1" 200 95789
2018-06-04 11:19:06,094 [Thread-191:9492] [django.server:131] [basehttp:log_message] [INFO]- "GET /static/js/bootstrap.min.js?_=1528082317636 HTTP/1.1" 200 31823
2018-06-04 11:19:06,115 [Thread-192:3544] [django.server:131] [basehttp:log_message] [INFO]- "GET /static/js/jquery.datatables.min.js?_=1528082317637 HTTP/1.1" 200 77503
2018-06-04 11:19:09,388 [Thread-193:9388] [django.server:131] [basehttp:log_message] [INFO]- "GET /edit_case/?id=12 HTTP/1.1" 200 25685
2018-06-04 11:19:09,441 [Thread-194:9280] [django.server:131] [basehttp:log_message] [INFO]- "GET /static/js/jquery-1.11.1.min.js?_=1528082346077 HTTP/1.1" 200 95789
2018-06-04 11:19:09,480 [Thread-195:7292] [django.server:131] [basehttp:log_message] [INFO]- "GET /static/js/jquery-ui-1.10.3.min.js?_=1528082346078 HTTP/1.1" 200 228142
2018-06-04 11:19:09,528 [Thread-196:6160] [django.server:131] [basehttp:log_message] [INFO]- "GET /static/js/jquery-1.11.1.min.js?_=1528082346079 HTTP/1.1" 200 95789
2018-06-04 11:19:09,559 [Thread-197:9896] [django.server:131] [basehttp:log_message] [INFO]- "GET /static/js/jquery.datatables.min.js?_=1528082346080 HTTP/1.1" 200 77503
2018-06-04 11:19:09,588 [Thread-198:8616] [django.server:131] [basehttp:log_message] [INFO]- "GET /static/js/jquery-ui-1.10.3.min.js?_=1528082346081 HTTP/1.1" 200 228142
2018-06-04 11:19:09,645 [Thread-199:7884] [django.server:131] [basehttp:log_message] [INFO]- "GET /static/js/bootstrap.min.js?_=1528082346082 HTTP/1.1" 200 31823
2018-06-04 11:19:13,112 [Thread-200:8300] [django.server:131] [basehttp:log_message] [INFO]- "GET /scenario_list/?pro_id=1 HTTP/1.1" 200 2507
2018-06-04 11:19:13,183 [Thread-201:8796] [django.server:131] [basehttp:log_message] [INFO]- "GET /static/js/jquery-1.11.1.min.js?_=1528082349546 HTTP/1.1" 200 95789
2018-06-04 11:19:13,220 [Thread-202:7912] [django.server:131] [basehttp:log_message] [INFO]- "GET /static/js/bootstrap.min.js?_=1528082349547 HTTP/1.1" 200 31823
2018-06-04 11:19:13,240 [Thread-203:10172] [django.server:131] [basehttp:log_message] [INFO]- "GET /static/js/jquery.datatables.min.js?_=1528082349548 HTTP/1.1" 200 77503
2018-06-04 11:19:38,390 [Thread-205:9360] [django.server:131] [basehttp:log_message] [INFO]- "GET /case_list/?pro_id=1 HTTP/1.1" 200 5273
2018-06-04 11:19:38,490 [Thread-206:8892] [django.server:131] [basehttp:log_message] [INFO]- "GET /static/js/jquery-1.11.1.min.js?_=1528082353203 HTTP/1.1" 200 95789
2018-06-04 11:19:38,535 [Thread-207:9140] [django.server:131] [basehttp:log_message] [INFO]- "GET /static/js/bootstrap.min.js?_=1528082353204 HTTP/1.1" 200 31823
2018-06-04 11:19:38,558 [Thread-208:9912] [django.server:131] [basehttp:log_message] [INFO]- "GET /static/js/jquery.datatables.min.js?_=1528082353205 HTTP/1.1" 200 77503
2018-06-04 11:19:47,721 [Thread-209:9384] [django.server:131] [basehttp:log_message] [INFO]- "GET /scenario_list/?pro_id=1 HTTP/1.1" 200 2507
2018-06-04 11:19:47,803 [Thread-210:3680] [django.server:131] [basehttp:log_message] [INFO]- "GET /static/js/jquery-1.11.1.min.js?_=1528082378512 HTTP/1.1" 200 95789
2018-06-04 11:19:47,834 [Thread-211:5684] [django.server:131] [basehttp:log_message] [INFO]- "GET /static/js/bootstrap.min.js?_=1528082378513 HTTP/1.1" 200 31823
2018-06-04 11:19:47,852 [Thread-212:10152] [django.server:131] [basehttp:log_message] [INFO]- "GET /static/js/jquery.datatables.min.js?_=1528082378514 HTTP/1.1" 200 77503
2018-06-04 11:19:49,079 [Thread-213:9184] [django.server:131] [basehttp:log_message] [INFO]- "GET /case_list/?pro_id=1 HTTP/1.1" 200 5273
2018-06-04 11:19:49,151 [Thread-214:7908] [django.server:131] [basehttp:log_message] [INFO]- "GET /static/js/jquery-1.11.1.min.js?_=1528082387818 HTTP/1.1" 200 95789
2018-06-04 11:19:49,187 [Thread-215:8240] [django.server:131] [basehttp:log_message] [INFO]- "GET /static/js/bootstrap.min.js?_=1528082387819 HTTP/1.1" 200 31823
2018-06-04 11:19:49,207 [Thread-216:9920] [django.server:131] [basehttp:log_message] [INFO]- "GET /static/js/jquery.datatables.min.js?_=1528082387820 HTTP/1.1" 200 77503
2018-06-04 11:19:49,878 [Thread-217:9352] [django.server:131] [basehttp:log_message] [INFO]- "GET /element/?pro_id=1 HTTP/1.1" 200 9895
2018-06-04 11:19:49,959 [Thread-218:9948] [django.server:131] [basehttp:log_message] [INFO]- "GET /static/js/jquery-1.11.1.min.js?_=1528082389170 HTTP/1.1" 200 95789
2018-06-04 11:19:50,009 [Thread-219:8772] [django.server:131] [basehttp:log_message] [INFO]- "GET /static/js/bootstrap.min.js?_=1528082389171 HTTP/1.1" 200 31823
2018-06-04 11:19:50,030 [Thread-220:5888] [django.server:131] [basehttp:log_message] [INFO]- "GET /static/js/jquery.datatables.min.js?_=1528082389172 HTTP/1.1" 200 77503
2018-06-04 11:20:43,865 [Thread-223:9816] [django.server:131] [basehttp:log_message] [INFO]- "POST /element/ HTTP/1.1" 200 374
2018-06-04 11:21:02,743 [Thread-224:9736] [django.server:131] [basehttp:log_message] [INFO]- "GET /index/ HTTP/1.1" 200 33723
2018-06-04 11:21:02,765 [Thread-225:3432] [django.server:131] [basehttp:log_message] [INFO]- "GET /static/images/photos/loggeduser.png HTTP/1.1" 200 20630
2018-06-04 11:21:02,805 [Thread-227:7268] [django.server:131] [basehttp:log_message] [INFO]- "GET /static/images/photos/user2.png HTTP/1.1" 200 18310
2018-06-04 11:21:02,813 [Thread-226:8276] [django.server:131] [basehttp:log_message] [INFO]- "GET /static/images/photos/user1.png HTTP/1.1" 200 17694
2018-06-04 11:21:02,819 [Thread-228:5588] [django.server:131] [basehttp:log_message] [INFO]- "GET /static/images/photos/user3.png HTTP/1.1" 200 17036
2018-06-04 11:21:02,834 [Thread-229:5448] [django.server:131] [basehttp:log_message] [INFO]- "GET /static/images/photos/user4.png HTTP/1.1" 200 18211
2018-06-04 11:21:02,839 [Thread-230:9304] [django.server:131] [basehttp:log_message] [INFO]- "GET /static/images/photos/user5.png HTTP/1.1" 200 17012
2018-06-04 11:21:02,848 [Thread-231:552] [django.server:131] [basehttp:log_message] [INFO]- "GET /static/images/photos/userprofile.png HTTP/1.1" 200 23407
2018-06-04 11:21:02,891 [Thread-232:3588] [django.server:131] [basehttp:log_message] [INFO]- "GET /static/js/jquery-ui-1.10.3.min.js HTTP/1.1" 200 228142
2018-06-04 11:21:02,963 [Thread-233:10048] [django.server:131] [basehttp:log_message] [INFO]- "GET /static/js/flot/jquery.flot.min.js HTTP/1.1" 200 52970
2018-06-04 11:21:02,976 [Thread-234:9868] [django.server:131] [basehttp:log_message] [INFO]- "GET /static/js/flot/jquery.flot.resize.min.js HTTP/1.1" 200 2348
2018-06-04 11:21:02,983 [Thread-235:10004] [django.server:131] [basehttp:log_message] [INFO]- "GET /static/js/flot/jquery.flot.spline.min.js HTTP/1.1" 200 2791
2018-06-04 11:21:02,999 [Thread-236:10044] [django.server:131] [basehttp:log_message] [INFO]- "GET /static/js/raphael-2.1.0.min.js HTTP/1.1" 200 110942
2018-06-04 11:21:03,109 [Thread-238:2504] [django.server:131] [basehttp:log_message] [INFO]- "GET /static/images/icon-search.png HTTP/1.1" 200 1239
2018-06-04 11:21:05,010 [Thread-237:9168] [django.server:131] [basehttp:log_message] [INFO]- "GET /static/fonts/glyphicons-halflings-regular.woff HTTP/1.1" 200 23320
2018-06-04 11:21:05,085 [Thread-239:7048] [django.server:131] [basehttp:log_message] [INFO]- "GET /static/images/favicon.png HTTP/1.1" 200 983
2018-06-04 11:21:08,470 [Thread-240:9132] [django.server:131] [basehttp:log_message] [INFO]- "GET /static/images/plus-white.png HTTP/1.1" 200 966
2018-06-04 11:21:09,628 [Thread-242:9456] [django.server:131] [basehttp:log_message] [INFO]- "GET /project HTTP/1.1" 301 0
2018-06-04 11:21:09,644 [Thread-241:6524] [django.server:131] [basehttp:log_message] [INFO]- "GET /project/ HTTP/1.1" 200 1610
2018-06-04 11:21:09,693 [Thread-243:9800] [django.server:131] [basehttp:log_message] [INFO]- "GET /static/css/jquery.datatables.css HTTP/1.1" 200 4322
2018-06-04 11:21:09,706 [Thread-244:3972] [django.server:131] [basehttp:log_message] [INFO]- "GET /static/css/jquery.gritter.css HTTP/1.1" 200 1468
2018-06-04 11:21:09,710 [Thread-245:9928] [django.server:131] [basehttp:log_message] [INFO]- "GET /static/js/jquery-1.11.1.min.js?_=1528082463120 HTTP/1.1" 200 95789
2018-06-04 11:21:09,743 [Thread-247:9316] [django.server:131] [basehttp:log_message] [INFO]- "GET /static/js/bootstrap.min.js?_=1528082463121 HTTP/1.1" 200 31823
2018-06-04 11:21:09,759 [Thread-246:4832] [django.server:131] [basehttp:log_message] [INFO]- "GET /static/js/jquery.datatables.min.js?_=1528082463122 HTTP/1.1" 200 77503
2018-06-04 11:21:09,855 [Thread-249:8680] [django.server:131] [basehttp:log_message] [INFO]- "GET /static/images/sort_both.png HTTP/1.1" 200 1109
2018-06-04 11:21:09,865 [Thread-248:8260] [django.server:131] [basehttp:log_message] [INFO]- "GET /static/images/sort_asc.png HTTP/1.1" 200 1033
2018-06-04 11:21:09,874 [Thread-250:9996] [django.server:131] [basehttp:log_message] [INFO]- "GET /static/images/plus.png HTTP/1.1" 200 971
2018-06-04 11:21:11,243 [Thread-251:1880] [django.server:131] [basehttp:log_message] [INFO]- "GET /static/images/minus.png HTTP/1.1" 200 955
2018-06-04 11:21:12,055 [Thread-252:10080] [django.server:131] [basehttp:log_message] [INFO]- "GET /element/?pro_id=1 HTTP/1.1" 200 9895
2018-06-04 11:21:12,121 [Thread-253:8472] [django.server:131] [basehttp:log_message] [INFO]- "GET /static/js/jquery-1.11.1.min.js?_=1528082469731 HTTP/1.1" 200 95789
2018-06-04 11:21:12,147 [Thread-254:8824] [django.server:131] [basehttp:log_message] [INFO]- "GET /static/js/bootstrap.min.js?_=1528082469732 HTTP/1.1" 200 31823
2018-06-04 11:21:12,161 [Thread-255:8512] [django.server:131] [basehttp:log_message] [INFO]- "GET /static/js/jquery.datatables.min.js?_=1528082469733 HTTP/1.1" 200 77503
2018-06-04 11:21:14,371 [Thread-256:2756] [django.server:131] [basehttp:log_message] [INFO]- "POST /element/ HTTP/1.1" 200 374
2018-06-04 11:55:34,500 [Thread-258:8604] [django.server:131] [basehttp:log_message] [INFO]- "POST /element/ HTTP/1.1" 200 374
2018-06-04 11:55:45,588 [Thread-259:8880] [django.server:131] [basehttp:log_message] [INFO]- "GET /case_list/?pro_id=1 HTTP/1.1" 200 5273
2018-06-04 11:55:45,690 [Thread-260:7044] [django.server:131] [basehttp:log_message] [INFO]- "GET /static/js/jquery-1.11.1.min.js?_=1528082389986 HTTP/1.1" 200 95789
2018-06-04 11:55:45,724 [Thread-261:2776] [django.server:131] [basehttp:log_message] [INFO]- "GET /static/js/bootstrap.min.js?_=1528082389987 HTTP/1.1" 200 31823
2018-06-04 11:55:45,747 [Thread-262:10112] [django.server:131] [basehttp:log_message] [INFO]- "GET /static/js/jquery.datatables.min.js?_=1528082389988 HTTP/1.1" 200 77503
2018-06-04 11:56:06,151 [Thread-265:5416] [django.server:131] [basehttp:log_message] [INFO]- "GET /is_html_path?name=case-13 HTTP/1.1" 301 0
2018-06-04 11:56:06,161 [Thread-266:7028] [django.server:131] [basehttp:log_message] [INFO]- "GET /is_html_path/?name=case-13 HTTP/1.1" 200 5
2018-06-04 11:56:11,078 [Thread-267:8444] [django.server:131] [basehttp:log_message] [INFO]- "GET /is_html_path?name=case-12 HTTP/1.1" 301 0
2018-06-04 11:56:11,089 [Thread-268:8096] [django.server:131] [basehttp:log_message] [INFO]- "GET /is_html_path/?name=case-12 HTTP/1.1" 200 5
2018-06-04 11:58:17,589 [Thread-269:3556] [django.server:131] [basehttp:log_message] [INFO]- "POST /case_list/ HTTP/1.1" 200 18
2018-06-04 11:58:24,595 [Thread-270:7876] [django.server:131] [basehttp:log_message] [INFO]- "GET /is_html_path/?name=case-12 HTTP/1.1" 200 4
2018-06-04 11:58:28,519 [Thread-271:7564] [django.server:131] [basehttp:log_message] [INFO]- "GET /report?name=case-12 HTTP/1.1" 301 0
2018-06-04 11:58:28,532 [Thread-272:1892] [django.server:131] [basehttp:log_message] [INFO]- "GET /report/?name=case-12 HTTP/1.1" 200 10156
2018-06-04 11:58:28,730 [Thread-273:9116] [django.server:131] [basehttp:log_message] [INFO]- "GET /report/camera.png HTTP/1.1" 200 5984
2018-06-04 11:58:28,836 [Thread-274:8232] [django.server:131] [basehttp:log_message] [WARNING]- "GET /favicon.ico HTTP/1.1" 404 4582
2018-06-04 11:58:28,892 [Thread-275:8484] [django.server:131] [basehttp:log_message] [WARNING]- "GET /favicon.ico HTTP/1.1" 404 4582
2018-06-04 11:58:28,903 [Thread-276:7416] [django.server:131] [basehttp:log_message] [WARNING]- "GET /favicon.ico HTTP/1.1" 404 4582
2018-06-04 11:58:31,407 [Thread-277:8248] [django.server:131] [basehttp:log_message] [INFO]- "GET /report/?name=case-12 HTTP/1.1" 200 10156
2018-06-04 11:58:31,490 [Thread-278:3924] [django.server:131] [basehttp:log_message] [INFO]- "GET /report/camera.png HTTP/1.1" 200 5984
2018-06-04 11:58:33,447 [Thread-279:9212] [django.server:131] [basehttp:log_message] [INFO]- "GET /report/?name=case-12 HTTP/1.1" 200 10156
2018-06-04 11:58:33,561 [Thread-280:7540] [django.server:131] [basehttp:log_message] [INFO]- "GET /report/camera.png HTTP/1.1" 200 5984
2018-06-04 12:04:01,381 [Thread-281:9252] [django.server:131] [basehttp:log_message] [INFO]- "GET /report/?name=case-12 HTTP/1.1" 200 10156
2018-06-04 12:04:01,513 [Thread-282:1896] [django.server:131] [basehttp:log_message] [INFO]- "GET /report/camera.png HTTP/1.1" 200 5984
2018-06-04 13:36:29,098 [Thread-283:10028] [django.server:131] [basehttp:log_message] [INFO]- "GET /element/?pro_id=1 HTTP/1.1" 200 9895
2018-06-04 13:36:29,187 [Thread-284:8136] [django.server:131] [basehttp:log_message] [INFO]- "GET /static/js/jquery-1.11.1.min.js?_=1528084545692 HTTP/1.1" 200 95789
2018-06-04 13:36:29,236 [Thread-285:6104] [django.server:131] [basehttp:log_message] [INFO]- "GET /static/js/bootstrap.min.js?_=1528084545693 HTTP/1.1" 200 31823
2018-06-04 13:36:29,259 [Thread-286:5496] [django.server:131] [basehttp:log_message] [INFO]- "GET /static/js/jquery.datatables.min.js?_=1528084545694 HTTP/1.1" 200 77503
2018-06-04 13:36:31,160 [Thread-287:8960] [django.server:131] [basehttp:log_message] [INFO]- "POST /element/ HTTP/1.1" 200 374
2018-06-04 13:37:27,492 [Thread-290:9048] [django.server:131] [basehttp:log_message] [INFO]- "GET /index/ HTTP/1.1" 200 33723
2018-06-04 13:37:41,499 [Thread-292:8136] [django.server:131] [basehttp:log_message] [INFO]- "GET /project/ HTTP/1.1" 200 1610
2018-06-04 13:37:41,569 [Thread-293:6104] [django.server:131] [basehttp:log_message] [INFO]- "GET /static/js/jquery-1.11.1.min.js?_=1528090648066 HTTP/1.1" 200 95789
2018-06-04 13:37:41,631 [Thread-294:5496] [django.server:131] [basehttp:log_message] [INFO]- "GET /static/js/bootstrap.min.js?_=1528090648067 HTTP/1.1" 200 31823
2018-06-04 13:37:41,655 [Thread-295:8960] [django.server:131] [basehttp:log_message] [INFO]- "GET /static/js/jquery.datatables.min.js?_=1528090648068 HTTP/1.1" 200 77503
2018-06-04 13:37:44,595 [Thread-296:9408] [django.server:131] [basehttp:log_message] [INFO]- "GET /element/?pro_id=1 HTTP/1.1" 200 9895
2018-06-04 13:37:44,680 [Thread-297:5932] [django.server:131] [basehttp:log_message] [INFO]- "GET /static/js/jquery-1.11.1.min.js?_=1528090661584 HTTP/1.1" 200 95789
2018-06-04 13:37:44,721 [Thread-298:1372] [django.server:131] [basehttp:log_message] [INFO]- "GET /static/js/bootstrap.min.js?_=1528090661585 HTTP/1.1" 200 31823
2018-06-04 13:37:44,743 [Thread-299:3300] [django.server:131] [basehttp:log_message] [INFO]- "GET /static/js/jquery.datatables.min.js?_=1528090661586 HTTP/1.1" 200 77503
2018-06-04 13:37:45,086 [Thread-300:9236] [django.server:131] [basehttp:log_message] [INFO]- "GET /case_list/?pro_id=1 HTTP/1.1" 200 5273
2018-06-04 13:37:45,154 [Thread-301:9484] [django.server:131] [basehttp:log_message] [INFO]- "GET /static/js/jquery-1.11.1.min.js?_=1528090664678 HTTP/1.1" 200 95789
2018-06-04 13:37:45,206 [Thread-302:8116] [django.server:131] [basehttp:log_message] [INFO]- "GET /static/js/bootstrap.min.js?_=1528090664679 HTTP/1.1" 200 31823
2018-06-04 13:37:45,230 [Thread-303:2744] [django.server:131] [basehttp:log_message] [INFO]- "GET /static/js/jquery.datatables.min.js?_=1528090664680 HTTP/1.1" 200 77503
2018-06-04 13:37:45,444 [Thread-304:8236] [django.server:131] [basehttp:log_message] [INFO]- "GET /scenario_list/?pro_id=1 HTTP/1.1" 200 2507
2018-06-04 13:37:45,546 [Thread-305:9024] [django.server:131] [basehttp:log_message] [INFO]- "GET /static/js/jquery-1.11.1.min.js?_=1528090665162 HTTP/1.1" 200 95789
2018-06-04 13:37:45,599 [Thread-306:9076] [django.server:131] [basehttp:log_message] [INFO]- "GET /static/js/bootstrap.min.js?_=1528090665163 HTTP/1.1" 200 31823
2018-06-04 13:37:45,653 [Thread-307:9380] [django.server:131] [basehttp:log_message] [INFO]- "GET /static/js/jquery.datatables.min.js?_=1528090665164 HTTP/1.1" 200 77503
2018-06-04 13:37:47,497 [Thread-308:8424] [django.server:131] [basehttp:log_message] [INFO]- "GET /element/?pro_id=3 HTTP/1.1" 200 9880
2018-06-04 13:37:47,588 [Thread-309:8728] [django.server:131] [basehttp:log_message] [INFO]- "GET /static/js/jquery-1.11.1.min.js?_=1528090665554 HTTP/1.1" 200 95789
2018-06-04 13:37:47,641 [Thread-310:10072] [django.server:131] [basehttp:log_message] [INFO]- "GET /static/js/bootstrap.min.js?_=1528090665555 HTTP/1.1" 200 31823
2018-06-04 13:37:47,660 [Thread-311:8820] [django.server:131] [basehttp:log_message] [INFO]- "GET /static/js/jquery.datatables.min.js?_=1528090665556 HTTP/1.1" 200 77503
2018-06-04 13:37:48,598 [Thread-312:7516] [django.server:131] [basehttp:log_message] [INFO]- "GET /case_list/?pro_id=3 HTTP/1.1" 200 4053
2018-06-04 13:37:48,686 [Thread-313:1036] [django.server:131] [basehttp:log_message] [INFO]- "GET /static/js/jquery-1.11.1.min.js?_=1528090667595 HTTP/1.1" 200 95789
2018-06-04 13:37:48,730 [Thread-314:4204] [django.server:131] [basehttp:log_message] [INFO]- "GET /static/js/bootstrap.min.js?_=1528090667596 HTTP/1.1" 200 31823
2018-06-04 13:37:48,755 [Thread-315:5356] [django.server:131] [basehttp:log_message] [INFO]- "GET /static/js/jquery.datatables.min.js?_=1528090667597 HTTP/1.1" 200 77503
2018-06-04 13:37:49,085 [Thread-316:10080] [django.server:131] [basehttp:log_message] [INFO]- "GET /scenario_list/?pro_id=3 HTTP/1.1" 200 2521
2018-06-04 13:37:49,164 [Thread-317:4132] [django.server:131] [basehttp:log_message] [INFO]- "GET /static/js/jquery-1.11.1.min.js?_=1528090668684 HTTP/1.1" 200 95789
2018-06-04 13:37:49,209 [Thread-318:8312] [django.server:131] [basehttp:log_message] [INFO]- "GET /static/js/bootstrap.min.js?_=1528090668685 HTTP/1.1" 200 31823
2018-06-04 13:37:49,226 [Thread-319:8440] [django.server:131] [basehttp:log_message] [INFO]- "GET /static/js/jquery.datatables.min.js?_=1528090668686 HTTP/1.1" 200 77503
2018-06-04 13:37:55,983 [Thread-320:10152] [django.server:131] [basehttp:log_message] [INFO]- "GET /edit_scenario?id=2&pro_id=3 HTTP/1.1" 301 0
2018-06-04 13:37:56,046 [Thread-321:6872] [django.server:131] [basehttp:log_message] [INFO]- "GET /edit_scenario/?id=2&pro_id=3 HTTP/1.1" 200 8993
2018-06-04 13:37:56,092 [Thread-322:9088] [django.server:131] [basehttp:log_message] [INFO]- "GET /static/js/jquery-1.11.1.min.js?_=1528090669164 HTTP/1.1" 200 95789
2018-06-04 13:37:56,127 [Thread-323:9276] [django.server:131] [basehttp:log_message] [INFO]- "GET /static/js/jquery-ui-1.10.3.min.js?_=1528090669165 HTTP/1.1" 200 228142
2018-06-04 13:37:56,184 [Thread-324:9924] [django.server:131] [basehttp:log_message] [INFO]- "GET /static/js/jquery-1.11.1.min.js?_=1528090669166 HTTP/1.1" 200 95789
2018-06-04 13:37:56,217 [Thread-325:8212] [django.server:131] [basehttp:log_message] [INFO]- "GET /static/js/jquery.datatables.min.js?_=1528090669167 HTTP/1.1" 200 77503
2018-06-04 13:37:56,242 [Thread-326:7592] [django.server:131] [basehttp:log_message] [INFO]- "GET /static/js/jquery-ui-1.10.3.min.js?_=1528090669168 HTTP/1.1" 200 228142
2018-06-04 13:37:56,298 [Thread-327:10012] [django.server:131] [basehttp:log_message] [INFO]- "GET /static/js/bootstrap.min.js?_=1528090669169 HTTP/1.1" 200 31823
