2016-10-22 16:05:20,029 [Thread-1:4136] [django.server:131] [basehttp:log_message] [INFO]- "GET /index/ HTTP/1.1" 200 33576
2016-10-22 16:05:20,197 [Thread-2:9864] [django.server:131] [basehttp:log_message] [INFO]- "GET /static/css/style.default.css HTTP/1.1" 304 0
2016-10-22 16:05:20,210 [Thread-3:3904] [django.server:131] [basehttp:log_message] [INFO]- "GET /static/js/jquery-1.11.1.min.js HTTP/1.1" 304 0
2016-10-22 16:05:20,216 [Thread-4:11208] [django.server:131] [basehttp:log_message] [INFO]- "GET /static/js/jquery-migrate-1.2.1.min.js HTTP/1.1" 304 0
2016-10-22 16:05:20,230 [Thread-5:15284] [django.server:131] [basehttp:log_message] [INFO]- "GET /static/js/jquery-ui-1.10.3.min.js HTTP/1.1" 304 0
2016-10-22 16:05:20,243 [Thread-6:6220] [django.server:131] [basehttp:log_message] [INFO]- "GET /static/js/bootstrap.min.js HTTP/1.1" 304 0
2016-10-22 16:05:20,247 [Thread-7:10948] [django.server:131] [basehttp:log_message] [INFO]- "GET /static/js/modernizr.min.js HTTP/1.1" 304 0
2016-10-22 16:05:20,252 [Thread-8:12740] [django.server:131] [basehttp:log_message] [INFO]- "GET /static/js/jquery.sparkline.min.js HTTP/1.1" 304 0
2016-10-22 16:05:20,265 [Thread-9:13848] [django.server:131] [basehttp:log_message] [INFO]- "GET /static/js/toggles.min.js HTTP/1.1" 304 0
2016-10-22 16:05:20,266 [Thread-10:10436] [django.server:131] [basehttp:log_message] [INFO]- "GET /static/js/retina.min.js HTTP/1.1" 304 0
2016-10-22 16:05:20,276 [Thread-11:7576] [django.server:131] [basehttp:log_message] [INFO]- "GET /static/js/jquery.cookies.js HTTP/1.1" 304 0
2016-10-22 16:05:20,286 [Thread-12:10980] [django.server:131] [basehttp:log_message] [INFO]- "GET /static/js/flot/jquery.flot.min.js HTTP/1.1" 304 0
2016-10-22 16:05:20,292 [Thread-13:5648] [django.server:131] [basehttp:log_message] [INFO]- "GET /static/js/flot/jquery.flot.resize.min.js HTTP/1.1" 304 0
2016-10-22 16:05:20,295 [Thread-14:12984] [django.server:131] [basehttp:log_message] [INFO]- "GET /static/js/flot/jquery.flot.spline.min.js HTTP/1.1" 304 0
2016-10-22 16:05:20,299 [Thread-15:9152] [django.server:131] [basehttp:log_message] [INFO]- "GET /static/js/raphael-2.1.0.min.js HTTP/1.1" 304 0
2016-10-22 16:05:20,303 [Thread-16:10380] [django.server:131] [basehttp:log_message] [INFO]- "GET /static/js/custom.js HTTP/1.1" 304 0
2016-10-22 16:05:20,308 [Thread-17:10448] [django.server:131] [basehttp:log_message] [INFO]- "GET /static/js/Hero.js HTTP/1.1" 304 0
2016-10-22 16:05:20,312 [Thread-18:7644] [django.server:131] [basehttp:log_message] [INFO]- "GET /static/css/bootstrap.min.css HTTP/1.1" 304 0
2016-10-22 16:05:20,319 [Thread-19:4420] [django.server:131] [basehttp:log_message] [INFO]- "GET /static/css/bootstrap-override.css HTTP/1.1" 304 0
2016-10-22 16:05:20,322 [Thread-20:10964] [django.server:131] [basehttp:log_message] [INFO]- "GET /static/css/weather-icons.min.css HTTP/1.1" 304 0
2016-10-22 16:05:20,325 [Thread-21:11292] [django.server:131] [basehttp:log_message] [INFO]- "GET /static/css/jquery-ui-1.10.3.css HTTP/1.1" 304 0
2016-10-22 16:05:20,338 [Thread-22:7188] [django.server:131] [basehttp:log_message] [INFO]- "GET /static/css/font-awesome.min.css HTTP/1.1" 304 0
2016-10-22 16:05:20,342 [Thread-23:14324] [django.server:131] [basehttp:log_message] [INFO]- "GET /static/css/animate.min.css HTTP/1.1" 304 0
2016-10-22 16:05:20,345 [Thread-24:9532] [django.server:131] [basehttp:log_message] [INFO]- "GET /static/css/animate.delay.css HTTP/1.1" 304 0
2016-10-22 16:05:20,349 [Thread-25:1992] [django.server:131] [basehttp:log_message] [INFO]- "GET /static/css/toggles.css HTTP/1.1" 304 0
2016-10-22 16:05:20,351 [Thread-26:13700] [django.server:131] [basehttp:log_message] [INFO]- "GET /static/css/select2.css HTTP/1.1" 304 0
2016-10-22 16:05:20,355 [Thread-27:7452] [django.server:131] [basehttp:log_message] [INFO]- "GET /static/css/lato.css HTTP/1.1" 304 0
2016-10-22 16:05:20,357 [Thread-28:13524] [django.server:131] [basehttp:log_message] [INFO]- "GET /static/css/roboto.css HTTP/1.1" 304 0
2016-10-22 16:05:20,361 [Thread-29:10124] [django.server:131] [basehttp:log_message] [INFO]- "GET /static/images/photos/loggeduser.png HTTP/1.1" 304 0
2016-10-22 16:05:20,372 [Thread-30:1728] [django.server:131] [basehttp:log_message] [INFO]- "GET /static/images/photos/user2.png HTTP/1.1" 304 0
2016-10-22 16:05:20,381 [Thread-31:2856] [django.server:131] [basehttp:log_message] [INFO]- "GET /static/images/photos/user1.png HTTP/1.1" 304 0
2016-10-22 16:05:20,384 [Thread-32:12068] [django.server:131] [basehttp:log_message] [INFO]- "GET /static/images/photos/user3.png HTTP/1.1" 304 0
2016-10-22 16:05:20,387 [Thread-33:5728] [django.server:131] [basehttp:log_message] [INFO]- "GET /static/images/photos/user4.png HTTP/1.1" 304 0
2016-10-22 16:05:20,388 [Thread-34:1056] [django.server:131] [basehttp:log_message] [INFO]- "GET /static/images/photos/user5.png HTTP/1.1" 304 0
2016-10-22 16:05:20,391 [Thread-35:9428] [django.server:131] [basehttp:log_message] [INFO]- "GET /static/images/photos/userprofile.png HTTP/1.1" 304 0
2016-10-22 16:05:20,411 [Thread-36:13060] [django.server:131] [basehttp:log_message] [INFO]- "GET /static/images/plus-white.png HTTP/1.1" 304 0
2016-10-22 16:05:20,411 [Thread-37:8196] [django.server:131] [basehttp:log_message] [INFO]- "GET /static/images/icon-search.png HTTP/1.1" 304 0
2016-10-22 16:05:20,433 [Thread-39:12612] [django.server:131] [basehttp:log_message] [INFO]- "GET /static/fonts/glyphicons-halflings-regular.woff HTTP/1.1" 304 0
2016-10-22 16:05:20,434 [Thread-38:6720] [django.server:131] [basehttp:log_message] [INFO]- "GET /static/fonts/fontawesome-webfont.woff?v=4.1.0 HTTP/1.1" 304 0
2016-10-22 16:05:22,328 [Thread-40:13308] [django.server:131] [basehttp:log_message] [INFO]- "GET /static/images/plus.png HTTP/1.1" 304 0
2016-10-22 16:05:22,726 [Thread-41:13808] [django.server:131] [basehttp:log_message] [INFO]- "GET /static/images/minus.png HTTP/1.1" 304 0
2016-10-22 16:05:24,427 [Thread-42:8460] [django.server:131] [basehttp:log_message] [INFO]- "GET /element/?pro_id=3 HTTP/1.1" 200 9880
2016-10-22 16:05:24,858 [Thread-43:12428] [django.server:131] [basehttp:log_message] [INFO]- "GET /static/js/jquery-1.11.1.min.js?_=1477123520446 HTTP/1.1" 200 95789
2016-10-22 16:05:24,884 [Thread-44:12444] [django.server:131] [basehttp:log_message] [INFO]- "GET /static/js/bootstrap.min.js?_=1477123520447 HTTP/1.1" 200 31823
2016-10-22 16:05:24,907 [Thread-45:7952] [django.server:131] [basehttp:log_message] [INFO]- "GET /static/js/jquery.datatables.min.js?_=1477123520448 HTTP/1.1" 200 77503
2016-10-22 16:05:25,006 [Thread-47:11808] [django.server:131] [basehttp:log_message] [INFO]- "GET /static/images/sort_asc.png HTTP/1.1" 304 0
2016-10-22 16:05:25,025 [Thread-46:2724] [django.server:131] [basehttp:log_message] [INFO]- "GET /static/images/sort_both.png HTTP/1.1" 304 0
2016-10-22 16:05:28,255 [Thread-48:12076] [django.server:131] [basehttp:log_message] [INFO]- "POST /element/ HTTP/1.1" 200 341
2016-10-22 16:05:36,289 [Thread-49:14960] [django.server:131] [basehttp:log_message] [WARNING]- "GET /favicon.ico HTTP/1.1" 404 4410
2016-10-22 16:05:36,387 [Thread-50:4800] [django.server:131] [basehttp:log_message] [WARNING]- "GET /favicon.ico HTTP/1.1" 404 4410
2016-10-22 16:05:46,907 [Thread-56:10856] [django.server:131] [basehttp:log_message] [INFO]- "POST /element/ HTTP/1.1" 200 12
2016-10-22 16:05:47,924 [Thread-57:5716] [django.server:131] [basehttp:log_message] [INFO]- "GET /element/?pro_id=3 HTTP/1.1" 200 9880
2016-10-22 16:05:47,967 [Thread-58:1032] [django.server:131] [basehttp:log_message] [INFO]- "GET /static/js/jquery-1.11.1.min.js?_=1477123524900 HTTP/1.1" 200 95789
2016-10-22 16:05:48,016 [Thread-59:14668] [django.server:131] [basehttp:log_message] [INFO]- "GET /static/js/bootstrap.min.js?_=1477123524901 HTTP/1.1" 200 31823
2016-10-22 16:05:48,045 [Thread-60:2796] [django.server:131] [basehttp:log_message] [INFO]- "GET /static/js/jquery.datatables.min.js?_=1477123524902 HTTP/1.1" 200 77503
2016-10-22 16:05:53,180 [Thread-61:13496] [django.server:131] [basehttp:log_message] [INFO]- "POST /element/ HTTP/1.1" 200 344
2016-10-22 16:05:59,437 [Thread-62:10672] [django.server:131] [basehttp:log_message] [INFO]- "POST /element/ HTTP/1.1" 200 12
2016-10-22 16:06:00,351 [Thread-63:9976] [django.server:131] [basehttp:log_message] [INFO]- "GET /element/?pro_id=3 HTTP/1.1" 200 9880
2016-10-22 16:06:00,378 [Thread-64:5204] [django.server:131] [basehttp:log_message] [INFO]- "GET /static/js/jquery-1.11.1.min.js?_=1477123548027 HTTP/1.1" 200 95789
2016-10-22 16:06:00,421 [Thread-65:4972] [django.server:131] [basehttp:log_message] [INFO]- "GET /static/js/bootstrap.min.js?_=1477123548028 HTTP/1.1" 200 31823
2016-10-22 16:06:00,450 [Thread-66:11788] [django.server:131] [basehttp:log_message] [INFO]- "GET /static/js/jquery.datatables.min.js?_=1477123548029 HTTP/1.1" 200 77503
2016-10-22 16:06:02,387 [Thread-67:12356] [django.server:131] [basehttp:log_message] [INFO]- "POST /element/ HTTP/1.1" 200 337
2016-10-22 16:06:14,801 [Thread-68:8864] [django.server:131] [basehttp:log_message] [INFO]- "POST /element/ HTTP/1.1" 200 12
2016-10-22 16:06:15,819 [Thread-69:10336] [django.server:131] [basehttp:log_message] [INFO]- "GET /element/?pro_id=3 HTTP/1.1" 200 9880
2016-10-22 16:06:15,851 [Thread-70:14416] [django.server:131] [basehttp:log_message] [INFO]- "GET /static/js/jquery-1.11.1.min.js?_=1477123560433 HTTP/1.1" 200 95789
2016-10-22 16:06:15,881 [Thread-71:8696] [django.server:131] [basehttp:log_message] [INFO]- "GET /static/js/bootstrap.min.js?_=1477123560434 HTTP/1.1" 200 31823
2016-10-22 16:06:15,907 [Thread-72:7004] [django.server:131] [basehttp:log_message] [INFO]- "GET /static/js/jquery.datatables.min.js?_=1477123560435 HTTP/1.1" 200 77503
2016-10-22 16:06:23,447 [Thread-73:9720] [django.server:131] [basehttp:log_message] [INFO]- "POST /element/ HTTP/1.1" 200 344
2016-10-22 16:06:27,854 [Thread-74:14176] [django.server:131] [basehttp:log_message] [INFO]- "POST /element/ HTTP/1.1" 200 12
2016-10-22 16:06:28,904 [Thread-75:13508] [django.server:131] [basehttp:log_message] [INFO]- "GET /element/?pro_id=3 HTTP/1.1" 200 9880
2016-10-22 16:06:28,940 [Thread-76:8264] [django.server:131] [basehttp:log_message] [INFO]- "GET /static/js/jquery-1.11.1.min.js?_=1477123575898 HTTP/1.1" 200 95789
2016-10-22 16:06:28,974 [Thread-77:8540] [django.server:131] [basehttp:log_message] [INFO]- "GET /static/js/bootstrap.min.js?_=1477123575899 HTTP/1.1" 200 31823
2016-10-22 16:06:29,013 [Thread-78:7964] [django.server:131] [basehttp:log_message] [INFO]- "GET /static/js/jquery.datatables.min.js?_=1477123575900 HTTP/1.1" 200 77503
2016-10-23 11:40:46,029 [Thread-79:12400] [django.server:131] [basehttp:log_message] [INFO]- "GET /index/ HTTP/1.1" 200 33576
2016-10-23 11:40:46,638 [Thread-82:8788] [django.server:131] [basehttp:log_message] [INFO]- "GET /static/js/jquery-1.11.1.min.js HTTP/1.1" 200 95789
2016-10-23 11:40:46,641 [Thread-85:5500] [django.server:131] [basehttp:log_message] [INFO]- "GET /static/js/bootstrap.min.js HTTP/1.1" 200 31823
2016-10-23 11:40:46,661 [Thread-80:15312] [django.server:131] [basehttp:log_message] [INFO]- "GET /static/css/style.default.css HTTP/1.1" 200 77743
2016-10-23 11:40:46,670 [Thread-84:7704] [django.server:131] [basehttp:log_message] [INFO]- "GET /static/js/modernizr.min.js HTTP/1.1" 200 15157
2016-10-23 11:40:46,674 [Thread-89:9284] [django.server:131] [basehttp:log_message] [INFO]- "GET /static/images/photos/loggeduser.png HTTP/1.1" 200 20630
2016-10-23 11:40:46,680 [Thread-87:13404] [django.server:131] [basehttp:log_message] [INFO]- "GET /static/js/toggles.min.js HTTP/1.1" 200 2736
2016-10-23 11:40:46,680 [Thread-88:8804] [django.server:131] [basehttp:log_message] [INFO]- "GET /static/js/retina.min.js HTTP/1.1" 200 2161
2016-10-23 11:40:46,688 [Thread-81:14368] [django.server:131] [basehttp:log_message] [INFO]- "GET /static/js/jquery-migrate-1.2.1.min.js HTTP/1.1" 200 7203
2016-10-23 11:40:46,688 [Thread-90:11636] [django.server:131] [basehttp:log_message] [INFO]- "GET /static/images/photos/user1.png HTTP/1.1" 200 17694
2016-10-23 11:40:46,701 [Thread-91:4300] [django.server:131] [basehttp:log_message] [INFO]- "GET /static/images/photos/user2.png HTTP/1.1" 200 18310
2016-10-23 11:40:46,706 [Thread-92:12020] [django.server:131] [basehttp:log_message] [INFO]- "GET /static/images/photos/user3.png HTTP/1.1" 200 17036
2016-10-23 11:40:46,711 [Thread-93:14984] [django.server:131] [basehttp:log_message] [INFO]- "GET /static/images/photos/user4.png HTTP/1.1" 200 18211
2016-10-23 11:40:46,717 [Thread-94:13048] [django.server:131] [basehttp:log_message] [INFO]- "GET /static/images/photos/user5.png HTTP/1.1" 200 17012
2016-10-23 11:40:46,765 [Thread-98:12860] [django.server:131] [basehttp:log_message] [INFO]- "GET /static/js/flot/jquery.flot.spline.min.js HTTP/1.1" 200 2791
2016-10-23 11:40:46,769 [Thread-95:14516] [django.server:131] [basehttp:log_message] [INFO]- "GET /static/js/jquery.cookies.js HTTP/1.1" 200 2033
2016-10-23 11:40:46,776 [Thread-97:14492] [django.server:131] [basehttp:log_message] [INFO]- "GET /static/js/flot/jquery.flot.resize.min.js HTTP/1.1" 200 2348
2016-10-23 11:40:46,780 [Thread-101:4340] [django.server:131] [basehttp:log_message] [INFO]- "GET /static/js/Hero.js HTTP/1.1" 200 16095
2016-10-23 11:40:46,808 [Thread-86:13804] [django.server:131] [basehttp:log_message] [INFO]- "GET /static/js/jquery.sparkline.min.js HTTP/1.1" 200 43251
2016-10-23 11:40:46,818 [Thread-99:11472] [django.server:131] [basehttp:log_message] [INFO]- "GET /static/js/raphael-2.1.0.min.js HTTP/1.1" 200 110942
2016-10-23 11:40:46,831 [Thread-100:13084] [django.server:131] [basehttp:log_message] [INFO]- "GET /static/js/custom.js HTTP/1.1" 200 11035
2016-10-23 11:40:46,849 [Thread-83:13384] [django.server:131] [basehttp:log_message] [INFO]- "GET /static/js/jquery-ui-1.10.3.min.js HTTP/1.1" 200 228142
2016-10-23 11:40:46,859 [Thread-105:8704] [django.server:131] [basehttp:log_message] [INFO]- "GET /static/css/jquery-ui-1.10.3.css HTTP/1.1" 200 18930
2016-10-23 11:40:46,865 [Thread-103:8324] [django.server:131] [basehttp:log_message] [INFO]- "GET /static/css/bootstrap-override.css HTTP/1.1" 200 22777
2016-10-23 11:40:46,877 [Thread-106:7508] [django.server:131] [basehttp:log_message] [INFO]- "GET /static/css/font-awesome.min.css HTTP/1.1" 200 20766
2016-10-23 11:40:46,881 [Thread-107:9560] [django.server:131] [basehttp:log_message] [INFO]- "GET /static/css/animate.min.css HTTP/1.1" 200 51174
2016-10-23 11:40:46,888 [Thread-102:7020] [django.server:131] [basehttp:log_message] [INFO]- "GET /static/css/bootstrap.min.css HTTP/1.1" 200 109604
2016-10-23 11:40:46,895 [Thread-96:5984] [django.server:131] [basehttp:log_message] [INFO]- "GET /static/js/flot/jquery.flot.min.js HTTP/1.1" 200 52970
2016-10-23 11:40:46,901 [Thread-108:3156] [django.server:131] [basehttp:log_message] [INFO]- "GET /static/css/animate.delay.css HTTP/1.1" 200 11432
2016-10-23 11:40:46,908 [Thread-110:13992] [django.server:131] [basehttp:log_message] [INFO]- "GET /static/css/select2.css HTTP/1.1" 200 18606
2016-10-23 11:40:46,914 [Thread-112:4568] [django.server:131] [basehttp:log_message] [INFO]- "GET /static/css/roboto.css HTTP/1.1" 200 9528
2016-10-23 11:40:46,917 [Thread-104:10088] [django.server:131] [basehttp:log_message] [INFO]- "GET /static/css/weather-icons.min.css HTTP/1.1" 200 5601
2016-10-23 11:40:46,928 [Thread-111:9196] [django.server:131] [basehttp:log_message] [INFO]- "GET /static/css/lato.css HTTP/1.1" 200 5575
2016-10-23 11:40:46,934 [Thread-109:12768] [django.server:131] [basehttp:log_message] [INFO]- "GET /static/css/toggles.css HTTP/1.1" 200 5378
2016-10-23 11:40:46,938 [Thread-113:14636] [django.server:131] [basehttp:log_message] [INFO]- "GET /static/images/photos/userprofile.png HTTP/1.1" 200 23407
2016-10-23 11:40:46,963 [Thread-114:10944] [django.server:131] [basehttp:log_message] [INFO]- "GET /static/images/icon-search.png HTTP/1.1" 200 1239
2016-10-23 11:40:47,081 [Thread-116:5684] [django.server:131] [basehttp:log_message] [INFO]- "GET /static/fonts/glyphicons-halflings-regular.woff HTTP/1.1" 200 23320
2016-10-23 11:40:47,081 [Thread-115:9124] [django.server:131] [basehttp:log_message] [INFO]- "GET /static/fonts/fontawesome-webfont.woff?v=4.1.0 HTTP/1.1" 200 83760
2016-10-23 22:13:54,500 [Thread-117:6376] [django.server:131] [basehttp:log_message] [INFO]- "GET / HTTP/1.1" 200 4318
2016-10-23 22:13:54,599 [Thread-118:10440] [django.server:131] [basehttp:log_message] [INFO]- "GET /static/css/style.default.css HTTP/1.1" 304 0
2016-10-23 22:13:55,052 [Thread-119:14344] [django.server:131] [basehttp:log_message] [INFO]- "GET /static/js/Hero.js HTTP/1.1" 304 0
2016-10-23 22:14:02,365 [Thread-120:1012] [django.server:131] [basehttp:log_message] [INFO]- "GET /index/ HTTP/1.1" 200 33576
2016-10-23 22:14:06,388 [Thread-121:10780] [django.server:131] [basehttp:log_message] [INFO]- "GET /scenario_list/?pro_id=3 HTTP/1.1" 200 2521
2016-10-23 22:14:06,437 [Thread-122:14640] [django.server:131] [basehttp:log_message] [INFO]- "GET /static/js/jquery-1.11.1.min.js?_=1477232042626 HTTP/1.1" 200 95789
2016-10-23 22:14:06,506 [Thread-123:7176] [django.server:131] [basehttp:log_message] [INFO]- "GET /static/js/bootstrap.min.js?_=1477232042627 HTTP/1.1" 200 31823
2016-10-23 22:14:06,548 [Thread-124:11964] [django.server:131] [basehttp:log_message] [INFO]- "GET /static/js/jquery.datatables.min.js?_=1477232042628 HTTP/1.1" 200 77503
2016-10-23 22:14:09,467 [Thread-125:15312] [django.server:131] [basehttp:log_message] [INFO]- "POST /scenario_list/ HTTP/1.1" 200 18
2016-10-23 22:14:18,089 [Thread-126:7196] [django.server:131] [basehttp:log_message] [INFO]- "GET /case_list/?pro_id=3 HTTP/1.1" 200 4053
2016-10-23 22:14:18,132 [Thread-127:11424] [django.server:131] [basehttp:log_message] [INFO]- "GET /static/js/jquery-1.11.1.min.js?_=1477232046488 HTTP/1.1" 200 95789
2016-10-23 22:14:18,177 [Thread-128:3620] [django.server:131] [basehttp:log_message] [INFO]- "GET /static/js/bootstrap.min.js?_=1477232046489 HTTP/1.1" 200 31823
2016-10-23 22:14:18,200 [Thread-129:10272] [django.server:131] [basehttp:log_message] [INFO]- "GET /static/js/jquery.datatables.min.js?_=1477232046490 HTTP/1.1" 200 77503
2016-10-23 22:14:20,369 [Thread-130:11612] [django.server:131] [basehttp:log_message] [INFO]- "POST /case_list/ HTTP/1.1" 200 18
2016-10-23 22:14:25,476 [Thread-131:9672] [django.server:131] [basehttp:log_message] [INFO]- "POST /case_list/ HTTP/1.1" 200 18
2016-10-23 22:14:39,039 [Thread-132:6568] [django.server:131] [basehttp:log_message] [INFO]- "GET /index/ HTTP/1.1" 200 33576
2016-10-23 22:14:39,095 [Thread-133:9844] [django.server:131] [basehttp:log_message] [INFO]- "GET /static/css/style.default.css HTTP/1.1" 304 0
2016-10-23 22:14:39,108 [Thread-135:8168] [django.server:131] [basehttp:log_message] [INFO]- "GET /static/js/jquery-migrate-1.2.1.min.js HTTP/1.1" 304 0
2016-10-23 22:14:39,112 [Thread-134:14480] [django.server:131] [basehttp:log_message] [INFO]- "GET /static/js/jquery-1.11.1.min.js HTTP/1.1" 304 0
2016-10-23 22:14:39,121 [Thread-136:4208] [django.server:131] [basehttp:log_message] [INFO]- "GET /static/js/jquery-ui-1.10.3.min.js HTTP/1.1" 304 0
2016-10-23 22:14:39,131 [Thread-137:6216] [django.server:131] [basehttp:log_message] [INFO]- "GET /static/js/bootstrap.min.js HTTP/1.1" 304 0
2016-10-23 22:14:39,138 [Thread-138:10412] [django.server:131] [basehttp:log_message] [INFO]- "GET /static/js/modernizr.min.js HTTP/1.1" 304 0
2016-10-23 22:14:39,148 [Thread-139:9612] [django.server:131] [basehttp:log_message] [INFO]- "GET /static/js/jquery.sparkline.min.js HTTP/1.1" 304 0
2016-10-23 22:14:39,150 [Thread-140:13456] [django.server:131] [basehttp:log_message] [INFO]- "GET /static/js/toggles.min.js HTTP/1.1" 304 0
2016-10-23 22:14:39,154 [Thread-141:14376] [django.server:131] [basehttp:log_message] [INFO]- "GET /static/js/retina.min.js HTTP/1.1" 304 0
2016-10-23 22:14:39,157 [Thread-142:10364] [django.server:131] [basehttp:log_message] [INFO]- "GET /static/js/jquery.cookies.js HTTP/1.1" 304 0
2016-10-23 22:14:39,161 [Thread-143:14472] [django.server:131] [basehttp:log_message] [INFO]- "GET /static/js/flot/jquery.flot.min.js HTTP/1.1" 304 0
2016-10-23 22:14:39,165 [Thread-144:3360] [django.server:131] [basehttp:log_message] [INFO]- "GET /static/js/flot/jquery.flot.resize.min.js HTTP/1.1" 304 0
2016-10-23 22:14:39,168 [Thread-145:6648] [django.server:131] [basehttp:log_message] [INFO]- "GET /static/js/flot/jquery.flot.spline.min.js HTTP/1.1" 304 0
2016-10-23 22:14:39,170 [Thread-146:2896] [django.server:131] [basehttp:log_message] [INFO]- "GET /static/js/raphael-2.1.0.min.js HTTP/1.1" 304 0
2016-10-23 22:14:39,171 [Thread-147:10352] [django.server:131] [basehttp:log_message] [INFO]- "GET /static/js/custom.js HTTP/1.1" 304 0
2016-10-23 22:14:39,171 [Thread-148:6272] [django.server:131] [basehttp:log_message] [INFO]- "GET /static/js/Hero.js HTTP/1.1" 304 0
2016-10-23 22:14:39,177 [Thread-149:10104] [django.server:131] [basehttp:log_message] [INFO]- "GET /static/images/photos/loggeduser.png HTTP/1.1" 304 0
2016-10-23 22:14:39,183 [Thread-150:12836] [django.server:131] [basehttp:log_message] [INFO]- "GET /static/images/photos/user1.png HTTP/1.1" 304 0
2016-10-23 22:14:39,187 [Thread-151:8720] [django.server:131] [basehttp:log_message] [INFO]- "GET /static/images/photos/user2.png HTTP/1.1" 304 0
2016-10-23 22:14:39,188 [Thread-152:5140] [django.server:131] [basehttp:log_message] [INFO]- "GET /static/images/photos/user3.png HTTP/1.1" 304 0
2016-10-23 22:14:39,194 [Thread-153:7812] [django.server:131] [basehttp:log_message] [INFO]- "GET /static/images/photos/user4.png HTTP/1.1" 304 0
2016-10-23 22:14:39,196 [Thread-154:12780] [django.server:131] [basehttp:log_message] [INFO]- "GET /static/images/photos/user5.png HTTP/1.1" 304 0
2016-10-23 22:14:39,217 [Thread-155:5620] [django.server:131] [basehttp:log_message] [INFO]- "GET /static/images/photos/userprofile.png HTTP/1.1" 304 0
2016-10-23 22:14:39,259 [Thread-156:14560] [django.server:131] [basehttp:log_message] [INFO]- "GET /static/css/bootstrap.min.css HTTP/1.1" 304 0
2016-10-23 22:14:39,275 [Thread-157:11740] [django.server:131] [basehttp:log_message] [INFO]- "GET /static/css/bootstrap-override.css HTTP/1.1" 304 0
2016-10-23 22:14:39,279 [Thread-158:13316] [django.server:131] [basehttp:log_message] [INFO]- "GET /static/css/weather-icons.min.css HTTP/1.1" 304 0
2016-10-23 22:14:39,282 [Thread-159:10948] [django.server:131] [basehttp:log_message] [INFO]- "GET /static/css/jquery-ui-1.10.3.css HTTP/1.1" 304 0
2016-10-23 22:14:39,288 [Thread-160:8292] [django.server:131] [basehttp:log_message] [INFO]- "GET /static/css/font-awesome.min.css HTTP/1.1" 304 0
2016-10-23 22:14:39,299 [Thread-161:4176] [django.server:131] [basehttp:log_message] [INFO]- "GET /static/css/animate.min.css HTTP/1.1" 304 0
2016-10-23 22:14:39,302 [Thread-162:4600] [django.server:131] [basehttp:log_message] [INFO]- "GET /static/css/animate.delay.css HTTP/1.1" 304 0
2016-10-23 22:14:39,303 [Thread-163:7592] [django.server:131] [basehttp:log_message] [INFO]- "GET /static/css/toggles.css HTTP/1.1" 304 0
2016-10-23 22:14:39,306 [Thread-164:10508] [django.server:131] [basehttp:log_message] [INFO]- "GET /static/css/select2.css HTTP/1.1" 304 0
2016-10-23 22:14:39,309 [Thread-165:3604] [django.server:131] [basehttp:log_message] [INFO]- "GET /static/css/lato.css HTTP/1.1" 304 0
2016-10-23 22:14:39,311 [Thread-166:7004] [django.server:131] [basehttp:log_message] [INFO]- "GET /static/css/roboto.css HTTP/1.1" 304 0
2016-10-23 22:14:39,338 [Thread-168:14872] [django.server:131] [basehttp:log_message] [INFO]- "GET /static/images/icon-search.png HTTP/1.1" 304 0
2016-10-23 22:14:39,345 [Thread-167:2416] [django.server:131] [basehttp:log_message] [INFO]- "GET /static/images/plus-white.png HTTP/1.1" 304 0
2016-10-23 22:14:40,941 [Thread-169:8228] [django.server:131] [basehttp:log_message] [INFO]- "GET /static/images/plus.png HTTP/1.1" 304 0
2016-10-23 22:14:41,398 [Thread-170:14868] [django.server:131] [basehttp:log_message] [INFO]- "GET /static/images/minus.png HTTP/1.1" 304 0
2016-10-23 22:14:42,227 [Thread-171:13744] [django.server:131] [basehttp:log_message] [INFO]- "GET /scenario_list/?pro_id=3 HTTP/1.1" 200 2521
2016-10-23 22:14:42,282 [Thread-172:15240] [django.server:131] [basehttp:log_message] [INFO]- "GET /static/js/jquery-1.11.1.min.js?_=1477232079363 HTTP/1.1" 200 95789
2016-10-23 22:14:42,332 [Thread-173:10788] [django.server:131] [basehttp:log_message] [INFO]- "GET /static/js/bootstrap.min.js?_=1477232079364 HTTP/1.1" 200 31823
2016-10-23 22:14:42,368 [Thread-174:12896] [django.server:131] [basehttp:log_message] [INFO]- "GET /static/js/jquery.datatables.min.js?_=1477232079365 HTTP/1.1" 200 77503
2016-10-23 22:14:42,428 [Thread-175:14772] [django.server:131] [basehttp:log_message] [INFO]- "GET /static/images/sort_both.png HTTP/1.1" 304 0
2016-10-23 22:14:42,444 [Thread-176:1336] [django.server:131] [basehttp:log_message] [INFO]- "GET /static/images/sort_asc.png HTTP/1.1" 304 0
2016-10-23 22:14:45,039 [Thread-177:9616] [django.server:131] [basehttp:log_message] [INFO]- "POST /scenario_list/ HTTP/1.1" 200 18
2016-10-23 22:15:25,144 [Thread-178:13220] [django.server:131] [basehttp:log_message] [INFO]- "POST /scenario_list/ HTTP/1.1" 200 18
2016-10-23 22:34:06,871 [Thread-179:2116] [django.server:131] [basehttp:log_message] [INFO]- "GET /index/ HTTP/1.1" 200 33576
2016-10-23 22:34:11,397 [Thread-180:11060] [django.server:131] [basehttp:log_message] [INFO]- "GET /scenario_list/?pro_id=3 HTTP/1.1" 200 2521
2016-10-23 22:34:11,436 [Thread-181:13536] [django.server:131] [basehttp:log_message] [INFO]- "GET /static/js/jquery-1.11.1.min.js?_=1477233247160 HTTP/1.1" 200 95789
2016-10-23 22:34:11,494 [Thread-182:9616] [django.server:131] [basehttp:log_message] [INFO]- "GET /static/js/bootstrap.min.js?_=1477233247161 HTTP/1.1" 200 31823
2016-10-23 22:34:11,516 [Thread-183:14852] [django.server:131] [basehttp:log_message] [INFO]- "GET /static/js/jquery.datatables.min.js?_=1477233247162 HTTP/1.1" 200 77503
2016-10-23 22:34:13,838 [Thread-184:8152] [django.server:131] [basehttp:log_message] [INFO]- "POST /scenario_list/ HTTP/1.1" 200 18
2016-10-23 22:35:26,901 [Thread-185:1728] [django.server:131] [basehttp:log_message] [INFO]- "GET /case_list/?pro_id=3 HTTP/1.1" 200 4053
2016-10-23 22:35:26,946 [Thread-186:11260] [django.server:131] [basehttp:log_message] [INFO]- "GET /static/js/jquery-1.11.1.min.js?_=1477233251464 HTTP/1.1" 200 95789
2016-10-23 22:35:26,980 [Thread-187:9164] [django.server:131] [basehttp:log_message] [INFO]- "GET /static/js/bootstrap.min.js?_=1477233251465 HTTP/1.1" 200 31823
2016-10-23 22:35:26,999 [Thread-188:2168] [django.server:131] [basehttp:log_message] [INFO]- "GET /static/js/jquery.datatables.min.js?_=1477233251466 HTTP/1.1" 200 77503
2016-10-23 22:35:29,891 [Thread-189:4176] [django.server:131] [basehttp:log_message] [INFO]- "POST /case_list/ HTTP/1.1" 200 18
2016-10-23 22:41:49,266 [Thread-190:13472] [django.server:131] [basehttp:log_message] [INFO]- "GET /index/ HTTP/1.1" 200 33576
2016-10-23 22:41:49,286 [Thread-191:12336] [django.server:131] [basehttp:log_message] [INFO]- "GET /static/css/style.default.css HTTP/1.1" 304 0
2016-10-23 22:41:49,698 [Thread-192:6256] [django.server:131] [basehttp:log_message] [INFO]- "GET /static/js/Hero.js HTTP/1.1" 304 0
2016-10-23 22:41:54,858 [Thread-193:13516] [django.server:131] [basehttp:log_message] [INFO]- "GET /scenario_list/?pro_id=3 HTTP/1.1" 200 2521
2016-10-23 22:41:54,948 [Thread-194:9792] [django.server:131] [basehttp:log_message] [INFO]- "GET /static/js/jquery-1.11.1.min.js?_=1477233709773 HTTP/1.1" 200 95789
2016-10-23 22:41:55,002 [Thread-195:7828] [django.server:131] [basehttp:log_message] [INFO]- "GET /static/js/bootstrap.min.js?_=1477233709774 HTTP/1.1" 200 31823
2016-10-23 22:41:55,019 [Thread-196:11052] [django.server:131] [basehttp:log_message] [INFO]- "GET /static/js/jquery.datatables.min.js?_=1477233709775 HTTP/1.1" 200 77503
2016-10-23 22:41:58,292 [Thread-197:2732] [django.server:131] [basehttp:log_message] [INFO]- "POST /scenario_list/ HTTP/1.1" 200 18
2016-10-23 22:42:08,516 [Thread-198:13368] [django.server:131] [basehttp:log_message] [INFO]- "GET /is_html_path?name=suite-2 HTTP/1.1" 301 0
2016-10-23 22:42:08,536 [Thread-199:14080] [django.server:131] [basehttp:log_message] [INFO]- "GET /is_html_path/?name=suite-2 HTTP/1.1" 200 4
2016-10-23 22:42:10,789 [Thread-200:6284] [django.server:131] [basehttp:log_message] [INFO]- "GET /is_html_path/?name=suite-2 HTTP/1.1" 200 4
2016-10-23 22:42:11,628 [Thread-201:5968] [django.server:131] [basehttp:log_message] [INFO]- "GET /is_html_path/?name=suite-2 HTTP/1.1" 200 4
2016-10-23 22:42:11,861 [Thread-202:8004] [django.server:131] [basehttp:log_message] [INFO]- "GET /is_html_path/?name=suite-2 HTTP/1.1" 200 4
2016-10-23 22:42:12,059 [Thread-203:7384] [django.server:131] [basehttp:log_message] [INFO]- "GET /is_html_path/?name=suite-2 HTTP/1.1" 200 4
2016-10-23 22:42:13,653 [Thread-204:13840] [django.server:131] [basehttp:log_message] [INFO]- "GET /is_html_path/?name=suite-2 HTTP/1.1" 200 4
2016-10-23 22:42:16,259 [Thread-205:14396] [django.server:131] [basehttp:log_message] [INFO]- "GET /is_html_path/?name=suite-2 HTTP/1.1" 200 4
2016-10-23 22:42:22,816 [Thread-206:14160] [django.server:131] [basehttp:log_message] [INFO]- "GET /is_html_path/?name=suite-2 HTTP/1.1" 200 4
2016-10-23 22:42:23,328 [Thread-207:13632] [django.server:131] [basehttp:log_message] [INFO]- "GET /is_html_path/?name=suite-2 HTTP/1.1" 200 4
2016-10-23 22:42:23,553 [Thread-208:6652] [django.server:131] [basehttp:log_message] [INFO]- "GET /is_html_path/?name=suite-2 HTTP/1.1" 200 4
2016-10-23 22:42:23,746 [Thread-209:12348] [django.server:131] [basehttp:log_message] [INFO]- "GET /is_html_path/?name=suite-2 HTTP/1.1" 200 4
2016-10-23 22:42:30,653 [Thread-210:12476] [django.server:131] [basehttp:log_message] [INFO]- "POST /case_list/ HTTP/1.1" 200 18
2016-10-23 22:42:35,076 [Thread-211:12920] [django.server:131] [basehttp:log_message] [INFO]- "POST /case_list/ HTTP/1.1" 200 18
