2016-11-05 14:41:06,059 [Thread-1:6736] [django.server:131] [basehttp:log_message] [INFO]- "GET /index HTTP/1.1" 301 0
2016-11-05 14:41:06,605 [Thread-2:6696] [django.server:131] [basehttp:log_message] [INFO]- "GET /index/ HTTP/1.1" 200 33576
2016-11-05 14:44:58,157 [Thread-8:1852] [django.server:131] [basehttp:log_message] [INFO]- "GET /index/ HTTP/1.1" 200 33723
2016-11-05 14:44:58,190 [Thread-9:3748] [django.server:131] [basehttp:log_message] [INFO]- "GET /static/css/style.default.css HTTP/1.1" 304 0
2016-11-05 14:44:58,190 [Thread-10:3572] [django.server:131] [basehttp:log_message] [INFO]- "GET /static/js/jquery-1.11.1.min.js HTTP/1.1" 304 0
2016-11-05 14:44:58,204 [Thread-11:5792] [django.server:131] [basehttp:log_message] [INFO]- "GET /static/js/jquery-migrate-1.2.1.min.js HTTP/1.1" 304 0
2016-11-05 14:44:58,220 [Thread-12:3972] [django.server:131] [basehttp:log_message] [INFO]- "GET /static/js/jquery-ui-1.10.3.min.js HTTP/1.1" 304 0
2016-11-05 14:44:58,220 [Thread-13:7060] [django.server:131] [basehttp:log_message] [INFO]- "GET /static/js/bootstrap.min.js HTTP/1.1" 304 0
2016-11-05 14:44:58,220 [Thread-14:4396] [django.server:131] [basehttp:log_message] [INFO]- "GET /static/js/modernizr.min.js HTTP/1.1" 304 0
2016-11-05 14:44:58,236 [Thread-15:5212] [django.server:131] [basehttp:log_message] [INFO]- "GET /static/js/toggles.min.js HTTP/1.1" 304 0
2016-11-05 14:44:58,236 [Thread-16:6984] [django.server:131] [basehttp:log_message] [INFO]- "GET /static/js/jquery.sparkline.min.js HTTP/1.1" 304 0
2016-11-05 14:44:58,236 [Thread-17:7048] [django.server:131] [basehttp:log_message] [INFO]- "GET /static/js/retina.min.js HTTP/1.1" 304 0
2016-11-05 14:44:58,236 [Thread-18:6896] [django.server:131] [basehttp:log_message] [INFO]- "GET /static/js/jquery.cookies.js HTTP/1.1" 304 0
2016-11-05 14:44:58,256 [Thread-19:5812] [django.server:131] [basehttp:log_message] [INFO]- "GET /static/js/flot/jquery.flot.min.js HTTP/1.1" 304 0
2016-11-05 14:44:58,259 [Thread-20:6924] [django.server:131] [basehttp:log_message] [INFO]- "GET /static/js/flot/jquery.flot.resize.min.js HTTP/1.1" 304 0
2016-11-05 14:44:58,260 [Thread-21:4176] [django.server:131] [basehttp:log_message] [INFO]- "GET /static/js/flot/jquery.flot.spline.min.js HTTP/1.1" 304 0
2016-11-05 14:44:58,263 [Thread-22:5992] [django.server:131] [basehttp:log_message] [INFO]- "GET /static/js/raphael-2.1.0.min.js HTTP/1.1" 304 0
2016-11-05 14:44:58,263 [Thread-23:6740] [django.server:131] [basehttp:log_message] [INFO]- "GET /static/js/custom.js HTTP/1.1" 304 0
2016-11-05 14:44:58,292 [Thread-27:5744] [django.server:131] [basehttp:log_message] [INFO]- "GET /static/images/photos/user2.png HTTP/1.1" 304 0
2016-11-05 14:44:58,292 [Thread-26:6200] [django.server:131] [basehttp:log_message] [INFO]- "GET /static/images/photos/user1.png HTTP/1.1" 304 0
2016-11-05 14:44:58,292 [Thread-29:6280] [django.server:131] [basehttp:log_message] [INFO]- "GET /static/images/photos/user4.png HTTP/1.1" 304 0
2016-11-05 14:44:58,292 [Thread-28:6764] [django.server:131] [basehttp:log_message] [INFO]- "GET /static/images/photos/user3.png HTTP/1.1" 304 0
2016-11-05 14:44:58,292 [Thread-25:4204] [django.server:131] [basehttp:log_message] [INFO]- "GET /static/images/photos/loggeduser.png HTTP/1.1" 304 0
2016-11-05 14:44:58,302 [Thread-30:1240] [django.server:131] [basehttp:log_message] [INFO]- "GET /static/images/photos/user5.png HTTP/1.1" 304 0
2016-11-05 14:44:58,325 [Thread-31:6860] [django.server:131] [basehttp:log_message] [INFO]- "GET /static/images/photos/userprofile.png HTTP/1.1" 304 0
2016-11-05 14:44:58,470 [Thread-32:6356] [django.server:131] [basehttp:log_message] [INFO]- "GET /static/css/bootstrap.min.css HTTP/1.1" 304 0
2016-11-05 14:44:58,480 [Thread-33:3396] [django.server:131] [basehttp:log_message] [INFO]- "GET /static/css/bootstrap-override.css HTTP/1.1" 304 0
2016-11-05 14:44:58,487 [Thread-34:6868] [django.server:131] [basehttp:log_message] [INFO]- "GET /static/css/weather-icons.min.css HTTP/1.1" 304 0
2016-11-05 14:44:58,490 [Thread-35:6220] [django.server:131] [basehttp:log_message] [INFO]- "GET /static/css/jquery-ui-1.10.3.css HTTP/1.1" 304 0
2016-11-05 14:44:58,497 [Thread-36:6716] [django.server:131] [basehttp:log_message] [INFO]- "GET /static/css/font-awesome.min.css HTTP/1.1" 304 0
2016-11-05 14:44:58,507 [Thread-37:5708] [django.server:131] [basehttp:log_message] [INFO]- "GET /static/css/animate.min.css HTTP/1.1" 304 0
2016-11-05 14:44:58,513 [Thread-38:7056] [django.server:131] [basehttp:log_message] [INFO]- "GET /static/css/animate.delay.css HTTP/1.1" 304 0
2016-11-05 14:44:58,516 [Thread-39:4012] [django.server:131] [basehttp:log_message] [INFO]- "GET /static/css/toggles.css HTTP/1.1" 304 0
2016-11-05 14:44:58,519 [Thread-40:6836] [django.server:131] [basehttp:log_message] [INFO]- "GET /static/css/select2.css HTTP/1.1" 304 0
2016-11-05 14:44:58,522 [Thread-41:800] [django.server:131] [basehttp:log_message] [INFO]- "GET /static/css/lato.css HTTP/1.1" 304 0
2016-11-05 14:44:58,523 [Thread-42:6788] [django.server:131] [basehttp:log_message] [INFO]- "GET /static/css/roboto.css HTTP/1.1" 304 0
2016-11-05 14:44:58,628 [Thread-43:5620] [django.server:131] [basehttp:log_message] [INFO]- "GET /static/images/plus-white.png HTTP/1.1" 304 0
2016-11-05 14:44:58,630 [Thread-44:6472] [django.server:131] [basehttp:log_message] [INFO]- "GET /static/images/icon-search.png HTTP/1.1" 304 0
2016-11-05 14:44:58,710 [Thread-24:4492] [django.server:131] [basehttp:log_message] [INFO]- "GET /static/js/Hero.js HTTP/1.1" 200 16116
2016-11-05 14:45:00,176 [Thread-45:6880] [django.server:131] [basehttp:log_message] [INFO]- "GET /static/images/plus.png HTTP/1.1" 304 0
2016-11-05 14:45:01,348 [Thread-46:5832] [django.server:131] [basehttp:log_message] [ERROR]- "GET /element/?pro_id=undefined HTTP/1.1" 500 19381
2016-11-05 14:45:02,608 [Thread-47:1176] [django.server:131] [basehttp:log_message] [ERROR]- "GET /element/?pro_id=undefined HTTP/1.1" 500 19381
2016-11-05 14:45:06,177 [Thread-48:4020] [django.server:131] [basehttp:log_message] [ERROR]- "GET /element/?pro_id=undefined HTTP/1.1" 500 19381
2016-11-05 14:45:07,976 [Thread-49:6300] [django.server:131] [basehttp:log_message] [ERROR]- "GET /element/?pro_id=undefined HTTP/1.1" 500 19381
2016-11-05 14:45:08,211 [Thread-50:6684] [django.server:131] [basehttp:log_message] [ERROR]- "GET /element/?pro_id=undefined HTTP/1.1" 500 19381
2016-11-05 14:45:08,398 [Thread-51:5640] [django.server:131] [basehttp:log_message] [ERROR]- "GET /element/?pro_id=undefined HTTP/1.1" 500 19381
2016-11-05 14:47:51,880 [Thread-53:3980] [django.server:131] [basehttp:log_message] [INFO]- "GET /index/ HTTP/1.1" 200 33723
2016-11-05 14:47:51,927 [Thread-54:4600] [django.server:131] [basehttp:log_message] [INFO]- "GET /static/css/style.default.css HTTP/1.1" 304 0
2016-11-05 14:47:51,927 [Thread-55:6196] [django.server:131] [basehttp:log_message] [INFO]- "GET /static/js/jquery-1.11.1.min.js HTTP/1.1" 304 0
2016-11-05 14:47:51,927 [Thread-56:5916] [django.server:131] [basehttp:log_message] [INFO]- "GET /static/js/jquery-migrate-1.2.1.min.js HTTP/1.1" 304 0
2016-11-05 14:47:51,944 [Thread-57:5888] [django.server:131] [basehttp:log_message] [INFO]- "GET /static/js/jquery-ui-1.10.3.min.js HTTP/1.1" 304 0
2016-11-05 14:47:51,944 [Thread-58:980] [django.server:131] [basehttp:log_message] [INFO]- "GET /static/js/bootstrap.min.js HTTP/1.1" 304 0
2016-11-05 14:47:51,944 [Thread-59:6636] [django.server:131] [basehttp:log_message] [INFO]- "GET /static/js/modernizr.min.js HTTP/1.1" 304 0
2016-11-05 14:47:51,944 [Thread-60:3832] [django.server:131] [basehttp:log_message] [INFO]- "GET /static/js/jquery.sparkline.min.js HTTP/1.1" 304 0
2016-11-05 14:47:51,959 [Thread-61:3268] [django.server:131] [basehttp:log_message] [INFO]- "GET /static/js/toggles.min.js HTTP/1.1" 304 0
2016-11-05 14:47:51,959 [Thread-62:1412] [django.server:131] [basehttp:log_message] [INFO]- "GET /static/js/retina.min.js HTTP/1.1" 304 0
2016-11-05 14:47:51,959 [Thread-63:7076] [django.server:131] [basehttp:log_message] [INFO]- "GET /static/js/jquery.cookies.js HTTP/1.1" 304 0
2016-11-05 14:47:51,974 [Thread-64:5932] [django.server:131] [basehttp:log_message] [INFO]- "GET /static/js/flot/jquery.flot.min.js HTTP/1.1" 304 0
2016-11-05 14:47:51,974 [Thread-65:1236] [django.server:131] [basehttp:log_message] [INFO]- "GET /static/js/flot/jquery.flot.resize.min.js HTTP/1.1" 304 0
2016-11-05 14:47:51,974 [Thread-66:3076] [django.server:131] [basehttp:log_message] [INFO]- "GET /static/js/flot/jquery.flot.spline.min.js HTTP/1.1" 304 0
2016-11-05 14:47:51,990 [Thread-67:6352] [django.server:131] [basehttp:log_message] [INFO]- "GET /static/js/raphael-2.1.0.min.js HTTP/1.1" 304 0
2016-11-05 14:47:51,990 [Thread-68:2412] [django.server:131] [basehttp:log_message] [INFO]- "GET /static/js/custom.js HTTP/1.1" 304 0
2016-11-05 14:47:51,990 [Thread-69:5004] [django.server:131] [basehttp:log_message] [INFO]- "GET /static/js/Hero.js HTTP/1.1" 304 0
2016-11-05 14:47:52,006 [Thread-70:6444] [django.server:131] [basehttp:log_message] [INFO]- "GET /static/images/photos/loggeduser.png HTTP/1.1" 304 0
2016-11-05 14:47:52,012 [Thread-71:4984] [django.server:131] [basehttp:log_message] [INFO]- "GET /static/images/photos/user1.png HTTP/1.1" 304 0
2016-11-05 14:47:52,017 [Thread-72:6864] [django.server:131] [basehttp:log_message] [INFO]- "GET /static/images/photos/user2.png HTTP/1.1" 304 0
2016-11-05 14:47:52,022 [Thread-73:2232] [django.server:131] [basehttp:log_message] [INFO]- "GET /static/images/photos/user3.png HTTP/1.1" 304 0
2016-11-05 14:47:52,028 [Thread-74:5296] [django.server:131] [basehttp:log_message] [INFO]- "GET /static/images/photos/user4.png HTTP/1.1" 304 0
2016-11-05 14:47:52,032 [Thread-75:1312] [django.server:131] [basehttp:log_message] [INFO]- "GET /static/images/photos/user5.png HTTP/1.1" 304 0
2016-11-05 14:47:52,049 [Thread-76:1852] [django.server:131] [basehttp:log_message] [INFO]- "GET /static/images/photos/userprofile.png HTTP/1.1" 304 0
2016-11-05 14:47:52,180 [Thread-77:3572] [django.server:131] [basehttp:log_message] [INFO]- "GET /static/css/bootstrap.min.css HTTP/1.1" 304 0
2016-11-05 14:47:52,187 [Thread-78:5792] [django.server:131] [basehttp:log_message] [INFO]- "GET /static/css/bootstrap-override.css HTTP/1.1" 304 0
2016-11-05 14:47:52,188 [Thread-79:3972] [django.server:131] [basehttp:log_message] [INFO]- "GET /static/css/weather-icons.min.css HTTP/1.1" 304 0
2016-11-05 14:47:52,200 [Thread-80:7060] [django.server:131] [basehttp:log_message] [INFO]- "GET /static/css/jquery-ui-1.10.3.css HTTP/1.1" 304 0
2016-11-05 14:47:52,204 [Thread-81:4396] [django.server:131] [basehttp:log_message] [INFO]- "GET /static/css/font-awesome.min.css HTTP/1.1" 304 0
2016-11-05 14:47:52,210 [Thread-82:5212] [django.server:131] [basehttp:log_message] [INFO]- "GET /static/css/animate.min.css HTTP/1.1" 304 0
2016-11-05 14:47:52,210 [Thread-83:6984] [django.server:131] [basehttp:log_message] [INFO]- "GET /static/css/animate.delay.css HTTP/1.1" 304 0
2016-11-05 14:47:52,220 [Thread-84:7048] [django.server:131] [basehttp:log_message] [INFO]- "GET /static/css/toggles.css HTTP/1.1" 304 0
2016-11-05 14:47:52,221 [Thread-85:6896] [django.server:131] [basehttp:log_message] [INFO]- "GET /static/css/select2.css HTTP/1.1" 304 0
2016-11-05 14:47:52,223 [Thread-86:5812] [django.server:131] [basehttp:log_message] [INFO]- "GET /static/css/lato.css HTTP/1.1" 304 0
2016-11-05 14:47:52,224 [Thread-87:6924] [django.server:131] [basehttp:log_message] [INFO]- "GET /static/css/roboto.css HTTP/1.1" 304 0
2016-11-05 14:47:52,249 [Thread-88:4176] [django.server:131] [basehttp:log_message] [INFO]- "GET /static/images/plus-white.png HTTP/1.1" 304 0
2016-11-05 14:47:52,253 [Thread-89:5992] [django.server:131] [basehttp:log_message] [INFO]- "GET /static/images/icon-search.png HTTP/1.1" 304 0
2016-11-05 14:47:53,598 [Thread-90:3396] [django.server:131] [basehttp:log_message] [INFO]- "GET /static/images/plus.png HTTP/1.1" 304 0
2016-11-05 15:00:02,453 [Thread-92:3288] [django.server:131] [basehttp:log_message] [INFO]- "GET /index/ HTTP/1.1" 200 33723
2016-11-05 15:00:02,892 [Thread-93:3484] [django.server:131] [basehttp:log_message] [INFO]- "GET /static/css/style.default.css HTTP/1.1" 200 77743
2016-11-05 15:00:02,926 [Thread-94:7008] [django.server:131] [basehttp:log_message] [INFO]- "GET /static/images/photos/loggeduser.png HTTP/1.1" 200 20630
2016-11-05 15:00:02,928 [Thread-95:1028] [django.server:131] [basehttp:log_message] [INFO]- "GET /static/images/photos/user1.png HTTP/1.1" 200 17694
2016-11-05 15:00:02,944 [Thread-98:1620] [django.server:131] [basehttp:log_message] [INFO]- "GET /static/images/photos/user4.png HTTP/1.1" 200 18211
2016-11-05 15:00:02,953 [Thread-99:3736] [django.server:131] [basehttp:log_message] [INFO]- "GET /static/images/photos/user5.png HTTP/1.1" 200 17012
2016-11-05 15:00:02,961 [Thread-97:7088] [django.server:131] [basehttp:log_message] [INFO]- "GET /static/images/photos/user3.png HTTP/1.1" 200 17036
2016-11-05 15:00:02,967 [Thread-96:6480] [django.server:131] [basehttp:log_message] [INFO]- "GET /static/images/photos/user2.png HTTP/1.1" 200 18310
2016-11-05 15:00:02,976 [Thread-100:6288] [django.server:131] [basehttp:log_message] [INFO]- "GET /static/js/jquery-1.11.1.min.js HTTP/1.1" 200 95789
2016-11-05 15:00:02,979 [Thread-101:6924] [django.server:131] [basehttp:log_message] [INFO]- "GET /static/js/jquery-migrate-1.2.1.min.js HTTP/1.1" 200 7203
2016-11-05 15:00:02,993 [Thread-103:3128] [django.server:131] [basehttp:log_message] [INFO]- "GET /static/js/bootstrap.min.js HTTP/1.1" 200 31823
2016-11-05 15:00:02,996 [Thread-104:2988] [django.server:131] [basehttp:log_message] [INFO]- "GET /static/js/modernizr.min.js HTTP/1.1" 200 15157
2016-11-05 15:00:03,003 [Thread-106:1944] [django.server:131] [basehttp:log_message] [INFO]- "GET /static/js/toggles.min.js HTTP/1.1" 200 2736
2016-11-05 15:00:03,006 [Thread-105:3912] [django.server:131] [basehttp:log_message] [INFO]- "GET /static/js/jquery.sparkline.min.js HTTP/1.1" 200 43251
2016-11-05 15:00:03,015 [Thread-107:5728] [django.server:131] [basehttp:log_message] [INFO]- "GET /static/js/retina.min.js HTTP/1.1" 200 2161
2016-11-05 15:00:03,019 [Thread-102:4248] [django.server:131] [basehttp:log_message] [INFO]- "GET /static/js/jquery-ui-1.10.3.min.js HTTP/1.1" 200 228142
2016-11-05 15:00:03,026 [Thread-108:540] [django.server:131] [basehttp:log_message] [INFO]- "GET /static/js/jquery.cookies.js HTTP/1.1" 200 2033
2016-11-05 15:00:03,033 [Thread-110:3996] [django.server:131] [basehttp:log_message] [INFO]- "GET /static/js/flot/jquery.flot.resize.min.js HTTP/1.1" 200 2348
2016-11-05 15:00:03,038 [Thread-111:6176] [django.server:131] [basehttp:log_message] [INFO]- "GET /static/js/flot/jquery.flot.spline.min.js HTTP/1.1" 200 2791
2016-11-05 15:00:03,039 [Thread-109:1708] [django.server:131] [basehttp:log_message] [INFO]- "GET /static/js/flot/jquery.flot.min.js HTTP/1.1" 200 52970
2016-11-05 15:00:03,046 [Thread-113:7060] [django.server:131] [basehttp:log_message] [INFO]- "GET /static/js/custom.js HTTP/1.1" 200 11035
2016-11-05 15:00:03,073 [Thread-114:6040] [django.server:131] [basehttp:log_message] [INFO]- "GET /static/js/Hero.js HTTP/1.1" 200 16116
2016-11-05 15:00:03,075 [Thread-112:6636] [django.server:131] [basehttp:log_message] [INFO]- "GET /static/js/raphael-2.1.0.min.js HTTP/1.1" 200 110942
2016-11-05 15:00:03,084 [Thread-116:4984] [django.server:131] [basehttp:log_message] [INFO]- "GET /static/css/bootstrap-override.css HTTP/1.1" 200 22777
2016-11-05 15:00:03,086 [Thread-117:5244] [django.server:131] [basehttp:log_message] [INFO]- "GET /static/css/weather-icons.min.css HTTP/1.1" 200 5601
2016-11-05 15:00:03,088 [Thread-115:4800] [django.server:131] [basehttp:log_message] [INFO]- "GET /static/css/bootstrap.min.css HTTP/1.1" 200 109604
2016-11-05 15:00:03,094 [Thread-118:3236] [django.server:131] [basehttp:log_message] [INFO]- "GET /static/css/jquery-ui-1.10.3.css HTTP/1.1" 200 18930
2016-11-05 15:00:03,101 [Thread-119:6224] [django.server:131] [basehttp:log_message] [INFO]- "GET /static/css/font-awesome.min.css HTTP/1.1" 200 20766
2016-11-05 15:00:03,107 [Thread-121:3572] [django.server:131] [basehttp:log_message] [INFO]- "GET /static/css/animate.delay.css HTTP/1.1" 200 11432
2016-11-05 15:00:03,108 [Thread-122:6448] [django.server:131] [basehttp:log_message] [INFO]- "GET /static/css/toggles.css HTTP/1.1" 200 5378
2016-11-05 15:00:03,108 [Thread-120:3348] [django.server:131] [basehttp:log_message] [INFO]- "GET /static/css/animate.min.css HTTP/1.1" 200 51174
2016-11-05 15:00:03,117 [Thread-123:4480] [django.server:131] [basehttp:log_message] [INFO]- "GET /static/css/select2.css HTTP/1.1" 200 18606
2016-11-05 15:00:03,121 [Thread-124:5800] [django.server:131] [basehttp:log_message] [INFO]- "GET /static/css/lato.css HTTP/1.1" 200 5575
2016-11-05 15:00:03,131 [Thread-125:1640] [django.server:131] [basehttp:log_message] [INFO]- "GET /static/css/roboto.css HTTP/1.1" 200 9528
2016-11-05 15:00:03,183 [Thread-126:6836] [django.server:131] [basehttp:log_message] [INFO]- "GET /static/images/photos/userprofile.png HTTP/1.1" 200 23407
2016-11-05 15:00:03,259 [Thread-127:3304] [django.server:131] [basehttp:log_message] [INFO]- "GET /static/images/icon-search.png HTTP/1.1" 200 1239
2016-11-05 15:00:03,296 [Thread-129:5968] [django.server:131] [basehttp:log_message] [INFO]- "GET /static/fonts/glyphicons-halflings-regular.woff HTTP/1.1" 200 23320
2016-11-05 15:00:03,344 [Thread-128:6884] [django.server:131] [basehttp:log_message] [INFO]- "GET /static/fonts/fontawesome-webfont.woff?v=4.1.0 HTTP/1.1" 200 83760
2016-11-05 15:55:22,575 [Thread-1:7112] [django.server:131] [basehttp:log_message] [INFO]- "GET /index/ HTTP/1.1" 200 33723
2016-11-05 15:55:22,607 [Thread-2:5580] [django.server:131] [basehttp:log_message] [INFO]- "GET /static/css/style.default.css HTTP/1.1" 304 0
2016-11-05 15:55:22,618 [Thread-3:760] [django.server:131] [basehttp:log_message] [INFO]- "GET /static/js/jquery-1.11.1.min.js HTTP/1.1" 304 0
2016-11-05 15:55:22,632 [Thread-4:7996] [django.server:131] [basehttp:log_message] [INFO]- "GET /static/js/jquery-migrate-1.2.1.min.js HTTP/1.1" 304 0
2016-11-05 15:55:22,648 [Thread-5:7732] [django.server:131] [basehttp:log_message] [INFO]- "GET /static/js/jquery-ui-1.10.3.min.js HTTP/1.1" 304 0
2016-11-05 15:55:22,650 [Thread-6:7880] [django.server:131] [basehttp:log_message] [INFO]- "GET /static/js/bootstrap.min.js HTTP/1.1" 304 0
2016-11-05 15:55:22,654 [Thread-7:6972] [django.server:131] [basehttp:log_message] [INFO]- "GET /static/js/modernizr.min.js HTTP/1.1" 304 0
2016-11-05 15:55:22,657 [Thread-8:4080] [django.server:131] [basehttp:log_message] [INFO]- "GET /static/js/jquery.sparkline.min.js HTTP/1.1" 304 0
2016-11-05 15:55:22,661 [Thread-9:6992] [django.server:131] [basehttp:log_message] [INFO]- "GET /static/js/toggles.min.js HTTP/1.1" 304 0
2016-11-05 15:55:22,664 [Thread-10:5708] [django.server:131] [basehttp:log_message] [INFO]- "GET /static/js/retina.min.js HTTP/1.1" 304 0
2016-11-05 15:55:22,671 [Thread-11:6556] [django.server:131] [basehttp:log_message] [INFO]- "GET /static/js/jquery.cookies.js HTTP/1.1" 304 0
2016-11-05 15:55:22,674 [Thread-12:7892] [django.server:131] [basehttp:log_message] [INFO]- "GET /static/js/flot/jquery.flot.min.js HTTP/1.1" 304 0
2016-11-05 15:55:22,677 [Thread-13:6808] [django.server:131] [basehttp:log_message] [INFO]- "GET /static/js/flot/jquery.flot.resize.min.js HTTP/1.1" 304 0
2016-11-05 15:55:22,684 [Thread-14:5644] [django.server:131] [basehttp:log_message] [INFO]- "GET /static/js/flot/jquery.flot.spline.min.js HTTP/1.1" 304 0
2016-11-05 15:55:22,690 [Thread-15:7464] [django.server:131] [basehttp:log_message] [INFO]- "GET /static/js/raphael-2.1.0.min.js HTTP/1.1" 304 0
2016-11-05 15:55:22,693 [Thread-16:7008] [django.server:131] [basehttp:log_message] [INFO]- "GET /static/js/custom.js HTTP/1.1" 304 0
2016-11-05 15:55:22,703 [Thread-18:6448] [django.server:131] [basehttp:log_message] [INFO]- "GET /static/images/photos/loggeduser.png HTTP/1.1" 304 0
2016-11-05 15:55:22,707 [Thread-19:6836] [django.server:131] [basehttp:log_message] [INFO]- "GET /static/images/photos/user1.png HTTP/1.1" 304 0
2016-11-05 15:55:22,710 [Thread-20:1240] [django.server:131] [basehttp:log_message] [INFO]- "GET /static/images/photos/user2.png HTTP/1.1" 304 0
2016-11-05 15:55:22,714 [Thread-21:6928] [django.server:131] [basehttp:log_message] [INFO]- "GET /static/images/photos/user3.png HTTP/1.1" 304 0
2016-11-05 15:55:22,717 [Thread-22:8068] [django.server:131] [basehttp:log_message] [INFO]- "GET /static/images/photos/user4.png HTTP/1.1" 304 0
2016-11-05 15:55:22,720 [Thread-23:8000] [django.server:131] [basehttp:log_message] [INFO]- "GET /static/images/photos/user5.png HTTP/1.1" 304 0
2016-11-05 15:55:22,733 [Thread-24:976] [django.server:131] [basehttp:log_message] [INFO]- "GET /static/images/photos/userprofile.png HTTP/1.1" 304 0
2016-11-05 15:55:22,861 [Thread-25:5124] [django.server:131] [basehttp:log_message] [INFO]- "GET /static/css/bootstrap.min.css HTTP/1.1" 304 0
2016-11-05 15:55:22,872 [Thread-26:5256] [django.server:131] [basehttp:log_message] [INFO]- "GET /static/css/bootstrap-override.css HTTP/1.1" 304 0
2016-11-05 15:55:22,880 [Thread-27:7668] [django.server:131] [basehttp:log_message] [INFO]- "GET /static/css/weather-icons.min.css HTTP/1.1" 304 0
2016-11-05 15:55:22,882 [Thread-28:8132] [django.server:131] [basehttp:log_message] [INFO]- "GET /static/css/jquery-ui-1.10.3.css HTTP/1.1" 304 0
2016-11-05 15:55:22,887 [Thread-29:7408] [django.server:131] [basehttp:log_message] [INFO]- "GET /static/css/font-awesome.min.css HTTP/1.1" 304 0
2016-11-05 15:55:22,901 [Thread-30:7832] [django.server:131] [basehttp:log_message] [INFO]- "GET /static/css/animate.min.css HTTP/1.1" 304 0
2016-11-05 15:55:22,904 [Thread-31:7080] [django.server:131] [basehttp:log_message] [INFO]- "GET /static/css/animate.delay.css HTTP/1.1" 304 0
2016-11-05 15:55:22,907 [Thread-32:4032] [django.server:131] [basehttp:log_message] [INFO]- "GET /static/css/toggles.css HTTP/1.1" 304 0
2016-11-05 15:55:22,911 [Thread-33:8112] [django.server:131] [basehttp:log_message] [INFO]- "GET /static/css/select2.css HTTP/1.1" 304 0
2016-11-05 15:55:22,911 [Thread-34:868] [django.server:131] [basehttp:log_message] [INFO]- "GET /static/css/lato.css HTTP/1.1" 304 0
2016-11-05 15:55:22,917 [Thread-35:3360] [django.server:131] [basehttp:log_message] [INFO]- "GET /static/css/roboto.css HTTP/1.1" 304 0
2016-11-05 15:55:22,936 [Thread-36:4352] [django.server:131] [basehttp:log_message] [INFO]- "GET /static/images/plus-white.png HTTP/1.1" 304 0
2016-11-05 15:55:22,941 [Thread-37:7324] [django.server:131] [basehttp:log_message] [INFO]- "GET /static/images/icon-search.png HTTP/1.1" 304 0
2016-11-05 15:55:23,141 [Thread-17:7960] [django.server:131] [basehttp:log_message] [INFO]- "GET /static/js/Hero.js HTTP/1.1" 200 16274
2016-11-05 15:55:24,359 [Thread-38:7748] [django.server:131] [basehttp:log_message] [INFO]- "GET /static/images/plus.png HTTP/1.1" 304 0
2016-11-05 15:55:25,023 [Thread-39:3568] [django.server:131] [basehttp:log_message] [WARNING]- "GET /project/ HTTP/1.1" 404 4401
2016-11-05 15:55:28,309 [Thread-40:5968] [django.server:131] [basehttp:log_message] [WARNING]- "GET /project/ HTTP/1.1" 404 4401
2016-11-05 15:55:28,526 [Thread-41:8020] [django.server:131] [basehttp:log_message] [WARNING]- "GET /project/ HTTP/1.1" 404 4401
2016-11-05 15:55:28,703 [Thread-42:6592] [django.server:131] [basehttp:log_message] [WARNING]- "GET /project/ HTTP/1.1" 404 4401
2016-11-05 15:55:29,509 [Thread-43:7280] [django.server:131] [basehttp:log_message] [WARNING]- "GET /project/ HTTP/1.1" 404 4401
2016-11-05 15:55:29,707 [Thread-44:5672] [django.server:131] [basehttp:log_message] [WARNING]- "GET /project/ HTTP/1.1" 404 4401
2016-11-05 15:55:29,911 [Thread-45:3492] [django.server:131] [basehttp:log_message] [WARNING]- "GET /project/ HTTP/1.1" 404 4401
2016-11-05 15:55:30,069 [Thread-46:7708] [django.server:131] [basehttp:log_message] [WARNING]- "GET /project/ HTTP/1.1" 404 4401
2016-11-05 15:55:30,313 [Thread-47:2384] [django.server:131] [basehttp:log_message] [WARNING]- "GET /project/ HTTP/1.1" 404 4401
2016-11-05 15:55:30,473 [Thread-48:7980] [django.server:131] [basehttp:log_message] [WARNING]- "GET /project/ HTTP/1.1" 404 4401
2016-11-05 15:55:32,130 [Thread-49:7148] [django.server:131] [basehttp:log_message] [WARNING]- "GET /project/ HTTP/1.1" 404 4401
2016-11-05 15:55:32,325 [Thread-50:8100] [django.server:131] [basehttp:log_message] [WARNING]- "GET /project/ HTTP/1.1" 404 4401
2016-11-05 15:55:32,507 [Thread-51:2420] [django.server:131] [basehttp:log_message] [WARNING]- "GET /project/ HTTP/1.1" 404 4401
2016-11-05 15:56:35,647 [Thread-1:7580] [django.server:131] [basehttp:log_message] [INFO]- "GET /index/ HTTP/1.1" 200 33723
2016-11-05 15:56:35,700 [Thread-2:5984] [django.server:131] [basehttp:log_message] [INFO]- "GET /static/css/style.default.css HTTP/1.1" 304 0
2016-11-05 15:56:35,711 [Thread-3:7720] [django.server:131] [basehttp:log_message] [INFO]- "GET /static/js/jquery-1.11.1.min.js HTTP/1.1" 304 0
2016-11-05 15:56:35,720 [Thread-4:5592] [django.server:131] [basehttp:log_message] [INFO]- "GET /static/js/jquery-migrate-1.2.1.min.js HTTP/1.1" 304 0
2016-11-05 15:56:35,746 [Thread-5:7260] [django.server:131] [basehttp:log_message] [INFO]- "GET /static/js/jquery-ui-1.10.3.min.js HTTP/1.1" 304 0
2016-11-05 15:56:35,750 [Thread-6:5348] [django.server:131] [basehttp:log_message] [INFO]- "GET /static/js/bootstrap.min.js HTTP/1.1" 304 0
2016-11-05 15:56:35,753 [Thread-7:3108] [django.server:131] [basehttp:log_message] [INFO]- "GET /static/js/modernizr.min.js HTTP/1.1" 304 0
2016-11-05 15:56:35,756 [Thread-8:5688] [django.server:131] [basehttp:log_message] [INFO]- "GET /static/js/jquery.sparkline.min.js HTTP/1.1" 304 0
2016-11-05 15:56:35,760 [Thread-9:7344] [django.server:131] [basehttp:log_message] [INFO]- "GET /static/js/toggles.min.js HTTP/1.1" 304 0
2016-11-05 15:56:35,766 [Thread-10:7348] [django.server:131] [basehttp:log_message] [INFO]- "GET /static/js/retina.min.js HTTP/1.1" 304 0
2016-11-05 15:56:35,769 [Thread-11:7616] [django.server:131] [basehttp:log_message] [INFO]- "GET /static/js/jquery.cookies.js HTTP/1.1" 304 0
2016-11-05 15:56:35,773 [Thread-12:6636] [django.server:131] [basehttp:log_message] [INFO]- "GET /static/js/flot/jquery.flot.min.js HTTP/1.1" 304 0
2016-11-05 15:56:35,778 [Thread-13:3748] [django.server:131] [basehttp:log_message] [INFO]- "GET /static/js/flot/jquery.flot.resize.min.js HTTP/1.1" 304 0
2016-11-05 15:56:35,782 [Thread-14:1708] [django.server:131] [basehttp:log_message] [INFO]- "GET /static/js/flot/jquery.flot.spline.min.js HTTP/1.1" 304 0
2016-11-05 15:56:35,782 [Thread-15:7212] [django.server:131] [basehttp:log_message] [INFO]- "GET /static/js/raphael-2.1.0.min.js HTTP/1.1" 304 0
2016-11-05 15:56:35,785 [Thread-16:8156] [django.server:131] [basehttp:log_message] [INFO]- "GET /static/js/custom.js HTTP/1.1" 304 0
2016-11-05 15:56:35,788 [Thread-17:5832] [django.server:131] [basehttp:log_message] [INFO]- "GET /static/js/Hero.js HTTP/1.1" 304 0
2016-11-05 15:56:35,793 [Thread-18:7812] [django.server:131] [basehttp:log_message] [INFO]- "GET /static/images/photos/loggeduser.png HTTP/1.1" 304 0
2016-11-05 15:56:35,795 [Thread-19:5716] [django.server:131] [basehttp:log_message] [INFO]- "GET /static/images/photos/user1.png HTTP/1.1" 304 0
2016-11-05 15:56:35,802 [Thread-20:4596] [django.server:131] [basehttp:log_message] [INFO]- "GET /static/images/photos/user2.png HTTP/1.1" 304 0
2016-11-05 15:56:35,808 [Thread-21:5680] [django.server:131] [basehttp:log_message] [INFO]- "GET /static/images/photos/user3.png HTTP/1.1" 304 0
2016-11-05 15:56:35,809 [Thread-22:8116] [django.server:131] [basehttp:log_message] [INFO]- "GET /static/images/photos/user4.png HTTP/1.1" 304 0
2016-11-05 15:56:35,812 [Thread-23:1036] [django.server:131] [basehttp:log_message] [INFO]- "GET /static/images/photos/user5.png HTTP/1.1" 304 0
2016-11-05 15:56:35,828 [Thread-24:5880] [django.server:131] [basehttp:log_message] [INFO]- "GET /static/images/photos/userprofile.png HTTP/1.1" 304 0
2016-11-05 15:56:35,930 [Thread-25:5900] [django.server:131] [basehttp:log_message] [INFO]- "GET /static/css/bootstrap.min.css HTTP/1.1" 304 0
2016-11-05 15:56:35,934 [Thread-26:7316] [django.server:131] [basehttp:log_message] [INFO]- "GET /static/css/bootstrap-override.css HTTP/1.1" 304 0
2016-11-05 15:56:35,938 [Thread-27:7844] [django.server:131] [basehttp:log_message] [INFO]- "GET /static/css/weather-icons.min.css HTTP/1.1" 304 0
2016-11-05 15:56:35,951 [Thread-28:8088] [django.server:131] [basehttp:log_message] [INFO]- "GET /static/css/jquery-ui-1.10.3.css HTTP/1.1" 304 0
2016-11-05 15:56:35,954 [Thread-29:7532] [django.server:131] [basehttp:log_message] [INFO]- "GET /static/css/font-awesome.min.css HTTP/1.1" 304 0
2016-11-05 15:56:35,960 [Thread-30:3972] [django.server:131] [basehttp:log_message] [INFO]- "GET /static/css/animate.min.css HTTP/1.1" 304 0
2016-11-05 15:56:35,971 [Thread-31:8184] [django.server:131] [basehttp:log_message] [INFO]- "GET /static/css/animate.delay.css HTTP/1.1" 304 0
2016-11-05 15:56:35,974 [Thread-32:7884] [django.server:131] [basehttp:log_message] [INFO]- "GET /static/css/toggles.css HTTP/1.1" 304 0
2016-11-05 15:56:35,977 [Thread-33:8060] [django.server:131] [basehttp:log_message] [INFO]- "GET /static/css/select2.css HTTP/1.1" 304 0
2016-11-05 15:56:35,980 [Thread-34:5904] [django.server:131] [basehttp:log_message] [INFO]- "GET /static/css/lato.css HTTP/1.1" 304 0
2016-11-05 15:56:35,982 [Thread-35:7476] [django.server:131] [basehttp:log_message] [INFO]- "GET /static/css/roboto.css HTTP/1.1" 304 0
2016-11-05 15:56:36,009 [Thread-36:7540] [django.server:131] [basehttp:log_message] [INFO]- "GET /static/images/plus-white.png HTTP/1.1" 304 0
2016-11-05 15:56:36,013 [Thread-37:6608] [django.server:131] [basehttp:log_message] [INFO]- "GET /static/images/icon-search.png HTTP/1.1" 304 0
2016-11-05 15:56:37,198 [Thread-38:7180] [django.server:131] [basehttp:log_message] [INFO]- "GET /static/images/plus.png HTTP/1.1" 304 0
2016-11-05 15:56:37,834 [Thread-39:7552] [django.server:131] [basehttp:log_message] [WARNING]- "GET /project/ HTTP/1.1" 404 4401
2016-11-05 15:56:39,286 [Thread-40:5736] [django.server:131] [basehttp:log_message] [WARNING]- "GET /project/ HTTP/1.1" 404 4401
2016-11-05 15:56:39,553 [Thread-41:6924] [django.server:131] [basehttp:log_message] [WARNING]- "GET /project/ HTTP/1.1" 404 4401
2016-11-05 15:56:39,650 [Thread-42:6336] [django.server:131] [basehttp:log_message] [WARNING]- "GET /project/ HTTP/1.1" 404 4401
2016-11-05 15:57:25,072 [Thread-44:3568] [django.server:131] [basehttp:log_message] [INFO]- "GET /index/ HTTP/1.1" 200 33723
2016-11-05 15:57:25,207 [Thread-45:2600] [django.server:131] [basehttp:log_message] [INFO]- "GET /static/css/style.default.css HTTP/1.1" 304 0
2016-11-05 15:57:25,221 [Thread-46:6936] [django.server:131] [basehttp:log_message] [INFO]- "GET /static/js/jquery-1.11.1.min.js HTTP/1.1" 304 0
2016-11-05 15:57:25,226 [Thread-47:4480] [django.server:131] [basehttp:log_message] [INFO]- "GET /static/js/jquery-migrate-1.2.1.min.js HTTP/1.1" 304 0
2016-11-05 15:57:25,233 [Thread-48:7060] [django.server:131] [basehttp:log_message] [INFO]- "GET /static/js/jquery-ui-1.10.3.min.js HTTP/1.1" 304 0
2016-11-05 15:57:25,239 [Thread-49:5968] [django.server:131] [basehttp:log_message] [INFO]- "GET /static/js/bootstrap.min.js HTTP/1.1" 304 0
2016-11-05 15:57:25,244 [Thread-50:8020] [django.server:131] [basehttp:log_message] [INFO]- "GET /static/js/modernizr.min.js HTTP/1.1" 304 0
2016-11-05 15:57:25,253 [Thread-51:6592] [django.server:131] [basehttp:log_message] [INFO]- "GET /static/js/jquery.sparkline.min.js HTTP/1.1" 304 0
2016-11-05 15:57:25,259 [Thread-52:1520] [django.server:131] [basehttp:log_message] [INFO]- "GET /static/js/toggles.min.js HTTP/1.1" 304 0
2016-11-05 15:57:25,263 [Thread-53:6420] [django.server:131] [basehttp:log_message] [INFO]- "GET /static/js/retina.min.js HTTP/1.1" 304 0
2016-11-05 15:57:25,265 [Thread-54:7280] [django.server:131] [basehttp:log_message] [INFO]- "GET /static/js/jquery.cookies.js HTTP/1.1" 304 0
2016-11-05 15:57:25,270 [Thread-55:7744] [django.server:131] [basehttp:log_message] [INFO]- "GET /static/js/flot/jquery.flot.min.js HTTP/1.1" 304 0
2016-11-05 15:57:25,273 [Thread-56:5672] [django.server:131] [basehttp:log_message] [INFO]- "GET /static/js/flot/jquery.flot.resize.min.js HTTP/1.1" 304 0
2016-11-05 15:57:25,275 [Thread-57:3492] [django.server:131] [basehttp:log_message] [INFO]- "GET /static/js/flot/jquery.flot.spline.min.js HTTP/1.1" 304 0
2016-11-05 15:57:25,276 [Thread-58:7708] [django.server:131] [basehttp:log_message] [INFO]- "GET /static/js/raphael-2.1.0.min.js HTTP/1.1" 304 0
2016-11-05 15:57:25,279 [Thread-59:4980] [django.server:131] [basehttp:log_message] [INFO]- "GET /static/js/custom.js HTTP/1.1" 304 0
2016-11-05 15:57:25,280 [Thread-60:2384] [django.server:131] [basehttp:log_message] [INFO]- "GET /static/js/Hero.js HTTP/1.1" 304 0
2016-11-05 15:57:25,289 [Thread-61:7980] [django.server:131] [basehttp:log_message] [INFO]- "GET /static/images/photos/loggeduser.png HTTP/1.1" 304 0
2016-11-05 15:57:25,292 [Thread-62:1328] [django.server:131] [basehttp:log_message] [INFO]- "GET /static/images/photos/user1.png HTTP/1.1" 304 0
2016-11-05 15:57:25,296 [Thread-63:7864] [django.server:131] [basehttp:log_message] [INFO]- "GET /static/images/photos/user2.png HTTP/1.1" 304 0
2016-11-05 15:57:25,301 [Thread-64:7148] [django.server:131] [basehttp:log_message] [INFO]- "GET /static/images/photos/user3.png HTTP/1.1" 304 0
2016-11-05 15:57:25,306 [Thread-65:8100] [django.server:131] [basehttp:log_message] [INFO]- "GET /static/images/photos/user4.png HTTP/1.1" 304 0
2016-11-05 15:57:25,308 [Thread-66:2420] [django.server:131] [basehttp:log_message] [INFO]- "GET /static/images/photos/user5.png HTTP/1.1" 304 0
2016-11-05 15:57:25,331 [Thread-67:3608] [django.server:131] [basehttp:log_message] [INFO]- "GET /static/images/photos/userprofile.png HTTP/1.1" 304 0
2016-11-05 15:57:25,565 [Thread-68:7840] [django.server:131] [basehttp:log_message] [INFO]- "GET /static/css/bootstrap.min.css HTTP/1.1" 304 0
2016-11-05 15:57:25,575 [Thread-69:6976] [django.server:131] [basehttp:log_message] [INFO]- "GET /static/css/bootstrap-override.css HTTP/1.1" 304 0
2016-11-05 15:57:25,592 [Thread-70:5628] [django.server:131] [basehttp:log_message] [INFO]- "GET /static/css/weather-icons.min.css HTTP/1.1" 304 0
2016-11-05 15:57:25,614 [Thread-71:2620] [django.server:131] [basehttp:log_message] [INFO]- "GET /static/css/jquery-ui-1.10.3.css HTTP/1.1" 304 0
2016-11-05 15:57:25,622 [Thread-72:4620] [django.server:131] [basehttp:log_message] [INFO]- "GET /static/css/font-awesome.min.css HTTP/1.1" 304 0
2016-11-05 15:57:25,638 [Thread-73:7204] [django.server:131] [basehttp:log_message] [INFO]- "GET /static/css/animate.min.css HTTP/1.1" 304 0
2016-11-05 15:57:25,648 [Thread-74:5760] [django.server:131] [basehttp:log_message] [INFO]- "GET /static/css/animate.delay.css HTTP/1.1" 304 0
2016-11-05 15:57:25,654 [Thread-75:5652] [django.server:131] [basehttp:log_message] [INFO]- "GET /static/css/toggles.css HTTP/1.1" 304 0
2016-11-05 15:57:25,655 [Thread-76:5280] [django.server:131] [basehttp:log_message] [INFO]- "GET /static/css/select2.css HTTP/1.1" 304 0
2016-11-05 15:57:25,657 [Thread-77:7944] [django.server:131] [basehttp:log_message] [INFO]- "GET /static/css/lato.css HTTP/1.1" 304 0
2016-11-05 15:57:25,660 [Thread-78:7888] [django.server:131] [basehttp:log_message] [INFO]- "GET /static/css/roboto.css HTTP/1.1" 304 0
2016-11-05 15:57:25,895 [Thread-79:3188] [django.server:131] [basehttp:log_message] [INFO]- "GET /static/images/plus-white.png HTTP/1.1" 304 0
2016-11-05 15:57:25,901 [Thread-80:4588] [django.server:131] [basehttp:log_message] [INFO]- "GET /static/images/icon-search.png HTTP/1.1" 304 0
2016-11-05 15:57:39,155 [Thread-81:7976] [django.server:131] [basehttp:log_message] [INFO]- "GET /static/images/plus.png HTTP/1.1" 304 0
2016-11-05 15:57:40,321 [Thread-82:7736] [django.server:131] [basehttp:log_message] [WARNING]- "GET /project/ HTTP/1.1" 404 4401
2016-11-05 15:58:41,523 [Thread-84:7688] [django.server:131] [basehttp:log_message] [WARNING]- "GET /project/ HTTP/1.1" 404 4401
2016-11-05 16:00:53,589 [Thread-1:6912] [django.server:131] [basehttp:log_message] [INFO]- "GET /index/ HTTP/1.1" 200 33723
2016-11-05 16:00:53,707 [Thread-2:7292] [django.server:131] [basehttp:log_message] [INFO]- "GET /static/css/style.default.css HTTP/1.1" 304 0
2016-11-05 16:00:53,710 [Thread-3:1176] [django.server:131] [basehttp:log_message] [INFO]- "GET /static/js/jquery-1.11.1.min.js HTTP/1.1" 304 0
2016-11-05 16:00:53,713 [Thread-4:6268] [django.server:131] [basehttp:log_message] [INFO]- "GET /static/js/jquery-migrate-1.2.1.min.js HTTP/1.1" 304 0
2016-11-05 16:00:53,717 [Thread-5:5028] [django.server:131] [basehttp:log_message] [INFO]- "GET /static/js/jquery-ui-1.10.3.min.js HTTP/1.1" 304 0
2016-11-05 16:00:53,720 [Thread-6:6716] [django.server:131] [basehttp:log_message] [INFO]- "GET /static/js/bootstrap.min.js HTTP/1.1" 304 0
2016-11-05 16:00:53,724 [Thread-7:6968] [django.server:131] [basehttp:log_message] [INFO]- "GET /static/js/modernizr.min.js HTTP/1.1" 304 0
2016-11-05 16:00:53,727 [Thread-8:5940] [django.server:131] [basehttp:log_message] [INFO]- "GET /static/js/jquery.sparkline.min.js HTTP/1.1" 304 0
2016-11-05 16:00:53,732 [Thread-9:1092] [django.server:131] [basehttp:log_message] [INFO]- "GET /static/js/toggles.min.js HTTP/1.1" 304 0
2016-11-05 16:00:53,734 [Thread-10:7956] [django.server:131] [basehttp:log_message] [INFO]- "GET /static/js/retina.min.js HTTP/1.1" 304 0
2016-11-05 16:00:53,740 [Thread-11:3128] [django.server:131] [basehttp:log_message] [INFO]- "GET /static/js/jquery.cookies.js HTTP/1.1" 304 0
2016-11-05 16:00:53,743 [Thread-12:5468] [django.server:131] [basehttp:log_message] [INFO]- "GET /static/js/flot/jquery.flot.min.js HTTP/1.1" 304 0
2016-11-05 16:00:53,753 [Thread-13:5752] [django.server:131] [basehttp:log_message] [INFO]- "GET /static/js/flot/jquery.flot.resize.min.js HTTP/1.1" 304 0
2016-11-05 16:00:53,756 [Thread-14:4360] [django.server:131] [basehttp:log_message] [INFO]- "GET /static/js/flot/jquery.flot.spline.min.js HTTP/1.1" 304 0
2016-11-05 16:00:53,759 [Thread-15:7972] [django.server:131] [basehttp:log_message] [INFO]- "GET /static/js/raphael-2.1.0.min.js HTTP/1.1" 304 0
2016-11-05 16:00:53,762 [Thread-16:1620] [django.server:131] [basehttp:log_message] [INFO]- "GET /static/js/custom.js HTTP/1.1" 304 0
2016-11-05 16:00:53,782 [Thread-18:1820] [django.server:131] [basehttp:log_message] [INFO]- "GET /static/images/photos/loggeduser.png HTTP/1.1" 304 0
2016-11-05 16:00:53,796 [Thread-19:7364] [django.server:131] [basehttp:log_message] [INFO]- "GET /static/images/photos/user1.png HTTP/1.1" 304 0
2016-11-05 16:00:53,811 [Thread-20:5692] [django.server:131] [basehttp:log_message] [INFO]- "GET /static/images/photos/user2.png HTTP/1.1" 304 0
2016-11-05 16:00:53,812 [Thread-21:7824] [django.server:131] [basehttp:log_message] [INFO]- "GET /static/images/photos/user3.png HTTP/1.1" 304 0
2016-11-05 16:00:53,816 [Thread-22:7872] [django.server:131] [basehttp:log_message] [INFO]- "GET /static/images/photos/user4.png HTTP/1.1" 304 0
2016-11-05 16:00:53,819 [Thread-23:6000] [django.server:131] [basehttp:log_message] [INFO]- "GET /static/images/photos/user5.png HTTP/1.1" 304 0
2016-11-05 16:00:53,832 [Thread-24:5660] [django.server:131] [basehttp:log_message] [INFO]- "GET /static/images/photos/userprofile.png HTTP/1.1" 304 0
2016-11-05 16:00:54,063 [Thread-25:5236] [django.server:131] [basehttp:log_message] [INFO]- "GET /static/css/bootstrap.min.css HTTP/1.1" 304 0
2016-11-05 16:00:54,079 [Thread-26:976] [django.server:131] [basehttp:log_message] [INFO]- "GET /static/css/bootstrap-override.css HTTP/1.1" 304 0
2016-11-05 16:00:54,084 [Thread-27:5124] [django.server:131] [basehttp:log_message] [INFO]- "GET /static/css/weather-icons.min.css HTTP/1.1" 304 0
2016-11-05 16:00:54,088 [Thread-28:7408] [django.server:131] [basehttp:log_message] [INFO]- "GET /static/css/jquery-ui-1.10.3.css HTTP/1.1" 304 0
2016-11-05 16:00:54,094 [Thread-29:7832] [django.server:131] [basehttp:log_message] [INFO]- "GET /static/css/font-awesome.min.css HTTP/1.1" 304 0
2016-11-05 16:00:54,095 [Thread-30:7488] [django.server:131] [basehttp:log_message] [INFO]- "GET /static/css/animate.min.css HTTP/1.1" 304 0
2016-11-05 16:00:54,102 [Thread-31:3372] [django.server:131] [basehttp:log_message] [INFO]- "GET /static/css/animate.delay.css HTTP/1.1" 304 0
2016-11-05 16:00:54,105 [Thread-32:7376] [django.server:131] [basehttp:log_message] [INFO]- "GET /static/css/toggles.css HTTP/1.1" 304 0
2016-11-05 16:00:54,109 [Thread-33:7392] [django.server:131] [basehttp:log_message] [INFO]- "GET /static/css/select2.css HTTP/1.1" 304 0
2016-11-05 16:00:54,115 [Thread-34:6064] [django.server:131] [basehttp:log_message] [INFO]- "GET /static/css/lato.css HTTP/1.1" 304 0
2016-11-05 16:00:54,115 [Thread-35:7784] [django.server:131] [basehttp:log_message] [INFO]- "GET /static/css/roboto.css HTTP/1.1" 304 0
2016-11-05 16:00:54,219 [Thread-17:7084] [django.server:131] [basehttp:log_message] [INFO]- "GET /static/js/Hero.js HTTP/1.1" 200 16276
2016-11-05 16:00:54,384 [Thread-36:7732] [django.server:131] [basehttp:log_message] [INFO]- "GET /static/images/plus-white.png HTTP/1.1" 304 0
2016-11-05 16:00:54,391 [Thread-37:6628] [django.server:131] [basehttp:log_message] [INFO]- "GET /static/images/icon-search.png HTTP/1.1" 304 0
2016-11-05 16:00:57,855 [Thread-38:7464] [django.server:131] [basehttp:log_message] [WARNING]- "GET /project/ HTTP/1.1" 404 4401
2016-11-05 16:00:58,316 [Thread-39:5256] [django.server:131] [basehttp:log_message] [INFO]- "GET /static/images/plus.png HTTP/1.1" 304 0
2016-11-05 16:02:31,816 [Thread-40:7144] [django.server:131] [basehttp:log_message] [INFO]- "GET /index/ HTTP/1.1" 200 33723
2016-11-05 16:02:32,061 [Thread-41:3940] [django.server:131] [basehttp:log_message] [INFO]- "GET /static/css/style.default.css HTTP/1.1" 304 0
2016-11-05 16:02:32,076 [Thread-42:7552] [django.server:131] [basehttp:log_message] [INFO]- "GET /static/js/jquery-1.11.1.min.js HTTP/1.1" 304 0
2016-11-05 16:02:32,079 [Thread-43:8032] [django.server:131] [basehttp:log_message] [INFO]- "GET /static/js/jquery-migrate-1.2.1.min.js HTTP/1.1" 304 0
2016-11-05 16:02:32,095 [Thread-44:5632] [django.server:131] [basehttp:log_message] [INFO]- "GET /static/js/jquery-ui-1.10.3.min.js HTTP/1.1" 304 0
2016-11-05 16:02:32,098 [Thread-45:7336] [django.server:131] [basehttp:log_message] [INFO]- "GET /static/js/bootstrap.min.js HTTP/1.1" 304 0
2016-11-05 16:02:32,105 [Thread-46:8108] [django.server:131] [basehttp:log_message] [INFO]- "GET /static/js/modernizr.min.js HTTP/1.1" 304 0
2016-11-05 16:02:32,109 [Thread-47:5736] [django.server:131] [basehttp:log_message] [INFO]- "GET /static/js/jquery.sparkline.min.js HTTP/1.1" 304 0
2016-11-05 16:02:32,111 [Thread-48:6924] [django.server:131] [basehttp:log_message] [INFO]- "GET /static/js/toggles.min.js HTTP/1.1" 304 0
2016-11-05 16:02:32,115 [Thread-49:6336] [django.server:131] [basehttp:log_message] [INFO]- "GET /static/js/retina.min.js HTTP/1.1" 304 0
2016-11-05 16:02:32,122 [Thread-50:6772] [django.server:131] [basehttp:log_message] [INFO]- "GET /static/js/jquery.cookies.js HTTP/1.1" 304 0
2016-11-05 16:02:32,130 [Thread-51:7416] [django.server:131] [basehttp:log_message] [INFO]- "GET /static/js/flot/jquery.flot.min.js HTTP/1.1" 304 0
2016-11-05 16:02:32,132 [Thread-52:1676] [django.server:131] [basehttp:log_message] [INFO]- "GET /static/js/flot/jquery.flot.resize.min.js HTTP/1.1" 304 0
2016-11-05 16:02:32,135 [Thread-53:7760] [django.server:131] [basehttp:log_message] [INFO]- "GET /static/js/flot/jquery.flot.spline.min.js HTTP/1.1" 304 0
2016-11-05 16:02:32,138 [Thread-54:6652] [django.server:131] [basehttp:log_message] [INFO]- "GET /static/js/raphael-2.1.0.min.js HTTP/1.1" 304 0
2016-11-05 16:02:32,142 [Thread-55:5488] [django.server:131] [basehttp:log_message] [INFO]- "GET /static/js/custom.js HTTP/1.1" 304 0
2016-11-05 16:02:32,148 [Thread-56:7116] [django.server:131] [basehttp:log_message] [INFO]- "GET /static/js/Hero.js HTTP/1.1" 200 16297
2016-11-05 16:02:32,151 [Thread-57:7952] [django.server:131] [basehttp:log_message] [INFO]- "GET /static/images/photos/loggeduser.png HTTP/1.1" 304 0
2016-11-05 16:02:32,154 [Thread-58:6864] [django.server:131] [basehttp:log_message] [INFO]- "GET /static/images/photos/user1.png HTTP/1.1" 304 0
2016-11-05 16:02:32,157 [Thread-59:7228] [django.server:131] [basehttp:log_message] [INFO]- "GET /static/images/photos/user2.png HTTP/1.1" 304 0
2016-11-05 16:02:32,157 [Thread-60:7612] [django.server:131] [basehttp:log_message] [INFO]- "GET /static/images/photos/user3.png HTTP/1.1" 304 0
2016-11-05 16:02:32,168 [Thread-61:5496] [django.server:131] [basehttp:log_message] [INFO]- "GET /static/images/photos/user4.png HTTP/1.1" 304 0
2016-11-05 16:02:32,170 [Thread-62:6872] [django.server:131] [basehttp:log_message] [INFO]- "GET /static/images/photos/user5.png HTTP/1.1" 304 0
2016-11-05 16:02:32,184 [Thread-63:7800] [django.server:131] [basehttp:log_message] [INFO]- "GET /static/images/photos/userprofile.png HTTP/1.1" 304 0
2016-11-05 16:02:32,381 [Thread-64:5444] [django.server:131] [basehttp:log_message] [INFO]- "GET /static/css/bootstrap.min.css HTTP/1.1" 304 0
2016-11-05 16:02:32,394 [Thread-65:7192] [django.server:131] [basehttp:log_message] [INFO]- "GET /static/css/bootstrap-override.css HTTP/1.1" 304 0
2016-11-05 16:02:32,394 [Thread-66:3348] [django.server:131] [basehttp:log_message] [INFO]- "GET /static/css/weather-icons.min.css HTTP/1.1" 304 0
2016-11-05 16:02:32,404 [Thread-67:7196] [django.server:131] [basehttp:log_message] [INFO]- "GET /static/css/jquery-ui-1.10.3.css HTTP/1.1" 304 0
2016-11-05 16:02:32,407 [Thread-68:4476] [django.server:131] [basehttp:log_message] [INFO]- "GET /static/css/font-awesome.min.css HTTP/1.1" 304 0
2016-11-05 16:02:32,411 [Thread-69:8096] [django.server:131] [basehttp:log_message] [INFO]- "GET /static/css/animate.min.css HTTP/1.1" 304 0
2016-11-05 16:02:32,417 [Thread-70:6784] [django.server:131] [basehttp:log_message] [INFO]- "GET /static/css/animate.delay.css HTTP/1.1" 304 0
2016-11-05 16:02:32,417 [Thread-71:7528] [django.server:131] [basehttp:log_message] [INFO]- "GET /static/css/toggles.css HTTP/1.1" 304 0
2016-11-05 16:02:32,421 [Thread-72:8052] [django.server:131] [basehttp:log_message] [INFO]- "GET /static/css/select2.css HTTP/1.1" 304 0
2016-11-05 16:02:32,421 [Thread-73:3056] [django.server:131] [basehttp:log_message] [INFO]- "GET /static/css/lato.css HTTP/1.1" 304 0
2016-11-05 16:02:32,424 [Thread-74:6800] [django.server:131] [basehttp:log_message] [INFO]- "GET /static/css/roboto.css HTTP/1.1" 304 0
2016-11-05 16:02:32,765 [Thread-75:864] [django.server:131] [basehttp:log_message] [INFO]- "GET /static/images/plus-white.png HTTP/1.1" 304 0
2016-11-05 16:02:32,767 [Thread-76:6940] [django.server:131] [basehttp:log_message] [INFO]- "GET /static/images/icon-search.png HTTP/1.1" 304 0
2016-11-05 16:02:35,569 [Thread-77:8172] [django.server:131] [basehttp:log_message] [INFO]- "GET /static/images/plus.png HTTP/1.1" 304 0
2016-11-05 16:02:36,216 [Thread-78:7016] [django.server:131] [basehttp:log_message] [WARNING]- "GET /project/ HTTP/1.1" 404 4401
2016-11-05 16:02:47,816 [Thread-80:7620] [django.server:131] [basehttp:log_message] [INFO]- "GET /static/images/minus.png HTTP/1.1" 304 0
2016-11-05 16:02:49,016 [Thread-81:7220] [django.server:131] [basehttp:log_message] [INFO]- "GET /element/?pro_id=1 HTTP/1.1" 200 13987
2016-11-05 16:02:49,045 [Thread-82:2600] [django.server:131] [basehttp:log_message] [INFO]- "GET /static/js/jquery-1.11.1.min.js?_=1478332952799 HTTP/1.1" 200 95789
2016-11-05 16:02:49,130 [Thread-83:4480] [django.server:131] [basehttp:log_message] [INFO]- "GET /static/js/bootstrap.min.js?_=1478332952800 HTTP/1.1" 200 31823
2016-11-05 16:02:49,325 [Thread-84:5968] [django.server:131] [basehttp:log_message] [INFO]- "GET /static/js/jquery.datatables.min.js?_=1478332952801 HTTP/1.1" 200 77503
2016-11-05 16:02:50,052 [Thread-85:8020] [django.server:131] [basehttp:log_message] [INFO]- "GET /static/images/sort_both.png HTTP/1.1" 304 0
2016-11-05 16:02:50,055 [Thread-86:6592] [django.server:131] [basehttp:log_message] [INFO]- "GET /static/images/sort_asc.png HTTP/1.1" 304 0
2016-11-05 16:02:59,789 [Thread-88:7148] [django.server:131] [basehttp:log_message] [INFO]- "GET /case_list/?pro_id=1 HTTP/1.1" 200 11414
2016-11-05 16:02:59,828 [Thread-89:2420] [django.server:131] [basehttp:log_message] [INFO]- "GET /static/js/jquery-1.11.1.min.js?_=1478332969119 HTTP/1.1" 200 95789
2016-11-05 16:02:59,881 [Thread-90:5628] [django.server:131] [basehttp:log_message] [INFO]- "GET /static/js/bootstrap.min.js?_=1478332969120 HTTP/1.1" 200 31823
2016-11-05 16:02:59,898 [Thread-91:7856] [django.server:131] [basehttp:log_message] [INFO]- "GET /static/js/jquery.datatables.min.js?_=1478332969121 HTTP/1.1" 200 77503
2016-11-05 16:03:02,045 [Thread-92:7500] [django.server:131] [basehttp:log_message] [INFO]- "GET /scenario_list/?pro_id=1 HTTP/1.1" 200 2507
2016-11-05 16:03:02,111 [Thread-93:3716] [django.server:131] [basehttp:log_message] [INFO]- "GET /static/js/jquery-1.11.1.min.js?_=1478332979870 HTTP/1.1" 200 95789
2016-11-05 16:03:02,176 [Thread-94:7068] [django.server:131] [basehttp:log_message] [INFO]- "GET /static/js/bootstrap.min.js?_=1478332979871 HTTP/1.1" 200 31823
2016-11-05 16:03:02,200 [Thread-95:3736] [django.server:131] [basehttp:log_message] [INFO]- "GET /static/js/jquery.datatables.min.js?_=1478332979872 HTTP/1.1" 200 77503
2016-11-05 16:03:05,711 [Thread-96:7420] [django.server:131] [basehttp:log_message] [INFO]- "GET /element/?pro_id=1 HTTP/1.1" 200 13987
2016-11-05 16:03:05,772 [Thread-97:6296] [django.server:131] [basehttp:log_message] [INFO]- "GET /static/js/jquery-1.11.1.min.js?_=1478332982161 HTTP/1.1" 200 95789
2016-11-05 16:03:05,864 [Thread-98:5652] [django.server:131] [basehttp:log_message] [INFO]- "GET /static/js/bootstrap.min.js?_=1478332982162 HTTP/1.1" 200 31823
2016-11-05 16:03:05,898 [Thread-99:5800] [django.server:131] [basehttp:log_message] [INFO]- "GET /static/js/jquery.datatables.min.js?_=1478332982163 HTTP/1.1" 200 77503
2016-11-05 16:03:07,089 [Thread-100:5280] [django.server:131] [basehttp:log_message] [INFO]- "GET /case_list/?pro_id=1 HTTP/1.1" 200 11414
2016-11-05 16:03:07,230 [Thread-101:7988] [django.server:131] [basehttp:log_message] [INFO]- "GET /static/js/jquery-1.11.1.min.js?_=1478332985847 HTTP/1.1" 200 95789
2016-11-05 16:03:07,296 [Thread-102:540] [django.server:131] [basehttp:log_message] [INFO]- "GET /static/js/bootstrap.min.js?_=1478332985848 HTTP/1.1" 200 31823
2016-11-05 16:03:07,326 [Thread-103:8144] [django.server:131] [basehttp:log_message] [INFO]- "GET /static/js/jquery.datatables.min.js?_=1478332985849 HTTP/1.1" 200 77503
2016-11-05 16:03:09,012 [Thread-104:6192] [django.server:131] [basehttp:log_message] [INFO]- "GET /scenario_list/?pro_id=2 HTTP/1.1" 200 1508
2016-11-05 16:03:09,105 [Thread-105:5372] [django.server:131] [basehttp:log_message] [INFO]- "GET /static/js/jquery-1.11.1.min.js?_=1478332987283 HTTP/1.1" 200 95789
2016-11-05 16:03:09,151 [Thread-106:7484] [django.server:131] [basehttp:log_message] [INFO]- "GET /static/js/bootstrap.min.js?_=1478332987284 HTTP/1.1" 200 31823
2016-11-05 16:03:09,171 [Thread-107:7656] [django.server:131] [basehttp:log_message] [INFO]- "GET /static/js/jquery.datatables.min.js?_=1478332987285 HTTP/1.1" 200 77503
2016-11-05 16:04:00,375 [Thread-108:6556] [django.server:131] [basehttp:log_message] [INFO]- "GET /case_list/?pro_id=2 HTTP/1.1" 200 1561
2016-11-05 16:04:00,444 [Thread-109:4080] [django.server:131] [basehttp:log_message] [INFO]- "GET /static/js/jquery-1.11.1.min.js?_=1478332989140 HTTP/1.1" 200 95789
2016-11-05 16:04:00,509 [Thread-110:7780] [django.server:131] [basehttp:log_message] [INFO]- "GET /static/js/bootstrap.min.js?_=1478332989141 HTTP/1.1" 200 31823
2016-11-05 16:04:00,526 [Thread-111:4588] [django.server:131] [basehttp:log_message] [INFO]- "GET /static/js/jquery.datatables.min.js?_=1478332989142 HTTP/1.1" 200 77503
2016-11-05 16:04:02,069 [Thread-112:7004] [django.server:131] [basehttp:log_message] [INFO]- "GET /scenario_list/?pro_id=2 HTTP/1.1" 200 1508
2016-11-05 16:04:02,158 [Thread-113:6560] [django.server:131] [basehttp:log_message] [INFO]- "GET /static/js/jquery-1.11.1.min.js?_=1478333040488 HTTP/1.1" 200 95789
2016-11-05 16:04:02,213 [Thread-114:5792] [django.server:131] [basehttp:log_message] [INFO]- "GET /static/js/bootstrap.min.js?_=1478333040489 HTTP/1.1" 200 31823
2016-11-05 16:04:02,230 [Thread-115:6020] [django.server:131] [basehttp:log_message] [INFO]- "GET /static/js/jquery.datatables.min.js?_=1478333040490 HTTP/1.1" 200 77503
2016-11-05 16:04:22,203 [Thread-116:1248] [django.server:131] [basehttp:log_message] [INFO]- "GET /index/ HTTP/1.1" 200 33723
2016-11-05 16:04:22,263 [Thread-117:6964] [django.server:131] [basehttp:log_message] [INFO]- "GET /static/css/style.default.css HTTP/1.1" 304 0
2016-11-05 16:04:22,288 [Thread-118:7460] [django.server:131] [basehttp:log_message] [INFO]- "GET /static/js/modernizr.min.js HTTP/1.1" 304 0
2016-11-05 16:04:22,296 [Thread-119:5904] [django.server:131] [basehttp:log_message] [INFO]- "GET /static/js/bootstrap.min.js HTTP/1.1" 304 0
2016-11-05 16:04:22,302 [Thread-120:6944] [django.server:131] [basehttp:log_message] [INFO]- "GET /static/js/jquery-ui-1.10.3.min.js HTTP/1.1" 304 0
2016-11-05 16:04:22,309 [Thread-121:7692] [django.server:131] [basehttp:log_message] [INFO]- "GET /static/js/jquery-migrate-1.2.1.min.js HTTP/1.1" 304 0
2016-11-05 16:04:22,312 [Thread-122:6484] [django.server:131] [basehttp:log_message] [INFO]- "GET /static/js/jquery-1.11.1.min.js HTTP/1.1" 304 0
2016-11-05 16:04:22,319 [Thread-123:7876] [django.server:131] [basehttp:log_message] [INFO]- "GET /static/js/jquery.sparkline.min.js HTTP/1.1" 304 0
2016-11-05 16:04:22,329 [Thread-124:6224] [django.server:131] [basehttp:log_message] [INFO]- "GET /static/js/toggles.min.js HTTP/1.1" 304 0
2016-11-05 16:04:22,335 [Thread-125:1028] [django.server:131] [basehttp:log_message] [INFO]- "GET /static/js/retina.min.js HTTP/1.1" 304 0
2016-11-05 16:04:22,342 [Thread-126:7680] [django.server:131] [basehttp:log_message] [INFO]- "GET /static/js/jquery.cookies.js HTTP/1.1" 304 0
2016-11-05 16:04:22,344 [Thread-127:7356] [django.server:131] [basehttp:log_message] [INFO]- "GET /static/js/flot/jquery.flot.min.js HTTP/1.1" 304 0
2016-11-05 16:04:22,367 [Thread-128:436] [django.server:131] [basehttp:log_message] [INFO]- "GET /static/js/flot/jquery.flot.resize.min.js HTTP/1.1" 304 0
2016-11-05 16:04:22,371 [Thread-129:7312] [django.server:131] [basehttp:log_message] [INFO]- "GET /static/js/flot/jquery.flot.spline.min.js HTTP/1.1" 304 0
2016-11-05 16:04:22,378 [Thread-130:6608] [django.server:131] [basehttp:log_message] [INFO]- "GET /static/js/raphael-2.1.0.min.js HTTP/1.1" 304 0
2016-11-05 16:04:22,380 [Thread-131:6816] [django.server:131] [basehttp:log_message] [INFO]- "GET /static/js/custom.js HTTP/1.1" 304 0
2016-11-05 16:04:22,388 [Thread-133:7232] [django.server:131] [basehttp:log_message] [INFO]- "GET /static/images/photos/loggeduser.png HTTP/1.1" 304 0
2016-11-05 16:04:22,391 [Thread-132:7548] [django.server:131] [basehttp:log_message] [INFO]- "GET /static/js/Hero.js HTTP/1.1" 200 16296
2016-11-05 16:04:22,394 [Thread-134:7848] [django.server:131] [basehttp:log_message] [INFO]- "GET /static/images/photos/user1.png HTTP/1.1" 304 0
2016-11-05 16:04:22,397 [Thread-135:8024] [django.server:131] [basehttp:log_message] [INFO]- "GET /static/images/photos/user2.png HTTP/1.1" 304 0
2016-11-05 16:04:22,401 [Thread-136:7396] [django.server:131] [basehttp:log_message] [INFO]- "GET /static/images/photos/user3.png HTTP/1.1" 304 0
2016-11-05 16:04:22,403 [Thread-137:7920] [django.server:131] [basehttp:log_message] [INFO]- "GET /static/images/photos/user4.png HTTP/1.1" 304 0
2016-11-05 16:04:22,404 [Thread-138:7688] [django.server:131] [basehttp:log_message] [INFO]- "GET /static/images/photos/user5.png HTTP/1.1" 304 0
2016-11-05 16:04:22,405 [Thread-139:7480] [django.server:131] [basehttp:log_message] [INFO]- "GET /static/images/photos/userprofile.png HTTP/1.1" 304 0
2016-11-05 16:04:22,506 [Thread-140:980] [django.server:131] [basehttp:log_message] [INFO]- "GET /static/css/bootstrap.min.css HTTP/1.1" 304 0
2016-11-05 16:04:22,516 [Thread-141:4032] [django.server:131] [basehttp:log_message] [INFO]- "GET /static/css/weather-icons.min.css HTTP/1.1" 304 0
2016-11-05 16:04:22,536 [Thread-142:7224] [django.server:131] [basehttp:log_message] [INFO]- "GET /static/css/bootstrap-override.css HTTP/1.1" 304 0
2016-11-05 16:04:22,539 [Thread-143:7400] [django.server:131] [basehttp:log_message] [INFO]- "GET /static/css/jquery-ui-1.10.3.css HTTP/1.1" 304 0
2016-11-05 16:04:22,546 [Thread-144:5132] [django.server:131] [basehttp:log_message] [INFO]- "GET /static/css/font-awesome.min.css HTTP/1.1" 304 0
2016-11-05 16:04:22,551 [Thread-145:8008] [django.server:131] [basehttp:log_message] [INFO]- "GET /static/css/animate.min.css HTTP/1.1" 304 0
2016-11-05 16:04:22,553 [Thread-146:6380] [django.server:131] [basehttp:log_message] [INFO]- "GET /static/css/animate.delay.css HTTP/1.1" 304 0
2016-11-05 16:04:22,558 [Thread-147:7644] [django.server:131] [basehttp:log_message] [INFO]- "GET /static/css/toggles.css HTTP/1.1" 304 0
2016-11-05 16:04:22,569 [Thread-148:7424] [django.server:131] [basehttp:log_message] [INFO]- "GET /static/css/select2.css HTTP/1.1" 304 0
2016-11-05 16:04:22,571 [Thread-149:7684] [django.server:131] [basehttp:log_message] [INFO]- "GET /static/css/lato.css HTTP/1.1" 304 0
2016-11-05 16:04:22,573 [Thread-150:7664] [django.server:131] [basehttp:log_message] [INFO]- "GET /static/css/roboto.css HTTP/1.1" 304 0
2016-11-05 16:04:22,604 [Thread-151:8016] [django.server:131] [basehttp:log_message] [INFO]- "GET /static/images/plus-white.png HTTP/1.1" 304 0
2016-11-05 16:04:22,609 [Thread-152:5864] [django.server:131] [basehttp:log_message] [INFO]- "GET /static/images/icon-search.png HTTP/1.1" 304 0
2016-11-05 16:04:24,201 [Thread-153:8048] [django.server:131] [basehttp:log_message] [INFO]- "GET /static/images/plus.png HTTP/1.1" 304 0
2016-11-05 16:04:24,726 [Thread-154:5900] [django.server:131] [basehttp:log_message] [WARNING]- "GET /project HTTP/1.1" 404 4398
2016-11-05 16:04:26,789 [Thread-155:7964] [django.server:131] [basehttp:log_message] [WARNING]- "GET /project HTTP/1.1" 404 4398
2016-11-05 16:04:27,002 [Thread-156:7316] [django.server:131] [basehttp:log_message] [WARNING]- "GET /project HTTP/1.1" 404 4398
2016-11-05 16:04:27,177 [Thread-157:5208] [django.server:131] [basehttp:log_message] [WARNING]- "GET /project HTTP/1.1" 404 4398
2016-11-05 16:04:29,221 [Thread-158:7064] [django.server:131] [basehttp:log_message] [WARNING]- "GET /project HTTP/1.1" 404 4398
2016-11-05 16:04:35,539 [Thread-1:8148] [django.server:131] [basehttp:log_message] [INFO]- "GET /index/ HTTP/1.1" 200 33723
2016-11-05 16:04:35,575 [Thread-2:7144] [django.server:131] [basehttp:log_message] [INFO]- "GET /static/css/style.default.css HTTP/1.1" 304 0
2016-11-05 16:04:35,578 [Thread-3:3940] [django.server:131] [basehttp:log_message] [INFO]- "GET /static/js/jquery-1.11.1.min.js HTTP/1.1" 304 0
2016-11-05 16:04:35,582 [Thread-4:7552] [django.server:131] [basehttp:log_message] [INFO]- "GET /static/js/jquery-migrate-1.2.1.min.js HTTP/1.1" 304 0
2016-11-05 16:04:35,585 [Thread-5:8032] [django.server:131] [basehttp:log_message] [INFO]- "GET /static/js/jquery-ui-1.10.3.min.js HTTP/1.1" 304 0
2016-11-05 16:04:35,589 [Thread-6:5632] [django.server:131] [basehttp:log_message] [INFO]- "GET /static/js/bootstrap.min.js HTTP/1.1" 304 0
2016-11-05 16:04:35,595 [Thread-7:7336] [django.server:131] [basehttp:log_message] [INFO]- "GET /static/js/modernizr.min.js HTTP/1.1" 304 0
2016-11-05 16:04:35,605 [Thread-8:8108] [django.server:131] [basehttp:log_message] [INFO]- "GET /static/js/jquery.sparkline.min.js HTTP/1.1" 304 0
2016-11-05 16:04:35,611 [Thread-9:6416] [django.server:131] [basehttp:log_message] [INFO]- "GET /static/js/toggles.min.js HTTP/1.1" 304 0
2016-11-05 16:04:35,618 [Thread-10:5736] [django.server:131] [basehttp:log_message] [INFO]- "GET /static/js/retina.min.js HTTP/1.1" 304 0
2016-11-05 16:04:35,622 [Thread-11:6924] [django.server:131] [basehttp:log_message] [INFO]- "GET /static/js/jquery.cookies.js HTTP/1.1" 304 0
2016-11-05 16:04:35,625 [Thread-12:6336] [django.server:131] [basehttp:log_message] [INFO]- "GET /static/js/flot/jquery.flot.min.js HTTP/1.1" 304 0
2016-11-05 16:04:35,628 [Thread-13:6772] [django.server:131] [basehttp:log_message] [INFO]- "GET /static/js/flot/jquery.flot.resize.min.js HTTP/1.1" 304 0
2016-11-05 16:04:35,631 [Thread-14:7416] [django.server:131] [basehttp:log_message] [INFO]- "GET /static/js/flot/jquery.flot.spline.min.js HTTP/1.1" 304 0
2016-11-05 16:04:35,638 [Thread-15:1676] [django.server:131] [basehttp:log_message] [INFO]- "GET /static/js/raphael-2.1.0.min.js HTTP/1.1" 304 0
2016-11-05 16:04:35,641 [Thread-16:7760] [django.server:131] [basehttp:log_message] [INFO]- "GET /static/js/custom.js HTTP/1.1" 304 0
2016-11-05 16:04:35,641 [Thread-17:6652] [django.server:131] [basehttp:log_message] [INFO]- "GET /static/js/Hero.js HTTP/1.1" 304 0
2016-11-05 16:04:35,655 [Thread-18:7116] [django.server:131] [basehttp:log_message] [INFO]- "GET /static/images/photos/loggeduser.png HTTP/1.1" 304 0
2016-11-05 16:04:35,661 [Thread-19:7952] [django.server:131] [basehttp:log_message] [INFO]- "GET /static/images/photos/user1.png HTTP/1.1" 304 0
2016-11-05 16:04:35,664 [Thread-20:6864] [django.server:131] [basehttp:log_message] [INFO]- "GET /static/images/photos/user2.png HTTP/1.1" 304 0
2016-11-05 16:04:35,667 [Thread-21:7228] [django.server:131] [basehttp:log_message] [INFO]- "GET /static/images/photos/user3.png HTTP/1.1" 304 0
2016-11-05 16:04:35,671 [Thread-22:7612] [django.server:131] [basehttp:log_message] [INFO]- "GET /static/images/photos/user4.png HTTP/1.1" 304 0
2016-11-05 16:04:35,674 [Thread-23:5496] [django.server:131] [basehttp:log_message] [INFO]- "GET /static/images/photos/user5.png HTTP/1.1" 304 0
2016-11-05 16:04:35,694 [Thread-24:6872] [django.server:131] [basehttp:log_message] [INFO]- "GET /static/images/photos/userprofile.png HTTP/1.1" 304 0
2016-11-05 16:04:35,796 [Thread-25:7800] [django.server:131] [basehttp:log_message] [INFO]- "GET /static/css/bootstrap.min.css HTTP/1.1" 304 0
2016-11-05 16:04:35,802 [Thread-27:3348] [django.server:131] [basehttp:log_message] [INFO]- "GET /static/css/weather-icons.min.css HTTP/1.1" 304 0
2016-11-05 16:04:35,802 [Thread-26:5444] [django.server:131] [basehttp:log_message] [INFO]- "GET /static/css/bootstrap-override.css HTTP/1.1" 304 0
2016-11-05 16:04:35,818 [Thread-28:7192] [django.server:131] [basehttp:log_message] [INFO]- "GET /static/css/jquery-ui-1.10.3.css HTTP/1.1" 304 0
2016-11-05 16:04:35,826 [Thread-29:7196] [django.server:131] [basehttp:log_message] [INFO]- "GET /static/css/font-awesome.min.css HTTP/1.1" 304 0
2016-11-05 16:04:35,828 [Thread-30:4476] [django.server:131] [basehttp:log_message] [INFO]- "GET /static/css/animate.min.css HTTP/1.1" 304 0
2016-11-05 16:04:35,842 [Thread-31:8096] [django.server:131] [basehttp:log_message] [INFO]- "GET /static/css/animate.delay.css HTTP/1.1" 304 0
2016-11-05 16:04:35,845 [Thread-32:6784] [django.server:131] [basehttp:log_message] [INFO]- "GET /static/css/toggles.css HTTP/1.1" 304 0
2016-11-05 16:04:35,846 [Thread-33:7528] [django.server:131] [basehttp:log_message] [INFO]- "GET /static/css/select2.css HTTP/1.1" 304 0
2016-11-05 16:04:35,849 [Thread-34:8052] [django.server:131] [basehttp:log_message] [INFO]- "GET /static/css/lato.css HTTP/1.1" 304 0
2016-11-05 16:04:35,851 [Thread-35:3056] [django.server:131] [basehttp:log_message] [INFO]- "GET /static/css/roboto.css HTTP/1.1" 304 0
2016-11-05 16:04:35,874 [Thread-36:6800] [django.server:131] [basehttp:log_message] [INFO]- "GET /static/images/plus-white.png HTTP/1.1" 304 0
2016-11-05 16:04:35,878 [Thread-37:864] [django.server:131] [basehttp:log_message] [INFO]- "GET /static/images/icon-search.png HTTP/1.1" 304 0
2016-11-05 16:04:37,288 [Thread-38:8172] [django.server:131] [basehttp:log_message] [INFO]- "GET /static/images/plus.png HTTP/1.1" 304 0
2016-11-05 16:04:37,871 [Thread-39:5588] [django.server:131] [basehttp:log_message] [WARNING]- "GET /project HTTP/1.1" 404 4398
2016-11-05 16:11:11,589 [Thread-1:6652] [django.server:131] [basehttp:log_message] [INFO]- "GET /index/ HTTP/1.1" 200 33730
2016-11-05 16:11:11,674 [Thread-2:5496] [django.server:131] [basehttp:log_message] [INFO]- "GET /static/css/style.default.css HTTP/1.1" 304 0
2016-11-05 16:11:11,677 [Thread-3:6872] [django.server:131] [basehttp:log_message] [INFO]- "GET /static/js/jquery-1.11.1.min.js HTTP/1.1" 304 0
2016-11-05 16:11:11,680 [Thread-4:7800] [django.server:131] [basehttp:log_message] [INFO]- "GET /static/js/jquery-migrate-1.2.1.min.js HTTP/1.1" 304 0
2016-11-05 16:11:11,684 [Thread-5:3348] [django.server:131] [basehttp:log_message] [INFO]- "GET /static/js/jquery-ui-1.10.3.min.js HTTP/1.1" 304 0
2016-11-05 16:11:11,687 [Thread-6:4268] [django.server:131] [basehttp:log_message] [INFO]- "GET /static/js/bootstrap.min.js HTTP/1.1" 304 0
2016-11-05 16:11:11,696 [Thread-7:7196] [django.server:131] [basehttp:log_message] [INFO]- "GET /static/js/modernizr.min.js HTTP/1.1" 304 0
2016-11-05 16:11:11,698 [Thread-8:4476] [django.server:131] [basehttp:log_message] [INFO]- "GET /static/js/jquery.sparkline.min.js HTTP/1.1" 304 0
2016-11-05 16:11:11,703 [Thread-9:8096] [django.server:131] [basehttp:log_message] [INFO]- "GET /static/js/toggles.min.js HTTP/1.1" 304 0
2016-11-05 16:11:11,717 [Thread-10:6784] [django.server:131] [basehttp:log_message] [INFO]- "GET /static/js/retina.min.js HTTP/1.1" 304 0
2016-11-05 16:11:11,720 [Thread-11:7528] [django.server:131] [basehttp:log_message] [INFO]- "GET /static/js/jquery.cookies.js HTTP/1.1" 304 0
2016-11-05 16:11:11,727 [Thread-12:8052] [django.server:131] [basehttp:log_message] [INFO]- "GET /static/js/flot/jquery.flot.min.js HTTP/1.1" 304 0
2016-11-05 16:11:11,733 [Thread-13:3056] [django.server:131] [basehttp:log_message] [INFO]- "GET /static/js/flot/jquery.flot.resize.min.js HTTP/1.1" 304 0
2016-11-05 16:11:11,739 [Thread-14:6800] [django.server:131] [basehttp:log_message] [INFO]- "GET /static/js/flot/jquery.flot.spline.min.js HTTP/1.1" 304 0
2016-11-05 16:11:11,746 [Thread-15:864] [django.server:131] [basehttp:log_message] [INFO]- "GET /static/js/raphael-2.1.0.min.js HTTP/1.1" 304 0
2016-11-05 16:11:11,747 [Thread-16:6940] [django.server:131] [basehttp:log_message] [INFO]- "GET /static/js/custom.js HTTP/1.1" 304 0
2016-11-05 16:11:11,755 [Thread-17:5648] [django.server:131] [basehttp:log_message] [INFO]- "GET /static/js/Hero.js HTTP/1.1" 304 0
2016-11-05 16:11:11,756 [Thread-18:7936] [django.server:131] [basehttp:log_message] [INFO]- "GET /static/images/photos/loggeduser.png HTTP/1.1" 304 0
2016-11-05 16:11:11,759 [Thread-19:7880] [django.server:131] [basehttp:log_message] [INFO]- "GET /static/images/photos/user1.png HTTP/1.1" 304 0
2016-11-05 16:11:11,763 [Thread-20:7996] [django.server:131] [basehttp:log_message] [INFO]- "GET /static/images/photos/user2.png HTTP/1.1" 304 0
2016-11-05 16:11:11,766 [Thread-21:3108] [django.server:131] [basehttp:log_message] [INFO]- "GET /static/images/photos/user3.png HTTP/1.1" 304 0
2016-11-05 16:11:11,769 [Thread-22:5720] [django.server:131] [basehttp:log_message] [INFO]- "GET /static/images/photos/user4.png HTTP/1.1" 304 0
2016-11-05 16:11:11,769 [Thread-23:6064] [django.server:131] [basehttp:log_message] [INFO]- "GET /static/images/photos/user5.png HTTP/1.1" 304 0
2016-11-05 16:11:11,782 [Thread-24:5580] [django.server:131] [basehttp:log_message] [INFO]- "GET /static/images/photos/userprofile.png HTTP/1.1" 304 0
2016-11-05 16:11:11,898 [Thread-25:7868] [django.server:131] [basehttp:log_message] [INFO]- "GET /static/css/bootstrap.min.css HTTP/1.1" 304 0
2016-11-05 16:11:11,905 [Thread-26:7008] [django.server:131] [basehttp:log_message] [INFO]- "GET /static/css/bootstrap-override.css HTTP/1.1" 304 0
2016-11-05 16:11:11,917 [Thread-27:3360] [django.server:131] [basehttp:log_message] [INFO]- "GET /static/css/weather-icons.min.css HTTP/1.1" 304 0
2016-11-05 16:11:11,936 [Thread-28:8024] [django.server:131] [basehttp:log_message] [INFO]- "GET /static/css/jquery-ui-1.10.3.css HTTP/1.1" 304 0
2016-11-05 16:11:11,940 [Thread-29:8172] [django.server:131] [basehttp:log_message] [INFO]- "GET /static/css/font-awesome.min.css HTTP/1.1" 304 0
2016-11-05 16:11:11,947 [Thread-30:7080] [django.server:131] [basehttp:log_message] [INFO]- "GET /static/css/animate.min.css HTTP/1.1" 304 0
2016-11-05 16:11:11,948 [Thread-31:5588] [django.server:131] [basehttp:log_message] [INFO]- "GET /static/css/animate.delay.css HTTP/1.1" 304 0
2016-11-05 16:11:11,951 [Thread-32:8188] [django.server:131] [basehttp:log_message] [INFO]- "GET /static/css/toggles.css HTTP/1.1" 304 0
2016-11-05 16:11:11,953 [Thread-33:7016] [django.server:131] [basehttp:log_message] [INFO]- "GET /static/css/select2.css HTTP/1.1" 304 0
2016-11-05 16:11:11,954 [Thread-34:7836] [django.server:131] [basehttp:log_message] [INFO]- "GET /static/css/lato.css HTTP/1.1" 304 0
2016-11-05 16:11:11,957 [Thread-35:5752] [django.server:131] [basehttp:log_message] [INFO]- "GET /static/css/roboto.css HTTP/1.1" 304 0
2016-11-05 16:11:11,976 [Thread-36:1168] [django.server:131] [basehttp:log_message] [INFO]- "GET /static/images/plus-white.png HTTP/1.1" 304 0
2016-11-05 16:11:11,980 [Thread-37:3972] [django.server:131] [basehttp:log_message] [INFO]- "GET /static/images/icon-search.png HTTP/1.1" 304 0
2016-11-05 16:11:13,348 [Thread-38:7296] [django.server:131] [basehttp:log_message] [INFO]- "GET /static/images/plus.png HTTP/1.1" 304 0
2016-11-05 16:11:13,756 [Thread-39:4460] [django.server:131] [basehttp:log_message] [INFO]- "GET /static/images/minus.png HTTP/1.1" 304 0
2016-11-05 16:11:14,460 [Thread-40:5688] [django.server:131] [basehttp:log_message] [INFO]- "GET /case_list/?pro_id=1 HTTP/1.1" 200 11414
2016-11-05 16:11:14,826 [Thread-41:8064] [django.server:131] [basehttp:log_message] [INFO]- "GET /static/js/jquery-1.11.1.min.js?_=1478333471993 HTTP/1.1" 200 95789
2016-11-05 16:11:14,849 [Thread-42:7652] [django.server:131] [basehttp:log_message] [INFO]- "GET /static/js/bootstrap.min.js?_=1478333471994 HTTP/1.1" 200 31823
2016-11-05 16:11:14,865 [Thread-43:7088] [django.server:131] [basehttp:log_message] [INFO]- "GET /static/js/jquery.datatables.min.js?_=1478333471995 HTTP/1.1" 200 77503
2016-11-05 16:11:14,927 [Thread-44:7388] [django.server:131] [basehttp:log_message] [INFO]- "GET /static/images/sort_both.png HTTP/1.1" 304 0
2016-11-05 16:11:14,976 [Thread-45:7060] [django.server:131] [basehttp:log_message] [INFO]- "GET /static/images/sort_asc.png HTTP/1.1" 304 0
2016-11-05 16:11:15,588 [Thread-46:7112] [django.server:131] [basehttp:log_message] [INFO]- "GET /element/?pro_id=1 HTTP/1.1" 200 13987
2016-11-05 16:11:15,621 [Thread-47:6972] [django.server:131] [basehttp:log_message] [INFO]- "GET /static/js/jquery-1.11.1.min.js?_=1478333474829 HTTP/1.1" 200 95789
2016-11-05 16:11:15,667 [Thread-48:2792] [django.server:131] [basehttp:log_message] [INFO]- "GET /static/js/bootstrap.min.js?_=1478333474830 HTTP/1.1" 200 31823
2016-11-05 16:11:15,690 [Thread-49:4148] [django.server:131] [basehttp:log_message] [INFO]- "GET /static/js/jquery.datatables.min.js?_=1478333474831 HTTP/1.1" 200 77503
2016-11-05 16:11:16,447 [Thread-50:5624] [django.server:131] [basehttp:log_message] [INFO]- "GET /case_list/?pro_id=1 HTTP/1.1" 200 11414
2016-11-05 16:11:16,487 [Thread-51:4480] [django.server:131] [basehttp:log_message] [INFO]- "GET /static/js/jquery-1.11.1.min.js?_=1478333475647 HTTP/1.1" 200 95789
2016-11-05 16:11:16,543 [Thread-52:7140] [django.server:131] [basehttp:log_message] [INFO]- "GET /static/js/bootstrap.min.js?_=1478333475648 HTTP/1.1" 200 31823
2016-11-05 16:11:16,571 [Thread-53:8020] [django.server:131] [basehttp:log_message] [INFO]- "GET /static/js/jquery.datatables.min.js?_=1478333475649 HTTP/1.1" 200 77503
2016-11-05 16:11:17,042 [Thread-54:6592] [django.server:131] [basehttp:log_message] [INFO]- "GET /scenario_list/?pro_id=1 HTTP/1.1" 200 2507
2016-11-05 16:11:17,084 [Thread-55:8028] [django.server:131] [basehttp:log_message] [INFO]- "GET /static/js/jquery-1.11.1.min.js?_=1478333476522 HTTP/1.1" 200 95789
2016-11-05 16:11:17,124 [Thread-56:6420] [django.server:131] [basehttp:log_message] [INFO]- "GET /static/js/bootstrap.min.js?_=1478333476523 HTTP/1.1" 200 31823
2016-11-05 16:11:17,142 [Thread-57:7744] [django.server:131] [basehttp:log_message] [INFO]- "GET /static/js/jquery.datatables.min.js?_=1478333476524 HTTP/1.1" 200 77503
2016-11-05 16:11:17,895 [Thread-58:7148] [django.server:131] [basehttp:log_message] [INFO]- "GET /case_list/?pro_id=1 HTTP/1.1" 200 11414
2016-11-05 16:11:17,946 [Thread-59:4372] [django.server:131] [basehttp:log_message] [INFO]- "GET /static/js/jquery-1.11.1.min.js?_=1478333477096 HTTP/1.1" 200 95789
2016-11-05 16:11:18,000 [Thread-60:2420] [django.server:131] [basehttp:log_message] [INFO]- "GET /static/js/bootstrap.min.js?_=1478333477097 HTTP/1.1" 200 31823
2016-11-05 16:11:18,019 [Thread-61:7856] [django.server:131] [basehttp:log_message] [INFO]- "GET /static/js/jquery.datatables.min.js?_=1478333477098 HTTP/1.1" 200 77503
2016-11-05 16:11:18,341 [Thread-62:7864] [django.server:131] [basehttp:log_message] [INFO]- "GET /element/?pro_id=1 HTTP/1.1" 200 13987
2016-11-05 16:11:18,394 [Thread-63:4784] [django.server:131] [basehttp:log_message] [INFO]- "GET /static/js/jquery-1.11.1.min.js?_=1478333477979 HTTP/1.1" 200 95789
2016-11-05 16:11:18,492 [Thread-64:3716] [django.server:131] [basehttp:log_message] [INFO]- "GET /static/js/bootstrap.min.js?_=1478333477980 HTTP/1.1" 200 31823
2016-11-05 16:11:18,528 [Thread-65:5628] [django.server:131] [basehttp:log_message] [INFO]- "GET /static/js/jquery.datatables.min.js?_=1478333477981 HTTP/1.1" 200 77503
2016-11-05 16:12:25,914 [Thread-68:4596] [django.server:131] [basehttp:log_message] [INFO]- "GET /index/ HTTP/1.1" 200 33723
2016-11-05 16:12:25,951 [Thread-69:7580] [django.server:131] [basehttp:log_message] [INFO]- "GET /static/css/style.default.css HTTP/1.1" 304 0
2016-11-05 16:12:25,957 [Thread-70:5844] [django.server:131] [basehttp:log_message] [INFO]- "GET /static/js/jquery-1.11.1.min.js HTTP/1.1" 304 0
2016-11-05 16:12:25,966 [Thread-71:7956] [django.server:131] [basehttp:log_message] [INFO]- "GET /static/js/jquery-migrate-1.2.1.min.js HTTP/1.1" 304 0
2016-11-05 16:12:25,971 [Thread-72:7620] [django.server:131] [basehttp:log_message] [INFO]- "GET /static/js/jquery-ui-1.10.3.min.js HTTP/1.1" 304 0
2016-11-05 16:12:25,977 [Thread-73:8128] [django.server:131] [basehttp:log_message] [INFO]- "GET /static/js/bootstrap.min.js HTTP/1.1" 304 0
2016-11-05 16:12:25,980 [Thread-74:3568] [django.server:131] [basehttp:log_message] [INFO]- "GET /static/js/modernizr.min.js HTTP/1.1" 304 0
2016-11-05 16:12:25,990 [Thread-75:6808] [django.server:131] [basehttp:log_message] [INFO]- "GET /static/js/jquery.sparkline.min.js HTTP/1.1" 304 0
2016-11-05 16:12:25,996 [Thread-76:1628] [django.server:131] [basehttp:log_message] [INFO]- "GET /static/js/toggles.min.js HTTP/1.1" 304 0
2016-11-05 16:12:25,999 [Thread-77:6804] [django.server:131] [basehttp:log_message] [INFO]- "GET /static/js/retina.min.js HTTP/1.1" 304 0
2016-11-05 16:12:26,002 [Thread-78:7508] [django.server:131] [basehttp:log_message] [INFO]- "GET /static/js/jquery.cookies.js HTTP/1.1" 304 0
2016-11-05 16:12:26,006 [Thread-79:7052] [django.server:131] [basehttp:log_message] [INFO]- "GET /static/js/flot/jquery.flot.min.js HTTP/1.1" 304 0
2016-11-05 16:12:26,010 [Thread-80:7660] [django.server:131] [basehttp:log_message] [INFO]- "GET /static/js/flot/jquery.flot.resize.min.js HTTP/1.1" 304 0
2016-11-05 16:12:26,015 [Thread-82:6700] [django.server:131] [basehttp:log_message] [INFO]- "GET /static/js/raphael-2.1.0.min.js HTTP/1.1" 304 0
2016-11-05 16:12:26,015 [Thread-81:5272] [django.server:131] [basehttp:log_message] [INFO]- "GET /static/js/flot/jquery.flot.spline.min.js HTTP/1.1" 304 0
2016-11-05 16:12:26,017 [Thread-83:7948] [django.server:131] [basehttp:log_message] [INFO]- "GET /static/js/custom.js HTTP/1.1" 304 0
2016-11-05 16:12:26,017 [Thread-84:6756] [django.server:131] [basehttp:log_message] [INFO]- "GET /static/js/Hero.js HTTP/1.1" 304 0
2016-11-05 16:12:26,026 [Thread-85:5728] [django.server:131] [basehttp:log_message] [INFO]- "GET /static/images/photos/loggeduser.png HTTP/1.1" 304 0
2016-11-05 16:12:26,030 [Thread-86:7748] [django.server:131] [basehttp:log_message] [INFO]- "GET /static/images/photos/user1.png HTTP/1.1" 304 0
2016-11-05 16:12:26,033 [Thread-87:7460] [django.server:131] [basehttp:log_message] [INFO]- "GET /static/images/photos/user2.png HTTP/1.1" 304 0
2016-11-05 16:12:26,039 [Thread-89:3144] [django.server:131] [basehttp:log_message] [INFO]- "GET /static/images/photos/user4.png HTTP/1.1" 304 0
2016-11-05 16:12:26,040 [Thread-88:7944] [django.server:131] [basehttp:log_message] [INFO]- "GET /static/images/photos/user3.png HTTP/1.1" 304 0
2016-11-05 16:12:26,045 [Thread-90:7876] [django.server:131] [basehttp:log_message] [INFO]- "GET /static/images/photos/user5.png HTTP/1.1" 304 0
2016-11-05 16:12:26,066 [Thread-91:5468] [django.server:131] [basehttp:log_message] [INFO]- "GET /static/images/photos/userprofile.png HTTP/1.1" 304 0
2016-11-05 16:12:26,174 [Thread-92:4984] [django.server:131] [basehttp:log_message] [INFO]- "GET /static/css/bootstrap.min.css HTTP/1.1" 304 0
2016-11-05 16:12:26,193 [Thread-93:436] [django.server:131] [basehttp:log_message] [INFO]- "GET /static/css/weather-icons.min.css HTTP/1.1" 304 0
2016-11-05 16:12:26,196 [Thread-94:7808] [django.server:131] [basehttp:log_message] [INFO]- "GET /static/css/bootstrap-override.css HTTP/1.1" 304 0
2016-11-05 16:12:26,197 [Thread-95:7312] [django.server:131] [basehttp:log_message] [INFO]- "GET /static/css/jquery-ui-1.10.3.css HTTP/1.1" 304 0
2016-11-05 16:12:26,203 [Thread-96:6608] [django.server:131] [basehttp:log_message] [INFO]- "GET /static/css/font-awesome.min.css HTTP/1.1" 304 0
2016-11-05 16:12:26,209 [Thread-97:7392] [django.server:131] [basehttp:log_message] [INFO]- "GET /static/css/animate.min.css HTTP/1.1" 304 0
2016-11-05 16:12:26,220 [Thread-98:8012] [django.server:131] [basehttp:log_message] [INFO]- "GET /static/css/animate.delay.css HTTP/1.1" 304 0
2016-11-05 16:12:26,223 [Thread-99:2988] [django.server:131] [basehttp:log_message] [INFO]- "GET /static/css/toggles.css HTTP/1.1" 304 0
2016-11-05 16:12:26,226 [Thread-100:8008] [django.server:131] [basehttp:log_message] [INFO]- "GET /static/css/select2.css HTTP/1.1" 304 0
2016-11-05 16:12:26,226 [Thread-101:7884] [django.server:131] [basehttp:log_message] [INFO]- "GET /static/css/lato.css HTTP/1.1" 304 0
2016-11-05 16:12:26,229 [Thread-102:7084] [django.server:131] [basehttp:log_message] [INFO]- "GET /static/css/roboto.css HTTP/1.1" 304 0
2016-11-05 16:12:26,250 [Thread-103:7232] [django.server:131] [basehttp:log_message] [INFO]- "GET /static/images/plus-white.png HTTP/1.1" 304 0
2016-11-05 16:12:26,255 [Thread-104:6256] [django.server:131] [basehttp:log_message] [INFO]- "GET /static/images/icon-search.png HTTP/1.1" 304 0
2016-11-05 16:12:27,717 [Thread-105:6644] [django.server:131] [basehttp:log_message] [INFO]- "GET /static/images/plus.png HTTP/1.1" 304 0
2016-11-05 16:12:28,598 [Thread-106:7596] [django.server:131] [basehttp:log_message] [WARNING]- "GET /project HTTP/1.1" 404 4398
2016-11-05 16:12:30,085 [Thread-107:5968] [django.server:131] [basehttp:log_message] [INFO]- "GET /static/images/minus.png HTTP/1.1" 304 0
2016-11-05 16:12:30,803 [Thread-108:7480] [django.server:131] [basehttp:log_message] [INFO]- "GET /case_list/?pro_id=1 HTTP/1.1" 200 11414
2016-11-05 16:12:30,868 [Thread-109:5132] [django.server:131] [basehttp:log_message] [INFO]- "GET /static/js/jquery-1.11.1.min.js?_=1478333546265 HTTP/1.1" 200 95789
2016-11-05 16:12:30,970 [Thread-110:6380] [django.server:131] [basehttp:log_message] [INFO]- "GET /static/js/bootstrap.min.js?_=1478333546266 HTTP/1.1" 200 31823
2016-11-05 16:12:31,013 [Thread-111:7644] [django.server:131] [basehttp:log_message] [INFO]- "GET /static/js/jquery.datatables.min.js?_=1478333546267 HTTP/1.1" 200 77503
2016-11-05 16:12:31,078 [Thread-112:7476] [django.server:131] [basehttp:log_message] [INFO]- "GET /static/images/sort_both.png HTTP/1.1" 304 0
2016-11-05 16:12:31,112 [Thread-113:3268] [django.server:131] [basehttp:log_message] [INFO]- "GET /static/images/sort_asc.png HTTP/1.1" 304 0
2016-11-05 16:12:32,147 [Thread-114:5864] [django.server:131] [basehttp:log_message] [INFO]- "GET /element/?pro_id=1 HTTP/1.1" 200 13987
2016-11-05 16:12:32,180 [Thread-115:6744] [django.server:131] [basehttp:log_message] [INFO]- "GET /static/js/jquery-1.11.1.min.js?_=1478333550941 HTTP/1.1" 200 95789
2016-11-05 16:12:32,230 [Thread-116:6988] [django.server:131] [basehttp:log_message] [INFO]- "GET /static/js/bootstrap.min.js?_=1478333550942 HTTP/1.1" 200 31823
2016-11-05 16:12:32,257 [Thread-117:5592] [django.server:131] [basehttp:log_message] [INFO]- "GET /static/js/jquery.datatables.min.js?_=1478333550943 HTTP/1.1" 200 77503
2016-11-05 16:12:33,378 [Thread-118:7220] [django.server:131] [basehttp:log_message] [INFO]- "GET /scenario_list/?pro_id=1 HTTP/1.1" 200 2507
2016-11-05 16:12:33,447 [Thread-119:7340] [django.server:131] [basehttp:log_message] [INFO]- "GET /static/js/jquery-1.11.1.min.js?_=1478333552209 HTTP/1.1" 200 95789
2016-11-05 16:12:33,509 [Thread-120:7448] [django.server:131] [basehttp:log_message] [INFO]- "GET /static/js/bootstrap.min.js?_=1478333552210 HTTP/1.1" 200 31823
2016-11-05 16:12:33,526 [Thread-121:7304] [django.server:131] [basehttp:log_message] [INFO]- "GET /static/js/jquery.datatables.min.js?_=1478333552211 HTTP/1.1" 200 77503
2016-11-05 16:12:34,721 [Thread-122:5152] [django.server:131] [basehttp:log_message] [WARNING]- "GET /project HTTP/1.1" 404 4398
2016-11-05 16:12:35,973 [Thread-123:7124] [django.server:131] [basehttp:log_message] [WARNING]- "GET /project HTTP/1.1" 404 4398
2016-11-05 16:12:36,206 [Thread-124:7316] [django.server:131] [basehttp:log_message] [WARNING]- "GET /project HTTP/1.1" 404 4398
2016-11-05 16:12:36,405 [Thread-125:1036] [django.server:131] [basehttp:log_message] [WARNING]- "GET /project HTTP/1.1" 404 4398
2016-11-05 16:12:38,017 [Thread-126:5208] [django.server:131] [basehttp:log_message] [WARNING]- "GET /project HTTP/1.1" 404 4398
2016-11-05 16:15:43,763 [Thread-1:7996] [django.server:131] [basehttp:log_message] [INFO]- "GET /index/ HTTP/1.1" 200 33723
2016-11-05 16:15:43,799 [Thread-2:3108] [django.server:131] [basehttp:log_message] [INFO]- "GET /static/css/style.default.css HTTP/1.1" 304 0
2016-11-05 16:15:43,803 [Thread-3:6292] [django.server:131] [basehttp:log_message] [INFO]- "GET /static/js/jquery-1.11.1.min.js HTTP/1.1" 304 0
2016-11-05 16:15:43,818 [Thread-4:7932] [django.server:131] [basehttp:log_message] [INFO]- "GET /static/js/jquery-migrate-1.2.1.min.js HTTP/1.1" 304 0
2016-11-05 16:15:43,822 [Thread-5:8180] [django.server:131] [basehttp:log_message] [INFO]- "GET /static/js/jquery-ui-1.10.3.min.js HTTP/1.1" 304 0
2016-11-05 16:15:43,829 [Thread-6:5948] [django.server:131] [basehttp:log_message] [INFO]- "GET /static/js/bootstrap.min.js HTTP/1.1" 304 0
2016-11-05 16:15:43,835 [Thread-7:7180] [django.server:131] [basehttp:log_message] [INFO]- "GET /static/js/modernizr.min.js HTTP/1.1" 304 0
2016-11-05 16:15:43,839 [Thread-8:2184] [django.server:131] [basehttp:log_message] [INFO]- "GET /static/js/jquery.sparkline.min.js HTTP/1.1" 304 0
2016-11-05 16:15:43,845 [Thread-9:5720] [django.server:131] [basehttp:log_message] [INFO]- "GET /static/js/toggles.min.js HTTP/1.1" 304 0
2016-11-05 16:15:43,849 [Thread-10:6064] [django.server:131] [basehttp:log_message] [INFO]- "GET /static/js/retina.min.js HTTP/1.1" 304 0
2016-11-05 16:15:43,851 [Thread-11:4620] [django.server:131] [basehttp:log_message] [INFO]- "GET /static/js/jquery.cookies.js HTTP/1.1" 304 0
2016-11-05 16:15:43,854 [Thread-12:7264] [django.server:131] [basehttp:log_message] [INFO]- "GET /static/js/flot/jquery.flot.min.js HTTP/1.1" 304 0
2016-11-05 16:15:43,858 [Thread-13:424] [django.server:131] [basehttp:log_message] [INFO]- "GET /static/js/flot/jquery.flot.resize.min.js HTTP/1.1" 304 0
2016-11-05 16:15:43,861 [Thread-14:7008] [django.server:131] [basehttp:log_message] [INFO]- "GET /static/js/flot/jquery.flot.spline.min.js HTTP/1.1" 304 0
2016-11-05 16:15:43,864 [Thread-15:5920] [django.server:131] [basehttp:log_message] [INFO]- "GET /static/js/raphael-2.1.0.min.js HTTP/1.1" 304 0
2016-11-05 16:15:43,865 [Thread-16:8104] [django.server:131] [basehttp:log_message] [INFO]- "GET /static/js/custom.js HTTP/1.1" 304 0
2016-11-05 16:15:43,867 [Thread-17:8124] [django.server:131] [basehttp:log_message] [INFO]- "GET /static/js/Hero.js HTTP/1.1" 304 0
2016-11-05 16:15:43,874 [Thread-18:7272] [django.server:131] [basehttp:log_message] [INFO]- "GET /static/images/photos/loggeduser.png HTTP/1.1" 304 0
2016-11-05 16:15:43,877 [Thread-19:5476] [django.server:131] [basehttp:log_message] [INFO]- "GET /static/images/photos/user1.png HTTP/1.1" 304 0
2016-11-05 16:15:43,881 [Thread-20:5716] [django.server:131] [basehttp:log_message] [INFO]- "GET /static/images/photos/user2.png HTTP/1.1" 304 0
2016-11-05 16:15:43,885 [Thread-21:3360] [django.server:131] [basehttp:log_message] [INFO]- "GET /static/images/photos/user3.png HTTP/1.1" 304 0
2016-11-05 16:15:43,890 [Thread-22:4020] [django.server:131] [basehttp:log_message] [INFO]- "GET /static/images/photos/user4.png HTTP/1.1" 304 0
2016-11-05 16:15:43,892 [Thread-23:3188] [django.server:131] [basehttp:log_message] [INFO]- "GET /static/images/photos/user5.png HTTP/1.1" 304 0
2016-11-05 16:15:43,914 [Thread-24:5600] [django.server:131] [basehttp:log_message] [INFO]- "GET /static/images/photos/userprofile.png HTTP/1.1" 304 0
2016-11-05 16:15:44,023 [Thread-25:8144] [django.server:131] [basehttp:log_message] [INFO]- "GET /static/css/bootstrap.min.css HTTP/1.1" 304 0
2016-11-05 16:15:44,033 [Thread-26:7764] [django.server:131] [basehttp:log_message] [INFO]- "GET /static/css/bootstrap-override.css HTTP/1.1" 304 0
2016-11-05 16:15:44,049 [Thread-28:5616] [django.server:131] [basehttp:log_message] [INFO]- "GET /static/css/jquery-ui-1.10.3.css HTTP/1.1" 304 0
2016-11-05 16:15:44,049 [Thread-27:6964] [django.server:131] [basehttp:log_message] [INFO]- "GET /static/css/weather-icons.min.css HTTP/1.1" 304 0
2016-11-05 16:15:44,053 [Thread-29:5580] [django.server:131] [basehttp:log_message] [INFO]- "GET /static/css/font-awesome.min.css HTTP/1.1" 304 0
2016-11-05 16:15:44,062 [Thread-30:8172] [django.server:131] [basehttp:log_message] [INFO]- "GET /static/css/animate.min.css HTTP/1.1" 304 0
2016-11-05 16:15:44,068 [Thread-31:2600] [django.server:131] [basehttp:log_message] [INFO]- "GET /static/css/animate.delay.css HTTP/1.1" 304 0
2016-11-05 16:15:44,072 [Thread-32:8024] [django.server:131] [basehttp:log_message] [INFO]- "GET /static/css/toggles.css HTTP/1.1" 304 0
2016-11-05 16:15:44,072 [Thread-33:5904] [django.server:131] [basehttp:log_message] [INFO]- "GET /static/css/select2.css HTTP/1.1" 304 0
2016-11-05 16:15:44,075 [Thread-35:5588] [django.server:131] [basehttp:log_message] [INFO]- "GET /static/css/roboto.css HTTP/1.1" 304 0
2016-11-05 16:15:44,076 [Thread-34:7080] [django.server:131] [basehttp:log_message] [INFO]- "GET /static/css/lato.css HTTP/1.1" 304 0
2016-11-05 16:15:44,102 [Thread-36:7836] [django.server:131] [basehttp:log_message] [INFO]- "GET /static/images/plus-white.png HTTP/1.1" 304 0
2016-11-05 16:15:44,108 [Thread-37:8188] [django.server:131] [basehttp:log_message] [INFO]- "GET /static/images/icon-search.png HTTP/1.1" 304 0
2016-11-05 16:15:45,417 [Thread-38:7432] [django.server:131] [basehttp:log_message] [INFO]- "GET /static/images/plus.png HTTP/1.1" 304 0
2016-11-05 16:15:46,170 [Thread-39:6164] [django.server:131] [basehttp:log_message] [WARNING]- "GET /project HTTP/1.1" 404 4398
2016-11-05 16:15:47,575 [Thread-40:560] [django.server:131] [basehttp:log_message] [WARNING]- "GET /project HTTP/1.1" 404 4398
2016-11-05 16:15:47,829 [Thread-41:7952] [django.server:131] [basehttp:log_message] [WARNING]- "GET /project HTTP/1.1" 404 4398
2016-11-05 16:15:48,016 [Thread-42:7116] [django.server:131] [basehttp:log_message] [WARNING]- "GET /project HTTP/1.1" 404 4398
2016-11-05 16:15:49,588 [Thread-43:8044] [django.server:131] [basehttp:log_message] [WARNING]- "GET /project HTTP/1.1" 404 4398
2016-11-05 16:15:50,852 [Thread-44:7652] [django.server:131] [basehttp:log_message] [WARNING]- "GET /project HTTP/1.1" 404 4398
2016-11-05 16:36:35,904 [Thread-45:8176] [django.server:131] [basehttp:log_message] [INFO]- "GET /static/images/minus.png HTTP/1.1" 304 0
2016-11-05 16:36:36,851 [Thread-46:7212] [django.server:131] [basehttp:log_message] [INFO]- "GET /element/?pro_id=1 HTTP/1.1" 200 13987
2016-11-05 16:36:37,220 [Thread-47:8120] [django.server:131] [basehttp:log_message] [INFO]- "GET /static/js/jquery-1.11.1.min.js?_=1478333744121 HTTP/1.1" 200 95789
2016-11-05 16:36:37,244 [Thread-48:5536] [django.server:131] [basehttp:log_message] [INFO]- "GET /static/js/bootstrap.min.js?_=1478333744122 HTTP/1.1" 200 31823
2016-11-05 16:36:37,257 [Thread-49:7348] [django.server:131] [basehttp:log_message] [INFO]- "GET /static/js/jquery.datatables.min.js?_=1478333744123 HTTP/1.1" 200 77503
2016-11-05 16:36:37,316 [Thread-50:3360] [django.server:131] [basehttp:log_message] [INFO]- "GET /static/images/sort_both.png HTTP/1.1" 304 0
2016-11-05 16:36:37,351 [Thread-51:5716] [django.server:131] [basehttp:log_message] [INFO]- "GET /static/images/sort_asc.png HTTP/1.1" 304 0
2016-11-05 16:36:37,984 [Thread-52:5920] [django.server:131] [basehttp:log_message] [INFO]- "GET /case_list/?pro_id=1 HTTP/1.1" 200 11414
2016-11-05 16:36:38,049 [Thread-53:7236] [django.server:131] [basehttp:log_message] [INFO]- "GET /static/js/jquery-1.11.1.min.js?_=1478334997206 HTTP/1.1" 200 95789
2016-11-05 16:36:38,108 [Thread-54:7620] [django.server:131] [basehttp:log_message] [INFO]- "GET /static/js/bootstrap.min.js?_=1478334997207 HTTP/1.1" 200 31823
2016-11-05 16:36:38,119 [Thread-55:8104] [django.server:131] [basehttp:log_message] [INFO]- "GET /static/js/jquery.datatables.min.js?_=1478334997208 HTTP/1.1" 200 77503
2016-11-05 16:36:38,714 [Thread-56:7436] [django.server:131] [basehttp:log_message] [INFO]- "GET /scenario_list/?pro_id=1 HTTP/1.1" 200 2507
2016-11-05 16:36:38,747 [Thread-57:6312] [django.server:131] [basehttp:log_message] [INFO]- "GET /static/js/jquery-1.11.1.min.js?_=1478334998063 HTTP/1.1" 200 95789
2016-11-05 16:36:38,792 [Thread-58:5600] [django.server:131] [basehttp:log_message] [INFO]- "GET /static/js/bootstrap.min.js?_=1478334998064 HTTP/1.1" 200 31823
2016-11-05 16:36:38,806 [Thread-59:7552] [django.server:131] [basehttp:log_message] [INFO]- "GET /static/js/jquery.datatables.min.js?_=1478334998065 HTTP/1.1" 200 77503
2016-11-05 16:36:41,167 [Thread-60:7976] [django.server:131] [basehttp:log_message] [WARNING]- "GET /project HTTP/1.1" 404 4398
2016-11-05 16:36:57,292 [Thread-63:7272] [django.server:131] [basehttp:log_message] [WARNING]- "GET /project HTTP/1.1" 404 4398
