2018-01-11 09:25:58,585 [Thread-2:6392] [django.security.DisallowedHost:73] [exception:response_for_exception] [ERROR]- Invalid HTTP_HOST header: '127.0.0.1:9001'. You may need to add u'127.0.0.1' to ALLOWED_HOSTS.
2018-01-11 09:25:58,760 [Thread-2:6392] [django.server:131] [basehttp:log_message] [WARNING]- "GET / HTTP/1.1" 400 67145
2018-01-11 09:25:59,266 [Thread-3:10028] [django.security.DisallowedHost:73] [exception:response_for_exception] [ERROR]- Invalid HTTP_HOST header: '127.0.0.1:9001'. You may need to add u'127.0.0.1' to ALLOWED_HOSTS.
2018-01-11 09:25:59,480 [Thread-3:10028] [django.server:131] [basehttp:log_message] [WARNING]- "GET /favicon.ico HTTP/1.1" 400 67223
2018-01-11 09:30:18,959 [Thread-2:640] [django.server:131] [basehttp:log_message] [INFO]- "GET / HTTP/1.1" 200 4318
2018-01-11 09:30:21,197 [Thread-5:3488] [django.server:131] [basehttp:log_message] [INFO]- "GET /static/js/jquery-migrate-1.2.1.min.js HTTP/1.1" 200 7203
2018-01-11 09:30:21,206 [Thread-7:7492] [django.server:131] [basehttp:log_message] [INFO]- "GET /static/js/modernizr.min.js HTTP/1.1" 200 15157
2018-01-11 09:30:21,256 [Thread-9:8388] [django.server:131] [basehttp:log_message] [INFO]- "GET /static/js/jquery.cookies.js HTTP/1.1" 200 2033
2018-01-11 09:30:21,263 [Thread-10:10316] [django.server:131] [basehttp:log_message] [INFO]- "GET /static/js/toggles.min.js HTTP/1.1" 200 2736
2018-01-11 09:30:21,270 [Thread-6:9120] [django.server:131] [basehttp:log_message] [INFO]- "GET /static/js/bootstrap.min.js HTTP/1.1" 200 31823
2018-01-11 09:30:21,275 [Thread-8:8168] [django.server:131] [basehttp:log_message] [INFO]- "GET /static/js/jquery.sparkline.min.js HTTP/1.1" 200 43251
2018-01-11 09:30:21,292 [Thread-11:7320] [django.server:131] [basehttp:log_message] [INFO]- "GET /static/js/retina.min.js HTTP/1.1" 200 2161
2018-01-11 09:30:21,293 [Thread-3:9304] [django.server:131] [basehttp:log_message] [INFO]- "GET /static/css/style.default.css HTTP/1.1" 200 77743
2018-01-11 09:30:21,295 [Thread-4:7180] [django.server:131] [basehttp:log_message] [INFO]- "GET /static/js/jquery-1.11.1.min.js HTTP/1.1" 200 95789
2018-01-11 09:30:21,309 [Thread-12:6048] [django.server:131] [basehttp:log_message] [INFO]- "GET /static/js/custom.js HTTP/1.1" 200 11035
2018-01-11 09:30:21,335 [Thread-13:10028] [django.server:131] [basehttp:log_message] [INFO]- "GET /static/js/Hero.js HTTP/1.1" 200 16348
2018-01-11 09:30:21,408 [Thread-19:5836] [django.server:131] [basehttp:log_message] [INFO]- "GET /static/css/animate.min.css HTTP/1.1" 200 51174
2018-01-11 09:30:21,418 [Thread-18:6060] [django.server:131] [basehttp:log_message] [INFO]- "GET /static/css/font-awesome.min.css HTTP/1.1" 200 20766
2018-01-11 09:30:21,418 [Thread-17:4152] [django.server:131] [basehttp:log_message] [INFO]- "GET /static/css/jquery-ui-1.10.3.css HTTP/1.1" 200 18930
2018-01-11 09:30:21,421 [Thread-15:5420] [django.server:131] [basehttp:log_message] [INFO]- "GET /static/css/bootstrap-override.css HTTP/1.1" 200 22777
2018-01-11 09:30:21,430 [Thread-16:5868] [django.server:131] [basehttp:log_message] [INFO]- "GET /static/css/weather-icons.min.css HTTP/1.1" 200 5601
2018-01-11 09:30:21,440 [Thread-20:7788] [django.server:131] [basehttp:log_message] [INFO]- "GET /static/css/animate.delay.css HTTP/1.1" 200 11432
2018-01-11 09:30:21,444 [Thread-21:9220] [django.server:131] [basehttp:log_message] [INFO]- "GET /static/css/toggles.css HTTP/1.1" 200 5378
2018-01-11 09:30:21,453 [Thread-22:11208] [django.server:131] [basehttp:log_message] [INFO]- "GET /static/css/select2.css HTTP/1.1" 200 18606
2018-01-11 09:30:21,459 [Thread-24:10232] [django.server:131] [basehttp:log_message] [INFO]- "GET /static/css/roboto.css HTTP/1.1" 200 9528
2018-01-11 09:30:21,463 [Thread-23:7444] [django.server:131] [basehttp:log_message] [INFO]- "GET /static/css/lato.css HTTP/1.1" 200 5575
2018-01-11 09:30:21,479 [Thread-14:6356] [django.server:131] [basehttp:log_message] [INFO]- "GET /static/css/bootstrap.min.css HTTP/1.1" 200 109604
2018-01-11 09:30:21,765 [Thread-25:4864] [django.server:131] [basehttp:log_message] [INFO]- "GET /static/fonts/fontawesome-webfont.woff?v=4.1.0 HTTP/1.1" 200 83760
2018-01-11 09:30:21,773 [Thread-26:4820] [django.server:131] [basehttp:log_message] [INFO]- "GET /static/images/user.png HTTP/1.1" 200 1106
2018-01-11 09:30:21,809 [Thread-27:8716] [django.server:131] [basehttp:log_message] [INFO]- "GET /static/images/locked.png HTTP/1.1" 200 1132
2018-01-11 09:30:22,263 [Thread-28:8036] [django.server:131] [basehttp:log_message] [INFO]- "GET /static/images/favicon.png HTTP/1.1" 200 983
2018-01-11 09:30:32,585 [Thread-29:10172] [django.server:131] [basehttp:log_message] [ERROR]- "POST / HTTP/1.1" 500 19842
2018-01-11 09:30:49,220 [Thread-30:5324] [django.server:131] [basehttp:log_message] [INFO]- "GET /admin HTTP/1.1" 301 0
2018-01-11 09:30:49,358 [Thread-31:3576] [django.server:131] [basehttp:log_message] [INFO]- "GET /admin/ HTTP/1.1" 302 0
2018-01-11 09:30:49,460 [Thread-32:9572] [django.server:131] [basehttp:log_message] [INFO]- "GET /admin/login/?next=/admin/ HTTP/1.1" 200 1657
2018-01-11 09:30:49,700 [Thread-34:10140] [django.server:131] [basehttp:log_message] [INFO]- "GET /static/admin/css/login.css HTTP/1.1" 200 1203
2018-01-11 09:30:49,700 [Thread-33:10132] [django.server:131] [basehttp:log_message] [INFO]- "GET /static/admin/css/base.css HTTP/1.1" 200 15937
2018-01-11 09:30:49,733 [Thread-35:260] [django.server:131] [basehttp:log_message] [INFO]- "GET /static/admin/css/fonts.css HTTP/1.1" 200 423
2018-01-11 09:30:49,756 [Thread-36:7216] [django.server:131] [basehttp:log_message] [WARNING]- "GET /favicon.ico HTTP/1.1" 404 4582
2018-01-11 09:32:13,694 [Thread-37:9440] [django.server:131] [basehttp:log_message] [INFO]- "GET /index HTTP/1.1" 301 0
2018-01-11 09:32:13,788 [Thread-38:7040] [django.server:131] [basehttp:log_message] [INFO]- "GET /index/ HTTP/1.1" 200 33723
2018-01-11 09:32:13,917 [Thread-40:6344] [django.server:131] [basehttp:log_message] [INFO]- "GET /static/images/photos/user1.png HTTP/1.1" 200 17694
2018-01-11 09:32:13,926 [Thread-39:5128] [django.server:131] [basehttp:log_message] [INFO]- "GET /static/images/photos/loggeduser.png HTTP/1.1" 200 20630
2018-01-11 09:32:13,974 [Thread-43:11192] [django.server:131] [basehttp:log_message] [INFO]- "GET /static/images/photos/user4.png HTTP/1.1" 200 18211
2018-01-11 09:32:13,983 [Thread-41:8336] [django.server:131] [basehttp:log_message] [INFO]- "GET /static/images/photos/user2.png HTTP/1.1" 200 18310
2018-01-11 09:32:13,983 [Thread-44:3916] [django.server:131] [basehttp:log_message] [INFO]- "GET /static/images/photos/user5.png HTTP/1.1" 200 17012
2018-01-11 09:32:13,984 [Thread-42:1880] [django.server:131] [basehttp:log_message] [INFO]- "GET /static/images/photos/user3.png HTTP/1.1" 200 17036
2018-01-11 09:32:14,095 [Thread-45:2244] [django.server:131] [basehttp:log_message] [INFO]- "GET /static/fonts/glyphicons-halflings-regular.woff HTTP/1.1" 200 23320
2018-01-11 09:32:14,150 [Thread-46:5940] [django.server:131] [basehttp:log_message] [INFO]- "GET /static/js/jquery-ui-1.10.3.min.js HTTP/1.1" 200 228142
2018-01-11 09:32:14,161 [Thread-49:2508] [django.server:131] [basehttp:log_message] [INFO]- "GET /static/js/flot/jquery.flot.spline.min.js HTTP/1.1" 200 2791
2018-01-11 09:32:14,177 [Thread-51:4440] [django.server:131] [basehttp:log_message] [INFO]- "GET /static/images/photos/userprofile.png HTTP/1.1" 200 23407
2018-01-11 09:32:14,188 [Thread-48:5584] [django.server:131] [basehttp:log_message] [INFO]- "GET /static/js/flot/jquery.flot.resize.min.js HTTP/1.1" 200 2348
2018-01-11 09:32:14,239 [Thread-50:10044] [django.server:131] [basehttp:log_message] [INFO]- "GET /static/js/raphael-2.1.0.min.js HTTP/1.1" 200 110942
2018-01-11 09:32:14,247 [Thread-52:9016] [django.server:131] [basehttp:log_message] [INFO]- "GET /static/images/plus-white.png HTTP/1.1" 200 966
2018-01-11 09:32:14,257 [Thread-47:9076] [django.server:131] [basehttp:log_message] [INFO]- "GET /static/js/flot/jquery.flot.min.js HTTP/1.1" 200 52970
2018-01-11 09:32:14,266 [Thread-53:10248] [django.server:131] [basehttp:log_message] [INFO]- "GET /static/images/icon-search.png HTTP/1.1" 200 1239
2018-01-11 09:32:17,834 [Thread-54:6500] [django.server:131] [basehttp:log_message] [INFO]- "GET /static/images/plus.png HTTP/1.1" 200 971
2018-01-11 09:32:18,473 [Thread-55:9932] [django.server:131] [basehttp:log_message] [INFO]- "GET /static/images/minus.png HTTP/1.1" 200 955
2018-01-11 09:32:23,588 [Thread-56:8120] [django.server:131] [basehttp:log_message] [INFO]- "GET /element/?pro_id=3 HTTP/1.1" 200 9880
2018-01-11 09:32:23,635 [Thread-59:7412] [django.server:131] [basehttp:log_message] [INFO]- "GET /static/js/jquery-1.11.1.min.js?_=1515634334323 HTTP/1.1" 200 95789
2018-01-11 09:32:23,647 [Thread-58:7004] [django.server:131] [basehttp:log_message] [INFO]- "GET /static/css/jquery.datatables.css HTTP/1.1" 200 4322
2018-01-11 09:32:23,651 [Thread-57:8744] [django.server:131] [basehttp:log_message] [INFO]- "GET /static/css/jquery.gritter.css HTTP/1.1" 200 1468
2018-01-11 09:32:23,724 [Thread-60:2804] [django.server:131] [basehttp:log_message] [INFO]- "GET /static/js/bootstrap.min.js?_=1515634334324 HTTP/1.1" 200 31823
2018-01-11 09:32:23,782 [Thread-61:2848] [django.server:131] [basehttp:log_message] [INFO]- "GET /static/js/jquery.datatables.min.js?_=1515634334325 HTTP/1.1" 200 77503
2018-01-11 09:32:24,112 [Thread-62:10548] [django.server:131] [basehttp:log_message] [INFO]- "GET /static/images/sort_both.png HTTP/1.1" 200 1109
2018-01-11 09:32:24,161 [Thread-63:9080] [django.server:131] [basehttp:log_message] [INFO]- "GET /static/images/sort_asc.png HTTP/1.1" 200 1033
2018-01-11 09:32:25,861 [Thread-64:10888] [django.server:131] [basehttp:log_message] [INFO]- "GET /case_list/?pro_id=3 HTTP/1.1" 200 4053
2018-01-11 09:32:25,908 [Thread-65:10860] [django.server:131] [basehttp:log_message] [INFO]- "GET /static/js/jquery-1.11.1.min.js?_=1515634343719 HTTP/1.1" 200 95789
2018-01-11 09:32:25,953 [Thread-66:9804] [django.server:131] [basehttp:log_message] [INFO]- "GET /static/js/bootstrap.min.js?_=1515634343720 HTTP/1.1" 200 31823
2018-01-11 09:32:25,970 [Thread-67:6608] [django.server:131] [basehttp:log_message] [INFO]- "GET /static/js/jquery.datatables.min.js?_=1515634343721 HTTP/1.1" 200 77503
2018-01-11 09:32:27,230 [Thread-68:10660] [django.server:131] [basehttp:log_message] [INFO]- "GET /scenario_list/?pro_id=3 HTTP/1.1" 200 2521
2018-01-11 09:32:27,283 [Thread-69:4556] [django.server:131] [basehttp:log_message] [INFO]- "GET /static/js/jquery-1.11.1.min.js?_=1515634345948 HTTP/1.1" 200 95789
2018-01-11 09:32:27,299 [Thread-70:9380] [django.server:131] [basehttp:log_message] [INFO]- "GET /static/js/bootstrap.min.js?_=1515634345949 HTTP/1.1" 200 31823
2018-01-11 09:32:27,312 [Thread-71:9412] [django.server:131] [basehttp:log_message] [INFO]- "GET /static/js/jquery.datatables.min.js?_=1515634345950 HTTP/1.1" 200 77503
2018-01-11 09:32:37,204 [Thread-72:4148] [django.server:131] [basehttp:log_message] [INFO]- "GET /project HTTP/1.1" 301 0
2018-01-11 09:32:37,275 [Thread-73:5504] [django.server:131] [basehttp:log_message] [INFO]- "GET /project/ HTTP/1.1" 200 1559
2018-01-11 09:32:37,311 [Thread-74:2232] [django.server:131] [basehttp:log_message] [INFO]- "GET /static/js/jquery-1.11.1.min.js?_=1515634347294 HTTP/1.1" 200 95789
2018-01-11 09:32:37,321 [Thread-75:6876] [django.server:131] [basehttp:log_message] [INFO]- "GET /static/js/bootstrap.min.js?_=1515634347295 HTTP/1.1" 200 31823
2018-01-11 09:32:37,339 [Thread-76:6984] [django.server:131] [basehttp:log_message] [INFO]- "GET /static/js/jquery.datatables.min.js?_=1515634347296 HTTP/1.1" 200 77503
2018-01-11 09:32:41,665 [Thread-77:3504] [django.server:131] [basehttp:log_message] [INFO]- "GET /project/ HTTP/1.1" 200 1559
2018-01-11 09:32:41,723 [Thread-78:1700] [django.server:131] [basehttp:log_message] [INFO]- "GET /static/js/jquery-1.11.1.min.js?_=1515634357319 HTTP/1.1" 200 95789
2018-01-11 09:32:41,739 [Thread-79:8832] [django.server:131] [basehttp:log_message] [INFO]- "GET /static/js/bootstrap.min.js?_=1515634357320 HTTP/1.1" 200 31823
2018-01-11 09:32:41,765 [Thread-80:10908] [django.server:131] [basehttp:log_message] [INFO]- "GET /static/js/jquery.datatables.min.js?_=1515634357321 HTTP/1.1" 200 77503
2018-01-11 09:32:47,194 [Thread-81:9524] [django.server:131] [basehttp:log_message] [INFO]- "GET /element/?pro_id=3 HTTP/1.1" 200 9880
2018-01-11 09:32:47,279 [Thread-82:5276] [django.server:131] [basehttp:log_message] [INFO]- "GET /static/js/jquery-1.11.1.min.js?_=1515634361733 HTTP/1.1" 200 95789
2018-01-11 09:32:47,355 [Thread-83:10276] [django.server:131] [basehttp:log_message] [INFO]- "GET /static/js/bootstrap.min.js?_=1515634361734 HTTP/1.1" 200 31823
2018-01-11 09:32:47,365 [Thread-84:2592] [django.server:131] [basehttp:log_message] [INFO]- "GET /static/js/jquery.datatables.min.js?_=1515634361735 HTTP/1.1" 200 77503
2018-01-11 09:32:48,420 [Thread-85:7380] [django.server:131] [basehttp:log_message] [INFO]- "GET /case_list/?pro_id=3 HTTP/1.1" 200 4053
2018-01-11 09:32:48,483 [Thread-86:3960] [django.server:131] [basehttp:log_message] [INFO]- "GET /static/js/jquery-1.11.1.min.js?_=1515634367290 HTTP/1.1" 200 95789
2018-01-11 09:32:48,523 [Thread-87:10512] [django.server:131] [basehttp:log_message] [INFO]- "GET /static/js/bootstrap.min.js?_=1515634367291 HTTP/1.1" 200 31823
2018-01-11 09:32:48,532 [Thread-88:8412] [django.server:131] [basehttp:log_message] [INFO]- "GET /static/js/jquery.datatables.min.js?_=1515634367292 HTTP/1.1" 200 77503
2018-01-11 09:32:49,516 [Thread-89:5804] [django.server:131] [basehttp:log_message] [INFO]- "GET /scenario_list/?pro_id=3 HTTP/1.1" 200 2521
2018-01-11 09:32:49,585 [Thread-90:5468] [django.server:131] [basehttp:log_message] [INFO]- "GET /static/js/jquery-1.11.1.min.js?_=1515634368493 HTTP/1.1" 200 95789
2018-01-11 09:32:49,608 [Thread-91:9300] [django.server:131] [basehttp:log_message] [INFO]- "GET /static/js/bootstrap.min.js?_=1515634368494 HTTP/1.1" 200 31823
2018-01-11 09:32:49,617 [Thread-92:3656] [django.server:131] [basehttp:log_message] [INFO]- "GET /static/js/jquery.datatables.min.js?_=1515634368495 HTTP/1.1" 200 77503
2018-01-11 09:32:52,121 [Thread-93:408] [django.server:131] [basehttp:log_message] [INFO]- "GET /case_list/?pro_id=3 HTTP/1.1" 200 4053
2018-01-11 09:32:52,196 [Thread-94:5628] [django.server:131] [basehttp:log_message] [INFO]- "GET /static/js/jquery-1.11.1.min.js?_=1515634369595 HTTP/1.1" 200 95789
2018-01-11 09:32:52,206 [Thread-95:8544] [django.server:131] [basehttp:log_message] [INFO]- "GET /static/js/bootstrap.min.js?_=1515634369596 HTTP/1.1" 200 31823
2018-01-11 09:32:52,214 [Thread-96:2820] [django.server:131] [basehttp:log_message] [INFO]- "GET /static/js/jquery.datatables.min.js?_=1515634369597 HTTP/1.1" 200 77503
2018-01-11 09:32:52,953 [Thread-97:9280] [django.server:131] [basehttp:log_message] [INFO]- "GET /element/?pro_id=3 HTTP/1.1" 200 9880
2018-01-11 09:32:53,015 [Thread-98:7000] [django.server:131] [basehttp:log_message] [INFO]- "GET /static/js/jquery-1.11.1.min.js?_=1515634372205 HTTP/1.1" 200 95789
2018-01-11 09:32:53,056 [Thread-99:10640] [django.server:131] [basehttp:log_message] [INFO]- "GET /static/js/bootstrap.min.js?_=1515634372206 HTTP/1.1" 200 31823
2018-01-11 09:32:53,065 [Thread-100:11168] [django.server:131] [basehttp:log_message] [INFO]- "GET /static/js/jquery.datatables.min.js?_=1515634372207 HTTP/1.1" 200 77503
2018-01-11 09:33:21,270 [Thread-101:10096] [django.server:131] [basehttp:log_message] [INFO]- "GET /element/?pro_id=3 HTTP/1.1" 200 9880
2018-01-11 09:33:21,336 [Thread-102:1668] [django.server:131] [basehttp:log_message] [INFO]- "GET /static/js/jquery-1.11.1.min.js?_=1515634373025 HTTP/1.1" 200 95789
2018-01-11 09:33:21,388 [Thread-103:9004] [django.server:131] [basehttp:log_message] [INFO]- "GET /static/js/bootstrap.min.js?_=1515634373026 HTTP/1.1" 200 31823
2018-01-11 09:33:21,398 [Thread-104:8016] [django.server:131] [basehttp:log_message] [INFO]- "GET /static/js/jquery.datatables.min.js?_=1515634373027 HTTP/1.1" 200 77503
2018-01-11 09:33:30,312 [Thread-105:10840] [django.server:131] [basehttp:log_message] [INFO]- "POST /element/ HTTP/1.1" 200 320
2018-01-11 09:33:44,670 [Thread-106:7408] [django.server:131] [basehttp:log_message] [INFO]- "GET /case_list/?pro_id=3 HTTP/1.1" 200 4053
2018-01-11 09:33:44,746 [Thread-107:10500] [django.server:131] [basehttp:log_message] [INFO]- "GET /static/js/jquery-1.11.1.min.js?_=1515634401346 HTTP/1.1" 200 95789
2018-01-11 09:33:44,769 [Thread-108:5524] [django.server:131] [basehttp:log_message] [INFO]- "GET /static/js/bootstrap.min.js?_=1515634401347 HTTP/1.1" 200 31823
2018-01-11 09:33:44,788 [Thread-109:3224] [django.server:131] [basehttp:log_message] [INFO]- "GET /static/js/jquery.datatables.min.js?_=1515634401348 HTTP/1.1" 200 77503
2018-01-11 09:33:46,270 [Thread-110:4268] [django.server:131] [basehttp:log_message] [INFO]- "GET /add_case/?action=add_case&pro_id=3 HTTP/1.1" 200 14532
2018-01-11 09:33:46,306 [Thread-111:9212] [django.server:131] [basehttp:log_message] [INFO]- "GET /static/js/jquery-1.11.1.min.js?_=1515634424764 HTTP/1.1" 200 95789
2018-01-11 09:33:46,342 [Thread-112:6312] [django.server:131] [basehttp:log_message] [INFO]- "GET /static/js/jquery-ui-1.10.3.min.js?_=1515634424765 HTTP/1.1" 200 228142
2018-01-11 09:33:46,401 [Thread-113:2828] [django.server:131] [basehttp:log_message] [INFO]- "GET /static/js/jquery-1.11.1.min.js?_=1515634424766 HTTP/1.1" 200 95789
2018-01-11 09:33:46,421 [Thread-114:9876] [django.server:131] [basehttp:log_message] [INFO]- "GET /static/js/jquery.datatables.min.js?_=1515634424767 HTTP/1.1" 200 77503
2018-01-11 09:33:46,433 [Thread-115:10088] [django.server:131] [basehttp:log_message] [INFO]- "GET /static/js/jquery-ui-1.10.3.min.js?_=1515634424768 HTTP/1.1" 200 228142
2018-01-11 09:33:46,476 [Thread-116:5708] [django.server:131] [basehttp:log_message] [INFO]- "GET /static/js/bootstrap.min.js?_=1515634424769 HTTP/1.1" 200 31823
2018-01-11 09:34:00,282 [Thread-117:8208] [django.server:131] [basehttp:log_message] [INFO]- "GET /ajax_html?action=add_case_step HTTP/1.1" 301 0
2018-01-11 09:34:00,341 [Thread-118:7704] [django.server:131] [basehttp:log_message] [INFO]- "GET /ajax_html/?action=add_case_step HTTP/1.1" 200 966
2018-01-11 09:34:12,289 [Thread-119:5740] [django.server:131] [basehttp:log_message] [WARNING]- "POST /case/ HTTP/1.1" 404 4565
2018-01-11 09:34:13,591 [Thread-120:9116] [django.server:131] [basehttp:log_message] [WARNING]- "POST /case/ HTTP/1.1" 404 4565
2018-01-11 09:34:15,026 [Thread-121:10384] [django.server:131] [basehttp:log_message] [WARNING]- "POST /case/ HTTP/1.1" 404 4565
2018-01-11 09:34:15,253 [Thread-122:10592] [django.server:131] [basehttp:log_message] [WARNING]- "POST /case/ HTTP/1.1" 404 4565
2018-01-11 09:34:15,476 [Thread-123:2556] [django.server:131] [basehttp:log_message] [WARNING]- "POST /case/ HTTP/1.1" 404 4565
2018-01-11 09:34:15,733 [Thread-124:6340] [django.server:131] [basehttp:log_message] [WARNING]- "POST /case/ HTTP/1.1" 404 4565
2018-01-11 09:34:27,470 [Thread-125:8000] [django.server:131] [basehttp:log_message] [WARNING]- "POST /case/ HTTP/1.1" 404 4565
2018-01-11 09:34:27,963 [Thread-126:8032] [django.server:131] [basehttp:log_message] [WARNING]- "POST /case/ HTTP/1.1" 404 4565
2018-01-11 09:34:28,903 [Thread-127:11132] [django.server:131] [basehttp:log_message] [WARNING]- "POST /case/ HTTP/1.1" 404 4565
2018-01-11 09:34:29,165 [Thread-128:11052] [django.server:131] [basehttp:log_message] [WARNING]- "POST /case/ HTTP/1.1" 404 4565
2018-01-11 09:34:29,361 [Thread-129:6040] [django.server:131] [basehttp:log_message] [WARNING]- "POST /case/ HTTP/1.1" 404 4565
2018-01-11 09:34:29,555 [Thread-130:7568] [django.server:131] [basehttp:log_message] [WARNING]- "POST /case/ HTTP/1.1" 404 4565
2018-01-11 09:34:29,753 [Thread-131:5912] [django.server:131] [basehttp:log_message] [WARNING]- "POST /case/ HTTP/1.1" 404 4565
2018-01-11 09:34:33,138 [Thread-132:6920] [django.server:131] [basehttp:log_message] [WARNING]- "POST /case/ HTTP/1.1" 404 4565
2018-01-11 09:34:35,400 [Thread-133:9436] [django.server:131] [basehttp:log_message] [WARNING]- "POST /case/ HTTP/1.1" 404 4565
2018-01-11 09:34:36,078 [Thread-134:640] [django.server:131] [basehttp:log_message] [WARNING]- "POST /case/ HTTP/1.1" 404 4565
2018-01-11 09:34:36,298 [Thread-135:5992] [django.server:131] [basehttp:log_message] [WARNING]- "POST /case/ HTTP/1.1" 404 4565
2018-01-11 09:34:36,605 [Thread-136:5296] [django.server:131] [basehttp:log_message] [WARNING]- "POST /case/ HTTP/1.1" 404 4565
2018-01-11 09:34:36,809 [Thread-137:5208] [django.server:131] [basehttp:log_message] [WARNING]- "POST /case/ HTTP/1.1" 404 4565
2018-01-11 09:34:36,993 [Thread-138:10684] [django.server:131] [basehttp:log_message] [WARNING]- "POST /case/ HTTP/1.1" 404 4565
2018-01-11 09:34:39,395 [Thread-139:10028] [django.server:131] [basehttp:log_message] [WARNING]- "POST /case/ HTTP/1.1" 404 4565
2018-01-11 09:34:39,897 [Thread-140:4152] [django.server:131] [basehttp:log_message] [WARNING]- "POST /case/ HTTP/1.1" 404 4565
2018-01-11 09:34:40,105 [Thread-141:5420] [django.server:131] [basehttp:log_message] [WARNING]- "POST /case/ HTTP/1.1" 404 4565
2018-01-11 09:34:40,295 [Thread-142:5868] [django.server:131] [basehttp:log_message] [WARNING]- "POST /case/ HTTP/1.1" 404 4565
2018-01-11 09:34:42,742 [Thread-143:7788] [django.server:131] [basehttp:log_message] [WARNING]- "POST /case/ HTTP/1.1" 404 4565
2018-01-11 09:34:42,983 [Thread-144:9220] [django.server:131] [basehttp:log_message] [WARNING]- "POST /case/ HTTP/1.1" 404 4565
2018-01-11 09:34:43,194 [Thread-145:11208] [django.server:131] [basehttp:log_message] [WARNING]- "POST /case/ HTTP/1.1" 404 4565
2018-01-11 09:34:43,415 [Thread-146:10232] [django.server:131] [basehttp:log_message] [WARNING]- "POST /case/ HTTP/1.1" 404 4565
2018-01-11 09:34:48,641 [Thread-147:4820] [django.server:131] [basehttp:log_message] [WARNING]- "POST /case/ HTTP/1.1" 404 4565
2018-01-11 09:34:48,846 [Thread-148:8036] [django.server:131] [basehttp:log_message] [WARNING]- "POST /case/ HTTP/1.1" 404 4565
2018-01-11 09:34:49,042 [Thread-149:7628] [django.server:131] [basehttp:log_message] [WARNING]- "POST /case/ HTTP/1.1" 404 4565
2018-01-11 09:34:49,267 [Thread-150:6696] [django.server:131] [basehttp:log_message] [WARNING]- "POST /case/ HTTP/1.1" 404 4565
2018-01-11 09:34:49,467 [Thread-151:5440] [django.server:131] [basehttp:log_message] [WARNING]- "POST /case/ HTTP/1.1" 404 4565
2018-01-11 09:34:49,838 [Thread-152:8648] [django.server:131] [basehttp:log_message] [WARNING]- "POST /case/ HTTP/1.1" 404 4565
2018-01-11 09:34:53,585 [Thread-153:11068] [django.server:131] [basehttp:log_message] [WARNING]- "POST /case/ HTTP/1.1" 404 4565
2018-01-11 09:35:01,723 [Thread-154:3372] [django.server:131] [basehttp:log_message] [INFO]- "GET /element/?pro_id=3 HTTP/1.1" 200 9880
2018-01-11 09:35:01,753 [Thread-155:8308] [django.server:131] [basehttp:log_message] [INFO]- "GET /static/js/jquery-1.11.1.min.js?_=1515634426409 HTTP/1.1" 200 95789
2018-01-11 09:35:01,793 [Thread-156:7992] [django.server:131] [basehttp:log_message] [INFO]- "GET /static/js/bootstrap.min.js?_=1515634426410 HTTP/1.1" 200 31823
2018-01-11 09:35:01,809 [Thread-157:4524] [django.server:131] [basehttp:log_message] [INFO]- "GET /static/js/jquery.datatables.min.js?_=1515634426411 HTTP/1.1" 200 77503
2018-01-11 09:35:05,250 [Thread-158:6432] [django.server:131] [basehttp:log_message] [INFO]- "GET /case_list/?pro_id=3 HTTP/1.1" 200 4053
2018-01-11 09:35:05,301 [Thread-159:4196] [django.server:131] [basehttp:log_message] [INFO]- "GET /static/js/jquery-1.11.1.min.js?_=1515634501790 HTTP/1.1" 200 95789
2018-01-11 09:35:05,351 [Thread-160:2324] [django.server:131] [basehttp:log_message] [INFO]- "GET /static/js/bootstrap.min.js?_=1515634501791 HTTP/1.1" 200 31823
2018-01-11 09:35:05,375 [Thread-161:6272] [django.server:131] [basehttp:log_message] [INFO]- "GET /static/js/jquery.datatables.min.js?_=1515634501792 HTTP/1.1" 200 77503
2018-01-11 09:35:10,654 [Thread-162:9432] [django.server:131] [basehttp:log_message] [INFO]- "GET /is_html_path?name=case-15 HTTP/1.1" 301 0
2018-01-11 09:35:10,726 [Thread-163:2720] [django.server:131] [basehttp:log_message] [INFO]- "GET /is_html_path/?name=case-15 HTTP/1.1" 200 4
2018-01-11 09:35:10,845 [Thread-164:5000] [django.server:131] [basehttp:log_message] [INFO]- "GET /report?name=case-15 HTTP/1.1" 301 0
2018-01-11 09:35:10,901 [Thread-165:6832] [django.server:131] [basehttp:log_message] [INFO]- "GET /report/?name=case-15 HTTP/1.1" 200 6938
2018-01-11 09:35:10,930 [Thread-166:9992] [django.server:131] [basehttp:log_message] [INFO]- "GET /report/camera.png HTTP/1.1" 200 5984
2018-01-11 09:35:16,200 [Thread-167:9352] [django.server:131] [basehttp:log_message] [INFO]- "GET /report/?name=case-15 HTTP/1.1" 200 6938
2018-01-11 09:35:16,273 [Thread-168:10204] [django.server:131] [basehttp:log_message] [INFO]- "GET /report/camera.png HTTP/1.1" 200 5984
2018-01-11 09:35:25,000 [Thread-169:6372] [django.server:131] [basehttp:log_message] [INFO]- "GET /report/?name=case-15 HTTP/1.1" 200 6938
2018-01-11 09:35:25,026 [Thread-170:7216] [django.server:131] [basehttp:log_message] [INFO]- "GET /report/camera.png HTTP/1.1" 200 5984
2018-01-11 09:35:33,105 [Thread-171:4952] [django.server:131] [basehttp:log_message] [INFO]- "GET /edit_case/?id=15 HTTP/1.1" 200 26691
2018-01-11 09:35:33,127 [Thread-172:10868] [django.server:131] [basehttp:log_message] [INFO]- "GET /static/js/jquery-1.11.1.min.js?_=1515634505348 HTTP/1.1" 200 95789
2018-01-11 09:35:33,180 [Thread-173:4824] [django.server:131] [basehttp:log_message] [INFO]- "GET /static/js/jquery-ui-1.10.3.min.js?_=1515634505349 HTTP/1.1" 200 228142
2018-01-11 09:35:33,242 [Thread-174:4076] [django.server:131] [basehttp:log_message] [INFO]- "GET /static/js/jquery-1.11.1.min.js?_=1515634505350 HTTP/1.1" 200 95789
2018-01-11 09:35:33,279 [Thread-175:4284] [django.server:131] [basehttp:log_message] [INFO]- "GET /static/js/jquery.datatables.min.js?_=1515634505351 HTTP/1.1" 200 77503
2018-01-11 09:35:33,312 [Thread-176:4320] [django.server:131] [basehttp:log_message] [INFO]- "GET /static/js/jquery-ui-1.10.3.min.js?_=1515634505352 HTTP/1.1" 200 228142
2018-01-11 09:35:33,361 [Thread-177:2076] [django.server:131] [basehttp:log_message] [INFO]- "GET /static/js/bootstrap.min.js?_=1515634505353 HTTP/1.1" 200 31823
2018-01-11 09:35:35,275 [Thread-178:5588] [django.server:131] [basehttp:log_message] [WARNING]- "POST /case/ HTTP/1.1" 404 4565
2018-01-11 09:35:35,809 [Thread-179:10764] [django.server:131] [basehttp:log_message] [WARNING]- "POST /case/ HTTP/1.1" 404 4565
2018-01-11 09:35:35,993 [Thread-180:8536] [django.server:131] [basehttp:log_message] [WARNING]- "POST /case/ HTTP/1.1" 404 4565
2018-01-11 09:35:36,187 [Thread-181:5568] [django.server:131] [basehttp:log_message] [WARNING]- "POST /case/ HTTP/1.1" 404 4565
2018-01-11 09:35:36,365 [Thread-182:9200] [django.server:131] [basehttp:log_message] [WARNING]- "POST /case/ HTTP/1.1" 404 4565
2018-01-11 09:35:36,552 [Thread-183:6588] [django.server:131] [basehttp:log_message] [WARNING]- "POST /case/ HTTP/1.1" 404 4565
2018-01-11 09:35:37,006 [Thread-184:11244] [django.server:131] [basehttp:log_message] [WARNING]- "POST /case/ HTTP/1.1" 404 4565
2018-01-11 09:35:37,207 [Thread-185:7520] [django.server:131] [basehttp:log_message] [WARNING]- "POST /case/ HTTP/1.1" 404 4565
2018-01-11 09:35:37,377 [Thread-186:5132] [django.server:131] [basehttp:log_message] [WARNING]- "POST /case/ HTTP/1.1" 404 4565
2018-01-11 09:35:37,571 [Thread-187:2188] [django.server:131] [basehttp:log_message] [WARNING]- "POST /case/ HTTP/1.1" 404 4565
2018-01-11 09:35:37,904 [Thread-188:7152] [django.server:131] [basehttp:log_message] [WARNING]- "POST /case/ HTTP/1.1" 404 4565
2018-01-11 09:35:38,134 [Thread-189:5948] [django.server:131] [basehttp:log_message] [WARNING]- "POST /case/ HTTP/1.1" 404 4565
2018-01-11 09:35:38,354 [Thread-190:5008] [django.server:131] [basehttp:log_message] [WARNING]- "POST /case/ HTTP/1.1" 404 4565
2018-01-11 09:35:38,542 [Thread-191:5528] [django.server:131] [basehttp:log_message] [WARNING]- "POST /case/ HTTP/1.1" 404 4565
2018-01-11 09:36:13,691 [Thread-192:5448] [django.server:131] [basehttp:log_message] [INFO]- "GET /case_list/?pro_id=3 HTTP/1.1" 200 4053
2018-01-11 09:36:13,744 [Thread-193:5604] [django.server:131] [basehttp:log_message] [INFO]- "GET /static/js/jquery-1.11.1.min.js?_=1515634533273 HTTP/1.1" 200 95789
2018-01-11 09:36:13,759 [Thread-194:11104] [django.server:131] [basehttp:log_message] [INFO]- "GET /static/js/bootstrap.min.js?_=1515634533274 HTTP/1.1" 200 31823
2018-01-11 09:36:13,773 [Thread-195:10892] [django.server:131] [basehttp:log_message] [INFO]- "GET /static/js/jquery.datatables.min.js?_=1515634533275 HTTP/1.1" 200 77503
2018-01-11 09:36:15,088 [Thread-196:7044] [django.server:131] [basehttp:log_message] [INFO]- "GET /scenario_list/?pro_id=3 HTTP/1.1" 200 2521
2018-01-11 09:36:15,158 [Thread-197:10632] [django.server:131] [basehttp:log_message] [INFO]- "GET /static/js/jquery-1.11.1.min.js?_=1515634573760 HTTP/1.1" 200 95789
2018-01-11 09:36:15,183 [Thread-198:2220] [django.server:131] [basehttp:log_message] [INFO]- "GET /static/js/bootstrap.min.js?_=1515634573761 HTTP/1.1" 200 31823
2018-01-11 09:36:15,190 [Thread-199:1652] [django.server:131] [basehttp:log_message] [INFO]- "GET /static/js/jquery.datatables.min.js?_=1515634573762 HTTP/1.1" 200 77503
2018-01-11 09:36:15,793 [Thread-200:4328] [django.server:131] [basehttp:log_message] [INFO]- "GET /case_list/?pro_id=3 HTTP/1.1" 200 4053
2018-01-11 09:36:15,858 [Thread-201:4628] [django.server:131] [basehttp:log_message] [INFO]- "GET /static/js/jquery-1.11.1.min.js?_=1515634575172 HTTP/1.1" 200 95789
2018-01-11 09:36:15,871 [Thread-202:5776] [django.server:131] [basehttp:log_message] [INFO]- "GET /static/js/bootstrap.min.js?_=1515634575173 HTTP/1.1" 200 31823
2018-01-11 09:36:15,888 [Thread-203:10176] [django.server:131] [basehttp:log_message] [INFO]- "GET /static/js/jquery.datatables.min.js?_=1515634575174 HTTP/1.1" 200 77503
2018-01-11 09:36:16,186 [Thread-204:824] [django.server:131] [basehttp:log_message] [INFO]- "GET /element/?pro_id=3 HTTP/1.1" 200 9880
2018-01-11 09:36:16,227 [Thread-205:6288] [django.server:131] [basehttp:log_message] [INFO]- "GET /static/js/jquery-1.11.1.min.js?_=1515634575873 HTTP/1.1" 200 95789
2018-01-11 09:36:16,242 [Thread-206:3480] [django.server:131] [basehttp:log_message] [INFO]- "GET /static/js/bootstrap.min.js?_=1515634575874 HTTP/1.1" 200 31823
2018-01-11 09:36:16,252 [Thread-207:6692] [django.server:131] [basehttp:log_message] [INFO]- "GET /static/js/jquery.datatables.min.js?_=1515634575875 HTTP/1.1" 200 77503
2018-01-11 09:36:16,753 [Thread-208:5596] [django.server:131] [basehttp:log_message] [INFO]- "GET /case_list/?pro_id=3 HTTP/1.1" 200 4053
2018-01-11 09:36:16,803 [Thread-209:9052] [django.server:131] [basehttp:log_message] [INFO]- "GET /static/js/jquery-1.11.1.min.js?_=1515634576242 HTTP/1.1" 200 95789
2018-01-11 09:36:16,823 [Thread-210:8316] [django.server:131] [basehttp:log_message] [INFO]- "GET /static/js/bootstrap.min.js?_=1515634576243 HTTP/1.1" 200 31823
2018-01-11 09:36:16,838 [Thread-211:9884] [django.server:131] [basehttp:log_message] [INFO]- "GET /static/js/jquery.datatables.min.js?_=1515634576244 HTTP/1.1" 200 77503
2018-01-11 09:36:17,187 [Thread-212:8576] [django.server:131] [basehttp:log_message] [INFO]- "GET /scenario_list/?pro_id=3 HTTP/1.1" 200 2521
2018-01-11 09:36:17,283 [Thread-213:9440] [django.server:131] [basehttp:log_message] [INFO]- "GET /static/js/jquery-1.11.1.min.js?_=1515634576819 HTTP/1.1" 200 95789
2018-01-11 09:36:17,299 [Thread-214:7040] [django.server:131] [basehttp:log_message] [INFO]- "GET /static/js/bootstrap.min.js?_=1515634576820 HTTP/1.1" 200 31823
2018-01-11 09:36:17,309 [Thread-215:9824] [django.server:131] [basehttp:log_message] [INFO]- "GET /static/js/jquery.datatables.min.js?_=1515634576821 HTTP/1.1" 200 77503
2018-01-11 09:36:17,467 [Thread-216:2056] [django.server:131] [basehttp:log_message] [INFO]- "GET /case_list/?pro_id=3 HTTP/1.1" 200 4053
2018-01-11 09:36:17,558 [Thread-217:2268] [django.server:131] [basehttp:log_message] [INFO]- "GET /static/js/jquery-1.11.1.min.js?_=1515634577297 HTTP/1.1" 200 95789
2018-01-11 09:36:17,568 [Thread-218:7772] [django.server:131] [basehttp:log_message] [INFO]- "GET /static/js/bootstrap.min.js?_=1515634577298 HTTP/1.1" 200 31823
2018-01-11 09:36:17,575 [Thread-219:3368] [django.server:131] [basehttp:log_message] [INFO]- "GET /static/js/jquery.datatables.min.js?_=1515634577299 HTTP/1.1" 200 77503
2018-01-11 09:36:17,736 [Thread-220:6344] [django.server:131] [basehttp:log_message] [INFO]- "GET /element/?pro_id=3 HTTP/1.1" 200 9880
2018-01-11 09:36:17,796 [Thread-221:5128] [django.server:131] [basehttp:log_message] [INFO]- "GET /static/js/jquery-1.11.1.min.js?_=1515634577570 HTTP/1.1" 200 95789
2018-01-11 09:36:17,805 [Thread-222:8100] [django.server:131] [basehttp:log_message] [INFO]- "GET /static/js/bootstrap.min.js?_=1515634577571 HTTP/1.1" 200 31823
2018-01-11 09:36:17,812 [Thread-223:6680] [django.server:131] [basehttp:log_message] [INFO]- "GET /static/js/jquery.datatables.min.js?_=1515634577572 HTTP/1.1" 200 77503
2018-01-11 09:36:18,085 [Thread-224:4188] [django.server:131] [basehttp:log_message] [INFO]- "GET /case_list/?pro_id=3 HTTP/1.1" 200 4053
2018-01-11 09:36:18,187 [Thread-225:11192] [django.server:131] [basehttp:log_message] [INFO]- "GET /static/js/jquery-1.11.1.min.js?_=1515634577808 HTTP/1.1" 200 95789
2018-01-11 09:36:18,296 [Thread-226:5172] [django.server:131] [basehttp:log_message] [INFO]- "GET /static/js/bootstrap.min.js?_=1515634577809 HTTP/1.1" 200 31823
2018-01-11 09:36:18,411 [Thread-227:8336] [django.server:131] [basehttp:log_message] [INFO]- "GET /static/js/jquery.datatables.min.js?_=1515634577810 HTTP/1.1" 200 77503
2018-01-11 09:36:18,460 [Thread-228:3916] [django.server:131] [basehttp:log_message] [INFO]- "GET /scenario_list/?pro_id=3 HTTP/1.1" 200 2521
2018-01-11 09:36:18,565 [Thread-229:10912] [django.server:131] [basehttp:log_message] [INFO]- "GET /static/js/jquery-1.11.1.min.js?_=1515634578201 HTTP/1.1" 200 95789
2018-01-11 09:36:18,576 [Thread-230:6244] [django.server:131] [basehttp:log_message] [INFO]- "GET /static/js/bootstrap.min.js?_=1515634578202 HTTP/1.1" 200 31823
2018-01-11 09:36:18,585 [Thread-231:1880] [django.server:131] [basehttp:log_message] [INFO]- "GET /static/js/jquery.datatables.min.js?_=1515634578203 HTTP/1.1" 200 77503
2018-01-11 09:36:18,825 [Thread-232:2244] [django.server:131] [basehttp:log_message] [INFO]- "GET /case_list/?pro_id=3 HTTP/1.1" 200 4053
2018-01-11 09:36:18,910 [Thread-233:5940] [django.server:131] [basehttp:log_message] [INFO]- "GET /static/js/jquery-1.11.1.min.js?_=1515634578578 HTTP/1.1" 200 95789
2018-01-11 09:36:18,924 [Thread-234:2508] [django.server:131] [basehttp:log_message] [INFO]- "GET /static/js/bootstrap.min.js?_=1515634578579 HTTP/1.1" 200 31823
2018-01-11 09:36:18,936 [Thread-235:4440] [django.server:131] [basehttp:log_message] [INFO]- "GET /static/js/jquery.datatables.min.js?_=1515634578580 HTTP/1.1" 200 77503
2018-01-11 09:36:19,115 [Thread-236:5584] [django.server:131] [basehttp:log_message] [INFO]- "GET /element/?pro_id=3 HTTP/1.1" 200 9880
2018-01-11 09:36:19,219 [Thread-237:10044] [django.server:131] [basehttp:log_message] [INFO]- "GET /static/js/jquery-1.11.1.min.js?_=1515634578923 HTTP/1.1" 200 95789
2018-01-11 09:36:19,229 [Thread-238:9016] [django.server:131] [basehttp:log_message] [INFO]- "GET /static/js/bootstrap.min.js?_=1515634578924 HTTP/1.1" 200 31823
2018-01-11 09:36:19,236 [Thread-239:9076] [django.server:131] [basehttp:log_message] [INFO]- "GET /static/js/jquery.datatables.min.js?_=1515634578925 HTTP/1.1" 200 77503
2018-01-11 09:36:19,391 [Thread-240:10248] [django.server:131] [basehttp:log_message] [INFO]- "GET /case_list/?pro_id=3 HTTP/1.1" 200 4053
2018-01-11 09:36:19,459 [Thread-241:7552] [django.server:131] [basehttp:log_message] [INFO]- "GET /static/js/jquery-1.11.1.min.js?_=1515634579231 HTTP/1.1" 200 95789
2018-01-11 09:36:19,469 [Thread-242:4260] [django.server:131] [basehttp:log_message] [INFO]- "GET /static/js/bootstrap.min.js?_=1515634579232 HTTP/1.1" 200 31823
2018-01-11 09:36:19,476 [Thread-243:8572] [django.server:131] [basehttp:log_message] [INFO]- "GET /static/js/jquery.datatables.min.js?_=1515634579233 HTTP/1.1" 200 77503
2018-01-11 09:36:19,651 [Thread-244:4476] [django.server:131] [basehttp:log_message] [INFO]- "GET /scenario_list/?pro_id=3 HTTP/1.1" 200 2521
2018-01-11 09:36:19,724 [Thread-245:2204] [django.server:131] [basehttp:log_message] [INFO]- "GET /static/js/jquery-1.11.1.min.js?_=1515634579471 HTTP/1.1" 200 95789
2018-01-11 09:36:19,736 [Thread-246:6500] [django.server:131] [basehttp:log_message] [INFO]- "GET /static/js/bootstrap.min.js?_=1515634579472 HTTP/1.1" 200 31823
2018-01-11 09:36:19,749 [Thread-247:9932] [django.server:131] [basehttp:log_message] [INFO]- "GET /static/js/jquery.datatables.min.js?_=1515634579473 HTTP/1.1" 200 77503
2018-01-11 09:36:19,908 [Thread-248:5100] [django.server:131] [basehttp:log_message] [INFO]- "GET /case_list/?pro_id=3 HTTP/1.1" 200 4053
2018-01-11 09:36:19,954 [Thread-249:5784] [django.server:131] [basehttp:log_message] [INFO]- "GET /static/js/jquery-1.11.1.min.js?_=1515634579737 HTTP/1.1" 200 95789
2018-01-11 09:36:19,966 [Thread-250:9624] [django.server:131] [basehttp:log_message] [INFO]- "GET /static/js/bootstrap.min.js?_=1515634579738 HTTP/1.1" 200 31823
2018-01-11 09:36:19,974 [Thread-251:11224] [django.server:131] [basehttp:log_message] [INFO]- "GET /static/js/jquery.datatables.min.js?_=1515634579739 HTTP/1.1" 200 77503
2018-01-11 09:36:20,214 [Thread-252:1560] [django.server:131] [basehttp:log_message] [INFO]- "GET /element/?pro_id=3 HTTP/1.1" 200 9880
2018-01-11 09:36:20,295 [Thread-253:5944] [django.server:131] [basehttp:log_message] [INFO]- "GET /static/js/jquery-1.11.1.min.js?_=1515634579968 HTTP/1.1" 200 95789
2018-01-11 09:36:20,313 [Thread-254:10344] [django.server:131] [basehttp:log_message] [INFO]- "GET /static/js/bootstrap.min.js?_=1515634579969 HTTP/1.1" 200 31823
2018-01-11 09:36:20,322 [Thread-255:7812] [django.server:131] [basehttp:log_message] [INFO]- "GET /static/js/jquery.datatables.min.js?_=1515634579970 HTTP/1.1" 200 77503
2018-01-11 09:36:20,924 [Thread-256:6684] [django.server:131] [basehttp:log_message] [INFO]- "GET /case_list/?pro_id=3 HTTP/1.1" 200 4053
2018-01-11 09:36:21,002 [Thread-257:3400] [django.server:131] [basehttp:log_message] [INFO]- "GET /static/js/jquery-1.11.1.min.js?_=1515634580307 HTTP/1.1" 200 95789
2018-01-11 09:36:21,036 [Thread-258:9700] [django.server:131] [basehttp:log_message] [INFO]- "GET /static/js/bootstrap.min.js?_=1515634580308 HTTP/1.1" 200 31823
2018-01-11 09:36:21,042 [Thread-259:8120] [django.server:131] [basehttp:log_message] [INFO]- "GET /static/js/jquery.datatables.min.js?_=1515634580309 HTTP/1.1" 200 77503
2018-01-11 09:36:21,354 [Thread-260:7004] [django.server:131] [basehttp:log_message] [INFO]- "GET /scenario_list/?pro_id=3 HTTP/1.1" 200 2521
2018-01-11 09:36:21,437 [Thread-261:8744] [django.server:131] [basehttp:log_message] [INFO]- "GET /static/js/jquery-1.11.1.min.js?_=1515634581018 HTTP/1.1" 200 95789
2018-01-11 09:36:21,497 [Thread-262:2804] [django.server:131] [basehttp:log_message] [INFO]- "GET /static/js/bootstrap.min.js?_=1515634581019 HTTP/1.1" 200 31823
2018-01-11 09:36:21,507 [Thread-263:2848] [django.server:131] [basehttp:log_message] [INFO]- "GET /static/js/jquery.datatables.min.js?_=1515634581020 HTTP/1.1" 200 77503
2018-01-11 09:36:25,713 [Thread-264:10548] [django.server:131] [basehttp:log_message] [INFO]- "GET /element/?pro_id=1 HTTP/1.1" 200 13987
2018-01-11 09:36:25,749 [Thread-265:9080] [django.server:131] [basehttp:log_message] [INFO]- "GET /static/js/jquery-1.11.1.min.js?_=1515634581450 HTTP/1.1" 200 95789
2018-01-11 09:36:25,795 [Thread-266:2352] [django.server:131] [basehttp:log_message] [INFO]- "GET /static/js/bootstrap.min.js?_=1515634581451 HTTP/1.1" 200 31823
2018-01-11 09:36:25,808 [Thread-267:10888] [django.server:131] [basehttp:log_message] [INFO]- "GET /static/js/jquery.datatables.min.js?_=1515634581452 HTTP/1.1" 200 77503
2018-01-11 09:36:27,703 [Thread-268:10860] [django.server:131] [basehttp:log_message] [INFO]- "GET /project/ HTTP/1.1" 200 1559
2018-01-11 09:36:27,750 [Thread-269:9804] [django.server:131] [basehttp:log_message] [INFO]- "GET /static/js/jquery-1.11.1.min.js?_=1515634585762 HTTP/1.1" 200 95789
2018-01-11 09:36:27,775 [Thread-270:6608] [django.server:131] [basehttp:log_message] [INFO]- "GET /static/js/bootstrap.min.js?_=1515634585763 HTTP/1.1" 200 31823
2018-01-11 09:36:27,783 [Thread-271:10660] [django.server:131] [basehttp:log_message] [INFO]- "GET /static/js/jquery.datatables.min.js?_=1515634585764 HTTP/1.1" 200 77503
2018-01-11 09:36:30,180 [Thread-272:9380] [django.server:131] [basehttp:log_message] [INFO]- "GET /project/ HTTP/1.1" 200 1559
2018-01-11 09:36:30,234 [Thread-273:9412] [django.server:131] [basehttp:log_message] [INFO]- "GET /static/js/jquery-1.11.1.min.js?_=1515634587765 HTTP/1.1" 200 95789
2018-01-11 09:36:30,272 [Thread-274:6868] [django.server:131] [basehttp:log_message] [INFO]- "GET /static/js/bootstrap.min.js?_=1515634587766 HTTP/1.1" 200 31823
2018-01-11 09:36:30,280 [Thread-275:11044] [django.server:131] [basehttp:log_message] [INFO]- "GET /static/js/jquery.datatables.min.js?_=1515634587767 HTTP/1.1" 200 77503
2018-01-11 09:36:31,927 [Thread-276:4372] [django.server:131] [basehttp:log_message] [INFO]- "GET /project/ HTTP/1.1" 200 1559
2018-01-11 09:36:31,969 [Thread-277:2784] [django.server:131] [basehttp:log_message] [INFO]- "GET /static/js/jquery-1.11.1.min.js?_=1515634590248 HTTP/1.1" 200 95789
2018-01-11 09:36:31,986 [Thread-278:7420] [django.server:131] [basehttp:log_message] [INFO]- "GET /static/js/bootstrap.min.js?_=1515634590249 HTTP/1.1" 200 31823
2018-01-11 09:36:32,000 [Thread-279:720] [django.server:131] [basehttp:log_message] [INFO]- "GET /static/js/jquery.datatables.min.js?_=1515634590250 HTTP/1.1" 200 77503
2018-01-11 09:37:46,214 [Thread-280:10220] [django.server:131] [basehttp:log_message] [INFO]- "GET /project/ HTTP/1.1" 200 1559
2018-01-11 09:37:46,233 [Thread-281:7820] [django.server:131] [basehttp:log_message] [INFO]- "GET /static/js/jquery-1.11.1.min.js?_=1515634591981 HTTP/1.1" 200 95789
2018-01-11 09:37:46,243 [Thread-282:9540] [django.server:131] [basehttp:log_message] [INFO]- "GET /static/js/bootstrap.min.js?_=1515634591982 HTTP/1.1" 200 31823
2018-01-11 09:37:46,253 [Thread-283:9472] [django.server:131] [basehttp:log_message] [INFO]- "GET /static/js/jquery.datatables.min.js?_=1515634591983 HTTP/1.1" 200 77503
2018-01-11 09:38:45,042 [Thread-284:3476] [django.server:131] [basehttp:log_message] [INFO]- "GET /index/ HTTP/1.1" 200 33723
2018-01-11 09:38:45,394 [Thread-285:8240] [django.server:131] [basehttp:log_message] [INFO]- "GET /static/images/favicon.png HTTP/1.1" 200 983
2018-01-11 09:38:49,530 [Thread-286:4708] [django.server:131] [basehttp:log_message] [INFO]- "GET /project/ HTTP/1.1" 200 1610
2018-01-11 09:38:49,555 [Thread-287:3816] [django.server:131] [basehttp:log_message] [INFO]- "GET /static/js/jquery-1.11.1.min.js?_=1515634725161 HTTP/1.1" 200 95789
2018-01-11 09:38:49,582 [Thread-288:8000] [django.server:131] [basehttp:log_message] [INFO]- "GET /static/js/bootstrap.min.js?_=1515634725162 HTTP/1.1" 200 31823
2018-01-11 09:38:49,591 [Thread-289:8032] [django.server:131] [basehttp:log_message] [INFO]- "GET /static/js/jquery.datatables.min.js?_=1515634725163 HTTP/1.1" 200 77503
2018-01-11 09:38:56,207 [Thread-290:5296] [django.server:131] [basehttp:log_message] [INFO]- "GET /index/ HTTP/1.1" 200 33723
2018-01-11 09:38:58,825 [Thread-291:6048] [django.server:131] [basehttp:log_message] [INFO]- "GET /project/ HTTP/1.1" 200 1610
2018-01-11 09:38:58,845 [Thread-292:10028] [django.server:131] [basehttp:log_message] [INFO]- "GET /static/js/jquery-1.11.1.min.js?_=1515634736264 HTTP/1.1" 200 95789
2018-01-11 09:38:58,858 [Thread-293:4152] [django.server:131] [basehttp:log_message] [INFO]- "GET /static/js/bootstrap.min.js?_=1515634736265 HTTP/1.1" 200 31823
2018-01-11 09:38:58,868 [Thread-294:5420] [django.server:131] [basehttp:log_message] [INFO]- "GET /static/js/jquery.datatables.min.js?_=1515634736266 HTTP/1.1" 200 77503
2018-01-11 09:39:05,576 [Thread-295:5868] [django.server:131] [basehttp:log_message] [INFO]- "GET /static/images/sort_desc.png HTTP/1.1" 200 1055
2018-01-11 09:39:15,974 [Thread-296:7444] [django.server:131] [basehttp:log_message] [INFO]- "GET /scenario_list/?pro_id=2 HTTP/1.1" 200 1508
2018-01-11 09:39:16,075 [Thread-297:9304] [django.server:131] [basehttp:log_message] [INFO]- "GET /static/js/jquery-1.11.1.min.js?_=1515634738855 HTTP/1.1" 200 95789
2018-01-11 09:39:16,088 [Thread-298:7320] [django.server:131] [basehttp:log_message] [INFO]- "GET /static/js/bootstrap.min.js?_=1515634738856 HTTP/1.1" 200 31823
2018-01-11 09:39:16,095 [Thread-299:7180] [django.server:131] [basehttp:log_message] [INFO]- "GET /static/js/jquery.datatables.min.js?_=1515634738857 HTTP/1.1" 200 77503
2018-01-11 09:39:17,336 [Thread-300:8168] [django.server:131] [basehttp:log_message] [INFO]- "GET /case_list/?pro_id=2 HTTP/1.1" 200 1561
2018-01-11 09:39:17,384 [Thread-301:8388] [django.server:131] [basehttp:log_message] [INFO]- "GET /static/js/jquery-1.11.1.min.js?_=1515634756086 HTTP/1.1" 200 95789
2018-01-11 09:39:17,421 [Thread-302:10464] [django.server:131] [basehttp:log_message] [INFO]- "GET /static/js/bootstrap.min.js?_=1515634756087 HTTP/1.1" 200 31823
2018-01-11 09:39:17,441 [Thread-303:10264] [django.server:131] [basehttp:log_message] [INFO]- "GET /static/js/jquery.datatables.min.js?_=1515634756088 HTTP/1.1" 200 77503
2018-01-11 09:39:18,260 [Thread-304:4820] [django.server:131] [basehttp:log_message] [INFO]- "GET /element/?pro_id=2 HTTP/1.1" 200 7330
2018-01-11 09:39:18,303 [Thread-305:8036] [django.server:131] [basehttp:log_message] [INFO]- "GET /static/js/jquery-1.11.1.min.js?_=1515634757395 HTTP/1.1" 200 95789
2018-01-11 09:39:18,319 [Thread-306:7628] [django.server:131] [basehttp:log_message] [INFO]- "GET /static/js/bootstrap.min.js?_=1515634757396 HTTP/1.1" 200 31823
2018-01-11 09:39:18,329 [Thread-307:6696] [django.server:131] [basehttp:log_message] [INFO]- "GET /static/js/jquery.datatables.min.js?_=1515634757397 HTTP/1.1" 200 77503
2018-01-11 09:39:21,536 [Thread-308:5176] [django.server:131] [basehttp:log_message] [INFO]- "GET /scenario_list/?pro_id=3 HTTP/1.1" 200 2521
2018-01-11 09:39:21,586 [Thread-309:8860] [django.server:131] [basehttp:log_message] [INFO]- "GET /static/js/jquery-1.11.1.min.js?_=1515634758314 HTTP/1.1" 200 95789
2018-01-11 09:39:21,601 [Thread-310:2348] [django.server:131] [basehttp:log_message] [INFO]- "GET /static/js/bootstrap.min.js?_=1515634758315 HTTP/1.1" 200 31823
2018-01-11 09:39:21,612 [Thread-311:8584] [django.server:131] [basehttp:log_message] [INFO]- "GET /static/js/jquery.datatables.min.js?_=1515634758316 HTTP/1.1" 200 77503
2018-01-11 09:39:26,561 [Thread-312:4192] [django.server:131] [basehttp:log_message] [INFO]- "GET /edit_scenario?id=2&pro_id=3 HTTP/1.1" 301 0
2018-01-11 09:39:26,615 [Thread-313:11068] [django.server:131] [basehttp:log_message] [INFO]- "GET /edit_scenario/?id=2&pro_id=3 HTTP/1.1" 200 8993
2018-01-11 09:39:26,674 [Thread-314:9832] [django.server:131] [basehttp:log_message] [INFO]- "GET /static/js/jquery-1.11.1.min.js?_=1515634761599 HTTP/1.1" 200 95789
2018-01-11 09:39:26,709 [Thread-315:11212] [django.server:131] [basehttp:log_message] [INFO]- "GET /static/js/jquery-ui-1.10.3.min.js?_=1515634761600 HTTP/1.1" 200 228142
2018-01-11 09:39:26,769 [Thread-316:10308] [django.server:131] [basehttp:log_message] [INFO]- "GET /static/js/jquery-1.11.1.min.js?_=1515634761601 HTTP/1.1" 200 95789
2018-01-11 09:39:26,785 [Thread-317:10216] [django.server:131] [basehttp:log_message] [INFO]- "GET /static/js/jquery.datatables.min.js?_=1515634761602 HTTP/1.1" 200 77503
2018-01-11 09:39:26,801 [Thread-318:7220] [django.server:131] [basehttp:log_message] [INFO]- "GET /static/js/jquery-ui-1.10.3.min.js?_=1515634761603 HTTP/1.1" 200 228142
2018-01-11 09:39:26,848 [Thread-319:868] [django.server:131] [basehttp:log_message] [INFO]- "GET /static/js/bootstrap.min.js?_=1515634761604 HTTP/1.1" 200 31823
