2017-06-22 13:58:19,174 [Thread-2:1944] [django.server:131] [basehttp:log_message] [INFO]- "GET / HTTP/1.1" 200 4318
2017-06-22 13:58:24,210 [Thread-3:10384] [django.server:131] [basehttp:log_message] [INFO]- "GET /index HTTP/1.1" 301 0
2017-06-22 13:58:24,309 [Thread-4:9712] [django.server:131] [basehttp:log_message] [INFO]- "GET /index/ HTTP/1.1" 200 33723
2017-06-22 13:58:28,391 [Thread-10:1400] [django.server:131] [basehttp:log_message] [INFO]- "GET /static/images/photos/user5.png HTTP/1.1" 200 17012
2017-06-22 13:58:28,394 [Thread-6:10964] [django.server:131] [basehttp:log_message] [INFO]- "GET /static/images/photos/user1.png HTTP/1.1" 200 17694
2017-06-22 13:58:28,408 [Thread-5:4112] [django.server:131] [basehttp:log_message] [INFO]- "GET /static/images/photos/loggeduser.png HTTP/1.1" 200 20630
2017-06-22 13:58:28,408 [Thread-8:2036] [django.server:131] [basehttp:log_message] [INFO]- "GET /static/images/photos/user3.png HTTP/1.1" 200 17036
2017-06-22 13:58:28,410 [Thread-9:11100] [django.server:131] [basehttp:log_message] [INFO]- "GET /static/images/photos/user4.png HTTP/1.1" 200 18211
2017-06-22 13:58:28,426 [Thread-12:1036] [django.server:131] [basehttp:log_message] [INFO]- "GET /static/images/plus-white.png HTTP/1.1" 200 966
2017-06-22 13:58:28,427 [Thread-11:10472] [django.server:131] [basehttp:log_message] [INFO]- "GET /static/fonts/glyphicons-halflings-regular.woff HTTP/1.1" 200 23320
2017-06-22 13:58:28,430 [Thread-13:10764] [django.server:131] [basehttp:log_message] [INFO]- "GET /static/images/icon-search.png HTTP/1.1" 200 1239
2017-06-22 13:58:28,438 [Thread-7:9276] [django.server:131] [basehttp:log_message] [INFO]- "GET /static/images/photos/user2.png HTTP/1.1" 200 18310
2017-06-22 13:58:28,440 [Thread-14:8140] [django.server:131] [basehttp:log_message] [INFO]- "GET /static/images/photos/userprofile.png HTTP/1.1" 200 23407
2017-06-22 13:58:30,964 [Thread-15:10652] [django.server:131] [basehttp:log_message] [INFO]- "GET /static/images/plus.png HTTP/1.1" 200 971
2017-06-22 13:58:38,871 [Thread-16:10488] [django.server:131] [basehttp:log_message] [INFO]- "GET /element HTTP/1.1" 301 0
2017-06-22 13:58:39,092 [Thread-17:6020] [django.server:131] [basehttp:log_message] [ERROR]- "GET /element/ HTTP/1.1" 500 83096
2017-06-22 13:58:40,211 [Thread-18:9604] [django.server:131] [basehttp:log_message] [WARNING]- "GET /favicon.ico HTTP/1.1" 404 4586
2017-06-22 13:59:22,549 [Thread-19:1936] [django.server:131] [basehttp:log_message] [WARNING]- "GET /element.html HTTP/1.1" 404 4589
2017-06-22 13:59:28,279 [Thread-20:10888] [django.server:131] [basehttp:log_message] [INFO]- "GET /index/ HTTP/1.1" 200 33723
2017-06-22 13:59:34,190 [Thread-21:10556] [django.server:131] [basehttp:log_message] [INFO]- "GET /project HTTP/1.1" 301 0
2017-06-22 13:59:34,279 [Thread-22:9852] [django.server:131] [basehttp:log_message] [INFO]- "GET /project/ HTTP/1.1" 200 1610
2017-06-22 13:59:34,302 [Thread-23:11136] [django.server:131] [basehttp:log_message] [INFO]- "GET /static/css/jquery.gritter.css HTTP/1.1" 200 1468
2017-06-22 13:59:34,308 [Thread-24:8768] [django.server:131] [basehttp:log_message] [INFO]- "GET /static/css/jquery.datatables.css HTTP/1.1" 200 4322
2017-06-22 13:59:34,325 [Thread-25:11256] [django.server:131] [basehttp:log_message] [INFO]- "GET /static/js/jquery-1.11.1.min.js?_=1498111168587 HTTP/1.1" 200 95789
2017-06-22 13:59:34,381 [Thread-26:7632] [django.server:131] [basehttp:log_message] [INFO]- "GET /static/js/bootstrap.min.js?_=1498111168588 HTTP/1.1" 200 31823
2017-06-22 13:59:34,403 [Thread-27:8540] [django.server:131] [basehttp:log_message] [INFO]- "GET /static/js/jquery.datatables.min.js?_=1498111168589 HTTP/1.1" 200 77503
2017-06-22 13:59:34,582 [Thread-28:10944] [django.server:131] [basehttp:log_message] [INFO]- "GET /static/images/sort_both.png HTTP/1.1" 200 1109
2017-06-22 13:59:34,599 [Thread-29:10260] [django.server:131] [basehttp:log_message] [INFO]- "GET /static/images/sort_asc.png HTTP/1.1" 200 1033
2017-06-22 13:59:35,630 [Thread-30:11080] [django.server:131] [basehttp:log_message] [INFO]- "GET /static/images/minus.png HTTP/1.1" 200 955
2017-06-22 13:59:36,624 [Thread-31:8300] [django.server:131] [basehttp:log_message] [INFO]- "GET /element/?pro_id=1 HTTP/1.1" 200 13987
2017-06-22 13:59:36,640 [Thread-32:9740] [django.server:131] [basehttp:log_message] [INFO]- "GET /static/js/jquery-1.11.1.min.js?_=1498111174366 HTTP/1.1" 200 95789
2017-06-22 13:59:36,680 [Thread-33:1844] [django.server:131] [basehttp:log_message] [INFO]- "GET /static/js/bootstrap.min.js?_=1498111174367 HTTP/1.1" 200 31823
2017-06-22 13:59:36,700 [Thread-34:8672] [django.server:131] [basehttp:log_message] [INFO]- "GET /static/js/jquery.datatables.min.js?_=1498111174368 HTTP/1.1" 200 77503
2017-06-22 14:20:56,194 [Thread-35:10952] [django.server:131] [basehttp:log_message] [ERROR]- "GET /element/ HTTP/1.1" 500 83096
2017-06-22 14:21:19,619 [Thread-36:10564] [django.server:131] [basehttp:log_message] [INFO]- "GET /index/ HTTP/1.1" 200 33723
2017-06-22 14:22:36,798 [Thread-37:9132] [django.server:131] [basehttp:log_message] [INFO]- "GET /project HTTP/1.1" 301 0
2017-06-22 14:22:36,882 [Thread-38:1932] [django.server:131] [basehttp:log_message] [INFO]- "GET /project/ HTTP/1.1" 200 1610
2017-06-22 14:22:36,943 [Thread-39:3928] [django.server:131] [basehttp:log_message] [INFO]- "GET /static/js/jquery-1.11.1.min.js?_=1498112479945 HTTP/1.1" 200 95789
2017-06-22 14:22:36,989 [Thread-40:9720] [django.server:131] [basehttp:log_message] [INFO]- "GET /static/js/bootstrap.min.js?_=1498112479946 HTTP/1.1" 200 31823
2017-06-22 14:22:37,009 [Thread-41:9520] [django.server:131] [basehttp:log_message] [INFO]- "GET /static/js/jquery.datatables.min.js?_=1498112479947 HTTP/1.1" 200 77503
2017-06-22 14:22:44,982 [Thread-42:10668] [django.server:131] [basehttp:log_message] [INFO]- "GET /index/ HTTP/1.1" 200 33723
2017-06-22 14:22:45,194 [Thread-43:10336] [django.server:131] [basehttp:log_message] [INFO]- "GET /static/css/style.default.css HTTP/1.1" 200 77743
2017-06-22 14:22:45,203 [Thread-44:11072] [django.server:131] [basehttp:log_message] [INFO]- "GET /static/js/jquery-1.11.1.min.js HTTP/1.1" 200 95789
2017-06-22 14:22:45,204 [Thread-45:10120] [django.server:131] [basehttp:log_message] [INFO]- "GET /static/js/jquery-migrate-1.2.1.min.js HTTP/1.1" 200 7203
2017-06-22 14:22:45,210 [Thread-47:10604] [django.server:131] [basehttp:log_message] [INFO]- "GET /static/js/bootstrap.min.js HTTP/1.1" 200 31823
2017-06-22 14:22:45,213 [Thread-48:3824] [django.server:131] [basehttp:log_message] [INFO]- "GET /static/js/modernizr.min.js HTTP/1.1" 200 15157
2017-06-22 14:22:45,219 [Thread-50:10496] [django.server:131] [basehttp:log_message] [INFO]- "GET /static/js/toggles.min.js HTTP/1.1" 200 2736
2017-06-22 14:22:45,219 [Thread-49:11076] [django.server:131] [basehttp:log_message] [INFO]- "GET /static/js/jquery.sparkline.min.js HTTP/1.1" 200 43251
2017-06-22 14:22:45,224 [Thread-51:6524] [django.server:131] [basehttp:log_message] [INFO]- "GET /static/js/retina.min.js HTTP/1.1" 200 2161
2017-06-22 14:22:45,226 [Thread-46:10268] [django.server:131] [basehttp:log_message] [INFO]- "GET /static/js/jquery-ui-1.10.3.min.js HTTP/1.1" 200 228142
2017-06-22 14:22:45,227 [Thread-52:5100] [django.server:131] [basehttp:log_message] [INFO]- "GET /static/js/jquery.cookies.js HTTP/1.1" 200 2033
2017-06-22 14:22:45,236 [Thread-53:11096] [django.server:131] [basehttp:log_message] [INFO]- "GET /static/js/flot/jquery.flot.min.js HTTP/1.1" 200 52970
2017-06-22 14:22:45,239 [Thread-55:11116] [django.server:131] [basehttp:log_message] [INFO]- "GET /static/js/flot/jquery.flot.spline.min.js HTTP/1.1" 200 2791
2017-06-22 14:22:45,240 [Thread-54:624] [django.server:131] [basehttp:log_message] [INFO]- "GET /static/js/flot/jquery.flot.resize.min.js HTTP/1.1" 200 2348
2017-06-22 14:22:45,249 [Thread-57:5260] [django.server:131] [basehttp:log_message] [INFO]- "GET /static/js/custom.js HTTP/1.1" 200 11035
2017-06-22 14:22:45,250 [Thread-58:9164] [django.server:131] [basehttp:log_message] [INFO]- "GET /static/js/Hero.js HTTP/1.1" 200 16296
2017-06-22 14:22:45,252 [Thread-56:8840] [django.server:131] [basehttp:log_message] [INFO]- "GET /static/js/raphael-2.1.0.min.js HTTP/1.1" 200 110942
2017-06-22 14:22:45,253 [Thread-59:10996] [django.server:131] [basehttp:log_message] [INFO]- "GET /static/images/photos/loggeduser.png HTTP/1.1" 200 20630
2017-06-22 14:22:45,257 [Thread-60:4908] [django.server:131] [basehttp:log_message] [INFO]- "GET /static/images/photos/user1.png HTTP/1.1" 200 17694
2017-06-22 14:22:45,262 [Thread-61:6380] [django.server:131] [basehttp:log_message] [INFO]- "GET /static/images/photos/user2.png HTTP/1.1" 200 18310
2017-06-22 14:22:45,263 [Thread-62:3364] [django.server:131] [basehttp:log_message] [INFO]- "GET /static/images/photos/user3.png HTTP/1.1" 200 17036
2017-06-22 14:22:45,266 [Thread-63:10624] [django.server:131] [basehttp:log_message] [INFO]- "GET /static/images/photos/user4.png HTTP/1.1" 200 18211
2017-06-22 14:22:45,266 [Thread-64:10176] [django.server:131] [basehttp:log_message] [INFO]- "GET /static/images/photos/user5.png HTTP/1.1" 200 17012
2017-06-22 14:22:45,267 [Thread-65:608] [django.server:131] [basehttp:log_message] [INFO]- "GET /static/images/photos/userprofile.png HTTP/1.1" 200 23407
2017-06-22 14:22:45,415 [Thread-67:11088] [django.server:131] [basehttp:log_message] [INFO]- "GET /static/css/bootstrap-override.css HTTP/1.1" 200 22777
2017-06-22 14:22:45,417 [Thread-66:5552] [django.server:131] [basehttp:log_message] [INFO]- "GET /static/css/bootstrap.min.css HTTP/1.1" 200 109604
2017-06-22 14:22:45,426 [Thread-68:9512] [django.server:131] [basehttp:log_message] [INFO]- "GET /static/css/weather-icons.min.css HTTP/1.1" 200 5601
2017-06-22 14:22:45,431 [Thread-69:1788] [django.server:131] [basehttp:log_message] [INFO]- "GET /static/css/jquery-ui-1.10.3.css HTTP/1.1" 200 18930
2017-06-22 14:22:45,446 [Thread-71:11224] [django.server:131] [basehttp:log_message] [INFO]- "GET /static/css/animate.min.css HTTP/1.1" 200 51174
2017-06-22 14:22:45,446 [Thread-70:3564] [django.server:131] [basehttp:log_message] [INFO]- "GET /static/css/font-awesome.min.css HTTP/1.1" 200 20766
2017-06-22 14:22:45,467 [Thread-73:10956] [django.server:131] [basehttp:log_message] [INFO]- "GET /static/css/toggles.css HTTP/1.1" 200 5378
2017-06-22 14:22:45,470 [Thread-72:10860] [django.server:131] [basehttp:log_message] [INFO]- "GET /static/css/animate.delay.css HTTP/1.1" 200 11432
2017-06-22 14:22:45,476 [Thread-74:9664] [django.server:131] [basehttp:log_message] [INFO]- "GET /static/css/select2.css HTTP/1.1" 200 18606
2017-06-22 14:22:45,483 [Thread-75:10868] [django.server:131] [basehttp:log_message] [INFO]- "GET /static/css/lato.css HTTP/1.1" 200 5575
2017-06-22 14:22:45,489 [Thread-77:4816] [django.server:131] [basehttp:log_message] [INFO]- "GET /static/images/favicon.png HTTP/1.1" 200 983
2017-06-22 14:22:45,490 [Thread-76:3428] [django.server:131] [basehttp:log_message] [INFO]- "GET /static/css/roboto.css HTTP/1.1" 200 9528
2017-06-22 14:22:45,558 [Thread-79:3160] [django.server:131] [basehttp:log_message] [INFO]- "GET /static/images/icon-search.png HTTP/1.1" 200 1239
2017-06-22 14:22:45,559 [Thread-78:10784] [django.server:131] [basehttp:log_message] [INFO]- "GET /static/images/plus-white.png HTTP/1.1" 200 966
2017-06-22 14:22:45,585 [Thread-81:11080] [django.server:131] [basehttp:log_message] [INFO]- "GET /static/fonts/glyphicons-halflings-regular.woff HTTP/1.1" 200 23320
2017-06-22 14:22:45,586 [Thread-80:3556] [django.server:131] [basehttp:log_message] [INFO]- "GET /static/fonts/fontawesome-webfont.woff?v=4.1.0 HTTP/1.1" 200 83760
2017-06-22 14:22:48,986 [Thread-82:5804] [django.server:131] [basehttp:log_message] [INFO]- "GET /static/images/plus.png HTTP/1.1" 200 971
2017-06-22 14:22:49,845 [Thread-83:10688] [django.server:131] [basehttp:log_message] [INFO]- "GET /project HTTP/1.1" 301 0
2017-06-22 14:22:49,900 [Thread-84:11044] [django.server:131] [basehttp:log_message] [INFO]- "GET /project/ HTTP/1.1" 200 1610
2017-06-22 14:22:49,960 [Thread-85:3372] [django.server:131] [basehttp:log_message] [INFO]- "GET /static/css/jquery.gritter.css HTTP/1.1" 200 1468
2017-06-22 14:22:49,967 [Thread-87:11208] [django.server:131] [basehttp:log_message] [INFO]- "GET /static/js/jquery-1.11.1.min.js?_=1498112565564 HTTP/1.1" 200 95789
2017-06-22 14:22:49,969 [Thread-86:9168] [django.server:131] [basehttp:log_message] [INFO]- "GET /static/css/jquery.datatables.css HTTP/1.1" 200 4322
2017-06-22 14:22:50,028 [Thread-88:10368] [django.server:131] [basehttp:log_message] [INFO]- "GET /static/js/bootstrap.min.js?_=1498112565565 HTTP/1.1" 200 31823
2017-06-22 14:22:50,055 [Thread-89:11068] [django.server:131] [basehttp:log_message] [INFO]- "GET /static/js/jquery.datatables.min.js?_=1498112565566 HTTP/1.1" 200 77503
2017-06-22 14:22:50,210 [Thread-90:9428] [django.server:131] [basehttp:log_message] [INFO]- "GET /static/images/sort_both.png HTTP/1.1" 200 1109
2017-06-22 14:22:50,211 [Thread-91:9108] [django.server:131] [basehttp:log_message] [INFO]- "GET /static/images/sort_asc.png HTTP/1.1" 200 1033
2017-06-22 14:25:51,141 [Thread-92:5256] [django.server:131] [basehttp:log_message] [INFO]- "GET /index/ HTTP/1.1" 200 33723
2017-06-22 14:25:51,328 [Thread-93:1036] [django.server:131] [basehttp:log_message] [INFO]- "GET /static/css/style.default.css HTTP/1.1" 304 0
2017-06-22 14:25:51,336 [Thread-94:10788] [django.server:131] [basehttp:log_message] [INFO]- "GET /static/images/photos/loggeduser.png HTTP/1.1" 304 0
2017-06-22 14:25:51,338 [Thread-95:10284] [django.server:131] [basehttp:log_message] [INFO]- "GET /static/js/jquery-1.11.1.min.js HTTP/1.1" 304 0
2017-06-22 14:25:51,361 [Thread-96:2440] [django.server:131] [basehttp:log_message] [INFO]- "GET /static/js/jquery-migrate-1.2.1.min.js HTTP/1.1" 304 0
2017-06-22 14:25:51,362 [Thread-97:6836] [django.server:131] [basehttp:log_message] [INFO]- "GET /static/js/jquery-ui-1.10.3.min.js HTTP/1.1" 304 0
2017-06-22 14:25:51,371 [Thread-98:10912] [django.server:131] [basehttp:log_message] [INFO]- "GET /static/js/bootstrap.min.js HTTP/1.1" 304 0
2017-06-22 14:25:51,371 [Thread-99:7084] [django.server:131] [basehttp:log_message] [INFO]- "GET /static/js/modernizr.min.js HTTP/1.1" 304 0
2017-06-22 14:25:51,391 [Thread-100:8724] [django.server:131] [basehttp:log_message] [INFO]- "GET /static/js/jquery.sparkline.min.js HTTP/1.1" 304 0
2017-06-22 14:25:51,391 [Thread-101:1872] [django.server:131] [basehttp:log_message] [INFO]- "GET /static/js/toggles.min.js HTTP/1.1" 304 0
2017-06-22 14:25:51,401 [Thread-102:10272] [django.server:131] [basehttp:log_message] [INFO]- "GET /static/js/retina.min.js HTTP/1.1" 304 0
2017-06-22 14:25:51,403 [Thread-103:10900] [django.server:131] [basehttp:log_message] [INFO]- "GET /static/js/jquery.cookies.js HTTP/1.1" 304 0
2017-06-22 14:25:51,408 [Thread-104:6680] [django.server:131] [basehttp:log_message] [INFO]- "GET /static/js/flot/jquery.flot.min.js HTTP/1.1" 304 0
2017-06-22 14:25:51,410 [Thread-105:9764] [django.server:131] [basehttp:log_message] [INFO]- "GET /static/js/flot/jquery.flot.resize.min.js HTTP/1.1" 304 0
2017-06-22 14:25:51,427 [Thread-106:10556] [django.server:131] [basehttp:log_message] [INFO]- "GET /static/js/flot/jquery.flot.spline.min.js HTTP/1.1" 304 0
2017-06-22 14:25:51,437 [Thread-107:4020] [django.server:131] [basehttp:log_message] [INFO]- "GET /static/js/raphael-2.1.0.min.js HTTP/1.1" 304 0
2017-06-22 14:25:51,443 [Thread-108:9228] [django.server:131] [basehttp:log_message] [INFO]- "GET /static/js/custom.js HTTP/1.1" 304 0
2017-06-22 14:25:51,454 [Thread-109:10964] [django.server:131] [basehttp:log_message] [INFO]- "GET /static/js/Hero.js HTTP/1.1" 304 0
2017-06-22 14:25:51,459 [Thread-110:9312] [django.server:131] [basehttp:log_message] [INFO]- "GET /static/images/photos/user1.png HTTP/1.1" 304 0
2017-06-22 14:25:51,460 [Thread-111:1848] [django.server:131] [basehttp:log_message] [INFO]- "GET /static/images/photos/user2.png HTTP/1.1" 304 0
2017-06-22 14:25:51,474 [Thread-112:10192] [django.server:131] [basehttp:log_message] [INFO]- "GET /static/images/photos/user3.png HTTP/1.1" 304 0
2017-06-22 14:25:51,486 [Thread-113:11212] [django.server:131] [basehttp:log_message] [INFO]- "GET /static/images/photos/user4.png HTTP/1.1" 304 0
2017-06-22 14:25:51,490 [Thread-114:7180] [django.server:131] [basehttp:log_message] [INFO]- "GET /static/images/photos/user5.png HTTP/1.1" 304 0
2017-06-22 14:25:51,493 [Thread-115:10768] [django.server:131] [basehttp:log_message] [INFO]- "GET /static/css/bootstrap.min.css HTTP/1.1" 304 0
2017-06-22 14:25:51,496 [Thread-116:1984] [django.server:131] [basehttp:log_message] [INFO]- "GET /static/css/bootstrap-override.css HTTP/1.1" 304 0
2017-06-22 14:25:51,500 [Thread-117:10708] [django.server:131] [basehttp:log_message] [INFO]- "GET /static/css/weather-icons.min.css HTTP/1.1" 304 0
2017-06-22 14:25:51,503 [Thread-118:3920] [django.server:131] [basehttp:log_message] [INFO]- "GET /static/css/jquery-ui-1.10.3.css HTTP/1.1" 304 0
2017-06-22 14:25:51,509 [Thread-119:11228] [django.server:131] [basehttp:log_message] [INFO]- "GET /static/css/font-awesome.min.css HTTP/1.1" 304 0
2017-06-22 14:25:51,545 [Thread-121:3228] [django.server:131] [basehttp:log_message] [INFO]- "GET /static/css/animate.delay.css HTTP/1.1" 304 0
2017-06-22 14:25:51,552 [Thread-120:10876] [django.server:131] [basehttp:log_message] [INFO]- "GET /static/css/animate.min.css HTTP/1.1" 304 0
2017-06-22 14:25:51,556 [Thread-122:5028] [django.server:131] [basehttp:log_message] [INFO]- "GET /static/css/toggles.css HTTP/1.1" 304 0
2017-06-22 14:25:51,569 [Thread-123:4496] [django.server:131] [basehttp:log_message] [INFO]- "GET /static/css/select2.css HTTP/1.1" 304 0
2017-06-22 14:25:51,572 [Thread-124:10712] [django.server:131] [basehttp:log_message] [INFO]- "GET /static/css/lato.css HTTP/1.1" 304 0
2017-06-22 14:25:51,575 [Thread-125:10772] [django.server:131] [basehttp:log_message] [INFO]- "GET /static/css/roboto.css HTTP/1.1" 304 0
2017-06-22 14:25:51,578 [Thread-126:6020] [django.server:131] [basehttp:log_message] [INFO]- "GET /static/images/photos/userprofile.png HTTP/1.1" 304 0
2017-06-22 14:25:51,664 [Thread-127:5204] [django.server:131] [basehttp:log_message] [INFO]- "GET /static/fonts/fontawesome-webfont.woff?v=4.1.0 HTTP/1.1" 304 0
2017-06-22 14:25:51,673 [Thread-128:3600] [django.server:131] [basehttp:log_message] [INFO]- "GET /static/images/plus-white.png HTTP/1.1" 304 0
2017-06-22 14:25:51,674 [Thread-129:10980] [django.server:131] [basehttp:log_message] [INFO]- "GET /static/images/icon-search.png HTTP/1.1" 304 0
2017-06-22 14:25:51,678 [Thread-130:9644] [django.server:131] [basehttp:log_message] [INFO]- "GET /static/fonts/glyphicons-halflings-regular.woff HTTP/1.1" 304 0
2017-06-22 14:25:52,220 [Thread-131:9244] [django.server:131] [basehttp:log_message] [INFO]- "GET /static/images/favicon.png HTTP/1.1" 200 983
2017-06-22 14:26:05,176 [Thread-2:8100] [django.server:131] [basehttp:log_message] [INFO]- "GET /index/ HTTP/1.1" 200 33723
2017-06-22 14:26:05,400 [Thread-3:4404] [django.server:131] [basehttp:log_message] [INFO]- "GET /static/css/style.default.css HTTP/1.1" 304 0
2017-06-22 14:26:05,401 [Thread-5:10092] [django.server:131] [basehttp:log_message] [INFO]- "GET /static/js/jquery-1.11.1.min.js HTTP/1.1" 304 0
2017-06-22 14:26:05,407 [Thread-6:7684] [django.server:131] [basehttp:log_message] [INFO]- "GET /static/js/jquery-migrate-1.2.1.min.js HTTP/1.1" 304 0
2017-06-22 14:26:05,423 [Thread-4:7804] [django.server:131] [basehttp:log_message] [INFO]- "GET /static/images/photos/loggeduser.png HTTP/1.1" 304 0
2017-06-22 14:26:05,424 [Thread-7:7504] [django.server:131] [basehttp:log_message] [INFO]- "GET /static/js/jquery-ui-1.10.3.min.js HTTP/1.1" 304 0
2017-06-22 14:26:05,430 [Thread-8:8240] [django.server:131] [basehttp:log_message] [INFO]- "GET /static/js/bootstrap.min.js HTTP/1.1" 304 0
2017-06-22 14:26:05,450 [Thread-10:9640] [django.server:131] [basehttp:log_message] [INFO]- "GET /static/js/jquery.sparkline.min.js HTTP/1.1" 304 0
2017-06-22 14:26:05,450 [Thread-9:10500] [django.server:131] [basehttp:log_message] [INFO]- "GET /static/js/modernizr.min.js HTTP/1.1" 304 0
2017-06-22 14:26:05,459 [Thread-11:3676] [django.server:131] [basehttp:log_message] [INFO]- "GET /static/js/toggles.min.js HTTP/1.1" 304 0
2017-06-22 14:26:05,466 [Thread-12:10132] [django.server:131] [basehttp:log_message] [INFO]- "GET /static/js/retina.min.js HTTP/1.1" 304 0
2017-06-22 14:26:05,470 [Thread-13:5704] [django.server:131] [basehttp:log_message] [INFO]- "GET /static/js/jquery.cookies.js HTTP/1.1" 304 0
2017-06-22 14:26:05,483 [Thread-14:7888] [django.server:131] [basehttp:log_message] [INFO]- "GET /static/js/flot/jquery.flot.min.js HTTP/1.1" 304 0
2017-06-22 14:26:05,499 [Thread-15:4076] [django.server:131] [basehttp:log_message] [INFO]- "GET /static/js/flot/jquery.flot.resize.min.js HTTP/1.1" 304 0
2017-06-22 14:26:05,500 [Thread-16:4736] [django.server:131] [basehttp:log_message] [INFO]- "GET /static/js/flot/jquery.flot.spline.min.js HTTP/1.1" 304 0
2017-06-22 14:26:05,542 [Thread-17:2764] [django.server:131] [basehttp:log_message] [INFO]- "GET /static/js/raphael-2.1.0.min.js HTTP/1.1" 304 0
2017-06-22 14:26:05,571 [Thread-18:6028] [django.server:131] [basehttp:log_message] [INFO]- "GET /static/js/custom.js HTTP/1.1" 304 0
2017-06-22 14:26:05,576 [Thread-19:10904] [django.server:131] [basehttp:log_message] [INFO]- "GET /static/js/Hero.js HTTP/1.1" 304 0
2017-06-22 14:26:05,582 [Thread-20:11000] [django.server:131] [basehttp:log_message] [INFO]- "GET /static/css/bootstrap.min.css HTTP/1.1" 304 0
2017-06-22 14:26:05,589 [Thread-21:3584] [django.server:131] [basehttp:log_message] [INFO]- "GET /static/css/bootstrap-override.css HTTP/1.1" 304 0
2017-06-22 14:26:05,595 [Thread-22:9960] [django.server:131] [basehttp:log_message] [INFO]- "GET /static/css/weather-icons.min.css HTTP/1.1" 304 0
2017-06-22 14:26:05,598 [Thread-23:10384] [django.server:131] [basehttp:log_message] [INFO]- "GET /static/css/jquery-ui-1.10.3.css HTTP/1.1" 304 0
2017-06-22 14:26:05,604 [Thread-24:11164] [django.server:131] [basehttp:log_message] [INFO]- "GET /static/css/font-awesome.min.css HTTP/1.1" 304 0
2017-06-22 14:26:05,608 [Thread-25:5456] [django.server:131] [basehttp:log_message] [INFO]- "GET /static/css/animate.min.css HTTP/1.1" 304 0
2017-06-22 14:26:05,617 [Thread-26:9200] [django.server:131] [basehttp:log_message] [INFO]- "GET /static/css/animate.delay.css HTTP/1.1" 304 0
2017-06-22 14:26:05,621 [Thread-27:10816] [django.server:131] [basehttp:log_message] [INFO]- "GET /static/css/toggles.css HTTP/1.1" 304 0
2017-06-22 14:26:05,628 [Thread-28:8584] [django.server:131] [basehttp:log_message] [INFO]- "GET /static/css/select2.css HTTP/1.1" 304 0
2017-06-22 14:26:05,641 [Thread-29:10700] [django.server:131] [basehttp:log_message] [INFO]- "GET /static/css/lato.css HTTP/1.1" 304 0
2017-06-22 14:26:05,651 [Thread-30:9816] [django.server:131] [basehttp:log_message] [INFO]- "GET /static/css/roboto.css HTTP/1.1" 304 0
2017-06-22 14:26:05,657 [Thread-31:10892] [django.server:131] [basehttp:log_message] [INFO]- "GET /static/images/photos/user1.png HTTP/1.1" 304 0
2017-06-22 14:26:05,671 [Thread-32:708] [django.server:131] [basehttp:log_message] [INFO]- "GET /static/images/photos/user2.png HTTP/1.1" 304 0
2017-06-22 14:26:05,673 [Thread-33:1396] [django.server:131] [basehttp:log_message] [INFO]- "GET /static/images/photos/user3.png HTTP/1.1" 304 0
2017-06-22 14:26:05,686 [Thread-34:9420] [django.server:131] [basehttp:log_message] [INFO]- "GET /static/images/photos/user4.png HTTP/1.1" 304 0
2017-06-22 14:26:05,693 [Thread-35:5648] [django.server:131] [basehttp:log_message] [INFO]- "GET /static/images/photos/user5.png HTTP/1.1" 304 0
2017-06-22 14:26:05,696 [Thread-36:5104] [django.server:131] [basehttp:log_message] [INFO]- "GET /static/images/photos/userprofile.png HTTP/1.1" 304 0
2017-06-22 14:26:05,730 [Thread-37:1400] [django.server:131] [basehttp:log_message] [INFO]- "GET /static/fonts/fontawesome-webfont.woff?v=4.1.0 HTTP/1.1" 304 0
2017-06-22 14:26:05,737 [Thread-38:1792] [django.server:131] [basehttp:log_message] [INFO]- "GET /static/images/plus-white.png HTTP/1.1" 304 0
2017-06-22 14:26:05,740 [Thread-39:10780] [django.server:131] [basehttp:log_message] [INFO]- "GET /static/images/icon-search.png HTTP/1.1" 304 0
2017-06-22 14:26:05,743 [Thread-40:11140] [django.server:131] [basehttp:log_message] [INFO]- "GET /static/fonts/glyphicons-halflings-regular.woff HTTP/1.1" 304 0
2017-06-22 14:26:06,543 [Thread-41:9264] [django.server:131] [basehttp:log_message] [INFO]- "GET /static/images/favicon.png HTTP/1.1" 200 983
2017-06-22 14:26:08,674 [Thread-42:4560] [django.server:131] [basehttp:log_message] [INFO]- "GET /index/ HTTP/1.1" 200 33723
2017-06-22 14:26:08,815 [Thread-43:7052] [django.server:131] [basehttp:log_message] [INFO]- "GET /static/css/style.default.css HTTP/1.1" 304 0
2017-06-22 14:26:08,821 [Thread-44:10924] [django.server:131] [basehttp:log_message] [INFO]- "GET /static/images/photos/loggeduser.png HTTP/1.1" 304 0
2017-06-22 14:26:08,834 [Thread-45:3756] [django.server:131] [basehttp:log_message] [INFO]- "GET /static/js/jquery-1.11.1.min.js HTTP/1.1" 304 0
2017-06-22 14:26:08,845 [Thread-46:10952] [django.server:131] [basehttp:log_message] [INFO]- "GET /static/js/jquery-migrate-1.2.1.min.js HTTP/1.1" 304 0
2017-06-22 14:26:08,845 [Thread-47:4856] [django.server:131] [basehttp:log_message] [INFO]- "GET /static/js/jquery-ui-1.10.3.min.js HTTP/1.1" 304 0
2017-06-22 14:26:08,861 [Thread-48:6164] [django.server:131] [basehttp:log_message] [INFO]- "GET /static/js/bootstrap.min.js HTTP/1.1" 304 0
2017-06-22 14:26:08,865 [Thread-49:3512] [django.server:131] [basehttp:log_message] [INFO]- "GET /static/js/modernizr.min.js HTTP/1.1" 304 0
2017-06-22 14:26:08,871 [Thread-50:11036] [django.server:131] [basehttp:log_message] [INFO]- "GET /static/js/jquery.sparkline.min.js HTTP/1.1" 304 0
2017-06-22 14:26:08,882 [Thread-51:7696] [django.server:131] [basehttp:log_message] [INFO]- "GET /static/js/toggles.min.js HTTP/1.1" 304 0
2017-06-22 14:26:08,900 [Thread-52:10452] [django.server:131] [basehttp:log_message] [INFO]- "GET /static/js/retina.min.js HTTP/1.1" 304 0
2017-06-22 14:26:08,907 [Thread-53:6768] [django.server:131] [basehttp:log_message] [INFO]- "GET /static/js/jquery.cookies.js HTTP/1.1" 304 0
2017-06-22 14:26:08,911 [Thread-54:5192] [django.server:131] [basehttp:log_message] [INFO]- "GET /static/js/flot/jquery.flot.min.js HTTP/1.1" 304 0
2017-06-22 14:26:08,920 [Thread-55:9376] [django.server:131] [basehttp:log_message] [INFO]- "GET /static/js/flot/jquery.flot.resize.min.js HTTP/1.1" 304 0
2017-06-22 14:26:08,924 [Thread-57:10564] [django.server:131] [basehttp:log_message] [INFO]- "GET /static/js/raphael-2.1.0.min.js HTTP/1.1" 304 0
2017-06-22 14:26:08,924 [Thread-56:4788] [django.server:131] [basehttp:log_message] [INFO]- "GET /static/js/flot/jquery.flot.spline.min.js HTTP/1.1" 304 0
2017-06-22 14:26:08,927 [Thread-58:10580] [django.server:131] [basehttp:log_message] [INFO]- "GET /static/js/custom.js HTTP/1.1" 304 0
2017-06-22 14:26:08,937 [Thread-59:10188] [django.server:131] [basehttp:log_message] [INFO]- "GET /static/js/Hero.js HTTP/1.1" 304 0
2017-06-22 14:26:08,947 [Thread-60:10324] [django.server:131] [basehttp:log_message] [INFO]- "GET /static/css/bootstrap.min.css HTTP/1.1" 304 0
2017-06-22 14:26:08,954 [Thread-61:1380] [django.server:131] [basehttp:log_message] [INFO]- "GET /static/css/bootstrap-override.css HTTP/1.1" 304 0
2017-06-22 14:26:08,960 [Thread-62:8992] [django.server:131] [basehttp:log_message] [INFO]- "GET /static/css/weather-icons.min.css HTTP/1.1" 304 0
2017-06-22 14:26:08,973 [Thread-63:6104] [django.server:131] [basehttp:log_message] [INFO]- "GET /static/css/jquery-ui-1.10.3.css HTTP/1.1" 304 0
2017-06-22 14:26:08,980 [Thread-64:10572] [django.server:131] [basehttp:log_message] [INFO]- "GET /static/css/font-awesome.min.css HTTP/1.1" 304 0
2017-06-22 14:26:08,987 [Thread-65:10364] [django.server:131] [basehttp:log_message] [INFO]- "GET /static/css/animate.min.css HTTP/1.1" 304 0
2017-06-22 14:26:08,990 [Thread-66:8956] [django.server:131] [basehttp:log_message] [INFO]- "GET /static/css/animate.delay.css HTTP/1.1" 304 0
2017-06-22 14:26:09,002 [Thread-67:4376] [django.server:131] [basehttp:log_message] [INFO]- "GET /static/css/toggles.css HTTP/1.1" 304 0
2017-06-22 14:26:09,009 [Thread-68:10792] [django.server:131] [basehttp:log_message] [INFO]- "GET /static/css/select2.css HTTP/1.1" 304 0
2017-06-22 14:26:09,017 [Thread-69:6348] [django.server:131] [basehttp:log_message] [INFO]- "GET /static/css/lato.css HTTP/1.1" 304 0
2017-06-22 14:26:09,022 [Thread-70:10136] [django.server:131] [basehttp:log_message] [INFO]- "GET /static/css/roboto.css HTTP/1.1" 304 0
2017-06-22 14:26:09,026 [Thread-71:11136] [django.server:131] [basehttp:log_message] [INFO]- "GET /static/images/photos/user1.png HTTP/1.1" 304 0
2017-06-22 14:26:09,030 [Thread-72:3396] [django.server:131] [basehttp:log_message] [INFO]- "GET /static/images/photos/user2.png HTTP/1.1" 304 0
2017-06-22 14:26:09,036 [Thread-73:6712] [django.server:131] [basehttp:log_message] [INFO]- "GET /static/images/photos/user3.png HTTP/1.1" 304 0
2017-06-22 14:26:09,038 [Thread-74:4428] [django.server:131] [basehttp:log_message] [INFO]- "GET /static/images/photos/user4.png HTTP/1.1" 304 0
2017-06-22 14:26:09,039 [Thread-75:10896] [django.server:131] [basehttp:log_message] [INFO]- "GET /static/images/photos/user5.png HTTP/1.1" 304 0
2017-06-22 14:26:09,040 [Thread-76:9432] [django.server:131] [basehttp:log_message] [INFO]- "GET /static/images/photos/userprofile.png HTTP/1.1" 304 0
2017-06-22 14:26:09,098 [Thread-77:11120] [django.server:131] [basehttp:log_message] [INFO]- "GET /static/fonts/fontawesome-webfont.woff?v=4.1.0 HTTP/1.1" 304 0
2017-06-22 14:26:09,098 [Thread-78:7444] [django.server:131] [basehttp:log_message] [INFO]- "GET /static/images/plus-white.png HTTP/1.1" 304 0
2017-06-22 14:26:09,105 [Thread-79:8500] [django.server:131] [basehttp:log_message] [INFO]- "GET /static/fonts/glyphicons-halflings-regular.woff HTTP/1.1" 304 0
2017-06-22 14:26:09,121 [Thread-80:11092] [django.server:131] [basehttp:log_message] [INFO]- "GET /static/images/icon-search.png HTTP/1.1" 304 0
2017-06-22 14:26:09,411 [Thread-81:9044] [django.server:131] [basehttp:log_message] [INFO]- "GET /static/images/favicon.png HTTP/1.1" 200 983
2017-06-22 14:26:12,595 [Thread-82:1028] [django.server:131] [basehttp:log_message] [INFO]- "GET /element/?pro_id=1 HTTP/1.1" 200 13987
2017-06-22 14:26:12,637 [Thread-83:11016] [django.server:131] [basehttp:log_message] [INFO]- "GET /static/js/jquery-1.11.1.min.js?_=1498112769052 HTTP/1.1" 200 95789
2017-06-22 14:26:12,677 [Thread-84:10888] [django.server:131] [basehttp:log_message] [INFO]- "GET /static/js/bootstrap.min.js?_=1498112769053 HTTP/1.1" 200 31823
2017-06-22 14:26:12,710 [Thread-85:10936] [django.server:131] [basehttp:log_message] [INFO]- "GET /static/js/jquery.datatables.min.js?_=1498112769054 HTTP/1.1" 200 77503
2017-06-22 14:26:13,887 [Thread-86:10140] [django.server:131] [basehttp:log_message] [INFO]- "GET /project HTTP/1.1" 301 0
2017-06-22 14:26:13,957 [Thread-87:6180] [django.server:131] [basehttp:log_message] [INFO]- "GET /project/ HTTP/1.1" 200 1610
2017-06-22 14:26:13,999 [Thread-88:11236] [django.server:131] [basehttp:log_message] [INFO]- "GET /static/js/jquery-1.11.1.min.js?_=1498112772667 HTTP/1.1" 200 95789
2017-06-22 14:26:14,033 [Thread-89:4112] [django.server:131] [basehttp:log_message] [INFO]- "GET /static/js/bootstrap.min.js?_=1498112772668 HTTP/1.1" 200 31823
2017-06-22 14:26:14,049 [Thread-90:10016] [django.server:131] [basehttp:log_message] [INFO]- "GET /static/js/jquery.datatables.min.js?_=1498112772669 HTTP/1.1" 200 77503
2017-06-22 14:26:15,815 [Thread-91:10836] [django.server:131] [basehttp:log_message] [INFO]- "GET /index/ HTTP/1.1" 200 33723
