2016-09-22 21:11:54,799 [Thread-2:7564] [django.server:131] [basehttp:log_message] [INFO]- "GET /index/ HTTP/1.1" 200 32899
2016-09-22 21:11:54,871 [Thread-3:12616] [django.server:131] [basehttp:log_message] [INFO]- "GET /static/css/style.default.css HTTP/1.1" 304 0
2016-09-22 21:11:54,904 [Thread-4:6248] [django.server:131] [basehttp:log_message] [INFO]- "GET /static/js/jquery-1.11.1.min.js HTTP/1.1" 304 0
2016-09-22 21:11:54,921 [Thread-5:6360] [django.server:131] [basehttp:log_message] [INFO]- "GET /static/js/jquery-migrate-1.2.1.min.js HTTP/1.1" 304 0
2016-09-22 21:11:54,934 [Thread-6:7856] [django.server:131] [basehttp:log_message] [INFO]- "GET /static/js/jquery-ui-1.10.3.min.js HTTP/1.1" 304 0
2016-09-22 21:11:54,937 [Thread-7:9260] [django.server:131] [basehttp:log_message] [INFO]- "GET /static/js/bootstrap.min.js HTTP/1.1" 304 0
2016-09-22 21:11:54,947 [Thread-8:16116] [django.server:131] [basehttp:log_message] [INFO]- "GET /static/js/modernizr.min.js HTTP/1.1" 304 0
2016-09-22 21:11:54,948 [Thread-9:13208] [django.server:131] [basehttp:log_message] [INFO]- "GET /static/js/jquery.sparkline.min.js HTTP/1.1" 304 0
2016-09-22 21:11:54,951 [Thread-10:13516] [django.server:131] [basehttp:log_message] [INFO]- "GET /static/js/toggles.min.js HTTP/1.1" 304 0
2016-09-22 21:11:54,956 [Thread-11:2532] [django.server:131] [basehttp:log_message] [INFO]- "GET /static/js/retina.min.js HTTP/1.1" 304 0
2016-09-22 21:11:55,025 [Thread-12:1788] [django.server:131] [basehttp:log_message] [INFO]- "GET /static/js/jquery.cookies.js HTTP/1.1" 304 0
2016-09-22 21:11:55,058 [Thread-13:15988] [django.server:131] [basehttp:log_message] [INFO]- "GET /static/js/flot/jquery.flot.min.js HTTP/1.1" 304 0
2016-09-22 21:11:55,059 [Thread-14:6968] [django.server:131] [basehttp:log_message] [INFO]- "GET /static/js/flot/jquery.flot.resize.min.js HTTP/1.1" 304 0
2016-09-22 21:11:55,068 [Thread-15:4168] [django.server:131] [basehttp:log_message] [INFO]- "GET /static/js/flot/jquery.flot.spline.min.js HTTP/1.1" 304 0
2016-09-22 21:11:55,073 [Thread-16:5508] [django.server:131] [basehttp:log_message] [INFO]- "GET /static/js/raphael-2.1.0.min.js HTTP/1.1" 304 0
2016-09-22 21:11:55,076 [Thread-17:14560] [django.server:131] [basehttp:log_message] [INFO]- "GET /static/js/custom.js HTTP/1.1" 304 0
2016-09-22 21:11:55,085 [Thread-18:15980] [django.server:131] [basehttp:log_message] [INFO]- "GET /static/js/hero.js HTTP/1.1" 304 0
2016-09-22 21:11:55,091 [Thread-19:6540] [django.server:131] [basehttp:log_message] [INFO]- "GET /static/images/photos/loggeduser.png HTTP/1.1" 304 0
2016-09-22 21:11:55,095 [Thread-20:15200] [django.server:131] [basehttp:log_message] [INFO]- "GET /static/images/photos/user1.png HTTP/1.1" 304 0
2016-09-22 21:11:55,104 [Thread-21:6028] [django.server:131] [basehttp:log_message] [INFO]- "GET /static/images/photos/user2.png HTTP/1.1" 304 0
2016-09-22 21:11:55,109 [Thread-22:17148] [django.server:131] [basehttp:log_message] [INFO]- "GET /static/images/photos/user3.png HTTP/1.1" 304 0
2016-09-22 21:11:55,115 [Thread-23:11196] [django.server:131] [basehttp:log_message] [INFO]- "GET /static/css/bootstrap.min.css HTTP/1.1" 304 0
2016-09-22 21:11:55,121 [Thread-24:16400] [django.server:131] [basehttp:log_message] [INFO]- "GET /static/css/bootstrap-override.css HTTP/1.1" 304 0
2016-09-22 21:11:55,131 [Thread-25:1960] [django.server:131] [basehttp:log_message] [INFO]- "GET /static/css/weather-icons.min.css HTTP/1.1" 304 0
2016-09-22 21:11:55,134 [Thread-26:5924] [django.server:131] [basehttp:log_message] [INFO]- "GET /static/css/jquery-ui-1.10.3.css HTTP/1.1" 304 0
2016-09-22 21:11:55,141 [Thread-27:7872] [django.server:131] [basehttp:log_message] [INFO]- "GET /static/css/font-awesome.min.css HTTP/1.1" 304 0
2016-09-22 21:11:55,150 [Thread-28:9420] [django.server:131] [basehttp:log_message] [INFO]- "GET /static/css/animate.min.css HTTP/1.1" 304 0
2016-09-22 21:11:55,168 [Thread-29:10752] [django.server:131] [basehttp:log_message] [INFO]- "GET /static/css/animate.delay.css HTTP/1.1" 304 0
2016-09-22 21:11:55,177 [Thread-30:16912] [django.server:131] [basehttp:log_message] [INFO]- "GET /static/css/toggles.css HTTP/1.1" 304 0
2016-09-22 21:11:55,180 [Thread-31:8108] [django.server:131] [basehttp:log_message] [INFO]- "GET /static/css/select2.css HTTP/1.1" 304 0
2016-09-22 21:11:55,184 [Thread-32:11284] [django.server:131] [basehttp:log_message] [INFO]- "GET /static/css/lato.css HTTP/1.1" 304 0
2016-09-22 21:11:55,186 [Thread-33:3204] [django.server:131] [basehttp:log_message] [INFO]- "GET /static/css/roboto.css HTTP/1.1" 304 0
2016-09-22 21:11:55,200 [Thread-34:14624] [django.server:131] [basehttp:log_message] [INFO]- "GET /static/images/photos/user4.png HTTP/1.1" 304 0
2016-09-22 21:11:55,201 [Thread-35:10372] [django.server:131] [basehttp:log_message] [INFO]- "GET /static/images/photos/user5.png HTTP/1.1" 304 0
2016-09-22 21:11:55,207 [Thread-36:5820] [django.server:131] [basehttp:log_message] [INFO]- "GET /static/images/photos/userprofile.png HTTP/1.1" 304 0
2016-09-22 21:11:55,270 [Thread-37:14856] [django.server:131] [basehttp:log_message] [INFO]- "GET /static/images/plus-white.png HTTP/1.1" 304 0
2016-09-22 21:11:55,276 [Thread-38:16316] [django.server:131] [basehttp:log_message] [INFO]- "GET /static/images/icon-search.png HTTP/1.1" 304 0
2016-09-22 21:11:58,700 [Thread-39:10004] [django.server:131] [basehttp:log_message] [INFO]- "GET /static/images/plus.png HTTP/1.1" 304 0
2016-09-22 21:11:59,563 [Thread-40:9184] [django.server:131] [basehttp:log_message] [INFO]- "GET /static/images/minus.png HTTP/1.1" 304 0
2016-09-22 21:12:04,628 [Thread-41:3928] [django.server:131] [basehttp:log_message] [INFO]- "GET /case_list/?pro_id=1 HTTP/1.1" 200 9997
2016-09-22 21:12:04,826 [Thread-42:896] [django.server:131] [basehttp:log_message] [INFO]- "GET /static/js/jquery-1.11.1.min.js?_=1474549915327 HTTP/1.1" 200 95789
2016-09-22 21:12:04,859 [Thread-43:10968] [django.server:131] [basehttp:log_message] [INFO]- "GET /static/js/bootstrap.min.js?_=1474549915328 HTTP/1.1" 200 31823
2016-09-22 21:12:04,875 [Thread-44:5864] [django.server:131] [basehttp:log_message] [INFO]- "GET /static/js/jquery.datatables.min.js?_=1474549915329 HTTP/1.1" 200 77503
2016-09-22 21:12:04,950 [Thread-45:13488] [django.server:131] [basehttp:log_message] [INFO]- "GET /static/images/sort_both.png HTTP/1.1" 304 0
2016-09-22 21:12:04,999 [Thread-46:12196] [django.server:131] [basehttp:log_message] [INFO]- "GET /static/images/sort_asc.png HTTP/1.1" 304 0
2016-09-22 21:12:11,806 [Thread-48:8196] [django.server:131] [basehttp:log_message] [INFO]- "GET /edit_case/?id=9 HTTP/1.1" 200 28371
2016-09-22 21:12:11,835 [Thread-49:6928] [django.server:131] [basehttp:log_message] [INFO]- "GET /static/js/jquery-1.11.1.min.js?_=1474549924860 HTTP/1.1" 200 95789
2016-09-22 21:12:11,926 [Thread-50:11424] [django.server:131] [basehttp:log_message] [INFO]- "GET /static/js/jquery-ui-1.10.3.min.js?_=1474549924861 HTTP/1.1" 200 228142
2016-09-22 21:12:11,986 [Thread-51:12516] [django.server:131] [basehttp:log_message] [INFO]- "GET /static/js/jquery-1.11.1.min.js?_=1474549924862 HTTP/1.1" 200 95789
2016-09-22 21:12:12,029 [Thread-52:17344] [django.server:131] [basehttp:log_message] [INFO]- "GET /static/js/jquery.datatables.min.js?_=1474549924863 HTTP/1.1" 200 77503
2016-09-22 21:12:12,055 [Thread-53:3780] [django.server:131] [basehttp:log_message] [INFO]- "GET /static/js/jquery-ui-1.10.3.min.js?_=1474549924864 HTTP/1.1" 200 228142
2016-09-22 21:12:12,102 [Thread-54:9572] [django.server:131] [basehttp:log_message] [INFO]- "GET /static/js/bootstrap.min.js?_=1474549924865 HTTP/1.1" 200 31823
2016-09-22 21:12:51,878 [Thread-57:396] [django.server:131] [basehttp:log_message] [INFO]- "GET /static/images/plus.png HTTP/1.1" 200 971
2016-09-22 21:12:55,604 [Thread-58:11848] [django.server:131] [basehttp:log_message] [INFO]- "GET /static/images/minus.png HTTP/1.1" 200 955
2016-09-22 21:12:57,236 [Thread-59:8044] [django.server:131] [basehttp:log_message] [INFO]- "GET /case_list/?pro_id=1 HTTP/1.1" 200 9997
2016-09-22 21:12:57,484 [Thread-60:9408] [django.server:131] [basehttp:log_message] [INFO]- "GET /static/js/jquery-1.11.1.min.js?_=1474521056109 HTTP/1.1" 200 95789
2016-09-22 21:12:57,584 [Thread-61:15820] [django.server:131] [basehttp:log_message] [INFO]- "GET /static/css/style.default.css HTTP/1.1" 304 0
2016-09-22 21:12:57,594 [Thread-62:11648] [django.server:131] [basehttp:log_message] [INFO]- "GET /static/js/bootstrap.min.js?_=1474521056110 HTTP/1.1" 200 31823
2016-09-22 21:12:57,598 [Thread-63:8276] [django.server:131] [basehttp:log_message] [INFO]- "GET /static/css/jquery.gritter.css HTTP/1.1" 304 0
2016-09-22 21:12:57,605 [Thread-64:11568] [django.server:131] [basehttp:log_message] [INFO]- "GET /static/css/jquery.datatables.css HTTP/1.1" 304 0
2016-09-22 21:12:57,898 [Thread-65:8768] [django.server:131] [basehttp:log_message] [INFO]- "GET /static/js/jquery.datatables.min.js?_=1474521056111 HTTP/1.1" 200 77503
2016-09-22 21:12:58,114 [Thread-66:3104] [django.server:131] [basehttp:log_message] [INFO]- "GET /static/css/bootstrap.min.css HTTP/1.1" 304 0
2016-09-22 21:12:58,427 [Thread-67:12664] [django.server:131] [basehttp:log_message] [INFO]- "GET /static/css/bootstrap-override.css HTTP/1.1" 304 0
2016-09-22 21:12:58,437 [Thread-68:8464] [django.server:131] [basehttp:log_message] [INFO]- "GET /static/css/weather-icons.min.css HTTP/1.1" 304 0
2016-09-22 21:12:58,448 [Thread-69:14048] [django.server:131] [basehttp:log_message] [INFO]- "GET /static/css/jquery-ui-1.10.3.css HTTP/1.1" 304 0
2016-09-22 21:12:58,471 [Thread-70:7952] [django.server:131] [basehttp:log_message] [INFO]- "GET /static/css/font-awesome.min.css HTTP/1.1" 304 0
2016-09-22 21:12:58,477 [Thread-71:10212] [django.server:131] [basehttp:log_message] [INFO]- "GET /static/css/animate.min.css HTTP/1.1" 304 0
2016-09-22 21:12:58,490 [Thread-72:13628] [django.server:131] [basehttp:log_message] [INFO]- "GET /static/css/animate.delay.css HTTP/1.1" 304 0
2016-09-22 21:12:58,736 [Thread-73:6224] [django.server:131] [basehttp:log_message] [INFO]- "GET /static/css/toggles.css HTTP/1.1" 304 0
2016-09-22 21:12:58,743 [Thread-74:15936] [django.server:131] [basehttp:log_message] [INFO]- "GET /static/css/select2.css HTTP/1.1" 304 0
2016-09-22 21:12:58,753 [Thread-75:3852] [django.server:131] [basehttp:log_message] [INFO]- "GET /static/css/lato.css HTTP/1.1" 304 0
2016-09-22 21:12:58,776 [Thread-76:12300] [django.server:131] [basehttp:log_message] [INFO]- "GET /static/css/roboto.css HTTP/1.1" 304 0
2016-09-22 21:12:58,782 [Thread-77:14936] [django.server:131] [basehttp:log_message] [INFO]- "GET /static/fonts/fontawesome-webfont.woff?v=4.1.0 HTTP/1.1" 304 0
2016-09-22 21:12:58,812 [Thread-78:4712] [django.server:131] [basehttp:log_message] [INFO]- "GET /static/images/sort_both.png HTTP/1.1" 200 1109
2016-09-22 21:12:59,046 [Thread-79:9520] [django.server:131] [basehttp:log_message] [INFO]- "GET /static/fonts/glyphicons-halflings-regular.woff HTTP/1.1" 304 0
2016-09-22 21:12:59,128 [Thread-80:2868] [django.server:131] [basehttp:log_message] [INFO]- "GET /static/images/sort_asc.png HTTP/1.1" 200 1033
2016-09-22 21:13:01,039 [Thread-81:3752] [django.server:131] [basehttp:log_message] [INFO]- "GET /case/?action=add_case&pro_id=1 HTTP/1.1" 200 21105
2016-09-22 21:13:01,398 [Thread-82:16260] [django.server:131] [basehttp:log_message] [INFO]- "GET /static/js/jquery-1.11.1.min.js?_=1474549977554 HTTP/1.1" 200 95789
2016-09-22 21:13:01,657 [Thread-83:13532] [django.server:131] [basehttp:log_message] [INFO]- "GET /static/js/jquery-ui-1.10.3.min.js?_=1474549977555 HTTP/1.1" 200 228142
2016-09-22 21:13:01,891 [Thread-84:4844] [django.server:131] [basehttp:log_message] [INFO]- "GET /static/js/jquery-1.11.1.min.js?_=1474549977556 HTTP/1.1" 200 95789
2016-09-22 21:13:02,096 [Thread-85:580] [django.server:131] [basehttp:log_message] [INFO]- "GET /static/js/jquery.datatables.min.js?_=1474549977557 HTTP/1.1" 200 77503
2016-09-22 21:13:02,334 [Thread-86:16864] [django.server:131] [basehttp:log_message] [INFO]- "GET /static/js/jquery-ui-1.10.3.min.js?_=1474549977558 HTTP/1.1" 200 228142
2016-09-22 21:13:02,528 [Thread-87:5736] [django.server:131] [basehttp:log_message] [INFO]- "GET /static/js/bootstrap.min.js?_=1474549977559 HTTP/1.1" 200 31823
2016-09-22 21:13:04,890 [Thread-88:17136] [django.server:131] [basehttp:log_message] [INFO]- "GET /ajax_html?action=add_case_step HTTP/1.1" 301 0
2016-09-22 21:13:05,230 [Thread-89:16192] [django.server:131] [basehttp:log_message] [INFO]- "GET /ajax_html/?action=add_case_step HTTP/1.1" 200 952
2016-09-23 23:51:56,549 [Thread-93:12812] [django.server:131] [basehttp:log_message] [INFO]- "GET /static/images/favicon.png HTTP/1.1" 304 0
2016-09-23 23:52:49,545 [Thread-94:10268] [django.server:131] [basehttp:log_message] [INFO]- "GET /element/?pro_id=1 HTTP/1.1" 200 11380
2016-09-23 23:52:49,703 [Thread-95:7944] [django.server:131] [basehttp:log_message] [INFO]- "GET /static/js/jquery-1.11.1.min.js?_=1474549981908 HTTP/1.1" 200 95789
2016-09-23 23:52:49,970 [Thread-96:5524] [django.server:131] [basehttp:log_message] [INFO]- "GET /static/js/bootstrap.min.js?_=1474549981909 HTTP/1.1" 200 31823
2016-09-23 23:52:49,971 [Thread-97:7016] [django.server:131] [basehttp:log_message] [INFO]- "GET /static/css/style.default.css HTTP/1.1" 304 0
2016-09-23 23:52:49,973 [Thread-99:12072] [django.server:131] [basehttp:log_message] [INFO]- "GET /static/css/jquery.datatables.css HTTP/1.1" 304 0
2016-09-23 23:52:49,973 [Thread-98:12660] [django.server:131] [basehttp:log_message] [INFO]- "GET /static/css/jquery.gritter.css HTTP/1.1" 304 0
2016-09-23 23:52:50,078 [Thread-100:17204] [django.server:131] [basehttp:log_message] [INFO]- "GET /static/js/jquery.datatables.min.js?_=1474549981910 HTTP/1.1" 200 77503
2016-09-23 23:52:50,338 [Thread-101:4804] [django.server:131] [basehttp:log_message] [INFO]- "GET /static/css/bootstrap.min.css HTTP/1.1" 304 0
2016-09-23 23:52:50,477 [Thread-102:10404] [django.server:131] [basehttp:log_message] [INFO]- "GET /static/css/bootstrap-override.css HTTP/1.1" 304 0
2016-09-23 23:52:50,519 [Thread-103:7148] [django.server:131] [basehttp:log_message] [INFO]- "GET /static/css/weather-icons.min.css HTTP/1.1" 304 0
2016-09-23 23:52:50,561 [Thread-104:8336] [django.server:131] [basehttp:log_message] [INFO]- "GET /static/css/jquery-ui-1.10.3.css HTTP/1.1" 304 0
2016-09-23 23:52:50,575 [Thread-105:9440] [django.server:131] [basehttp:log_message] [INFO]- "GET /static/css/font-awesome.min.css HTTP/1.1" 304 0
2016-09-23 23:52:50,585 [Thread-106:1044] [django.server:131] [basehttp:log_message] [INFO]- "GET /static/css/animate.min.css HTTP/1.1" 304 0
2016-09-23 23:52:50,644 [Thread-107:4704] [django.server:131] [basehttp:log_message] [INFO]- "GET /static/css/animate.delay.css HTTP/1.1" 304 0
2016-09-23 23:52:50,783 [Thread-108:5564] [django.server:131] [basehttp:log_message] [INFO]- "GET /static/css/toggles.css HTTP/1.1" 304 0
2016-09-23 23:52:50,826 [Thread-109:1544] [django.server:131] [basehttp:log_message] [INFO]- "GET /static/css/select2.css HTTP/1.1" 304 0
2016-09-23 23:52:50,864 [Thread-110:11440] [django.server:131] [basehttp:log_message] [INFO]- "GET /static/css/lato.css HTTP/1.1" 304 0
2016-09-23 23:52:50,875 [Thread-111:4464] [django.server:131] [basehttp:log_message] [INFO]- "GET /static/css/roboto.css HTTP/1.1" 304 0
2016-09-23 23:52:51,243 [Thread-112:12824] [django.server:131] [basehttp:log_message] [INFO]- "GET /static/fonts/fontawesome-webfont.woff?v=4.1.0 HTTP/1.1" 304 0
2016-09-23 23:52:51,283 [Thread-113:10812] [django.server:131] [basehttp:log_message] [INFO]- "GET /static/fonts/glyphicons-halflings-regular.woff HTTP/1.1" 304 0
2016-09-24 00:16:26,059 [Thread-115:1108] [django.server:131] [basehttp:log_message] [INFO]- "POST /element/ HTTP/1.1" 200 12
2016-09-24 00:16:26,486 [Thread-116:12300] [django.server:131] [basehttp:log_message] [INFO]- "POST /element/ HTTP/1.1" 200 12
2016-09-24 00:16:43,417 [Thread-117:8844] [django.server:131] [basehttp:log_message] [INFO]- "GET /element/?pro_id=1 HTTP/1.1" 200 12950
2016-09-24 00:16:44,920 [Thread-118:16616] [django.server:131] [basehttp:log_message] [ERROR]- "GET /element/?pro_id=undefined HTTP/1.1" 500 25218
2016-09-24 00:16:45,125 [Thread-119:14508] [django.server:131] [basehttp:log_message] [INFO]- "GET /static/js/jquery-1.11.1.min.js?_=1474645969738 HTTP/1.1" 200 95789
2016-09-24 00:16:45,486 [Thread-120:11932] [django.server:131] [basehttp:log_message] [INFO]- "GET /static/js/bootstrap.min.js?_=1474645969739 HTTP/1.1" 200 31823
2016-09-24 00:16:45,742 [Thread-121:3380] [django.server:131] [basehttp:log_message] [INFO]- "GET /static/js/jquery.datatables.min.js?_=1474645969740 HTTP/1.1" 200 77503
