2016-10-23 22:43:51,499 [Thread-1:10772] [django.server:131] [basehttp:log_message] [INFO]- "GET /index/ HTTP/1.1" 200 33576
2016-10-23 22:43:51,519 [Thread-2:7104] [django.server:131] [basehttp:log_message] [INFO]- "GET /static/css/style.default.css HTTP/1.1" 304 0
2016-10-23 22:43:51,526 [Thread-3:8224] [django.server:131] [basehttp:log_message] [INFO]- "GET /static/images/photos/loggeduser.png HTTP/1.1" 304 0
2016-10-23 22:43:51,644 [Thread-4:11100] [django.server:131] [basehttp:log_message] [INFO]- "GET /static/images/photos/user1.png HTTP/1.1" 304 0
2016-10-23 22:43:51,667 [Thread-5:11224] [django.server:131] [basehttp:log_message] [INFO]- "GET /static/images/photos/user2.png HTTP/1.1" 304 0
2016-10-23 22:43:51,670 [Thread-6:11172] [django.server:131] [basehttp:log_message] [INFO]- "GET /static/images/photos/user3.png HTTP/1.1" 304 0
2016-10-23 22:43:51,674 [Thread-7:14564] [django.server:131] [basehttp:log_message] [INFO]- "GET /static/images/photos/user4.png HTTP/1.1" 304 0
2016-10-23 22:43:51,767 [Thread-8:14024] [django.server:131] [basehttp:log_message] [INFO]- "GET /static/images/photos/user5.png HTTP/1.1" 304 0
2016-10-23 22:43:51,782 [Thread-9:7204] [django.server:131] [basehttp:log_message] [INFO]- "GET /static/images/photos/userprofile.png HTTP/1.1" 304 0
2016-10-23 22:43:51,788 [Thread-10:4440] [django.server:131] [basehttp:log_message] [INFO]- "GET /static/css/bootstrap.min.css HTTP/1.1" 304 0
2016-10-23 22:43:51,799 [Thread-11:12304] [django.server:131] [basehttp:log_message] [INFO]- "GET /static/css/bootstrap-override.css HTTP/1.1" 304 0
2016-10-23 22:43:51,802 [Thread-12:5464] [django.server:131] [basehttp:log_message] [INFO]- "GET /static/css/weather-icons.min.css HTTP/1.1" 304 0
2016-10-23 22:43:51,805 [Thread-13:12440] [django.server:131] [basehttp:log_message] [INFO]- "GET /static/css/jquery-ui-1.10.3.css HTTP/1.1" 304 0
2016-10-23 22:43:51,805 [Thread-14:11352] [django.server:131] [basehttp:log_message] [INFO]- "GET /static/css/font-awesome.min.css HTTP/1.1" 304 0
2016-10-23 22:43:51,819 [Thread-15:11440] [django.server:131] [basehttp:log_message] [INFO]- "GET /static/css/animate.min.css HTTP/1.1" 304 0
2016-10-23 22:43:51,822 [Thread-16:14868] [django.server:131] [basehttp:log_message] [INFO]- "GET /static/css/animate.delay.css HTTP/1.1" 304 0
2016-10-23 22:43:51,838 [Thread-17:10200] [django.server:131] [basehttp:log_message] [INFO]- "GET /static/css/toggles.css HTTP/1.1" 304 0
2016-10-23 22:43:51,854 [Thread-18:8524] [django.server:131] [basehttp:log_message] [INFO]- "GET /static/css/select2.css HTTP/1.1" 304 0
2016-10-23 22:43:51,874 [Thread-19:10788] [django.server:131] [basehttp:log_message] [INFO]- "GET /static/css/lato.css HTTP/1.1" 304 0
2016-10-23 22:43:51,885 [Thread-20:8108] [django.server:131] [basehttp:log_message] [INFO]- "GET /static/css/roboto.css HTTP/1.1" 304 0
2016-10-23 22:43:51,898 [Thread-21:14176] [django.server:131] [basehttp:log_message] [INFO]- "GET /static/js/jquery-1.11.1.min.js HTTP/1.1" 304 0
2016-10-23 22:43:51,913 [Thread-22:5828] [django.server:131] [basehttp:log_message] [INFO]- "GET /static/js/jquery-migrate-1.2.1.min.js HTTP/1.1" 304 0
2016-10-23 22:43:51,924 [Thread-23:4972] [django.server:131] [basehttp:log_message] [INFO]- "GET /static/js/jquery-ui-1.10.3.min.js HTTP/1.1" 304 0
2016-10-23 22:43:51,933 [Thread-24:5092] [django.server:131] [basehttp:log_message] [INFO]- "GET /static/js/bootstrap.min.js HTTP/1.1" 304 0
2016-10-23 22:43:51,944 [Thread-25:11364] [django.server:131] [basehttp:log_message] [INFO]- "GET /static/js/modernizr.min.js HTTP/1.1" 304 0
2016-10-23 22:43:51,953 [Thread-26:10156] [django.server:131] [basehttp:log_message] [INFO]- "GET /static/js/jquery.sparkline.min.js HTTP/1.1" 304 0
2016-10-23 22:43:51,963 [Thread-27:2200] [django.server:131] [basehttp:log_message] [INFO]- "GET /static/js/toggles.min.js HTTP/1.1" 304 0
2016-10-23 22:43:51,976 [Thread-28:1636] [django.server:131] [basehttp:log_message] [INFO]- "GET /static/js/retina.min.js HTTP/1.1" 304 0
2016-10-23 22:43:51,983 [Thread-29:11764] [django.server:131] [basehttp:log_message] [INFO]- "GET /static/js/jquery.cookies.js HTTP/1.1" 304 0
2016-10-23 22:43:51,989 [Thread-30:10248] [django.server:131] [basehttp:log_message] [INFO]- "GET /static/js/flot/jquery.flot.min.js HTTP/1.1" 304 0
2016-10-23 22:43:52,003 [Thread-31:4568] [django.server:131] [basehttp:log_message] [INFO]- "GET /static/js/flot/jquery.flot.resize.min.js HTTP/1.1" 304 0
2016-10-23 22:43:52,006 [Thread-32:8316] [django.server:131] [basehttp:log_message] [INFO]- "GET /static/js/flot/jquery.flot.spline.min.js HTTP/1.1" 304 0
2016-10-23 22:43:52,010 [Thread-33:11468] [django.server:131] [basehttp:log_message] [INFO]- "GET /static/js/raphael-2.1.0.min.js HTTP/1.1" 304 0
2016-10-23 22:43:52,013 [Thread-34:14000] [django.server:131] [basehttp:log_message] [INFO]- "GET /static/js/custom.js HTTP/1.1" 304 0
2016-10-23 22:43:52,016 [Thread-35:11948] [django.server:131] [basehttp:log_message] [INFO]- "GET /static/js/Hero.js HTTP/1.1" 304 0
2016-10-23 22:43:52,062 [Thread-36:12580] [django.server:131] [basehttp:log_message] [INFO]- "GET /static/fonts/fontawesome-webfont.woff?v=4.1.0 HTTP/1.1" 304 0
2016-10-23 22:43:52,069 [Thread-37:7256] [django.server:131] [basehttp:log_message] [INFO]- "GET /static/images/plus-white.png HTTP/1.1" 304 0
2016-10-23 22:43:52,072 [Thread-38:13812] [django.server:131] [basehttp:log_message] [INFO]- "GET /static/fonts/glyphicons-halflings-regular.woff HTTP/1.1" 304 0
2016-10-23 22:43:52,073 [Thread-39:6840] [django.server:131] [basehttp:log_message] [INFO]- "GET /static/images/icon-search.png HTTP/1.1" 304 0
2016-10-23 22:43:52,855 [Thread-40:15240] [django.server:131] [basehttp:log_message] [INFO]- "GET /static/images/favicon.png HTTP/1.1" 200 983
2016-10-23 22:43:57,413 [Thread-41:6312] [django.server:131] [basehttp:log_message] [INFO]- "GET /scenario_list/?pro_id=3 HTTP/1.1" 200 2521
2016-10-23 22:43:57,448 [Thread-42:12268] [django.server:131] [basehttp:log_message] [INFO]- "GET /static/js/jquery-1.11.1.min.js?_=1477233831990 HTTP/1.1" 200 95789
2016-10-23 22:43:57,492 [Thread-43:14916] [django.server:131] [basehttp:log_message] [INFO]- "GET /static/js/bootstrap.min.js?_=1477233831991 HTTP/1.1" 200 31823
2016-10-23 22:43:57,516 [Thread-44:10640] [django.server:131] [basehttp:log_message] [INFO]- "GET /static/js/jquery.datatables.min.js?_=1477233831992 HTTP/1.1" 200 77503
2016-10-23 22:44:00,147 [Thread-45:13888] [django.server:131] [basehttp:log_message] [INFO]- "POST /scenario_list/ HTTP/1.1" 200 18
2016-10-23 22:47:01,928 [Thread-46:9700] [django.server:131] [basehttp:log_message] [INFO]- "POST /scenario_list/ HTTP/1.1" 200 18
2016-10-23 22:52:25,368 [Thread-47:11648] [django.server:131] [basehttp:log_message] [INFO]- "POST /scenario_list/ HTTP/1.1" 200 18
2016-10-23 22:56:35,523 [Thread-1:2656] [django.server:131] [basehttp:log_message] [INFO]- "GET /index/ HTTP/1.1" 200 33576
2016-10-23 22:56:35,552 [Thread-2:5556] [django.server:131] [basehttp:log_message] [INFO]- "GET /static/css/style.default.css HTTP/1.1" 304 0
2016-10-23 22:56:35,553 [Thread-3:1520] [django.server:131] [basehttp:log_message] [INFO]- "GET /static/images/photos/loggeduser.png HTTP/1.1" 304 0
2016-10-23 22:56:35,578 [Thread-4:5124] [django.server:131] [basehttp:log_message] [INFO]- "GET /static/images/photos/user1.png HTTP/1.1" 304 0
2016-10-23 22:56:35,588 [Thread-5:14732] [django.server:131] [basehttp:log_message] [INFO]- "GET /static/images/photos/user2.png HTTP/1.1" 304 0
2016-10-23 22:56:35,601 [Thread-6:6544] [django.server:131] [basehttp:log_message] [INFO]- "GET /static/images/photos/user3.png HTTP/1.1" 304 0
2016-10-23 22:56:35,609 [Thread-7:13888] [django.server:131] [basehttp:log_message] [INFO]- "GET /static/images/photos/user4.png HTTP/1.1" 304 0
2016-10-23 22:56:35,621 [Thread-8:10640] [django.server:131] [basehttp:log_message] [INFO]- "GET /static/images/photos/user5.png HTTP/1.1" 304 0
2016-10-23 22:56:35,723 [Thread-9:13092] [django.server:131] [basehttp:log_message] [INFO]- "GET /static/images/photos/userprofile.png HTTP/1.1" 304 0
2016-10-23 22:56:35,733 [Thread-10:11312] [django.server:131] [basehttp:log_message] [INFO]- "GET /static/js/jquery-1.11.1.min.js HTTP/1.1" 304 0
2016-10-23 22:56:35,770 [Thread-11:2420] [django.server:131] [basehttp:log_message] [INFO]- "GET /static/js/jquery-migrate-1.2.1.min.js HTTP/1.1" 304 0
2016-10-23 22:56:35,772 [Thread-12:6788] [django.server:131] [basehttp:log_message] [INFO]- "GET /static/js/jquery-ui-1.10.3.min.js HTTP/1.1" 304 0
2016-10-23 22:56:35,795 [Thread-13:14940] [django.server:131] [basehttp:log_message] [INFO]- "GET /static/js/bootstrap.min.js HTTP/1.1" 304 0
2016-10-23 22:56:35,805 [Thread-14:5196] [django.server:131] [basehttp:log_message] [INFO]- "GET /static/js/modernizr.min.js HTTP/1.1" 304 0
2016-10-23 22:56:35,825 [Thread-15:10104] [django.server:131] [basehttp:log_message] [INFO]- "GET /static/css/bootstrap.min.css HTTP/1.1" 304 0
2016-10-23 22:56:35,835 [Thread-16:10780] [django.server:131] [basehttp:log_message] [INFO]- "GET /static/css/bootstrap-override.css HTTP/1.1" 304 0
2016-10-23 22:56:35,842 [Thread-17:15192] [django.server:131] [basehttp:log_message] [INFO]- "GET /static/css/weather-icons.min.css HTTP/1.1" 304 0
2016-10-23 22:56:35,857 [Thread-18:13488] [django.server:131] [basehttp:log_message] [INFO]- "GET /static/css/jquery-ui-1.10.3.css HTTP/1.1" 304 0
2016-10-23 22:56:35,868 [Thread-19:10824] [django.server:131] [basehttp:log_message] [INFO]- "GET /static/css/font-awesome.min.css HTTP/1.1" 304 0
2016-10-23 22:56:35,871 [Thread-20:3952] [django.server:131] [basehttp:log_message] [INFO]- "GET /static/css/animate.min.css HTTP/1.1" 304 0
2016-10-23 22:56:35,877 [Thread-21:7400] [django.server:131] [basehttp:log_message] [INFO]- "GET /static/css/animate.delay.css HTTP/1.1" 304 0
2016-10-23 22:56:35,891 [Thread-22:8388] [django.server:131] [basehttp:log_message] [INFO]- "GET /static/css/toggles.css HTTP/1.1" 304 0
2016-10-23 22:56:35,900 [Thread-23:1096] [django.server:131] [basehttp:log_message] [INFO]- "GET /static/css/select2.css HTTP/1.1" 304 0
2016-10-23 22:56:35,911 [Thread-24:13828] [django.server:131] [basehttp:log_message] [INFO]- "GET /static/css/lato.css HTTP/1.1" 304 0
2016-10-23 22:56:35,920 [Thread-25:14640] [django.server:131] [basehttp:log_message] [INFO]- "GET /static/css/roboto.css HTTP/1.1" 304 0
2016-10-23 22:56:35,936 [Thread-26:1560] [django.server:131] [basehttp:log_message] [INFO]- "GET /static/js/jquery.sparkline.min.js HTTP/1.1" 304 0
2016-10-23 22:56:35,944 [Thread-27:10488] [django.server:131] [basehttp:log_message] [INFO]- "GET /static/js/toggles.min.js HTTP/1.1" 304 0
2016-10-23 22:56:35,956 [Thread-28:13700] [django.server:131] [basehttp:log_message] [INFO]- "GET /static/js/retina.min.js HTTP/1.1" 304 0
2016-10-23 22:56:35,960 [Thread-29:11868] [django.server:131] [basehttp:log_message] [INFO]- "GET /static/js/jquery.cookies.js HTTP/1.1" 304 0
2016-10-23 22:56:35,969 [Thread-30:11972] [django.server:131] [basehttp:log_message] [INFO]- "GET /static/js/flot/jquery.flot.min.js HTTP/1.1" 304 0
2016-10-23 22:56:35,971 [Thread-31:13564] [django.server:131] [basehttp:log_message] [INFO]- "GET /static/js/flot/jquery.flot.resize.min.js HTTP/1.1" 304 0
2016-10-23 22:56:35,976 [Thread-32:13320] [django.server:131] [basehttp:log_message] [INFO]- "GET /static/js/flot/jquery.flot.spline.min.js HTTP/1.1" 304 0
2016-10-23 22:56:35,980 [Thread-33:3900] [django.server:131] [basehttp:log_message] [INFO]- "GET /static/js/raphael-2.1.0.min.js HTTP/1.1" 304 0
2016-10-23 22:56:35,983 [Thread-34:12976] [django.server:131] [basehttp:log_message] [INFO]- "GET /static/js/custom.js HTTP/1.1" 304 0
2016-10-23 22:56:35,986 [Thread-35:7588] [django.server:131] [basehttp:log_message] [INFO]- "GET /static/js/Hero.js HTTP/1.1" 304 0
2016-10-23 22:56:36,058 [Thread-36:15220] [django.server:131] [basehttp:log_message] [INFO]- "GET /static/fonts/fontawesome-webfont.woff?v=4.1.0 HTTP/1.1" 304 0
2016-10-23 22:56:36,061 [Thread-37:9584] [django.server:131] [basehttp:log_message] [INFO]- "GET /static/images/plus-white.png HTTP/1.1" 304 0
2016-10-23 22:56:36,072 [Thread-38:12852] [django.server:131] [basehttp:log_message] [INFO]- "GET /static/images/icon-search.png HTTP/1.1" 304 0
2016-10-23 22:56:36,073 [Thread-39:9052] [django.server:131] [basehttp:log_message] [INFO]- "GET /static/fonts/glyphicons-halflings-regular.woff HTTP/1.1" 304 0
2016-10-23 22:56:36,795 [Thread-40:3036] [django.server:131] [basehttp:log_message] [INFO]- "GET /static/images/favicon.png HTTP/1.1" 200 983
2016-10-23 22:56:39,336 [Thread-41:13316] [django.server:131] [basehttp:log_message] [INFO]- "GET /scenario_list/?pro_id=3 HTTP/1.1" 200 2521
2016-10-23 22:56:39,372 [Thread-42:3356] [django.server:131] [basehttp:log_message] [INFO]- "GET /static/js/jquery-1.11.1.min.js?_=1477234595992 HTTP/1.1" 200 95789
2016-10-23 22:56:39,414 [Thread-43:3472] [django.server:131] [basehttp:log_message] [INFO]- "GET /static/js/bootstrap.min.js?_=1477234595993 HTTP/1.1" 200 31823
2016-10-23 22:56:39,437 [Thread-44:14256] [django.server:131] [basehttp:log_message] [INFO]- "GET /static/js/jquery.datatables.min.js?_=1477234595994 HTTP/1.1" 200 77503
2016-10-23 22:56:42,391 [Thread-45:10816] [django.server:131] [basehttp:log_message] [INFO]- "POST /scenario_list/ HTTP/1.1" 200 18
2016-10-23 23:02:29,085 [Thread-46:12980] [django.server:131] [basehttp:log_message] [INFO]- "POST /scenario_list/ HTTP/1.1" 200 18
2016-10-23 23:11:40,165 [Thread-47:12980] [django.server:131] [basehttp:log_message] [INFO]- "POST /scenario_list/ HTTP/1.1" 200 18
2016-10-23 23:13:18,901 [Thread-1:5608] [django.server:131] [basehttp:log_message] [INFO]- "GET /index/ HTTP/1.1" 200 33576
2016-10-23 23:13:18,940 [Thread-2:7576] [django.server:131] [basehttp:log_message] [INFO]- "GET /static/css/style.default.css HTTP/1.1" 304 0
2016-10-23 23:13:18,947 [Thread-3:9280] [django.server:131] [basehttp:log_message] [INFO]- "GET /static/images/photos/loggeduser.png HTTP/1.1" 304 0
2016-10-23 23:13:19,030 [Thread-4:15320] [django.server:131] [basehttp:log_message] [INFO]- "GET /static/images/photos/user1.png HTTP/1.1" 304 0
2016-10-23 23:13:19,056 [Thread-5:11060] [django.server:131] [basehttp:log_message] [INFO]- "GET /static/images/photos/user2.png HTTP/1.1" 304 0
2016-10-23 23:13:19,063 [Thread-6:12504] [django.server:131] [basehttp:log_message] [INFO]- "GET /static/images/photos/user3.png HTTP/1.1" 304 0
2016-10-23 23:13:19,072 [Thread-7:2648] [django.server:131] [basehttp:log_message] [INFO]- "GET /static/js/jquery-1.11.1.min.js HTTP/1.1" 304 0
2016-10-23 23:13:19,095 [Thread-8:8904] [django.server:131] [basehttp:log_message] [INFO]- "GET /static/images/photos/user4.png HTTP/1.1" 304 0
2016-10-23 23:13:19,098 [Thread-9:13872] [django.server:131] [basehttp:log_message] [INFO]- "GET /static/images/photos/user5.png HTTP/1.1" 304 0
2016-10-23 23:13:19,125 [Thread-10:5776] [django.server:131] [basehttp:log_message] [INFO]- "GET /static/css/bootstrap.min.css HTTP/1.1" 304 0
2016-10-23 23:13:19,140 [Thread-11:12340] [django.server:131] [basehttp:log_message] [INFO]- "GET /static/css/bootstrap-override.css HTTP/1.1" 304 0
2016-10-23 23:13:19,157 [Thread-12:9312] [django.server:131] [basehttp:log_message] [INFO]- "GET /static/css/weather-icons.min.css HTTP/1.1" 304 0
2016-10-23 23:13:19,163 [Thread-13:1428] [django.server:131] [basehttp:log_message] [INFO]- "GET /static/css/jquery-ui-1.10.3.css HTTP/1.1" 304 0
2016-10-23 23:13:19,184 [Thread-14:5428] [django.server:131] [basehttp:log_message] [INFO]- "GET /static/css/font-awesome.min.css HTTP/1.1" 304 0
2016-10-23 23:13:19,207 [Thread-15:7912] [django.server:131] [basehttp:log_message] [INFO]- "GET /static/css/animate.min.css HTTP/1.1" 304 0
2016-10-23 23:13:19,216 [Thread-16:7984] [django.server:131] [basehttp:log_message] [INFO]- "GET /static/css/animate.delay.css HTTP/1.1" 304 0
2016-10-23 23:13:19,223 [Thread-17:9164] [django.server:131] [basehttp:log_message] [INFO]- "GET /static/css/toggles.css HTTP/1.1" 304 0
2016-10-23 23:13:19,227 [Thread-18:8572] [django.server:131] [basehttp:log_message] [INFO]- "GET /static/css/select2.css HTTP/1.1" 304 0
2016-10-23 23:13:19,243 [Thread-19:5192] [django.server:131] [basehttp:log_message] [INFO]- "GET /static/css/lato.css HTTP/1.1" 304 0
2016-10-23 23:13:19,256 [Thread-20:4440] [django.server:131] [basehttp:log_message] [INFO]- "GET /static/css/roboto.css HTTP/1.1" 304 0
2016-10-23 23:13:19,259 [Thread-21:5020] [django.server:131] [basehttp:log_message] [INFO]- "GET /static/images/photos/userprofile.png HTTP/1.1" 304 0
2016-10-23 23:13:19,263 [Thread-22:15180] [django.server:131] [basehttp:log_message] [INFO]- "GET /static/js/jquery-migrate-1.2.1.min.js HTTP/1.1" 304 0
2016-10-23 23:13:19,276 [Thread-23:10364] [django.server:131] [basehttp:log_message] [INFO]- "GET /static/js/jquery-ui-1.10.3.min.js HTTP/1.1" 304 0
2016-10-23 23:13:19,278 [Thread-24:8672] [django.server:131] [basehttp:log_message] [INFO]- "GET /static/js/bootstrap.min.js HTTP/1.1" 304 0
2016-10-23 23:13:19,289 [Thread-25:12196] [django.server:131] [basehttp:log_message] [INFO]- "GET /static/js/modernizr.min.js HTTP/1.1" 304 0
2016-10-23 23:13:19,290 [Thread-26:13812] [django.server:131] [basehttp:log_message] [INFO]- "GET /static/js/jquery.sparkline.min.js HTTP/1.1" 304 0
2016-10-23 23:13:19,298 [Thread-27:7108] [django.server:131] [basehttp:log_message] [INFO]- "GET /static/js/toggles.min.js HTTP/1.1" 304 0
2016-10-23 23:13:19,305 [Thread-28:14000] [django.server:131] [basehttp:log_message] [INFO]- "GET /static/js/retina.min.js HTTP/1.1" 304 0
2016-10-23 23:13:19,312 [Thread-29:6776] [django.server:131] [basehttp:log_message] [INFO]- "GET /static/js/jquery.cookies.js HTTP/1.1" 304 0
2016-10-23 23:13:19,315 [Thread-30:6544] [django.server:131] [basehttp:log_message] [INFO]- "GET /static/js/flot/jquery.flot.min.js HTTP/1.1" 304 0
2016-10-23 23:13:19,321 [Thread-31:7648] [django.server:131] [basehttp:log_message] [INFO]- "GET /static/js/flot/jquery.flot.resize.min.js HTTP/1.1" 304 0
2016-10-23 23:13:19,326 [Thread-32:14528] [django.server:131] [basehttp:log_message] [INFO]- "GET /static/js/flot/jquery.flot.spline.min.js HTTP/1.1" 304 0
2016-10-23 23:13:19,332 [Thread-33:8232] [django.server:131] [basehttp:log_message] [INFO]- "GET /static/js/raphael-2.1.0.min.js HTTP/1.1" 304 0
2016-10-23 23:13:19,335 [Thread-34:6216] [django.server:131] [basehttp:log_message] [INFO]- "GET /static/js/custom.js HTTP/1.1" 304 0
2016-10-23 23:13:19,338 [Thread-35:13748] [django.server:131] [basehttp:log_message] [INFO]- "GET /static/js/Hero.js HTTP/1.1" 304 0
2016-10-23 23:13:19,404 [Thread-36:14068] [django.server:131] [basehttp:log_message] [INFO]- "GET /static/fonts/fontawesome-webfont.woff?v=4.1.0 HTTP/1.1" 304 0
2016-10-23 23:13:19,404 [Thread-37:13288] [django.server:131] [basehttp:log_message] [INFO]- "GET /static/images/plus-white.png HTTP/1.1" 304 0
2016-10-23 23:13:19,411 [Thread-38:13468] [django.server:131] [basehttp:log_message] [INFO]- "GET /static/images/icon-search.png HTTP/1.1" 304 0
2016-10-23 23:13:19,414 [Thread-39:14160] [django.server:131] [basehttp:log_message] [INFO]- "GET /static/fonts/glyphicons-halflings-regular.woff HTTP/1.1" 304 0
2016-10-23 23:13:20,111 [Thread-40:1520] [django.server:131] [basehttp:log_message] [INFO]- "GET /static/images/favicon.png HTTP/1.1" 200 983
2016-10-23 23:13:22,418 [Thread-41:13776] [django.server:131] [basehttp:log_message] [INFO]- "GET /case_list/?pro_id=3 HTTP/1.1" 200 4053
2016-10-23 23:13:22,470 [Thread-42:11456] [django.server:131] [basehttp:log_message] [INFO]- "GET /static/js/jquery-1.11.1.min.js?_=1477235599341 HTTP/1.1" 200 95789
2016-10-23 23:13:22,529 [Thread-43:6436] [django.server:131] [basehttp:log_message] [INFO]- "GET /static/js/bootstrap.min.js?_=1477235599342 HTTP/1.1" 200 31823
2016-10-23 23:13:22,546 [Thread-44:14756] [django.server:131] [basehttp:log_message] [INFO]- "GET /static/js/jquery.datatables.min.js?_=1477235599343 HTTP/1.1" 200 77503
2016-10-23 23:13:23,908 [Thread-45:12772] [django.server:131] [basehttp:log_message] [INFO]- "GET /scenario_list/?pro_id=3 HTTP/1.1" 200 2521
2016-10-23 23:13:23,970 [Thread-46:11068] [django.server:131] [basehttp:log_message] [INFO]- "GET /static/js/jquery-1.11.1.min.js?_=1477235602522 HTTP/1.1" 200 95789
2016-10-23 23:13:23,987 [Thread-47:7164] [django.server:131] [basehttp:log_message] [INFO]- "GET /static/js/bootstrap.min.js?_=1477235602523 HTTP/1.1" 200 31823
2016-10-23 23:13:24,003 [Thread-48:5836] [django.server:131] [basehttp:log_message] [INFO]- "GET /static/js/jquery.datatables.min.js?_=1477235602524 HTTP/1.1" 200 77503
2016-10-23 23:13:56,193 [Thread-49:15156] [django.server:131] [basehttp:log_message] [INFO]- "POST /scenario_list/ HTTP/1.1" 200 18
2016-10-23 23:14:01,637 [Thread-50:11224] [django.server:131] [basehttp:log_message] [INFO]- "GET /case_list/?pro_id=3 HTTP/1.1" 200 4053
2016-10-23 23:14:01,730 [Thread-51:2720] [django.server:131] [basehttp:log_message] [INFO]- "GET /static/js/jquery-1.11.1.min.js?_=1477235603979 HTTP/1.1" 200 95789
2016-10-23 23:14:01,789 [Thread-52:14916] [django.server:131] [basehttp:log_message] [INFO]- "GET /static/js/bootstrap.min.js?_=1477235603980 HTTP/1.1" 200 31823
2016-10-23 23:14:01,858 [Thread-53:13100] [django.server:131] [basehttp:log_message] [INFO]- "GET /static/js/jquery.datatables.min.js?_=1477235603981 HTTP/1.1" 200 77503
2016-10-23 23:14:02,049 [Thread-54:12068] [django.server:131] [basehttp:log_message] [INFO]- "GET /case_list/?pro_id=3 HTTP/1.1" 200 4053
2016-10-23 23:14:02,134 [Thread-55:13896] [django.server:131] [basehttp:log_message] [INFO]- "GET /static/js/jquery-1.11.1.min.js?_=1477235641774 HTTP/1.1" 200 95789
2016-10-23 23:14:02,194 [Thread-56:12520] [django.server:131] [basehttp:log_message] [INFO]- "GET /static/js/bootstrap.min.js?_=1477235641775 HTTP/1.1" 200 31823
2016-10-23 23:14:02,214 [Thread-57:13448] [django.server:131] [basehttp:log_message] [INFO]- "GET /static/js/jquery.datatables.min.js?_=1477235641776 HTTP/1.1" 200 77503
2016-10-23 23:14:04,424 [Thread-58:8120] [django.server:131] [basehttp:log_message] [INFO]- "POST /case_list/ HTTP/1.1" 200 18
2016-10-23 23:14:09,266 [Thread-59:2376] [django.server:131] [basehttp:log_message] [INFO]- "GET /scenario_list/?pro_id=3 HTTP/1.1" 200 2521
2016-10-23 23:14:09,332 [Thread-60:12632] [django.server:131] [basehttp:log_message] [INFO]- "GET /static/js/jquery-1.11.1.min.js?_=1477235642182 HTTP/1.1" 200 95789
2016-10-23 23:14:09,345 [Thread-61:15220] [django.server:131] [basehttp:log_message] [INFO]- "GET /static/js/bootstrap.min.js?_=1477235642183 HTTP/1.1" 200 31823
2016-10-23 23:14:09,361 [Thread-62:9052] [django.server:131] [basehttp:log_message] [INFO]- "GET /static/js/jquery.datatables.min.js?_=1477235642184 HTTP/1.1" 200 77503
2016-10-23 23:14:38,220 [Thread-63:14856] [django.server:131] [basehttp:log_message] [INFO]- "POST /scenario_list/ HTTP/1.1" 200 18
2016-10-23 23:16:00,690 [Thread-1:1428] [django.server:131] [basehttp:log_message] [INFO]- "GET /index/ HTTP/1.1" 200 33576
2016-10-23 23:16:00,730 [Thread-2:11024] [django.server:131] [basehttp:log_message] [INFO]- "GET /static/css/style.default.css HTTP/1.1" 304 0
2016-10-23 23:16:00,733 [Thread-3:8232] [django.server:131] [basehttp:log_message] [INFO]- "GET /static/js/jquery-1.11.1.min.js HTTP/1.1" 304 0
2016-10-23 23:16:00,756 [Thread-4:6216] [django.server:131] [basehttp:log_message] [INFO]- "GET /static/js/jquery-migrate-1.2.1.min.js HTTP/1.1" 304 0
2016-10-23 23:16:00,765 [Thread-5:14068] [django.server:131] [basehttp:log_message] [INFO]- "GET /static/js/jquery-ui-1.10.3.min.js HTTP/1.1" 304 0
2016-10-23 23:16:00,766 [Thread-6:13468] [django.server:131] [basehttp:log_message] [INFO]- "GET /static/js/bootstrap.min.js HTTP/1.1" 304 0
2016-10-23 23:16:00,772 [Thread-7:14580] [django.server:131] [basehttp:log_message] [INFO]- "GET /static/js/modernizr.min.js HTTP/1.1" 304 0
2016-10-23 23:16:00,776 [Thread-8:12576] [django.server:131] [basehttp:log_message] [INFO]- "GET /static/js/jquery.sparkline.min.js HTTP/1.1" 304 0
2016-10-23 23:16:00,779 [Thread-9:5948] [django.server:131] [basehttp:log_message] [INFO]- "GET /static/js/toggles.min.js HTTP/1.1" 304 0
2016-10-23 23:16:00,782 [Thread-10:7688] [django.server:131] [basehttp:log_message] [INFO]- "GET /static/js/retina.min.js HTTP/1.1" 304 0
2016-10-23 23:16:00,785 [Thread-11:13684] [django.server:131] [basehttp:log_message] [INFO]- "GET /static/js/jquery.cookies.js HTTP/1.1" 304 0
2016-10-23 23:16:00,792 [Thread-12:7044] [django.server:131] [basehttp:log_message] [INFO]- "GET /static/js/flot/jquery.flot.min.js HTTP/1.1" 304 0
2016-10-23 23:16:00,796 [Thread-13:15144] [django.server:131] [basehttp:log_message] [INFO]- "GET /static/js/flot/jquery.flot.resize.min.js HTTP/1.1" 304 0
2016-10-23 23:16:00,799 [Thread-14:2836] [django.server:131] [basehttp:log_message] [INFO]- "GET /static/js/flot/jquery.flot.spline.min.js HTTP/1.1" 304 0
2016-10-23 23:16:00,803 [Thread-15:4568] [django.server:131] [basehttp:log_message] [INFO]- "GET /static/js/raphael-2.1.0.min.js HTTP/1.1" 304 0
2016-10-23 23:16:00,808 [Thread-16:10352] [django.server:131] [basehttp:log_message] [INFO]- "GET /static/js/custom.js HTTP/1.1" 304 0
2016-10-23 23:16:00,811 [Thread-17:13740] [django.server:131] [basehttp:log_message] [INFO]- "GET /static/js/Hero.js HTTP/1.1" 304 0
2016-10-23 23:16:00,816 [Thread-18:6244] [django.server:131] [basehttp:log_message] [INFO]- "GET /static/images/photos/loggeduser.png HTTP/1.1" 304 0
2016-10-23 23:16:00,818 [Thread-19:5412] [django.server:131] [basehttp:log_message] [INFO]- "GET /static/images/photos/user1.png HTTP/1.1" 304 0
2016-10-23 23:16:00,823 [Thread-20:13368] [django.server:131] [basehttp:log_message] [INFO]- "GET /static/images/photos/user2.png HTTP/1.1" 304 0
2016-10-23 23:16:00,825 [Thread-21:8336] [django.server:131] [basehttp:log_message] [INFO]- "GET /static/images/photos/user3.png HTTP/1.1" 304 0
2016-10-23 23:16:00,828 [Thread-22:5524] [django.server:131] [basehttp:log_message] [INFO]- "GET /static/images/photos/user4.png HTTP/1.1" 304 0
2016-10-23 23:16:00,828 [Thread-23:5496] [django.server:131] [basehttp:log_message] [INFO]- "GET /static/images/photos/user5.png HTTP/1.1" 304 0
2016-10-23 23:16:00,838 [Thread-24:6408] [django.server:131] [basehttp:log_message] [INFO]- "GET /static/images/photos/userprofile.png HTTP/1.1" 304 0
2016-10-23 23:16:00,874 [Thread-25:7664] [django.server:131] [basehttp:log_message] [INFO]- "GET /static/images/favicon.png HTTP/1.1" 304 0
2016-10-23 23:16:00,881 [Thread-26:10964] [django.server:131] [basehttp:log_message] [INFO]- "GET /static/css/bootstrap.min.css HTTP/1.1" 304 0
2016-10-23 23:16:00,884 [Thread-27:12504] [django.server:131] [basehttp:log_message] [INFO]- "GET /static/css/bootstrap-override.css HTTP/1.1" 304 0
2016-10-23 23:16:00,901 [Thread-28:2648] [django.server:131] [basehttp:log_message] [INFO]- "GET /static/css/weather-icons.min.css HTTP/1.1" 304 0
2016-10-23 23:16:00,907 [Thread-29:8904] [django.server:131] [basehttp:log_message] [INFO]- "GET /static/css/jquery-ui-1.10.3.css HTTP/1.1" 304 0
2016-10-23 23:16:00,924 [Thread-30:13872] [django.server:131] [basehttp:log_message] [INFO]- "GET /static/css/font-awesome.min.css HTTP/1.1" 304 0
2016-10-23 23:16:00,926 [Thread-31:5776] [django.server:131] [basehttp:log_message] [INFO]- "GET /static/css/animate.min.css HTTP/1.1" 304 0
2016-10-23 23:16:00,927 [Thread-32:12340] [django.server:131] [basehttp:log_message] [INFO]- "GET /static/css/animate.delay.css HTTP/1.1" 304 0
2016-10-23 23:16:00,933 [Thread-33:9312] [django.server:131] [basehttp:log_message] [INFO]- "GET /static/css/toggles.css HTTP/1.1" 304 0
2016-10-23 23:16:00,934 [Thread-34:7912] [django.server:131] [basehttp:log_message] [INFO]- "GET /static/css/select2.css HTTP/1.1" 304 0
2016-10-23 23:16:00,940 [Thread-35:9164] [django.server:131] [basehttp:log_message] [INFO]- "GET /static/css/lato.css HTTP/1.1" 304 0
2016-10-23 23:16:00,941 [Thread-36:5192] [django.server:131] [basehttp:log_message] [INFO]- "GET /static/css/roboto.css HTTP/1.1" 304 0
2016-10-23 23:16:00,963 [Thread-37:4440] [django.server:131] [basehttp:log_message] [INFO]- "GET /static/images/plus-white.png HTTP/1.1" 304 0
2016-10-23 23:16:00,967 [Thread-38:15180] [django.server:131] [basehttp:log_message] [INFO]- "GET /static/images/icon-search.png HTTP/1.1" 304 0
2016-10-23 23:16:03,026 [Thread-39:11040] [django.server:131] [basehttp:log_message] [INFO]- "GET /static/images/plus.png HTTP/1.1" 304 0
2016-10-23 23:16:03,812 [Thread-40:5836] [django.server:131] [basehttp:log_message] [INFO]- "GET /static/images/minus.png HTTP/1.1" 304 0
2016-10-23 23:16:05,040 [Thread-41:2896] [django.server:131] [basehttp:log_message] [INFO]- "GET /case_list/?pro_id=2 HTTP/1.1" 200 1561
2016-10-23 23:16:05,061 [Thread-42:7752] [django.server:131] [basehttp:log_message] [INFO]- "GET /static/css/jquery.gritter.css HTTP/1.1" 304 0
2016-10-23 23:16:05,062 [Thread-43:6788] [django.server:131] [basehttp:log_message] [INFO]- "GET /static/css/jquery.datatables.css HTTP/1.1" 304 0
2016-10-23 23:16:05,385 [Thread-44:6584] [django.server:131] [basehttp:log_message] [INFO]- "GET /static/js/jquery-1.11.1.min.js?_=1477235761002 HTTP/1.1" 200 95789
2016-10-23 23:16:05,411 [Thread-45:3032] [django.server:131] [basehttp:log_message] [INFO]- "GET /static/js/bootstrap.min.js?_=1477235761003 HTTP/1.1" 200 31823
2016-10-23 23:16:05,431 [Thread-46:6840] [django.server:131] [basehttp:log_message] [INFO]- "GET /static/js/jquery.datatables.min.js?_=1477235761004 HTTP/1.1" 200 77503
2016-10-23 23:16:05,489 [Thread-47:14972] [django.server:131] [basehttp:log_message] [INFO]- "GET /static/images/sort_both.png HTTP/1.1" 304 0
2016-10-23 23:16:05,509 [Thread-48:13964] [django.server:131] [basehttp:log_message] [INFO]- "GET /static/images/sort_asc.png HTTP/1.1" 304 0
2016-10-23 23:16:35,956 [Thread-1:12872] [django.server:131] [basehttp:log_message] [INFO]- "GET /index/ HTTP/1.1" 200 33576
2016-10-23 23:16:35,997 [Thread-2:14752] [django.server:131] [basehttp:log_message] [INFO]- "GET /static/css/style.default.css HTTP/1.1" 304 0
2016-10-23 23:16:36,000 [Thread-3:12628] [django.server:131] [basehttp:log_message] [INFO]- "GET /static/js/jquery-1.11.1.min.js HTTP/1.1" 304 0
2016-10-23 23:16:36,006 [Thread-4:13064] [django.server:131] [basehttp:log_message] [INFO]- "GET /static/js/jquery-migrate-1.2.1.min.js HTTP/1.1" 304 0
2016-10-23 23:16:36,013 [Thread-5:1104] [django.server:131] [basehttp:log_message] [INFO]- "GET /static/js/jquery-ui-1.10.3.min.js HTTP/1.1" 304 0
2016-10-23 23:16:36,025 [Thread-6:8748] [django.server:131] [basehttp:log_message] [INFO]- "GET /static/js/bootstrap.min.js HTTP/1.1" 304 0
2016-10-23 23:16:36,032 [Thread-7:9040] [django.server:131] [basehttp:log_message] [INFO]- "GET /static/js/modernizr.min.js HTTP/1.1" 304 0
2016-10-23 23:16:36,035 [Thread-8:15300] [django.server:131] [basehttp:log_message] [INFO]- "GET /static/js/jquery.sparkline.min.js HTTP/1.1" 304 0
2016-10-23 23:16:36,046 [Thread-9:13648] [django.server:131] [basehttp:log_message] [INFO]- "GET /static/js/toggles.min.js HTTP/1.1" 304 0
2016-10-23 23:16:36,053 [Thread-10:5076] [django.server:131] [basehttp:log_message] [INFO]- "GET /static/js/retina.min.js HTTP/1.1" 304 0
2016-10-23 23:16:36,056 [Thread-11:9692] [django.server:131] [basehttp:log_message] [INFO]- "GET /static/js/jquery.cookies.js HTTP/1.1" 304 0
2016-10-23 23:16:36,063 [Thread-12:8012] [django.server:131] [basehttp:log_message] [INFO]- "GET /static/js/flot/jquery.flot.min.js HTTP/1.1" 304 0
2016-10-23 23:16:36,069 [Thread-13:11332] [django.server:131] [basehttp:log_message] [INFO]- "GET /static/js/flot/jquery.flot.resize.min.js HTTP/1.1" 304 0
2016-10-23 23:16:36,072 [Thread-14:11172] [django.server:131] [basehttp:log_message] [INFO]- "GET /static/js/flot/jquery.flot.spline.min.js HTTP/1.1" 304 0
2016-10-23 23:16:36,075 [Thread-15:11932] [django.server:131] [basehttp:log_message] [INFO]- "GET /static/js/raphael-2.1.0.min.js HTTP/1.1" 304 0
2016-10-23 23:16:36,076 [Thread-16:3428] [django.server:131] [basehttp:log_message] [INFO]- "GET /static/js/custom.js HTTP/1.1" 304 0
2016-10-23 23:16:36,079 [Thread-17:8528] [django.server:131] [basehttp:log_message] [INFO]- "GET /static/js/Hero.js HTTP/1.1" 304 0
2016-10-23 23:16:36,085 [Thread-18:5372] [django.server:131] [basehttp:log_message] [INFO]- "GET /static/images/photos/loggeduser.png HTTP/1.1" 304 0
2016-10-23 23:16:36,086 [Thread-19:8004] [django.server:131] [basehttp:log_message] [INFO]- "GET /static/images/photos/user1.png HTTP/1.1" 304 0
2016-10-23 23:16:36,095 [Thread-20:1248] [django.server:131] [basehttp:log_message] [INFO]- "GET /static/images/photos/user2.png HTTP/1.1" 304 0
2016-10-23 23:16:36,098 [Thread-21:14532] [django.server:131] [basehttp:log_message] [INFO]- "GET /static/images/photos/user3.png HTTP/1.1" 304 0
2016-10-23 23:16:36,104 [Thread-22:8456] [django.server:131] [basehttp:log_message] [INFO]- "GET /static/images/photos/user4.png HTTP/1.1" 304 0
2016-10-23 23:16:36,105 [Thread-23:7404] [django.server:131] [basehttp:log_message] [INFO]- "GET /static/images/photos/user5.png HTTP/1.1" 304 0
2016-10-23 23:16:36,124 [Thread-24:13516] [django.server:131] [basehttp:log_message] [INFO]- "GET /static/images/photos/userprofile.png HTTP/1.1" 304 0
2016-10-23 23:16:36,163 [Thread-25:11744] [django.server:131] [basehttp:log_message] [INFO]- "GET /static/css/bootstrap.min.css HTTP/1.1" 304 0
2016-10-23 23:16:36,165 [Thread-26:8396] [django.server:131] [basehttp:log_message] [INFO]- "GET /static/css/bootstrap-override.css HTTP/1.1" 304 0
2016-10-23 23:16:36,174 [Thread-27:10332] [django.server:131] [basehttp:log_message] [INFO]- "GET /static/css/weather-icons.min.css HTTP/1.1" 304 0
2016-10-23 23:16:36,176 [Thread-28:7184] [django.server:131] [basehttp:log_message] [INFO]- "GET /static/css/jquery-ui-1.10.3.css HTTP/1.1" 304 0
2016-10-23 23:16:36,180 [Thread-29:5672] [django.server:131] [basehttp:log_message] [INFO]- "GET /static/css/font-awesome.min.css HTTP/1.1" 304 0
2016-10-23 23:16:36,184 [Thread-30:11188] [django.server:131] [basehttp:log_message] [INFO]- "GET /static/css/animate.min.css HTTP/1.1" 304 0
2016-10-23 23:16:36,187 [Thread-31:12580] [django.server:131] [basehttp:log_message] [INFO]- "GET /static/css/animate.delay.css HTTP/1.1" 304 0
2016-10-23 23:16:36,196 [Thread-32:12312] [django.server:131] [basehttp:log_message] [INFO]- "GET /static/css/toggles.css HTTP/1.1" 304 0
2016-10-23 23:16:36,200 [Thread-33:7368] [django.server:131] [basehttp:log_message] [INFO]- "GET /static/css/select2.css HTTP/1.1" 304 0
2016-10-23 23:16:36,201 [Thread-34:8828] [django.server:131] [basehttp:log_message] [INFO]- "GET /static/css/lato.css HTTP/1.1" 304 0
2016-10-23 23:16:36,201 [Thread-35:11084] [django.server:131] [basehttp:log_message] [INFO]- "GET /static/css/roboto.css HTTP/1.1" 304 0
2016-10-23 23:16:36,257 [Thread-36:12760] [django.server:131] [basehttp:log_message] [INFO]- "GET /static/images/plus-white.png HTTP/1.1" 304 0
2016-10-23 23:16:36,263 [Thread-37:9940] [django.server:131] [basehttp:log_message] [INFO]- "GET /static/images/icon-search.png HTTP/1.1" 304 0
2016-10-23 23:16:37,835 [Thread-38:2416] [django.server:131] [basehttp:log_message] [INFO]- "GET /static/images/plus.png HTTP/1.1" 304 0
2016-10-23 23:16:38,473 [Thread-39:3540] [django.server:131] [basehttp:log_message] [INFO]- "GET /static/images/minus.png HTTP/1.1" 304 0
2016-10-23 23:16:41,278 [Thread-40:10968] [django.server:131] [basehttp:log_message] [INFO]- "GET /scenario_list/?pro_id=3 HTTP/1.1" 200 2521
2016-10-23 23:16:41,602 [Thread-41:1512] [django.server:131] [basehttp:log_message] [INFO]- "GET /static/js/jquery-1.11.1.min.js?_=1477235796282 HTTP/1.1" 200 95789
2016-10-23 23:16:41,631 [Thread-42:8148] [django.server:131] [basehttp:log_message] [INFO]- "GET /static/js/bootstrap.min.js?_=1477235796283 HTTP/1.1" 200 31823
2016-10-23 23:16:41,654 [Thread-43:12852] [django.server:131] [basehttp:log_message] [INFO]- "GET /static/js/jquery.datatables.min.js?_=1477235796284 HTTP/1.1" 200 77503
2016-10-23 23:16:41,724 [Thread-44:5504] [django.server:131] [basehttp:log_message] [INFO]- "GET /static/images/sort_both.png HTTP/1.1" 304 0
2016-10-23 23:16:41,756 [Thread-45:14728] [django.server:131] [basehttp:log_message] [INFO]- "GET /static/images/sort_asc.png HTTP/1.1" 304 0
2016-10-23 23:17:08,132 [Thread-46:15252] [django.server:131] [basehttp:log_message] [INFO]- "POST /scenario_list/ HTTP/1.1" 200 18
2016-10-23 23:18:20,071 [Thread-47:8288] [django.server:131] [basehttp:log_message] [INFO]- "GET /case_list/?pro_id=3 HTTP/1.1" 200 4053
2016-10-23 23:18:20,108 [Thread-48:1048] [django.server:131] [basehttp:log_message] [INFO]- "GET /static/js/jquery-1.11.1.min.js?_=1477235801624 HTTP/1.1" 200 95789
2016-10-23 23:18:20,187 [Thread-49:14168] [django.server:131] [basehttp:log_message] [INFO]- "GET /static/js/bootstrap.min.js?_=1477235801625 HTTP/1.1" 200 31823
2016-10-23 23:18:20,203 [Thread-50:8156] [django.server:131] [basehttp:log_message] [INFO]- "GET /static/js/jquery.datatables.min.js?_=1477235801626 HTTP/1.1" 200 77503
2016-10-23 23:18:45,766 [Thread-51:11600] [django.server:131] [basehttp:log_message] [INFO]- "POST /case_list/ HTTP/1.1" 200 18
