2017-06-20 14:45:50,516 [Thread-2:7984] [django.security.DisallowedHost:73] [exception:response_for_exception] [ERROR]- Invalid HTTP_HOST header: '172.19.105.76:9001'. You may need to add u'172.19.105.76' to ALLOWED_HOSTS.
2017-06-20 14:45:50,766 [Thread-2:7984] [django.server:131] [basehttp:log_message] [WARNING]- "GET / HTTP/1.1" 400 68347
2017-06-20 14:45:51,749 [Thread-3:5452] [django.security.DisallowedHost:73] [exception:response_for_exception] [ERROR]- Invalid HTTP_HOST header: '172.19.105.76:9001'. You may need to add u'172.19.105.76' to ALLOWED_HOSTS.
2017-06-20 14:45:51,865 [Thread-3:5452] [django.server:131] [basehttp:log_message] [WARNING]- "GET /favicon.ico HTTP/1.1" 400 68404
2017-06-20 14:46:10,098 [Thread-4:1544] [django.security.DisallowedHost:73] [exception:response_for_exception] [ERROR]- Invalid HTTP_HOST header: '172.19.105.76:9001'. You may need to add u'172.19.105.76' to ALLOWED_HOSTS.
2017-06-20 14:46:10,187 [Thread-4:1544] [django.server:131] [basehttp:log_message] [WARNING]- "GET / HTTP/1.1" 400 68482
2017-06-20 14:46:10,757 [Thread-5:7224] [django.security.DisallowedHost:73] [exception:response_for_exception] [ERROR]- Invalid HTTP_HOST header: '172.19.105.76:9001'. You may need to add u'172.19.105.76' to ALLOWED_HOSTS.
2017-06-20 14:46:10,844 [Thread-5:7224] [django.server:131] [basehttp:log_message] [WARNING]- "GET /favicon.ico HTTP/1.1" 400 68404
2017-06-20 14:46:34,651 [Thread-6:8664] [django.security.DisallowedHost:73] [exception:response_for_exception] [ERROR]- Invalid HTTP_HOST header: '172.19.105.76:9001'. You may need to add u'172.19.105.76' to ALLOWED_HOSTS.
2017-06-20 14:46:34,766 [Thread-6:8664] [django.server:131] [basehttp:log_message] [WARNING]- "GET / HTTP/1.1" 400 68482
2017-06-20 14:46:35,486 [Thread-7:4872] [django.security.DisallowedHost:73] [exception:response_for_exception] [ERROR]- Invalid HTTP_HOST header: '172.19.105.76:9001'. You may need to add u'172.19.105.76' to ALLOWED_HOSTS.
2017-06-20 14:46:35,609 [Thread-7:4872] [django.server:131] [basehttp:log_message] [WARNING]- "GET /favicon.ico HTTP/1.1" 400 68404
2017-06-20 14:47:17,959 [Thread-8:12808] [django.security.DisallowedHost:73] [exception:response_for_exception] [ERROR]- Invalid HTTP_HOST header: '172.19.105.76:9001'. You may need to add u'172.19.105.76' to ALLOWED_HOSTS.
2017-06-20 14:47:18,043 [Thread-8:12808] [django.server:131] [basehttp:log_message] [WARNING]- "GET /index/ HTTP/1.1" 400 68413
2017-06-20 14:47:19,138 [Thread-9:11336] [django.security.DisallowedHost:73] [exception:response_for_exception] [ERROR]- Invalid HTTP_HOST header: '172.19.105.76:9001'. You may need to add u'172.19.105.76' to ALLOWED_HOSTS.
2017-06-20 14:47:19,265 [Thread-9:11336] [django.server:131] [basehttp:log_message] [WARNING]- "GET /favicon.ico HTTP/1.1" 400 68410
2017-06-20 14:48:27,864 [Thread-10:6908] [django.security.DisallowedHost:73] [exception:response_for_exception] [ERROR]- Invalid HTTP_HOST header: '172.19.105.76:9001'. You may need to add u'172.19.105.76' to ALLOWED_HOSTS.
2017-06-20 14:48:27,960 [Thread-10:6908] [django.server:131] [basehttp:log_message] [WARNING]- "GET /admin HTTP/1.1" 400 68402
2017-06-20 14:48:28,852 [Thread-11:8880] [django.security.DisallowedHost:73] [exception:response_for_exception] [ERROR]- Invalid HTTP_HOST header: '172.19.105.76:9001'. You may need to add u'172.19.105.76' to ALLOWED_HOSTS.
2017-06-20 14:48:28,982 [Thread-11:8880] [django.server:131] [basehttp:log_message] [WARNING]- "GET /favicon.ico HTTP/1.1" 400 68409
2017-06-20 15:00:09,556 [Thread-2:13092] [django.server:131] [basehttp:log_message] [INFO]- "GET /admin HTTP/1.1" 301 0
2017-06-20 15:00:09,677 [Thread-3:12996] [django.server:131] [basehttp:log_message] [INFO]- "GET /admin/ HTTP/1.1" 302 0
2017-06-20 15:00:09,924 [Thread-4:2940] [django.server:131] [basehttp:log_message] [INFO]- "GET /admin/login/?next=/admin/ HTTP/1.1" 200 1657
2017-06-20 15:00:11,196 [Thread-6:12712] [django.server:131] [basehttp:log_message] [INFO]- "GET /static/admin/css/login.css HTTP/1.1" 200 1203
2017-06-20 15:00:11,224 [Thread-5:7060] [django.server:131] [basehttp:log_message] [INFO]- "GET /static/admin/css/base.css HTTP/1.1" 200 15937
2017-06-20 15:00:11,506 [Thread-7:1424] [django.server:131] [basehttp:log_message] [INFO]- "GET /static/admin/css/fonts.css HTTP/1.1" 200 423
2017-06-20 15:00:11,575 [Thread-9:8980] [django.server:131] [basehttp:log_message] [INFO]- "GET /static/admin/fonts/Roboto-Light-webfont.woff HTTP/1.1" 200 81348
2017-06-20 15:00:11,581 [Thread-8:9348] [django.server:131] [basehttp:log_message] [INFO]- "GET /static/admin/fonts/Roboto-Regular-webfont.woff HTTP/1.1" 200 80304
2017-06-20 15:00:11,709 [Thread-10:2328] [django.server:131] [basehttp:log_message] [WARNING]- "GET /favicon.ico HTTP/1.1" 404 4586
2017-06-20 15:00:19,338 [Thread-11:6624] [django.server:131] [basehttp:log_message] [ERROR]- "POST /admin/login/?next=/admin/ HTTP/1.1" 500 180051
2017-06-20 15:00:26,101 [Thread-12:13060] [django.server:131] [basehttp:log_message] [INFO]- "GET /admin/ HTTP/1.1" 302 0
2017-06-20 15:00:26,138 [Thread-13:11928] [django.server:131] [basehttp:log_message] [INFO]- "GET /admin/login/?next=/admin/ HTTP/1.1" 200 1657
2017-06-20 15:00:32,765 [Thread-14:9020] [django.server:131] [basehttp:log_message] [INFO]- "GET / HTTP/1.1" 200 4318
2017-06-20 15:00:33,232 [Thread-15:5436] [django.server:131] [basehttp:log_message] [INFO]- "GET /static/css/style.default.css HTTP/1.1" 200 77743
2017-06-20 15:00:33,259 [Thread-19:12144] [django.server:131] [basehttp:log_message] [INFO]- "GET /static/js/modernizr.min.js HTTP/1.1" 200 15157
2017-06-20 15:00:33,266 [Thread-21:9512] [django.server:131] [basehttp:log_message] [INFO]- "GET /static/js/jquery.cookies.js HTTP/1.1" 200 2033
2017-06-20 15:00:33,275 [Thread-17:3544] [django.server:131] [basehttp:log_message] [INFO]- "GET /static/js/jquery-migrate-1.2.1.min.js HTTP/1.1" 200 7203
2017-06-20 15:00:33,299 [Thread-20:5604] [django.server:131] [basehttp:log_message] [INFO]- "GET /static/js/jquery.sparkline.min.js HTTP/1.1" 200 43251
2017-06-20 15:00:33,309 [Thread-18:10852] [django.server:131] [basehttp:log_message] [INFO]- "GET /static/js/bootstrap.min.js HTTP/1.1" 200 31823
2017-06-20 15:00:33,319 [Thread-16:6376] [django.server:131] [basehttp:log_message] [INFO]- "GET /static/js/jquery-1.11.1.min.js HTTP/1.1" 200 95789
2017-06-20 15:00:33,339 [Thread-24:5668] [django.server:131] [basehttp:log_message] [INFO]- "GET /static/css/weather-icons.min.css HTTP/1.1" 200 5601
2017-06-20 15:00:33,345 [Thread-23:5808] [django.server:131] [basehttp:log_message] [INFO]- "GET /static/css/bootstrap-override.css HTTP/1.1" 200 22777
2017-06-20 15:00:33,349 [Thread-26:11728] [django.server:131] [basehttp:log_message] [INFO]- "GET /static/css/font-awesome.min.css HTTP/1.1" 200 20766
2017-06-20 15:00:33,357 [Thread-27:7424] [django.server:131] [basehttp:log_message] [INFO]- "GET /static/css/animate.min.css HTTP/1.1" 200 51174
2017-06-20 15:00:33,397 [Thread-29:8788] [django.server:131] [basehttp:log_message] [INFO]- "GET /static/css/toggles.css HTTP/1.1" 200 5378
2017-06-20 15:00:33,400 [Thread-31:12196] [django.server:131] [basehttp:log_message] [INFO]- "GET /static/css/lato.css HTTP/1.1" 200 5575
2017-06-20 15:00:33,408 [Thread-28:5996] [django.server:131] [basehttp:log_message] [INFO]- "GET /static/css/animate.delay.css HTTP/1.1" 200 11432
2017-06-20 15:00:33,417 [Thread-25:12676] [django.server:131] [basehttp:log_message] [INFO]- "GET /static/css/jquery-ui-1.10.3.css HTTP/1.1" 200 18930
2017-06-20 15:00:33,417 [Thread-30:4772] [django.server:131] [basehttp:log_message] [INFO]- "GET /static/css/select2.css HTTP/1.1" 200 18606
2017-06-20 15:00:33,430 [Thread-22:9144] [django.server:131] [basehttp:log_message] [INFO]- "GET /static/css/bootstrap.min.css HTTP/1.1" 200 109604
2017-06-20 15:00:33,437 [Thread-32:7544] [django.server:131] [basehttp:log_message] [INFO]- "GET /static/css/roboto.css HTTP/1.1" 200 9528
2017-06-20 15:00:33,447 [Thread-34:9148] [django.server:131] [basehttp:log_message] [INFO]- "GET /static/js/retina.min.js HTTP/1.1" 200 2161
2017-06-20 15:00:33,460 [Thread-36:12440] [django.server:131] [basehttp:log_message] [INFO]- "GET /static/js/Hero.js HTTP/1.1" 200 16296
2017-06-20 15:00:33,469 [Thread-35:8448] [django.server:131] [basehttp:log_message] [INFO]- "GET /static/js/custom.js HTTP/1.1" 200 11035
2017-06-20 15:00:33,483 [Thread-33:3260] [django.server:131] [basehttp:log_message] [INFO]- "GET /static/js/toggles.min.js HTTP/1.1" 200 2736
2017-06-20 15:00:33,601 [Thread-37:9584] [django.server:131] [basehttp:log_message] [INFO]- "GET /static/fonts/fontawesome-webfont.woff?v=4.1.0 HTTP/1.1" 200 83760
2017-06-20 15:00:33,617 [Thread-38:11352] [django.server:131] [basehttp:log_message] [INFO]- "GET /static/images/user.png HTTP/1.1" 200 1106
2017-06-20 15:00:33,621 [Thread-39:6184] [django.server:131] [basehttp:log_message] [INFO]- "GET /static/images/locked.png HTTP/1.1" 200 1132
2017-06-20 15:00:33,934 [Thread-40:4472] [django.server:131] [basehttp:log_message] [INFO]- "GET /static/images/favicon.png HTTP/1.1" 200 983
2017-06-20 15:00:43,040 [Thread-41:5976] [django.server:131] [basehttp:log_message] [ERROR]- "POST / HTTP/1.1" 500 20614
2017-06-20 15:00:46,197 [Thread-42:10160] [django.server:131] [basehttp:log_message] [ERROR]- "POST / HTTP/1.1" 500 20614
2017-06-20 15:00:46,805 [Thread-43:5624] [django.server:131] [basehttp:log_message] [ERROR]- "POST / HTTP/1.1" 500 20614
2017-06-20 15:00:47,015 [Thread-44:9980] [django.server:131] [basehttp:log_message] [ERROR]- "POST / HTTP/1.1" 500 20614
2017-06-20 15:00:47,213 [Thread-45:8080] [django.server:131] [basehttp:log_message] [ERROR]- "POST / HTTP/1.1" 500 20614
2017-06-20 15:00:47,427 [Thread-46:12776] [django.server:131] [basehttp:log_message] [ERROR]- "POST / HTTP/1.1" 500 20614
2017-06-20 15:00:47,624 [Thread-47:11384] [django.server:131] [basehttp:log_message] [ERROR]- "POST / HTTP/1.1" 500 20614
2017-06-20 15:00:47,878 [Thread-48:1796] [django.server:131] [basehttp:log_message] [ERROR]- "POST / HTTP/1.1" 500 20614
2017-06-20 15:00:51,019 [Thread-49:8092] [django.server:131] [basehttp:log_message] [ERROR]- "POST / HTTP/1.1" 500 20609
2017-06-20 15:00:54,542 [Thread-50:11360] [django.server:131] [basehttp:log_message] [ERROR]- "POST / HTTP/1.1" 500 20604
2017-06-20 15:00:55,147 [Thread-51:8632] [django.server:131] [basehttp:log_message] [ERROR]- "POST / HTTP/1.1" 500 20604
2017-06-20 15:00:55,346 [Thread-52:7588] [django.server:131] [basehttp:log_message] [ERROR]- "POST / HTTP/1.1" 500 20604
2017-06-20 15:00:55,542 [Thread-53:5232] [django.server:131] [basehttp:log_message] [ERROR]- "POST / HTTP/1.1" 500 20604
2017-06-20 15:00:55,779 [Thread-54:5540] [django.server:131] [basehttp:log_message] [ERROR]- "POST / HTTP/1.1" 500 20604
2017-06-20 15:00:56,052 [Thread-55:9484] [django.server:131] [basehttp:log_message] [ERROR]- "POST / HTTP/1.1" 500 20604
2017-06-20 15:01:26,996 [Thread-56:6608] [django.server:131] [basehttp:log_message] [INFO]- "GET / HTTP/1.1" 200 4318
2017-06-20 15:01:27,102 [Thread-57:11708] [django.server:131] [basehttp:log_message] [INFO]- "GET /static/css/style.default.css HTTP/1.1" 200 77743
2017-06-20 15:01:27,121 [Thread-58:9520] [django.server:131] [basehttp:log_message] [INFO]- "GET /static/js/jquery-1.11.1.min.js HTTP/1.1" 200 95789
2017-06-20 15:01:27,121 [Thread-59:12404] [django.server:131] [basehttp:log_message] [INFO]- "GET /static/js/jquery-migrate-1.2.1.min.js HTTP/1.1" 200 7203
2017-06-20 15:01:27,132 [Thread-60:12076] [django.server:131] [basehttp:log_message] [INFO]- "GET /static/js/bootstrap.min.js HTTP/1.1" 200 31823
2017-06-20 15:01:27,141 [Thread-61:3672] [django.server:131] [basehttp:log_message] [INFO]- "GET /static/js/modernizr.min.js HTTP/1.1" 200 15157
2017-06-20 15:01:27,158 [Thread-62:12236] [django.server:131] [basehttp:log_message] [INFO]- "GET /static/js/jquery.sparkline.min.js HTTP/1.1" 200 43251
2017-06-20 15:01:27,164 [Thread-63:3764] [django.server:131] [basehttp:log_message] [INFO]- "GET /static/js/jquery.cookies.js HTTP/1.1" 200 2033
2017-06-20 15:01:27,174 [Thread-64:11396] [django.server:131] [basehttp:log_message] [INFO]- "GET /static/js/toggles.min.js HTTP/1.1" 200 2736
2017-06-20 15:01:27,184 [Thread-65:9120] [django.server:131] [basehttp:log_message] [INFO]- "GET /static/js/retina.min.js HTTP/1.1" 200 2161
2017-06-20 15:01:27,197 [Thread-66:8512] [django.server:131] [basehttp:log_message] [INFO]- "GET /static/js/custom.js HTTP/1.1" 200 11035
2017-06-20 15:01:27,209 [Thread-67:4284] [django.server:131] [basehttp:log_message] [INFO]- "GET /static/js/Hero.js HTTP/1.1" 200 16296
2017-06-20 15:01:27,410 [Thread-69:5912] [django.server:131] [basehttp:log_message] [INFO]- "GET /static/css/bootstrap-override.css HTTP/1.1" 200 22777
2017-06-20 15:01:27,417 [Thread-68:13152] [django.server:131] [basehttp:log_message] [INFO]- "GET /static/css/bootstrap.min.css HTTP/1.1" 200 109604
2017-06-20 15:01:27,421 [Thread-70:12480] [django.server:131] [basehttp:log_message] [INFO]- "GET /static/css/weather-icons.min.css HTTP/1.1" 200 5601
2017-06-20 15:01:27,437 [Thread-71:7076] [django.server:131] [basehttp:log_message] [INFO]- "GET /static/css/jquery-ui-1.10.3.css HTTP/1.1" 200 18930
2017-06-20 15:01:27,447 [Thread-72:2796] [django.server:131] [basehttp:log_message] [INFO]- "GET /static/css/font-awesome.min.css HTTP/1.1" 200 20766
2017-06-20 15:01:27,467 [Thread-73:5000] [django.server:131] [basehttp:log_message] [INFO]- "GET /static/css/animate.min.css HTTP/1.1" 200 51174
2017-06-20 15:01:27,471 [Thread-74:1188] [django.server:131] [basehttp:log_message] [INFO]- "GET /static/css/animate.delay.css HTTP/1.1" 200 11432
2017-06-20 15:01:27,482 [Thread-75:8932] [django.server:131] [basehttp:log_message] [INFO]- "GET /static/css/toggles.css HTTP/1.1" 200 5378
2017-06-20 15:01:27,499 [Thread-76:1984] [django.server:131] [basehttp:log_message] [INFO]- "GET /static/css/select2.css HTTP/1.1" 200 18606
2017-06-20 15:01:27,506 [Thread-77:11564] [django.server:131] [basehttp:log_message] [INFO]- "GET /static/css/lato.css HTTP/1.1" 200 5575
2017-06-20 15:01:27,519 [Thread-78:9616] [django.server:131] [basehttp:log_message] [INFO]- "GET /static/css/roboto.css HTTP/1.1" 200 9528
2017-06-20 15:01:27,630 [Thread-79:12508] [django.server:131] [basehttp:log_message] [INFO]- "GET /static/fonts/fontawesome-webfont.eot? HTTP/1.1" 200 72449
2017-06-20 15:01:27,740 [Thread-80:7568] [django.server:131] [basehttp:log_message] [INFO]- "GET /static/images/user.png HTTP/1.1" 200 1106
2017-06-20 15:01:27,750 [Thread-81:3700] [django.server:131] [basehttp:log_message] [INFO]- "GET /static/images/locked.png HTTP/1.1" 200 1132
2017-06-20 15:01:27,885 [Thread-82:7272] [django.server:131] [basehttp:log_message] [INFO]- "GET /static/images/favicon.png HTTP/1.1" 200 983
2017-06-20 15:45:28,038 [Thread-2:5540] [django.server:131] [basehttp:log_message] [INFO]- "GET / HTTP/1.1" 200 4318
2017-06-20 15:45:33,809 [Thread-3:12592] [django.server:131] [basehttp:log_message] [INFO]- "GET /index/ HTTP/1.1" 200 33723
2017-06-20 15:45:35,894 [Thread-8:12476] [django.server:131] [basehttp:log_message] [INFO]- "GET /static/js/flot/jquery.flot.spline.min.js HTTP/1.1" 200 2791
2017-06-20 15:45:35,898 [Thread-7:12008] [django.server:131] [basehttp:log_message] [INFO]- "GET /static/js/flot/jquery.flot.resize.min.js HTTP/1.1" 200 2348
2017-06-20 15:45:35,961 [Thread-5:6904] [django.server:131] [basehttp:log_message] [INFO]- "GET /static/images/photos/loggeduser.png HTTP/1.1" 200 20630
2017-06-20 15:45:35,967 [Thread-6:5452] [django.server:131] [basehttp:log_message] [INFO]- "GET /static/js/flot/jquery.flot.min.js HTTP/1.1" 200 52970
2017-06-20 15:45:35,979 [Thread-9:11888] [django.server:131] [basehttp:log_message] [INFO]- "GET /static/js/raphael-2.1.0.min.js HTTP/1.1" 200 110942
2017-06-20 15:45:35,989 [Thread-10:11336] [django.server:131] [basehttp:log_message] [INFO]- "GET /static/fonts/glyphicons-halflings-regular.woff HTTP/1.1" 200 23320
2017-06-20 15:45:36,000 [Thread-12:2732] [django.server:131] [basehttp:log_message] [INFO]- "GET /static/images/icon-search.png HTTP/1.1" 200 1239
2017-06-20 15:45:36,006 [Thread-4:11828] [django.server:131] [basehttp:log_message] [INFO]- "GET /static/js/jquery-ui-1.10.3.min.js HTTP/1.1" 200 228142
2017-06-20 15:45:36,025 [Thread-11:5604] [django.server:131] [basehttp:log_message] [INFO]- "GET /static/images/plus-white.png HTTP/1.1" 200 966
2017-06-20 15:45:36,039 [Thread-15:12364] [django.server:131] [basehttp:log_message] [INFO]- "GET /static/images/photos/user3.png HTTP/1.1" 200 17036
2017-06-20 15:45:36,055 [Thread-14:8640] [django.server:131] [basehttp:log_message] [INFO]- "GET /static/images/photos/user2.png HTTP/1.1" 200 18310
2017-06-20 15:45:36,068 [Thread-13:1928] [django.server:131] [basehttp:log_message] [INFO]- "GET /static/images/photos/user1.png HTTP/1.1" 200 17694
2017-06-20 15:45:36,082 [Thread-16:11468] [django.server:131] [basehttp:log_message] [INFO]- "GET /static/images/photos/user4.png HTTP/1.1" 200 18211
2017-06-20 15:45:36,102 [Thread-17:6080] [django.server:131] [basehttp:log_message] [INFO]- "GET /static/images/photos/user5.png HTTP/1.1" 200 17012
2017-06-20 15:45:36,105 [Thread-18:5648] [django.server:131] [basehttp:log_message] [INFO]- "GET /static/images/photos/userprofile.png HTTP/1.1" 200 23407
2017-06-20 15:45:37,642 [Thread-19:12536] [django.server:131] [basehttp:log_message] [INFO]- "GET /static/images/plus.png HTTP/1.1" 200 971
2017-06-20 15:45:39,763 [Thread-20:11912] [django.server:131] [basehttp:log_message] [INFO]- "GET /static/images/minus.png HTTP/1.1" 200 955
2017-06-20 15:45:41,151 [Thread-21:4284] [django.server:131] [basehttp:log_message] [INFO]- "GET /element/?pro_id=1 HTTP/1.1" 200 13987
2017-06-20 15:45:41,188 [Thread-24:5440] [django.server:131] [basehttp:log_message] [INFO]- "GET /static/js/jquery-1.11.1.min.js?_=1497944734281 HTTP/1.1" 200 95789
2017-06-20 15:45:41,210 [Thread-22:8224] [django.server:131] [basehttp:log_message] [INFO]- "GET /static/css/jquery.gritter.css HTTP/1.1" 200 1468
2017-06-20 15:45:41,220 [Thread-23:12440] [django.server:131] [basehttp:log_message] [INFO]- "GET /static/css/jquery.datatables.css HTTP/1.1" 200 4322
2017-06-20 15:45:41,229 [Thread-25:5996] [django.server:131] [basehttp:log_message] [INFO]- "GET /static/js/bootstrap.min.js?_=1497944734282 HTTP/1.1" 200 31823
2017-06-20 15:45:41,325 [Thread-26:9328] [django.server:131] [basehttp:log_message] [INFO]- "GET /static/js/jquery.datatables.min.js?_=1497944734283 HTTP/1.1" 200 77503
2017-06-20 15:45:41,516 [Thread-27:8664] [django.server:131] [basehttp:log_message] [INFO]- "GET /static/images/sort_both.png HTTP/1.1" 200 1109
2017-06-20 15:45:41,535 [Thread-28:12624] [django.server:131] [basehttp:log_message] [INFO]- "GET /static/images/sort_asc.png HTTP/1.1" 200 1033
2017-06-20 15:45:50,572 [Thread-29:13248] [django.server:131] [basehttp:log_message] [INFO]- "POST /element/ HTTP/1.1" 200 273
2017-06-20 15:51:26,214 [Thread-30:4084] [django.server:131] [basehttp:log_message] [INFO]- "POST /element/ HTTP/1.1" 200 273
2017-06-20 15:51:33,775 [Thread-31:7248] [django.server:131] [basehttp:log_message] [INFO]- "GET /element/?pro_id=1 HTTP/1.1" 200 13987
2017-06-20 15:51:33,947 [Thread-32:13052] [django.server:131] [basehttp:log_message] [INFO]- "GET /static/js/jquery-1.11.1.min.js?_=1497944741219 HTTP/1.1" 200 95789
2017-06-20 15:51:34,012 [Thread-33:8440] [django.server:131] [basehttp:log_message] [INFO]- "GET /static/js/bootstrap.min.js?_=1497944741220 HTTP/1.1" 200 31823
2017-06-20 15:51:34,033 [Thread-34:8128] [django.server:131] [basehttp:log_message] [INFO]- "GET /static/js/jquery.datatables.min.js?_=1497944741221 HTTP/1.1" 200 77503
2017-06-20 15:51:35,415 [Thread-35:7352] [django.server:131] [basehttp:log_message] [INFO]- "GET /case_list/?pro_id=1 HTTP/1.1" 200 11414
2017-06-20 15:51:35,473 [Thread-36:2992] [django.server:131] [basehttp:log_message] [INFO]- "GET /static/js/jquery-1.11.1.min.js?_=1497945093990 HTTP/1.1" 200 95789
2017-06-20 15:51:35,522 [Thread-37:10624] [django.server:131] [basehttp:log_message] [INFO]- "GET /static/js/bootstrap.min.js?_=1497945093991 HTTP/1.1" 200 31823
2017-06-20 15:51:35,546 [Thread-38:6480] [django.server:131] [basehttp:log_message] [INFO]- "GET /static/js/jquery.datatables.min.js?_=1497945093992 HTTP/1.1" 200 77503
2017-06-20 15:51:36,244 [Thread-39:8036] [django.server:131] [basehttp:log_message] [INFO]- "GET /scenario_list/?pro_id=1 HTTP/1.1" 200 2507
2017-06-20 15:51:36,332 [Thread-40:3772] [django.server:131] [basehttp:log_message] [INFO]- "GET /static/js/jquery-1.11.1.min.js?_=1497945095511 HTTP/1.1" 200 95789
2017-06-20 15:51:36,352 [Thread-41:6412] [django.server:131] [basehttp:log_message] [INFO]- "GET /static/js/bootstrap.min.js?_=1497945095512 HTTP/1.1" 200 31823
2017-06-20 15:51:36,372 [Thread-42:3576] [django.server:131] [basehttp:log_message] [INFO]- "GET /static/js/jquery.datatables.min.js?_=1497945095513 HTTP/1.1" 200 77503
2017-06-20 15:51:37,404 [Thread-43:5888] [django.server:131] [basehttp:log_message] [INFO]- "GET /element/?pro_id=1 HTTP/1.1" 200 13987
2017-06-20 15:51:37,490 [Thread-44:11444] [django.server:131] [basehttp:log_message] [INFO]- "GET /static/js/jquery-1.11.1.min.js?_=1497945096340 HTTP/1.1" 200 95789
2017-06-20 15:51:37,510 [Thread-45:8616] [django.server:131] [basehttp:log_message] [INFO]- "GET /static/js/bootstrap.min.js?_=1497945096341 HTTP/1.1" 200 31823
2017-06-20 15:51:37,523 [Thread-46:3848] [django.server:131] [basehttp:log_message] [INFO]- "GET /static/js/jquery.datatables.min.js?_=1497945096342 HTTP/1.1" 200 77503
2017-06-20 15:51:37,938 [Thread-47:7624] [django.server:131] [basehttp:log_message] [INFO]- "GET /project HTTP/1.1" 301 0
2017-06-20 15:51:38,085 [Thread-48:11920] [django.server:131] [basehttp:log_message] [INFO]- "GET /project/ HTTP/1.1" 200 1610
2017-06-20 15:51:38,122 [Thread-49:3816] [django.server:131] [basehttp:log_message] [INFO]- "GET /static/js/jquery-1.11.1.min.js?_=1497945097498 HTTP/1.1" 200 95789
2017-06-20 15:51:38,138 [Thread-50:5296] [django.server:131] [basehttp:log_message] [INFO]- "GET /static/js/bootstrap.min.js?_=1497945097499 HTTP/1.1" 200 31823
2017-06-20 15:51:38,150 [Thread-51:2956] [django.server:131] [basehttp:log_message] [INFO]- "GET /static/js/jquery.datatables.min.js?_=1497945097500 HTTP/1.1" 200 77503
2017-06-20 15:52:02,894 [Thread-52:9792] [django.server:131] [basehttp:log_message] [INFO]- "GET /index/ HTTP/1.1" 200 33723
2017-06-20 15:52:02,915 [Thread-54:9144] [django.server:131] [basehttp:log_message] [INFO]- "GET /static/images/photos/loggeduser.png HTTP/1.1" 200 20630
2017-06-20 15:52:02,951 [Thread-55:8880] [django.server:131] [basehttp:log_message] [INFO]- "GET /static/images/photos/user1.png HTTP/1.1" 200 17694
2017-06-20 15:52:02,959 [Thread-53:10120] [django.server:131] [basehttp:log_message] [INFO]- "GET /static/css/style.default.css HTTP/1.1" 200 77743
2017-06-20 15:52:02,963 [Thread-56:7584] [django.server:131] [basehttp:log_message] [INFO]- "GET /static/images/photos/user2.png HTTP/1.1" 200 18310
2017-06-20 15:52:02,967 [Thread-57:4132] [django.server:131] [basehttp:log_message] [INFO]- "GET /static/images/photos/user3.png HTTP/1.1" 200 17036
2017-06-20 15:52:02,970 [Thread-58:5304] [django.server:131] [basehttp:log_message] [INFO]- "GET /static/images/photos/user4.png HTTP/1.1" 200 18211
2017-06-20 15:52:02,976 [Thread-59:10056] [django.server:131] [basehttp:log_message] [INFO]- "GET /static/images/photos/user5.png HTTP/1.1" 200 17012
2017-06-20 15:52:02,980 [Thread-60:5132] [django.server:131] [basehttp:log_message] [INFO]- "GET /static/images/photos/userprofile.png HTTP/1.1" 200 23407
2017-06-20 15:52:02,986 [Thread-62:3204] [django.server:131] [basehttp:log_message] [INFO]- "GET /static/js/jquery-migrate-1.2.1.min.js HTTP/1.1" 200 7203
2017-06-20 15:52:02,993 [Thread-65:7724] [django.server:131] [basehttp:log_message] [INFO]- "GET /static/js/modernizr.min.js HTTP/1.1" 200 15157
2017-06-20 15:52:03,002 [Thread-68:7372] [django.server:131] [basehttp:log_message] [INFO]- "GET /static/css/weather-icons.min.css HTTP/1.1" 200 5601
2017-06-20 15:52:03,026 [Thread-69:12508] [django.server:131] [basehttp:log_message] [INFO]- "GET /static/css/jquery-ui-1.10.3.css HTTP/1.1" 200 18930
2017-06-20 15:52:03,029 [Thread-70:5884] [django.server:131] [basehttp:log_message] [INFO]- "GET /static/css/font-awesome.min.css HTTP/1.1" 200 20766
2017-06-20 15:52:03,029 [Thread-67:3076] [django.server:131] [basehttp:log_message] [INFO]- "GET /static/css/bootstrap-override.css HTTP/1.1" 200 22777
2017-06-20 15:52:03,032 [Thread-64:11032] [django.server:131] [basehttp:log_message] [INFO]- "GET /static/js/bootstrap.min.js HTTP/1.1" 200 31823
2017-06-20 15:52:03,032 [Thread-71:9384] [django.server:131] [basehttp:log_message] [INFO]- "GET /static/css/animate.min.css HTTP/1.1" 200 51174
2017-06-20 15:52:03,036 [Thread-66:5812] [django.server:131] [basehttp:log_message] [INFO]- "GET /static/css/bootstrap.min.css HTTP/1.1" 200 109604
2017-06-20 15:52:03,046 [Thread-72:4788] [django.server:131] [basehttp:log_message] [INFO]- "GET /static/css/animate.delay.css HTTP/1.1" 200 11432
2017-06-20 15:52:03,053 [Thread-73:4844] [django.server:131] [basehttp:log_message] [INFO]- "GET /static/css/toggles.css HTTP/1.1" 200 5378
2017-06-20 15:52:03,055 [Thread-61:12080] [django.server:131] [basehttp:log_message] [INFO]- "GET /static/js/jquery-1.11.1.min.js HTTP/1.1" 200 95789
2017-06-20 15:52:03,059 [Thread-74:11968] [django.server:131] [basehttp:log_message] [INFO]- "GET /static/css/select2.css HTTP/1.1" 200 18606
2017-06-20 15:52:03,065 [Thread-75:10152] [django.server:131] [basehttp:log_message] [INFO]- "GET /static/css/lato.css HTTP/1.1" 200 5575
2017-06-20 15:52:03,068 [Thread-63:12412] [django.server:131] [basehttp:log_message] [INFO]- "GET /static/js/jquery-ui-1.10.3.min.js HTTP/1.1" 200 228142
2017-06-20 15:52:03,069 [Thread-76:9072] [django.server:131] [basehttp:log_message] [INFO]- "GET /static/css/roboto.css HTTP/1.1" 200 9528
2017-06-20 15:52:03,075 [Thread-78:11260] [django.server:131] [basehttp:log_message] [INFO]- "GET /static/js/jquery.cookies.js HTTP/1.1" 200 2033
2017-06-20 15:52:03,076 [Thread-77:9632] [django.server:131] [basehttp:log_message] [INFO]- "GET /static/js/jquery.sparkline.min.js HTTP/1.1" 200 43251
2017-06-20 15:52:03,078 [Thread-79:8052] [django.server:131] [basehttp:log_message] [INFO]- "GET /static/js/retina.min.js HTTP/1.1" 200 2161
2017-06-20 15:52:03,082 [Thread-80:6104] [django.server:131] [basehttp:log_message] [INFO]- "GET /static/js/toggles.min.js HTTP/1.1" 200 2736
2017-06-20 15:52:03,085 [Thread-82:11440] [django.server:131] [basehttp:log_message] [INFO]- "GET /static/js/flot/jquery.flot.resize.min.js HTTP/1.1" 200 2348
2017-06-20 15:52:03,088 [Thread-81:9848] [django.server:131] [basehttp:log_message] [INFO]- "GET /static/js/flot/jquery.flot.min.js HTTP/1.1" 200 52970
2017-06-20 15:52:03,088 [Thread-83:13188] [django.server:131] [basehttp:log_message] [INFO]- "GET /static/js/flot/jquery.flot.spline.min.js HTTP/1.1" 200 2791
2017-06-20 15:52:03,095 [Thread-85:4932] [django.server:131] [basehttp:log_message] [INFO]- "GET /static/js/custom.js HTTP/1.1" 200 11035
2017-06-20 15:52:03,095 [Thread-86:13116] [django.server:131] [basehttp:log_message] [INFO]- "GET /static/js/Hero.js HTTP/1.1" 200 16296
2017-06-20 15:52:03,096 [Thread-84:11604] [django.server:131] [basehttp:log_message] [INFO]- "GET /static/js/raphael-2.1.0.min.js HTTP/1.1" 200 110942
2017-06-20 15:52:03,283 [Thread-87:12592] [django.server:131] [basehttp:log_message] [INFO]- "GET /static/fonts/fontawesome-webfont.eot? HTTP/1.1" 200 72449
2017-06-20 15:52:03,332 [Thread-88:960] [django.server:131] [basehttp:log_message] [INFO]- "GET /static/images/plus-white.png HTTP/1.1" 200 966
2017-06-20 15:52:03,332 [Thread-89:12476] [django.server:131] [basehttp:log_message] [INFO]- "GET /static/images/icon-search.png HTTP/1.1" 200 1239
2017-06-20 15:52:05,789 [Thread-90:11316] [django.server:131] [basehttp:log_message] [INFO]- "GET /static/fonts/glyphicons-halflings-regular.woff HTTP/1.1" 200 23320
2017-06-20 15:52:05,855 [Thread-91:11360] [django.server:131] [basehttp:log_message] [INFO]- "GET /static/images/favicon.png HTTP/1.1" 200 983
2017-06-20 15:52:15,427 [Thread-92:9328] [django.server:131] [basehttp:log_message] [INFO]- "GET /static/images/plus.png HTTP/1.1" 200 971
2017-06-20 15:52:15,812 [Thread-93:12624] [django.server:131] [basehttp:log_message] [INFO]- "GET /static/images/minus.png HTTP/1.1" 200 955
2017-06-20 15:52:17,240 [Thread-94:3680] [django.server:131] [basehttp:log_message] [INFO]- "GET /element/?pro_id=1 HTTP/1.1" 200 13987
2017-06-20 15:52:17,276 [Thread-95:11844] [django.server:131] [basehttp:log_message] [INFO]- "GET /static/css/jquery.gritter.css HTTP/1.1" 200 1468
2017-06-20 15:52:17,278 [Thread-96:8812] [django.server:131] [basehttp:log_message] [INFO]- "GET /static/css/jquery.datatables.css HTTP/1.1" 200 4322
2017-06-20 15:52:17,290 [Thread-97:12576] [django.server:131] [basehttp:log_message] [INFO]- "GET /static/js/jquery-1.11.1.min.js?_=1497945123244 HTTP/1.1" 200 95789
2017-06-20 15:52:17,351 [Thread-98:11500] [django.server:131] [basehttp:log_message] [INFO]- "GET /static/js/bootstrap.min.js?_=1497945123245 HTTP/1.1" 200 31823
2017-06-20 15:52:17,380 [Thread-99:1020] [django.server:131] [basehttp:log_message] [INFO]- "GET /static/js/jquery.datatables.min.js?_=1497945123246 HTTP/1.1" 200 77503
2017-06-20 15:52:17,549 [Thread-100:9436] [django.server:131] [basehttp:log_message] [INFO]- "GET /static/images/sort_both.png HTTP/1.1" 200 1109
2017-06-20 15:52:17,552 [Thread-101:10216] [django.server:131] [basehttp:log_message] [INFO]- "GET /static/images/sort_asc.png HTTP/1.1" 200 1033
2017-06-20 15:52:23,677 [Thread-102:5416] [django.server:131] [basehttp:log_message] [INFO]- "GET /project HTTP/1.1" 301 0
2017-06-20 15:52:23,726 [Thread-103:3764] [django.server:131] [basehttp:log_message] [INFO]- "GET /project/ HTTP/1.1" 200 1610
2017-06-20 15:52:23,759 [Thread-104:10664] [django.server:131] [basehttp:log_message] [INFO]- "GET /static/js/jquery-1.11.1.min.js?_=1497945137332 HTTP/1.1" 200 95789
2017-06-20 15:52:23,796 [Thread-105:9124] [django.server:131] [basehttp:log_message] [INFO]- "GET /static/js/bootstrap.min.js?_=1497945137333 HTTP/1.1" 200 31823
2017-06-20 15:52:23,805 [Thread-106:7056] [django.server:131] [basehttp:log_message] [INFO]- "GET /static/js/jquery.datatables.min.js?_=1497945137334 HTTP/1.1" 200 77503
2017-06-20 15:52:33,335 [Thread-107:3800] [django.server:131] [basehttp:log_message] [INFO]- "GET /static/js/jquery-1.11.1.min.js?_=1497945143789 HTTP/1.1" 200 95789
2017-06-20 15:52:33,355 [Thread-108:13096] [django.server:131] [basehttp:log_message] [INFO]- "GET /static/js/bootstrap.min.js?_=1497945143790 HTTP/1.1" 200 31823
2017-06-20 15:52:33,374 [Thread-109:5540] [django.server:131] [basehttp:log_message] [INFO]- "GET /static/js/jquery.datatables.min.js?_=1497945143791 HTTP/1.1" 200 77503
2017-06-20 15:52:37,953 [Thread-110:8688] [django.server:131] [basehttp:log_message] [INFO]- "GET /index/ HTTP/1.1" 200 33723
