2016-09-21 14:46:19,898 [Thread-2:16240] [django.server:131] [basehttp:log_message] [INFO]- "GET / HTTP/1.1" 200 4318
2016-09-21 14:46:20,229 [Thread-3:5508] [django.server:131] [basehttp:log_message] [INFO]- "GET /static/css/style.default.css HTTP/1.1" 304 0
2016-09-21 14:46:20,236 [Thread-4:15648] [django.server:131] [basehttp:log_message] [INFO]- "GET /static/js/jquery-1.11.1.min.js HTTP/1.1" 304 0
2016-09-21 14:46:20,267 [Thread-7:16084] [django.server:131] [basehttp:log_message] [INFO]- "GET /static/js/modernizr.min.js HTTP/1.1" 304 0
2016-09-21 14:46:20,276 [Thread-6:15100] [django.server:131] [basehttp:log_message] [INFO]- "GET /static/js/bootstrap.min.js HTTP/1.1" 304 0
2016-09-21 14:46:20,309 [Thread-5:5448] [django.server:131] [basehttp:log_message] [INFO]- "GET /static/js/jquery-migrate-1.2.1.min.js HTTP/1.1" 304 0
2016-09-21 14:46:20,309 [Thread-8:15628] [django.server:131] [basehttp:log_message] [INFO]- "GET /static/js/jquery.sparkline.min.js HTTP/1.1" 304 0
2016-09-21 14:46:20,316 [Thread-9:15768] [django.server:131] [basehttp:log_message] [INFO]- "GET /static/js/jquery.cookies.js HTTP/1.1" 304 0
2016-09-21 14:46:20,352 [Thread-10:16272] [django.server:131] [basehttp:log_message] [INFO]- "GET /static/js/toggles.min.js HTTP/1.1" 304 0
2016-09-21 14:46:20,401 [Thread-13:15784] [django.server:131] [basehttp:log_message] [INFO]- "GET /static/css/weather-icons.min.css HTTP/1.1" 304 0
2016-09-21 14:46:20,401 [Thread-11:15716] [django.server:131] [basehttp:log_message] [INFO]- "GET /static/css/bootstrap.min.css HTTP/1.1" 304 0
2016-09-21 14:46:20,423 [Thread-15:16188] [django.server:131] [basehttp:log_message] [INFO]- "GET /static/css/font-awesome.min.css HTTP/1.1" 304 0
2016-09-21 14:46:20,423 [Thread-14:12892] [django.server:131] [basehttp:log_message] [INFO]- "GET /static/css/jquery-ui-1.10.3.css HTTP/1.1" 304 0
2016-09-21 14:46:20,423 [Thread-12:15556] [django.server:131] [basehttp:log_message] [INFO]- "GET /static/css/bootstrap-override.css HTTP/1.1" 304 0
2016-09-21 14:46:20,440 [Thread-16:15504] [django.server:131] [basehttp:log_message] [INFO]- "GET /static/css/animate.min.css HTTP/1.1" 304 0
2016-09-21 14:46:20,444 [Thread-17:16380] [django.server:131] [basehttp:log_message] [INFO]- "GET /static/css/animate.delay.css HTTP/1.1" 304 0
2016-09-21 14:46:20,457 [Thread-18:16180] [django.server:131] [basehttp:log_message] [INFO]- "GET /static/css/toggles.css HTTP/1.1" 304 0
2016-09-21 14:46:20,483 [Thread-19:2348] [django.server:131] [basehttp:log_message] [INFO]- "GET /static/css/select2.css HTTP/1.1" 304 0
2016-09-21 14:46:20,486 [Thread-20:13664] [django.server:131] [basehttp:log_message] [INFO]- "GET /static/css/lato.css HTTP/1.1" 304 0
2016-09-21 14:46:20,494 [Thread-21:15704] [django.server:131] [basehttp:log_message] [INFO]- "GET /static/css/roboto.css HTTP/1.1" 304 0
2016-09-21 14:46:20,546 [Thread-22:12852] [django.server:131] [basehttp:log_message] [INFO]- "GET /static/js/retina.min.js HTTP/1.1" 304 0
2016-09-21 14:46:20,578 [Thread-24:14856] [django.server:131] [basehttp:log_message] [INFO]- "GET /static/js/hero.js HTTP/1.1" 304 0
2016-09-21 14:46:20,582 [Thread-23:16120] [django.server:131] [basehttp:log_message] [INFO]- "GET /static/js/custom.js HTTP/1.1" 304 0
2016-09-21 14:46:20,604 [Thread-25:15420] [django.server:131] [basehttp:log_message] [INFO]- "GET /static/images/favicon.png HTTP/1.1" 304 0
2016-09-21 14:46:20,704 [Thread-26:16080] [django.server:131] [basehttp:log_message] [INFO]- "GET /static/images/user.png HTTP/1.1" 304 0
2016-09-21 14:46:20,706 [Thread-27:5188] [django.server:131] [basehttp:log_message] [INFO]- "GET /static/images/locked.png HTTP/1.1" 304 0
2016-09-21 14:46:20,782 [Thread-28:16284] [django.server:131] [basehttp:log_message] [INFO]- "GET /static/fonts/fontawesome-webfont.woff?v=4.1.0 HTTP/1.1" 304 0
2016-09-21 14:58:52,549 [Thread-34:14384] [django.server:131] [basehttp:log_message] [INFO]- "GET /scenario_list/?pro_id=1 HTTP/1.1" 200 2507
2016-09-21 14:58:52,871 [Thread-36:12880] [django.server:131] [basehttp:log_message] [INFO]- "GET /static/css/style.default.css HTTP/1.1" 304 0
2016-09-21 14:58:52,875 [Thread-38:8524] [django.server:131] [basehttp:log_message] [INFO]- "GET /static/css/jquery.datatables.css HTTP/1.1" 304 0
2016-09-21 14:58:52,884 [Thread-37:15916] [django.server:131] [basehttp:log_message] [INFO]- "GET /static/css/jquery.gritter.css HTTP/1.1" 304 0
2016-09-21 14:58:52,907 [Thread-35:14728] [django.server:131] [basehttp:log_message] [INFO]- "GET /static/js/jquery-1.11.1.min.js?_=1474379183918 HTTP/1.1" 200 95789
2016-09-21 14:58:52,940 [Thread-39:15308] [django.server:131] [basehttp:log_message] [INFO]- "GET /static/js/bootstrap.min.js?_=1474379183919 HTTP/1.1" 200 31823
2016-09-21 14:58:53,280 [Thread-40:15288] [django.server:131] [basehttp:log_message] [INFO]- "GET /static/js/jquery.datatables.min.js?_=1474379183920 HTTP/1.1" 200 77503
2016-09-21 14:58:53,526 [Thread-41:15872] [django.server:131] [basehttp:log_message] [INFO]- "GET /static/css/bootstrap.min.css HTTP/1.1" 304 0
2016-09-21 14:58:53,611 [Thread-42:8176] [django.server:131] [basehttp:log_message] [INFO]- "GET /static/css/bootstrap-override.css HTTP/1.1" 304 0
2016-09-21 14:58:53,625 [Thread-43:8976] [django.server:131] [basehttp:log_message] [INFO]- "GET /static/css/weather-icons.min.css HTTP/1.1" 304 0
2016-09-21 14:58:53,640 [Thread-45:5956] [django.server:131] [basehttp:log_message] [INFO]- "GET /static/css/font-awesome.min.css HTTP/1.1" 304 0
2016-09-21 14:58:53,641 [Thread-44:8692] [django.server:131] [basehttp:log_message] [INFO]- "GET /static/css/jquery-ui-1.10.3.css HTTP/1.1" 304 0
2016-09-21 14:58:53,644 [Thread-46:8704] [django.server:131] [basehttp:log_message] [INFO]- "GET /static/css/animate.min.css HTTP/1.1" 304 0
2016-09-21 14:58:53,831 [Thread-47:14624] [django.server:131] [basehttp:log_message] [INFO]- "GET /static/css/animate.delay.css HTTP/1.1" 304 0
2016-09-21 14:58:53,915 [Thread-48:14392] [django.server:131] [basehttp:log_message] [INFO]- "GET /static/css/toggles.css HTTP/1.1" 304 0
2016-09-21 14:58:53,930 [Thread-49:15944] [django.server:131] [basehttp:log_message] [INFO]- "GET /static/css/select2.css HTTP/1.1" 304 0
2016-09-21 14:58:53,941 [Thread-50:8848] [django.server:131] [basehttp:log_message] [INFO]- "GET /static/css/lato.css HTTP/1.1" 304 0
2016-09-21 14:58:53,944 [Thread-51:14492] [django.server:131] [basehttp:log_message] [INFO]- "GET /static/css/roboto.css HTTP/1.1" 304 0
2016-09-21 14:58:54,272 [Thread-52:14836] [django.server:131] [basehttp:log_message] [INFO]- "GET /static/fonts/fontawesome-webfont.woff?v=4.1.0 HTTP/1.1" 304 0
2016-09-21 14:58:54,285 [Thread-53:7160] [django.server:131] [basehttp:log_message] [INFO]- "GET /static/fonts/glyphicons-halflings-regular.woff HTTP/1.1" 304 0
2016-09-22 13:10:54,694 [Thread-55:11072] [django.server:131] [basehttp:log_message] [INFO]- "GET /index/ HTTP/1.1" 200 32899
2016-09-22 13:10:55,148 [Thread-56:5496] [django.server:131] [basehttp:log_message] [INFO]- "GET /static/css/style.default.css HTTP/1.1" 304 0
2016-09-22 13:10:55,171 [Thread-57:7036] [django.server:131] [basehttp:log_message] [INFO]- "GET /static/images/photos/loggeduser.png HTTP/1.1" 304 0
2016-09-22 13:10:55,273 [Thread-58:10536] [django.server:131] [basehttp:log_message] [INFO]- "GET /static/js/jquery-1.11.1.min.js HTTP/1.1" 304 0
2016-09-22 13:10:55,344 [Thread-60:14096] [django.server:131] [basehttp:log_message] [INFO]- "GET /static/js/jquery-ui-1.10.3.min.js HTTP/1.1" 304 0
2016-09-22 13:10:55,345 [Thread-59:16692] [django.server:131] [basehttp:log_message] [INFO]- "GET /static/js/jquery-migrate-1.2.1.min.js HTTP/1.1" 304 0
2016-09-22 13:10:55,707 [Thread-61:14812] [django.server:131] [basehttp:log_message] [INFO]- "GET /static/css/bootstrap.min.css HTTP/1.1" 304 0
2016-09-22 13:10:55,710 [Thread-62:12684] [django.server:131] [basehttp:log_message] [INFO]- "GET /static/css/bootstrap-override.css HTTP/1.1" 304 0
2016-09-22 13:10:55,707 [Thread-63:6488] [django.server:131] [basehttp:log_message] [INFO]- "GET /static/css/weather-icons.min.css HTTP/1.1" 304 0
2016-09-22 13:10:55,726 [Thread-64:10928] [django.server:131] [basehttp:log_message] [INFO]- "GET /static/css/jquery-ui-1.10.3.css HTTP/1.1" 304 0
2016-09-22 13:10:55,747 [Thread-65:6816] [django.server:131] [basehttp:log_message] [INFO]- "GET /static/css/font-awesome.min.css HTTP/1.1" 304 0
2016-09-22 13:10:55,763 [Thread-66:13052] [django.server:131] [basehttp:log_message] [INFO]- "GET /static/css/animate.min.css HTTP/1.1" 304 0
2016-09-22 13:10:56,010 [Thread-67:9332] [django.server:131] [basehttp:log_message] [INFO]- "GET /static/css/animate.delay.css HTTP/1.1" 304 0
2016-09-22 13:10:56,015 [Thread-68:13700] [django.server:131] [basehttp:log_message] [INFO]- "GET /static/css/toggles.css HTTP/1.1" 304 0
2016-09-22 13:10:56,016 [Thread-69:816] [django.server:131] [basehttp:log_message] [INFO]- "GET /static/css/select2.css HTTP/1.1" 304 0
2016-09-22 13:10:56,032 [Thread-70:7868] [django.server:131] [basehttp:log_message] [INFO]- "GET /static/css/lato.css HTTP/1.1" 304 0
2016-09-22 13:10:56,059 [Thread-71:8720] [django.server:131] [basehttp:log_message] [INFO]- "GET /static/css/roboto.css HTTP/1.1" 304 0
2016-09-22 13:10:56,092 [Thread-72:5820] [django.server:131] [basehttp:log_message] [INFO]- "GET /static/js/bootstrap.min.js HTTP/1.1" 304 0
2016-09-22 13:10:56,362 [Thread-73:7180] [django.server:131] [basehttp:log_message] [INFO]- "GET /static/fonts/fontawesome-webfont.woff?v=4.1.0 HTTP/1.1" 304 0
2016-09-22 13:10:56,365 [Thread-74:4792] [django.server:131] [basehttp:log_message] [INFO]- "GET /static/fonts/glyphicons-halflings-regular.woff HTTP/1.1" 304 0
2016-09-22 13:10:56,371 [Thread-75:17100] [django.server:131] [basehttp:log_message] [INFO]- "GET /static/js/modernizr.min.js HTTP/1.1" 304 0
2016-09-22 13:10:56,398 [Thread-76:204] [django.server:131] [basehttp:log_message] [INFO]- "GET /static/js/jquery.sparkline.min.js HTTP/1.1" 304 0
2016-09-22 13:10:56,444 [Thread-77:16820] [django.server:131] [basehttp:log_message] [INFO]- "GET /static/js/toggles.min.js HTTP/1.1" 304 0
2016-09-22 13:10:56,469 [Thread-78:11056] [django.server:131] [basehttp:log_message] [INFO]- "GET /static/js/retina.min.js HTTP/1.1" 304 0
2016-09-22 13:10:56,684 [Thread-79:13048] [django.server:131] [basehttp:log_message] [INFO]- "GET /static/js/jquery.cookies.js HTTP/1.1" 304 0
2016-09-22 13:10:56,721 [Thread-80:13892] [django.server:131] [basehttp:log_message] [INFO]- "GET /static/js/flot/jquery.flot.min.js HTTP/1.1" 304 0
2016-09-22 13:10:56,743 [Thread-81:8596] [django.server:131] [basehttp:log_message] [INFO]- "GET /static/js/flot/jquery.flot.resize.min.js HTTP/1.1" 304 0
2016-09-22 13:10:56,753 [Thread-82:5292] [django.server:131] [basehttp:log_message] [INFO]- "GET /static/js/flot/jquery.flot.spline.min.js HTTP/1.1" 304 0
2016-09-22 13:10:56,792 [Thread-83:14748] [django.server:131] [basehttp:log_message] [INFO]- "GET /static/js/raphael-2.1.0.min.js HTTP/1.1" 304 0
2016-09-22 13:10:56,818 [Thread-84:16532] [django.server:131] [basehttp:log_message] [INFO]- "GET /static/js/custom.js HTTP/1.1" 304 0
2016-09-22 13:10:57,040 [Thread-85:16036] [django.server:131] [basehttp:log_message] [INFO]- "GET /static/images/icon-search.png HTTP/1.1" 304 0
2016-09-22 13:10:57,118 [Thread-86:14220] [django.server:131] [basehttp:log_message] [INFO]- "GET /static/images/plus-white.png HTTP/1.1" 304 0
2016-09-22 13:10:57,118 [Thread-87:15516] [django.server:131] [basehttp:log_message] [INFO]- "GET /static/js/hero.js HTTP/1.1" 304 0
2016-09-22 13:10:57,160 [Thread-88:14488] [django.server:131] [basehttp:log_message] [INFO]- "GET /static/images/photos/user1.png HTTP/1.1" 304 0
2016-09-22 13:10:57,163 [Thread-89:4432] [django.server:131] [basehttp:log_message] [INFO]- "GET /static/images/photos/user2.png HTTP/1.1" 304 0
2016-09-22 13:10:57,164 [Thread-90:15824] [django.server:131] [basehttp:log_message] [INFO]- "GET /static/images/photos/user3.png HTTP/1.1" 304 0
2016-09-22 13:10:57,345 [Thread-91:16804] [django.server:131] [basehttp:log_message] [INFO]- "GET /static/images/photos/user4.png HTTP/1.1" 304 0
2016-09-22 13:10:57,421 [Thread-92:12832] [django.server:131] [basehttp:log_message] [INFO]- "GET /static/images/photos/user5.png HTTP/1.1" 304 0
2016-09-22 13:10:57,440 [Thread-93:14256] [django.server:131] [basehttp:log_message] [INFO]- "GET /static/images/photos/userprofile.png HTTP/1.1" 304 0
2016-09-22 13:24:49,766 [Thread-94:14632] [django.server:131] [basehttp:log_message] [INFO]- "GET /index/ HTTP/1.1" 200 32899
2016-09-22 21:09:34,312 [Thread-98:3692] [django.server:131] [basehttp:log_message] [INFO]- "GET /index/ HTTP/1.1" 200 32899
2016-09-22 21:09:34,515 [Thread-99:6712] [django.server:131] [basehttp:log_message] [INFO]- "GET /static/css/style.default.css HTTP/1.1" 304 0
2016-09-22 21:09:34,525 [Thread-101:7844] [django.server:131] [basehttp:log_message] [INFO]- "GET /static/images/photos/user1.png HTTP/1.1" 304 0
2016-09-22 21:09:34,526 [Thread-100:12996] [django.server:131] [basehttp:log_message] [INFO]- "GET /static/images/photos/loggeduser.png HTTP/1.1" 304 0
2016-09-22 21:09:34,528 [Thread-102:11360] [django.server:131] [basehttp:log_message] [INFO]- "GET /static/images/photos/user2.png HTTP/1.1" 304 0
2016-09-22 21:09:34,538 [Thread-103:7156] [django.server:131] [basehttp:log_message] [INFO]- "GET /static/images/photos/user3.png HTTP/1.1" 304 0
2016-09-22 21:09:34,539 [Thread-104:7956] [django.server:131] [basehttp:log_message] [INFO]- "GET /static/images/photos/user4.png HTTP/1.1" 304 0
2016-09-22 21:09:34,543 [Thread-105:4832] [django.server:131] [basehttp:log_message] [INFO]- "GET /static/images/photos/user5.png HTTP/1.1" 304 0
2016-09-22 21:09:34,545 [Thread-106:5160] [django.server:131] [basehttp:log_message] [INFO]- "GET /static/images/photos/userprofile.png HTTP/1.1" 304 0
2016-09-22 21:09:34,572 [Thread-107:15376] [django.server:131] [basehttp:log_message] [INFO]- "GET /static/js/jquery-1.11.1.min.js HTTP/1.1" 304 0
2016-09-22 21:09:34,581 [Thread-108:9536] [django.server:131] [basehttp:log_message] [INFO]- "GET /static/js/jquery-migrate-1.2.1.min.js HTTP/1.1" 304 0
2016-09-22 21:09:34,588 [Thread-109:12792] [django.server:131] [basehttp:log_message] [INFO]- "GET /static/css/bootstrap.min.css HTTP/1.1" 304 0
2016-09-22 21:09:34,589 [Thread-110:14172] [django.server:131] [basehttp:log_message] [INFO]- "GET /static/css/bootstrap-override.css HTTP/1.1" 304 0
2016-09-22 21:09:34,594 [Thread-111:7940] [django.server:131] [basehttp:log_message] [INFO]- "GET /static/css/weather-icons.min.css HTTP/1.1" 304 0
2016-09-22 21:09:34,598 [Thread-112:16764] [django.server:131] [basehttp:log_message] [INFO]- "GET /static/css/jquery-ui-1.10.3.css HTTP/1.1" 304 0
2016-09-22 21:09:34,628 [Thread-113:3680] [django.server:131] [basehttp:log_message] [INFO]- "GET /static/css/font-awesome.min.css HTTP/1.1" 304 0
2016-09-22 21:09:34,628 [Thread-114:2736] [django.server:131] [basehttp:log_message] [INFO]- "GET /static/css/animate.min.css HTTP/1.1" 304 0
2016-09-22 21:09:34,651 [Thread-115:7436] [django.server:131] [basehttp:log_message] [INFO]- "GET /static/css/animate.delay.css HTTP/1.1" 304 0
2016-09-22 21:09:34,655 [Thread-116:7668] [django.server:131] [basehttp:log_message] [INFO]- "GET /static/css/toggles.css HTTP/1.1" 304 0
2016-09-22 21:09:34,671 [Thread-118:13320] [django.server:131] [basehttp:log_message] [INFO]- "GET /static/css/lato.css HTTP/1.1" 304 0
2016-09-22 21:09:34,671 [Thread-117:9596] [django.server:131] [basehttp:log_message] [INFO]- "GET /static/css/select2.css HTTP/1.1" 304 0
2016-09-22 21:09:34,691 [Thread-119:6884] [django.server:131] [basehttp:log_message] [INFO]- "GET /static/css/roboto.css HTTP/1.1" 304 0
2016-09-22 21:09:34,743 [Thread-120:15812] [django.server:131] [basehttp:log_message] [INFO]- "GET /static/js/jquery-ui-1.10.3.min.js HTTP/1.1" 304 0
2016-09-22 21:09:34,750 [Thread-121:5612] [django.server:131] [basehttp:log_message] [INFO]- "GET /static/js/bootstrap.min.js HTTP/1.1" 304 0
2016-09-22 21:09:34,755 [Thread-122:2376] [django.server:131] [basehttp:log_message] [INFO]- "GET /static/js/modernizr.min.js HTTP/1.1" 304 0
2016-09-22 21:09:34,756 [Thread-123:516] [django.server:131] [basehttp:log_message] [INFO]- "GET /static/js/jquery.sparkline.min.js HTTP/1.1" 304 0
2016-09-22 21:09:34,757 [Thread-124:4432] [django.server:131] [basehttp:log_message] [INFO]- "GET /static/js/toggles.min.js HTTP/1.1" 304 0
2016-09-22 21:09:34,766 [Thread-125:7368] [django.server:131] [basehttp:log_message] [INFO]- "GET /static/js/retina.min.js HTTP/1.1" 304 0
2016-09-22 21:09:34,789 [Thread-126:10916] [django.server:131] [basehttp:log_message] [INFO]- "GET /static/js/jquery.cookies.js HTTP/1.1" 304 0
2016-09-22 21:09:34,809 [Thread-127:8068] [django.server:131] [basehttp:log_message] [INFO]- "GET /static/js/flot/jquery.flot.min.js HTTP/1.1" 304 0
2016-09-22 21:09:34,823 [Thread-128:6264] [django.server:131] [basehttp:log_message] [INFO]- "GET /static/js/flot/jquery.flot.resize.min.js HTTP/1.1" 304 0
2016-09-22 21:09:34,829 [Thread-129:11944] [django.server:131] [basehttp:log_message] [INFO]- "GET /static/js/flot/jquery.flot.spline.min.js HTTP/1.1" 304 0
2016-09-22 21:09:34,835 [Thread-130:12416] [django.server:131] [basehttp:log_message] [INFO]- "GET /static/js/raphael-2.1.0.min.js HTTP/1.1" 304 0
2016-09-22 21:09:34,878 [Thread-132:13048] [django.server:131] [basehttp:log_message] [INFO]- "GET /static/js/hero.js HTTP/1.1" 304 0
2016-09-22 21:09:34,878 [Thread-131:9576] [django.server:131] [basehttp:log_message] [INFO]- "GET /static/js/custom.js HTTP/1.1" 304 0
2016-09-22 21:09:34,957 [Thread-133:15324] [django.server:131] [basehttp:log_message] [INFO]- "GET /static/images/favicon.png HTTP/1.1" 304 0
2016-09-22 21:09:35,016 [Thread-134:12016] [django.server:131] [basehttp:log_message] [INFO]- "GET /static/images/plus-white.png HTTP/1.1" 304 0
2016-09-22 21:09:35,022 [Thread-135:14432] [django.server:131] [basehttp:log_message] [INFO]- "GET /static/images/icon-search.png HTTP/1.1" 304 0
2016-09-22 21:09:35,023 [Thread-136:420] [django.server:131] [basehttp:log_message] [INFO]- "GET /static/fonts/glyphicons-halflings-regular.woff HTTP/1.1" 304 0
2016-09-22 21:09:36,476 [Thread-137:10232] [django.server:131] [basehttp:log_message] [INFO]- "GET /static/images/plus.png HTTP/1.1" 304 0
2016-09-22 21:09:38,871 [Thread-138:4464] [django.server:131] [basehttp:log_message] [INFO]- "GET /static/images/minus.png HTTP/1.1" 304 0
2016-09-22 21:09:41,101 [Thread-139:4840] [django.server:131] [basehttp:log_message] [INFO]- "GET /scenario_list/?pro_id=1 HTTP/1.1" 200 2507
2016-09-22 21:09:41,200 [Thread-141:6584] [django.server:131] [basehttp:log_message] [INFO]- "GET /static/css/jquery.gritter.css HTTP/1.1" 304 0
2016-09-22 21:09:41,229 [Thread-142:9736] [django.server:131] [basehttp:log_message] [INFO]- "GET /static/css/jquery.datatables.css HTTP/1.1" 304 0
2016-09-22 21:09:41,233 [Thread-140:9836] [django.server:131] [basehttp:log_message] [INFO]- "GET /static/js/jquery-1.11.1.min.js?_=1474549774990 HTTP/1.1" 200 95789
2016-09-22 21:09:41,283 [Thread-143:6816] [django.server:131] [basehttp:log_message] [INFO]- "GET /static/js/bootstrap.min.js?_=1474549774991 HTTP/1.1" 200 31823
2016-09-22 21:09:41,335 [Thread-144:13864] [django.server:131] [basehttp:log_message] [INFO]- "GET /static/js/jquery.datatables.min.js?_=1474549774992 HTTP/1.1" 200 77503
2016-09-22 21:09:41,484 [Thread-146:10528] [django.server:131] [basehttp:log_message] [INFO]- "GET /static/images/sort_asc.png HTTP/1.1" 304 0
2016-09-22 21:09:41,484 [Thread-145:5616] [django.server:131] [basehttp:log_message] [INFO]- "GET /static/images/sort_both.png HTTP/1.1" 304 0
2016-09-22 21:09:51,648 [Thread-147:12704] [django.server:131] [basehttp:log_message] [INFO]- "GET /case_list/?pro_id=1 HTTP/1.1" 200 9997
2016-09-22 21:09:51,680 [Thread-148:6200] [django.server:131] [basehttp:log_message] [INFO]- "GET /static/js/jquery-1.11.1.min.js?_=1474549781272 HTTP/1.1" 200 95789
2016-09-22 21:09:51,733 [Thread-149:7400] [django.server:131] [basehttp:log_message] [INFO]- "GET /static/js/bootstrap.min.js?_=1474549781273 HTTP/1.1" 200 31823
2016-09-22 21:09:51,776 [Thread-150:9268] [django.server:131] [basehttp:log_message] [INFO]- "GET /static/js/jquery.datatables.min.js?_=1474549781274 HTTP/1.1" 200 77503
2016-09-22 21:10:07,437 [Thread-151:12492] [django.server:131] [basehttp:log_message] [INFO]- "GET /edit_case/?id=8 HTTP/1.1" 200 26255
2016-09-22 21:10:07,476 [Thread-152:15204] [django.server:131] [basehttp:log_message] [INFO]- "GET /static/js/jquery-1.11.1.min.js?_=1474549791736 HTTP/1.1" 200 95789
2016-09-22 21:10:07,572 [Thread-153:10388] [django.server:131] [basehttp:log_message] [INFO]- "GET /static/js/jquery-ui-1.10.3.min.js?_=1474549791737 HTTP/1.1" 200 228142
2016-09-22 21:10:07,625 [Thread-154:6700] [django.server:131] [basehttp:log_message] [INFO]- "GET /static/js/jquery-1.11.1.min.js?_=1474549791738 HTTP/1.1" 200 95789
2016-09-22 21:10:07,667 [Thread-155:16880] [django.server:131] [basehttp:log_message] [INFO]- "GET /static/js/jquery.datatables.min.js?_=1474549791739 HTTP/1.1" 200 77503
2016-09-22 21:10:07,690 [Thread-156:9548] [django.server:131] [basehttp:log_message] [INFO]- "GET /static/js/jquery-ui-1.10.3.min.js?_=1474549791740 HTTP/1.1" 200 228142
2016-09-22 21:10:07,737 [Thread-157:6844] [django.server:131] [basehttp:log_message] [INFO]- "GET /static/js/bootstrap.min.js?_=1474549791741 HTTP/1.1" 200 31823
2016-09-22 21:10:28,660 [Thread-159:14424] [django.server:131] [basehttp:log_message] [INFO]- "GET /ajax_html?action=add_case_step HTTP/1.1" 301 0
2016-09-22 21:10:28,736 [Thread-160:14836] [django.server:131] [basehttp:log_message] [INFO]- "GET /ajax_html/?action=add_case_step HTTP/1.1" 200 952
2016-09-22 21:10:28,832 [Thread-161:16808] [django.server:131] [basehttp:log_message] [INFO]- "GET /ajax_html/?action=add_case_step HTTP/1.1" 200 952
2016-09-22 21:11:26,779 [Thread-164:10352] [hero.views:218] [views:add_case] [INFO]- 查看元素
2016-09-22 21:11:26,779 [Thread-164:10352] [hero.views:221] [views:add_case] [INFO]- 元素ID:13
2016-09-22 21:11:27,278 [Thread-164:10352] [hero.views:232] [views:add_case] [INFO]- 返回前端字典:{"second": {"content": "user_input", "method": "name"}, "first": {"content": "user", "method": "name"}, "name": "\u7528\u6237\u540d\u8f93\u5165\u6846", "desc": "\u9996\u9875\u7684\u7528\u6237\u540d\u8f93\u5165\u6846"}
2016-09-22 21:11:27,278 [Thread-164:10352] [django.server:131] [basehttp:log_message] [INFO]- "POST /case/ HTTP/1.1" 200 217
