2018-07-16 11:45:57,128 [Thread-2:8748] [django.server:131] [basehttp:log_message] [INFO]- "GET / HTTP/1.1" 200 4318
2018-07-16 11:45:58,992 [Thread-3:8364] [django.server:131] [basehttp:log_message] [INFO]- "GET /static/css/style.default.css HTTP/1.1" 200 77743
2018-07-16 11:45:59,026 [Thread-4:8036] [django.server:131] [basehttp:log_message] [INFO]- "GET /static/js/jquery-1.11.1.min.js HTTP/1.1" 200 95789
2018-07-16 11:45:59,088 [Thread-6:836] [django.server:131] [basehttp:log_message] [INFO]- "GET /static/js/bootstrap.min.js HTTP/1.1" 200 31823
2018-07-16 11:45:59,112 [Thread-7:8220] [django.server:131] [basehttp:log_message] [INFO]- "GET /static/js/modernizr.min.js HTTP/1.1" 200 15157
2018-07-16 11:45:59,122 [Thread-5:8800] [django.server:131] [basehttp:log_message] [INFO]- "GET /static/js/jquery-migrate-1.2.1.min.js HTTP/1.1" 200 7203
2018-07-16 11:45:59,135 [Thread-8:6328] [django.server:131] [basehttp:log_message] [INFO]- "GET /static/js/jquery.sparkline.min.js HTTP/1.1" 200 43251
2018-07-16 11:45:59,335 [Thread-9:8508] [django.server:131] [basehttp:log_message] [INFO]- "GET /static/css/bootstrap.min.css HTTP/1.1" 200 109604
2018-07-16 11:45:59,351 [Thread-10:8212] [django.server:131] [basehttp:log_message] [INFO]- "GET /static/css/bootstrap-override.css HTTP/1.1" 200 22777
2018-07-16 11:45:59,404 [Thread-11:8808] [django.server:131] [basehttp:log_message] [INFO]- "GET /static/css/weather-icons.min.css HTTP/1.1" 200 5601
2018-07-16 11:45:59,451 [Thread-12:8948] [django.server:131] [basehttp:log_message] [INFO]- "GET /static/css/jquery-ui-1.10.3.css HTTP/1.1" 200 18930
2018-07-16 11:45:59,460 [Thread-14:8216] [django.server:131] [basehttp:log_message] [INFO]- "GET /static/css/animate.min.css HTTP/1.1" 200 51174
2018-07-16 11:45:59,471 [Thread-13:3460] [django.server:131] [basehttp:log_message] [INFO]- "GET /static/css/font-awesome.min.css HTTP/1.1" 200 20766
2018-07-16 11:45:59,654 [Thread-15:8716] [django.server:131] [basehttp:log_message] [INFO]- "GET /static/css/animate.delay.css HTTP/1.1" 200 11432
2018-07-16 11:45:59,677 [Thread-16:7392] [django.server:131] [basehttp:log_message] [INFO]- "GET /static/css/toggles.css HTTP/1.1" 200 5378
2018-07-16 11:45:59,726 [Thread-17:8932] [django.server:131] [basehttp:log_message] [INFO]- "GET /static/css/select2.css HTTP/1.1" 200 18606
2018-07-16 11:45:59,765 [Thread-18:9004] [django.server:131] [basehttp:log_message] [INFO]- "GET /static/css/lato.css HTTP/1.1" 200 5575
2018-07-16 11:45:59,776 [Thread-19:7920] [django.server:131] [basehttp:log_message] [INFO]- "GET /static/css/roboto.css HTTP/1.1" 200 9528
2018-07-16 11:45:59,806 [Thread-20:1092] [django.server:131] [basehttp:log_message] [INFO]- "GET /static/js/jquery.cookies.js HTTP/1.1" 200 2033
2018-07-16 11:45:59,983 [Thread-21:6708] [django.server:131] [basehttp:log_message] [INFO]- "GET /static/fonts/fontawesome-webfont.woff?v=4.1.0 HTTP/1.1" 200 83760
2018-07-16 11:45:59,996 [Thread-22:1040] [django.server:131] [basehttp:log_message] [INFO]- "GET /static/js/toggles.min.js HTTP/1.1" 200 2736
2018-07-16 11:46:00,036 [Thread-23:7320] [django.server:131] [basehttp:log_message] [INFO]- "GET /static/js/retina.min.js HTTP/1.1" 200 2161
2018-07-16 11:46:00,092 [Thread-24:8104] [django.server:131] [basehttp:log_message] [INFO]- "GET /static/js/custom.js HTTP/1.1" 200 11035
2018-07-16 11:46:00,177 [Thread-26:8724] [django.server:131] [basehttp:log_message] [INFO]- "GET /static/images/locked.png HTTP/1.1" 200 1132
2018-07-16 11:46:00,186 [Thread-25:8304] [django.server:131] [basehttp:log_message] [INFO]- "GET /static/js/Hero.js HTTP/1.1" 200 16348
2018-07-16 11:46:00,299 [Thread-27:6184] [django.server:131] [basehttp:log_message] [INFO]- "GET /static/images/user.png HTTP/1.1" 200 1106
2018-07-16 11:46:00,723 [Thread-28:6300] [django.server:131] [basehttp:log_message] [INFO]- "GET /static/images/favicon.png HTTP/1.1" 200 983
2018-07-16 11:46:05,282 [Thread-29:8408] [django.server:131] [basehttp:log_message] [INFO]- "GET /index HTTP/1.1" 301 0
2018-07-16 11:46:05,661 [Thread-30:8856] [django.server:131] [basehttp:log_message] [INFO]- "GET /index/ HTTP/1.1" 200 33723
2018-07-16 11:46:05,746 [Thread-31:8488] [django.server:131] [basehttp:log_message] [INFO]- "GET /static/images/photos/loggeduser.png HTTP/1.1" 200 20630
2018-07-16 11:46:05,789 [Thread-34:9132] [django.server:131] [basehttp:log_message] [INFO]- "GET /static/js/flot/jquery.flot.resize.min.js HTTP/1.1" 200 2348
2018-07-16 11:46:05,829 [Thread-33:304] [django.server:131] [basehttp:log_message] [INFO]- "GET /static/js/flot/jquery.flot.min.js HTTP/1.1" 200 52970
2018-07-16 11:46:05,933 [Thread-32:5856] [django.server:131] [basehttp:log_message] [INFO]- "GET /static/js/jquery-ui-1.10.3.min.js HTTP/1.1" 200 228142
2018-07-16 11:46:06,052 [Thread-35:1932] [django.server:131] [basehttp:log_message] [INFO]- "GET /static/fonts/glyphicons-halflings-regular.woff HTTP/1.1" 200 23320
2018-07-16 11:46:06,072 [Thread-37:4396] [django.server:131] [basehttp:log_message] [INFO]- "GET /static/images/icon-search.png HTTP/1.1" 200 1239
2018-07-16 11:46:06,086 [Thread-36:6880] [django.server:131] [basehttp:log_message] [INFO]- "GET /static/images/plus-white.png HTTP/1.1" 200 966
2018-07-16 11:46:06,161 [Thread-38:8940] [django.server:131] [basehttp:log_message] [INFO]- "GET /static/js/flot/jquery.flot.spline.min.js HTTP/1.1" 200 2791
2018-07-16 11:46:06,244 [Thread-39:7908] [django.server:131] [basehttp:log_message] [INFO]- "GET /static/js/raphael-2.1.0.min.js HTTP/1.1" 200 110942
2018-07-16 11:46:06,305 [Thread-40:7160] [django.server:131] [basehttp:log_message] [INFO]- "GET /static/images/photos/user1.png HTTP/1.1" 200 17694
2018-07-16 11:46:06,369 [Thread-41:8336] [django.server:131] [basehttp:log_message] [INFO]- "GET /static/images/photos/user2.png HTTP/1.1" 200 18310
2018-07-16 11:46:06,407 [Thread-42:5704] [django.server:131] [basehttp:log_message] [INFO]- "GET /static/images/photos/user3.png HTTP/1.1" 200 17036
2018-07-16 11:46:06,417 [Thread-43:8820] [django.server:131] [basehttp:log_message] [INFO]- "GET /static/images/photos/user4.png HTTP/1.1" 200 18211
2018-07-16 11:46:06,476 [Thread-44:8200] [django.server:131] [basehttp:log_message] [INFO]- "GET /static/images/photos/user5.png HTTP/1.1" 200 17012
2018-07-16 11:46:06,556 [Thread-45:7260] [django.server:131] [basehttp:log_message] [INFO]- "GET /static/images/photos/userprofile.png HTTP/1.1" 200 23407
2018-07-16 11:46:09,358 [Thread-46:9080] [django.server:131] [basehttp:log_message] [INFO]- "GET /static/images/plus.png HTTP/1.1" 200 971
2018-07-16 11:46:09,887 [Thread-47:4488] [django.server:131] [basehttp:log_message] [INFO]- "GET /static/images/minus.png HTTP/1.1" 200 955
2018-07-16 11:46:12,164 [Thread-48:6432] [django.server:131] [basehttp:log_message] [INFO]- "GET /scenario_list/?pro_id=1 HTTP/1.1" 200 2507
2018-07-16 11:46:12,354 [Thread-49:5864] [django.server:131] [basehttp:log_message] [INFO]- "GET /static/js/jquery-1.11.1.min.js?_=1531712765879 HTTP/1.1" 200 95789
2018-07-16 11:46:12,519 [Thread-50:8484] [django.server:131] [basehttp:log_message] [INFO]- "GET /static/js/bootstrap.min.js?_=1531712765880 HTTP/1.1" 200 31823
2018-07-16 11:46:12,536 [Thread-51:8548] [django.server:131] [basehttp:log_message] [INFO]- "GET /static/css/jquery.gritter.css HTTP/1.1" 200 1468
2018-07-16 11:46:12,546 [Thread-52:3952] [django.server:131] [basehttp:log_message] [INFO]- "GET /static/css/jquery.datatables.css HTTP/1.1" 200 4322
2018-07-16 11:46:12,700 [Thread-53:6472] [django.server:131] [basehttp:log_message] [INFO]- "GET /static/js/jquery.datatables.min.js?_=1531712765881 HTTP/1.1" 200 77503
2018-07-16 11:46:12,871 [Thread-54:7092] [django.server:131] [basehttp:log_message] [INFO]- "GET /static/images/sort_both.png HTTP/1.1" 200 1109
2018-07-16 11:46:13,069 [Thread-55:6128] [django.server:131] [basehttp:log_message] [INFO]- "GET /static/images/sort_asc.png HTTP/1.1" 200 1033
2018-07-16 11:48:07,029 [Thread-57:4544] [django.server:131] [basehttp:log_message] [INFO]- "GET /case_list/?pro_id=1 HTTP/1.1" 200 5273
2018-07-16 11:48:07,266 [Thread-58:9068] [django.server:131] [basehttp:log_message] [INFO]- "GET /static/js/jquery-1.11.1.min.js?_=1531712772377 HTTP/1.1" 200 95789
2018-07-16 11:48:07,346 [Thread-59:5776] [django.server:131] [basehttp:log_message] [INFO]- "GET /static/js/bootstrap.min.js?_=1531712772378 HTTP/1.1" 200 31823
2018-07-16 11:48:07,598 [Thread-60:8512] [django.server:131] [basehttp:log_message] [INFO]- "GET /static/js/jquery.datatables.min.js?_=1531712772379 HTTP/1.1" 200 77503
2018-07-16 11:48:09,503 [Thread-61:8388] [django.server:131] [basehttp:log_message] [INFO]- "GET /edit_case/?id=12 HTTP/1.1" 200 25685
2018-07-16 11:48:09,835 [Thread-62:6912] [django.server:131] [basehttp:log_message] [INFO]- "GET /static/js/jquery-1.11.1.min.js?_=1531712887288 HTTP/1.1" 200 95789
2018-07-16 11:48:10,086 [Thread-63:7804] [django.server:131] [basehttp:log_message] [INFO]- "GET /static/js/jquery-ui-1.10.3.min.js?_=1531712887289 HTTP/1.1" 200 228142
2018-07-16 11:48:10,224 [Thread-64:8504] [django.server:131] [basehttp:log_message] [INFO]- "GET /static/js/jquery-1.11.1.min.js?_=1531712887290 HTTP/1.1" 200 95789
2018-07-16 11:48:10,558 [Thread-65:9116] [django.server:131] [basehttp:log_message] [INFO]- "GET /static/js/jquery.datatables.min.js?_=1531712887291 HTTP/1.1" 200 77503
2018-07-16 11:48:10,838 [Thread-66:8664] [django.server:131] [basehttp:log_message] [INFO]- "GET /static/js/jquery-ui-1.10.3.min.js?_=1531712887292 HTTP/1.1" 200 228142
2018-07-16 11:48:10,887 [Thread-67:5760] [django.server:131] [basehttp:log_message] [INFO]- "GET /static/js/bootstrap.min.js?_=1531712887293 HTTP/1.1" 200 31823
